[0.000000] (-) TimerEvent: {}
[0.000296] (-) JobUnselected: {'identifier': 'hardware_sim'}
[0.000545] (-) JobUnselected: {'identifier': 'navigation_server'}
[0.000597] (line_follower_controller) JobQueued: {'identifier': 'line_follower_controller', 'dependencies': OrderedDict()}
[0.000627] (nav_server) JobQueued: {'identifier': 'nav_server', 'dependencies': OrderedDict()}
[0.000652] (line_follower_controller) JobStarted: {'identifier': 'line_follower_controller'}
[0.007009] (nav_server) JobStarted: {'identifier': 'nav_server'}
[0.011331] (line_follower_controller) JobProgress: {'identifier': 'line_follower_controller', 'progress': 'cmake'}
[0.012404] (line_follower_controller) JobProgress: {'identifier': 'line_follower_controller', 'progress': 'build'}
[0.013277] (line_follower_controller) Command: {'cmd': ['/usr/bin/cmake', '--build', '/home/lucifer/anscer_workspace/LineFollower/build/line_follower_controller', '--', '-j12', '-l12'], 'cwd': '/home/lucifer/anscer_workspace/LineFollower/build/line_follower_controller', 'env': OrderedDict({'GZ_SIM_RESOURCE_PATH': '/opt/ros/jazzy/share', 'GZ_CONFIG_PATH': '/opt/ros/jazzy/opt/gz_sim_vendor/share/gz:/opt/ros/jazzy/opt/sdformat_vendor/share/gz:/opt/ros/jazzy/opt/gz_gui_vendor/share/gz:/opt/ros/jazzy/opt/gz_transport_vendor/share/gz:/opt/ros/jazzy/opt/gz_rendering_vendor/share/gz:/opt/ros/jazzy/opt/gz_plugin_vendor/share/gz:/opt/ros/jazzy/opt/gz_fuel_tools_vendor/share/gz:/opt/ros/jazzy/opt/gz_msgs_vendor/share/gz:/opt/ros/jazzy/opt/gz_common_vendor/share/gz', 'HOSTNAME': 'fedora', 'SHLVL': '0', 'LIBGL_ALWAYS_SOFTWARE': '1', 'LD_LIBRARY_PATH': '/opt/ros/jazzy/opt/gz_sim_vendor/lib:/opt/ros/jazzy/opt/gz_sensors_vendor/lib:/opt/ros/jazzy/opt/gz_physics_vendor/lib:/opt/ros/jazzy/opt/sdformat_vendor/lib:/opt/ros/jazzy/opt/rviz_ogre_vendor/lib:/opt/ros/jazzy/lib/x86_64-linux-gnu:/opt/ros/jazzy/opt/gz_gui_vendor/lib:/opt/ros/jazzy/opt/gz_transport_vendor/lib:/opt/ros/jazzy/opt/gz_rendering_vendor/lib:/opt/ros/jazzy/opt/gz_plugin_vendor/lib:/opt/ros/jazzy/opt/gz_fuel_tools_vendor/lib:/opt/ros/jazzy/opt/gz_msgs_vendor/lib:/opt/ros/jazzy/opt/gz_common_vendor/lib:/opt/ros/jazzy/opt/gz_math_vendor/lib:/opt/ros/jazzy/opt/gz_utils_vendor/lib:/opt/ros/jazzy/opt/gz_tools_vendor/lib:/opt/ros/jazzy/opt/gz_ogre_next_vendor/lib:/opt/ros/jazzy/opt/gz_dartsim_vendor/lib:/opt/ros/jazzy/opt/gz_cmake_vendor/lib:/opt/ros/jazzy/lib', 'HOME': '/home/lucifer', 'OLDPWD': '/home/lucifer/anscer_workspace/LineFollower', 'ROS_PYTHON_VERSION': '3', 'ROS_DISTRO': 'jazzy', '_': '/usr/bin/colcon', 'ROS_VERSION': '2', 'TERM': 'xterm', 'QT_X11_NO_MITSHM': '1', 'PATH': '/opt/ros/jazzy/opt/gz_msgs_vendor/bin:/opt/ros/jazzy/opt/gz_tools_vendor/bin:/opt/ros/jazzy/opt/gz_ogre_next_vendor/bin:/opt/ros/jazzy/bin:/usr/local/sbin:/usr/local/bin:/usr/sbin:/usr/bin:/sbin:/bin', 'XDG_RUNTIME_DIR': '/tmp/runtime-root', 'DISPLAY': ':0', 'LANG': 'C.UTF-8', 'AMENT_PREFIX_PATH': '/opt/ros/jazzy', 'ROS_AUTOMATIC_DISCOVERY_RANGE': 'SUBNET', 'PWD': '/home/lucifer/anscer_workspace/LineFollower/build/line_follower_controller', 'LC_ALL': 'C.UTF-8', 'PYTHONPATH': '/opt/ros/jazzy/lib/python3.12/site-packages', 'COLCON': '1', 'CMAKE_PREFIX_PATH': '/opt/ros/jazzy/opt/gz_sim_vendor:/opt/ros/jazzy/opt/gz_sensors_vendor:/opt/ros/jazzy/opt/gz_physics_vendor:/opt/ros/jazzy/opt/sdformat_vendor:/opt/ros/jazzy/opt/gz_gui_vendor:/opt/ros/jazzy/opt/gz_transport_vendor:/opt/ros/jazzy/opt/gz_rendering_vendor:/opt/ros/jazzy/opt/gz_plugin_vendor:/opt/ros/jazzy/opt/gz_fuel_tools_vendor:/opt/ros/jazzy/opt/gz_msgs_vendor:/opt/ros/jazzy/opt/gz_common_vendor:/opt/ros/jazzy/opt/gz_math_vendor:/opt/ros/jazzy/opt/gz_utils_vendor:/opt/ros/jazzy/opt/gz_tools_vendor:/opt/ros/jazzy/opt/gz_ogre_next_vendor:/opt/ros/jazzy/opt/gz_dartsim_vendor:/opt/ros/jazzy/opt/gz_cmake_vendor:/opt/ros/jazzy'}), 'shell': False}
[0.017790] (nav_server) JobProgress: {'identifier': 'nav_server', 'progress': 'cmake'}
[0.018432] (nav_server) JobProgress: {'identifier': 'nav_server', 'progress': 'build'}
[0.018666] (nav_server) Command: {'cmd': ['/usr/bin/cmake', '--build', '/home/lucifer/anscer_workspace/LineFollower/build/nav_server', '--', '-j12', '-l12'], 'cwd': '/home/lucifer/anscer_workspace/LineFollower/build/nav_server', 'env': OrderedDict({'GZ_SIM_RESOURCE_PATH': '/opt/ros/jazzy/share', 'GZ_CONFIG_PATH': '/opt/ros/jazzy/opt/gz_sim_vendor/share/gz:/opt/ros/jazzy/opt/sdformat_vendor/share/gz:/opt/ros/jazzy/opt/gz_gui_vendor/share/gz:/opt/ros/jazzy/opt/gz_transport_vendor/share/gz:/opt/ros/jazzy/opt/gz_rendering_vendor/share/gz:/opt/ros/jazzy/opt/gz_plugin_vendor/share/gz:/opt/ros/jazzy/opt/gz_fuel_tools_vendor/share/gz:/opt/ros/jazzy/opt/gz_msgs_vendor/share/gz:/opt/ros/jazzy/opt/gz_common_vendor/share/gz', 'HOSTNAME': 'fedora', 'SHLVL': '0', 'LIBGL_ALWAYS_SOFTWARE': '1', 'LD_LIBRARY_PATH': '/opt/ros/jazzy/opt/gz_sim_vendor/lib:/opt/ros/jazzy/opt/gz_sensors_vendor/lib:/opt/ros/jazzy/opt/gz_physics_vendor/lib:/opt/ros/jazzy/opt/sdformat_vendor/lib:/opt/ros/jazzy/opt/rviz_ogre_vendor/lib:/opt/ros/jazzy/lib/x86_64-linux-gnu:/opt/ros/jazzy/opt/gz_gui_vendor/lib:/opt/ros/jazzy/opt/gz_transport_vendor/lib:/opt/ros/jazzy/opt/gz_rendering_vendor/lib:/opt/ros/jazzy/opt/gz_plugin_vendor/lib:/opt/ros/jazzy/opt/gz_fuel_tools_vendor/lib:/opt/ros/jazzy/opt/gz_msgs_vendor/lib:/opt/ros/jazzy/opt/gz_common_vendor/lib:/opt/ros/jazzy/opt/gz_math_vendor/lib:/opt/ros/jazzy/opt/gz_utils_vendor/lib:/opt/ros/jazzy/opt/gz_tools_vendor/lib:/opt/ros/jazzy/opt/gz_ogre_next_vendor/lib:/opt/ros/jazzy/opt/gz_dartsim_vendor/lib:/opt/ros/jazzy/opt/gz_cmake_vendor/lib:/opt/ros/jazzy/lib', 'HOME': '/home/lucifer', 'OLDPWD': '/home/lucifer/anscer_workspace/LineFollower', 'ROS_PYTHON_VERSION': '3', 'ROS_DISTRO': 'jazzy', '_': '/usr/bin/colcon', 'ROS_VERSION': '2', 'TERM': 'xterm', 'QT_X11_NO_MITSHM': '1', 'PATH': '/opt/ros/jazzy/opt/gz_msgs_vendor/bin:/opt/ros/jazzy/opt/gz_tools_vendor/bin:/opt/ros/jazzy/opt/gz_ogre_next_vendor/bin:/opt/ros/jazzy/bin:/usr/local/sbin:/usr/local/bin:/usr/sbin:/usr/bin:/sbin:/bin', 'XDG_RUNTIME_DIR': '/tmp/runtime-root', 'DISPLAY': ':0', 'LANG': 'C.UTF-8', 'AMENT_PREFIX_PATH': '/opt/ros/jazzy', 'ROS_AUTOMATIC_DISCOVERY_RANGE': 'SUBNET', 'PWD': '/home/lucifer/anscer_workspace/LineFollower/build/nav_server', 'LC_ALL': 'C.UTF-8', 'PYTHONPATH': '/opt/ros/jazzy/lib/python3.12/site-packages', 'COLCON': '1', 'CMAKE_PREFIX_PATH': '/opt/ros/jazzy/opt/gz_sim_vendor:/opt/ros/jazzy/opt/gz_sensors_vendor:/opt/ros/jazzy/opt/gz_physics_vendor:/opt/ros/jazzy/opt/sdformat_vendor:/opt/ros/jazzy/opt/gz_gui_vendor:/opt/ros/jazzy/opt/gz_transport_vendor:/opt/ros/jazzy/opt/gz_rendering_vendor:/opt/ros/jazzy/opt/gz_plugin_vendor:/opt/ros/jazzy/opt/gz_fuel_tools_vendor:/opt/ros/jazzy/opt/gz_msgs_vendor:/opt/ros/jazzy/opt/gz_common_vendor:/opt/ros/jazzy/opt/gz_math_vendor:/opt/ros/jazzy/opt/gz_utils_vendor:/opt/ros/jazzy/opt/gz_tools_vendor:/opt/ros/jazzy/opt/gz_ogre_next_vendor:/opt/ros/jazzy/opt/gz_dartsim_vendor:/opt/ros/jazzy/opt/gz_cmake_vendor:/opt/ros/jazzy'}), 'shell': False}
[0.093787] (nav_server) StdoutLine: {'line': b'[100%] Built target nav_server_node\n'}
[0.094139] (line_follower_controller) StdoutLine: {'line': b'[ 25%] \x1b[32mBuilding CXX object CMakeFiles/line_follower_controller_node.dir/src/PidController.cpp.o\x1b[0m\n'}
[0.099902] (-) TimerEvent: {}
[0.107671] (nav_server) CommandEnded: {'returncode': 0}
[0.108352] (nav_server) JobProgress: {'identifier': 'nav_server', 'progress': 'install'}
[0.122025] (nav_server) Command: {'cmd': ['/usr/bin/cmake', '--install', '/home/lucifer/anscer_workspace/LineFollower/build/nav_server'], 'cwd': '/home/lucifer/anscer_workspace/LineFollower/build/nav_server', 'env': OrderedDict({'GZ_SIM_RESOURCE_PATH': '/opt/ros/jazzy/share', 'GZ_CONFIG_PATH': '/opt/ros/jazzy/opt/gz_sim_vendor/share/gz:/opt/ros/jazzy/opt/sdformat_vendor/share/gz:/opt/ros/jazzy/opt/gz_gui_vendor/share/gz:/opt/ros/jazzy/opt/gz_transport_vendor/share/gz:/opt/ros/jazzy/opt/gz_rendering_vendor/share/gz:/opt/ros/jazzy/opt/gz_plugin_vendor/share/gz:/opt/ros/jazzy/opt/gz_fuel_tools_vendor/share/gz:/opt/ros/jazzy/opt/gz_msgs_vendor/share/gz:/opt/ros/jazzy/opt/gz_common_vendor/share/gz', 'HOSTNAME': 'fedora', 'SHLVL': '0', 'LIBGL_ALWAYS_SOFTWARE': '1', 'LD_LIBRARY_PATH': '/opt/ros/jazzy/opt/gz_sim_vendor/lib:/opt/ros/jazzy/opt/gz_sensors_vendor/lib:/opt/ros/jazzy/opt/gz_physics_vendor/lib:/opt/ros/jazzy/opt/sdformat_vendor/lib:/opt/ros/jazzy/opt/rviz_ogre_vendor/lib:/opt/ros/jazzy/lib/x86_64-linux-gnu:/opt/ros/jazzy/opt/gz_gui_vendor/lib:/opt/ros/jazzy/opt/gz_transport_vendor/lib:/opt/ros/jazzy/opt/gz_rendering_vendor/lib:/opt/ros/jazzy/opt/gz_plugin_vendor/lib:/opt/ros/jazzy/opt/gz_fuel_tools_vendor/lib:/opt/ros/jazzy/opt/gz_msgs_vendor/lib:/opt/ros/jazzy/opt/gz_common_vendor/lib:/opt/ros/jazzy/opt/gz_math_vendor/lib:/opt/ros/jazzy/opt/gz_utils_vendor/lib:/opt/ros/jazzy/opt/gz_tools_vendor/lib:/opt/ros/jazzy/opt/gz_ogre_next_vendor/lib:/opt/ros/jazzy/opt/gz_dartsim_vendor/lib:/opt/ros/jazzy/opt/gz_cmake_vendor/lib:/opt/ros/jazzy/lib', 'HOME': '/home/lucifer', 'OLDPWD': '/home/lucifer/anscer_workspace/LineFollower', 'ROS_PYTHON_VERSION': '3', 'ROS_DISTRO': 'jazzy', '_': '/usr/bin/colcon', 'ROS_VERSION': '2', 'TERM': 'xterm', 'QT_X11_NO_MITSHM': '1', 'PATH': '/opt/ros/jazzy/opt/gz_msgs_vendor/bin:/opt/ros/jazzy/opt/gz_tools_vendor/bin:/opt/ros/jazzy/opt/gz_ogre_next_vendor/bin:/opt/ros/jazzy/bin:/usr/local/sbin:/usr/local/bin:/usr/sbin:/usr/bin:/sbin:/bin', 'XDG_RUNTIME_DIR': '/tmp/runtime-root', 'DISPLAY': ':0', 'LANG': 'C.UTF-8', 'AMENT_PREFIX_PATH': '/opt/ros/jazzy', 'ROS_AUTOMATIC_DISCOVERY_RANGE': 'SUBNET', 'PWD': '/home/lucifer/anscer_workspace/LineFollower/build/nav_server', 'LC_ALL': 'C.UTF-8', 'PYTHONPATH': '/opt/ros/jazzy/lib/python3.12/site-packages', 'COLCON': '1', 'CMAKE_PREFIX_PATH': '/opt/ros/jazzy/opt/gz_sim_vendor:/opt/ros/jazzy/opt/gz_sensors_vendor:/opt/ros/jazzy/opt/gz_physics_vendor:/opt/ros/jazzy/opt/sdformat_vendor:/opt/ros/jazzy/opt/gz_gui_vendor:/opt/ros/jazzy/opt/gz_transport_vendor:/opt/ros/jazzy/opt/gz_rendering_vendor:/opt/ros/jazzy/opt/gz_plugin_vendor:/opt/ros/jazzy/opt/gz_fuel_tools_vendor:/opt/ros/jazzy/opt/gz_msgs_vendor:/opt/ros/jazzy/opt/gz_common_vendor:/opt/ros/jazzy/opt/gz_math_vendor:/opt/ros/jazzy/opt/gz_utils_vendor:/opt/ros/jazzy/opt/gz_tools_vendor:/opt/ros/jazzy/opt/gz_ogre_next_vendor:/opt/ros/jazzy/opt/gz_dartsim_vendor:/opt/ros/jazzy/opt/gz_cmake_vendor:/opt/ros/jazzy'}), 'shell': False}
[0.133517] (nav_server) StdoutLine: {'line': b'-- Install configuration: "Release"\n'}
[0.133838] (nav_server) StdoutLine: {'line': b'-- Execute custom install script\n'}
[0.133994] (nav_server) StdoutLine: {'line': b'-- Up-to-date symlink: /home/lucifer/anscer_workspace/LineFollower/install/nav_server/lib/nav_server/nav_server_node\n'}
[0.134181] (nav_server) StdoutLine: {'line': b'-- Up-to-date symlink: /home/lucifer/anscer_workspace/LineFollower/install/nav_server/share/ament_index/resource_index/package_run_dependencies/nav_server\n'}
[0.134337] (nav_server) StdoutLine: {'line': b'-- Up-to-date symlink: /home/lucifer/anscer_workspace/LineFollower/install/nav_server/share/ament_index/resource_index/parent_prefix_path/nav_server\n'}
[0.134476] (nav_server) StdoutLine: {'line': b'-- Up-to-date symlink: /home/lucifer/anscer_workspace/LineFollower/install/nav_server/share/nav_server/environment/ament_prefix_path.sh\n'}
[0.134592] (nav_server) StdoutLine: {'line': b'-- Up-to-date symlink: /home/lucifer/anscer_workspace/LineFollower/install/nav_server/share/nav_server/environment/ament_prefix_path.dsv\n'}
[0.134711] (nav_server) StdoutLine: {'line': b'-- Up-to-date symlink: /home/lucifer/anscer_workspace/LineFollower/install/nav_server/share/nav_server/environment/path.sh\n'}
[0.134822] (nav_server) StdoutLine: {'line': b'-- Up-to-date symlink: /home/lucifer/anscer_workspace/LineFollower/install/nav_server/share/nav_server/environment/path.dsv\n'}
[0.134930] (nav_server) StdoutLine: {'line': b'-- Up-to-date symlink: /home/lucifer/anscer_workspace/LineFollower/install/nav_server/share/nav_server/local_setup.bash\n'}
[0.135054] (nav_server) StdoutLine: {'line': b'-- Up-to-date symlink: /home/lucifer/anscer_workspace/LineFollower/install/nav_server/share/nav_server/local_setup.sh\n'}
[0.135147] (nav_server) StdoutLine: {'line': b'-- Up-to-date symlink: /home/lucifer/anscer_workspace/LineFollower/install/nav_server/share/nav_server/local_setup.zsh\n'}
[0.135245] (nav_server) StdoutLine: {'line': b'-- Up-to-date symlink: /home/lucifer/anscer_workspace/LineFollower/install/nav_server/share/nav_server/local_setup.dsv\n'}
[0.135338] (nav_server) StdoutLine: {'line': b'-- Symlinking: /home/lucifer/anscer_workspace/LineFollower/install/nav_server/share/nav_server/package.dsv\n'}
[0.146415] (nav_server) StdoutLine: {'line': b'-- Up-to-date symlink: /home/lucifer/anscer_workspace/LineFollower/install/nav_server/share/ament_index/resource_index/packages/nav_server\n'}
[0.146734] (nav_server) StdoutLine: {'line': b'-- Up-to-date symlink: /home/lucifer/anscer_workspace/LineFollower/install/nav_server/share/nav_server/cmake/nav_serverConfig.cmake\n'}
[0.146845] (nav_server) StdoutLine: {'line': b'-- Up-to-date symlink: /home/lucifer/anscer_workspace/LineFollower/install/nav_server/share/nav_server/cmake/nav_serverConfig-version.cmake\n'}
[0.146939] (nav_server) StdoutLine: {'line': b'-- Up-to-date symlink: /home/lucifer/anscer_workspace/LineFollower/install/nav_server/share/nav_server/package.xml\n'}
[0.148565] (nav_server) CommandEnded: {'returncode': 0}
[0.167899] (nav_server) JobEnded: {'identifier': 'nav_server', 'rc': 0}
[0.200021] (-) TimerEvent: {}
[0.300428] (-) TimerEvent: {}
[0.400690] (-) TimerEvent: {}
[0.500982] (-) TimerEvent: {}
[0.601252] (-) TimerEvent: {}
[0.701633] (-) TimerEvent: {}
[0.802031] (-) TimerEvent: {}
[0.902411] (-) TimerEvent: {}
[1.002784] (-) TimerEvent: {}
[1.103115] (-) TimerEvent: {}
[1.203501] (-) TimerEvent: {}
[1.303818] (-) TimerEvent: {}
[1.404084] (-) TimerEvent: {}
[1.504444] (-) TimerEvent: {}
[1.604756] (-) TimerEvent: {}
[1.705062] (-) TimerEvent: {}
[1.805355] (-) TimerEvent: {}
[1.905641] (-) TimerEvent: {}
[2.006079] (-) TimerEvent: {}
[2.106449] (-) TimerEvent: {}
[2.206741] (-) TimerEvent: {}
[2.307039] (-) TimerEvent: {}
[2.407411] (-) TimerEvent: {}
[2.507691] (-) TimerEvent: {}
[2.607968] (-) TimerEvent: {}
[2.708233] (-) TimerEvent: {}
[2.808629] (-) TimerEvent: {}
[2.908967] (-) TimerEvent: {}
[3.009273] (-) TimerEvent: {}
[3.109505] (-) TimerEvent: {}
[3.209852] (-) TimerEvent: {}
[3.310176] (-) TimerEvent: {}
[3.410447] (-) TimerEvent: {}
[3.510731] (-) TimerEvent: {}
[3.611112] (-) TimerEvent: {}
[3.711407] (-) TimerEvent: {}
[3.811732] (-) TimerEvent: {}
[3.912094] (-) TimerEvent: {}
[4.012443] (-) TimerEvent: {}
[4.112770] (-) TimerEvent: {}
[4.213150] (-) TimerEvent: {}
[4.313437] (-) TimerEvent: {}
[4.413750] (-) TimerEvent: {}
[4.514131] (-) TimerEvent: {}
[4.614447] (-) TimerEvent: {}
[4.714723] (-) TimerEvent: {}
[4.815084] (-) TimerEvent: {}
[4.915448] (-) TimerEvent: {}
[5.015815] (-) TimerEvent: {}
[5.116198] (-) TimerEvent: {}
[5.216496] (-) TimerEvent: {}
[5.316870] (-) TimerEvent: {}
[5.417187] (-) TimerEvent: {}
[5.517470] (-) TimerEvent: {}
[5.617834] (-) TimerEvent: {}
[5.718258] (-) TimerEvent: {}
[5.818543] (-) TimerEvent: {}
[5.918883] (-) TimerEvent: {}
[6.019243] (-) TimerEvent: {}
[6.119502] (-) TimerEvent: {}
[6.219908] (-) TimerEvent: {}
[6.320206] (-) TimerEvent: {}
[6.420515] (-) TimerEvent: {}
[6.520800] (-) TimerEvent: {}
[6.621163] (-) TimerEvent: {}
[6.721499] (-) TimerEvent: {}
[6.821823] (-) TimerEvent: {}
[6.922216] (-) TimerEvent: {}
[7.022769] (-) TimerEvent: {}
[7.123100] (-) TimerEvent: {}
[7.223393] (-) TimerEvent: {}
[7.323686] (-) TimerEvent: {}
[7.423984] (-) TimerEvent: {}
[7.524261] (-) TimerEvent: {}
[7.624546] (-) TimerEvent: {}
[7.724811] (-) TimerEvent: {}
[7.825076] (-) TimerEvent: {}
[7.925356] (-) TimerEvent: {}
[8.025651] (-) TimerEvent: {}
[8.125925] (-) TimerEvent: {}
[8.226160] (-) TimerEvent: {}
[8.326476] (-) TimerEvent: {}
[8.426896] (-) TimerEvent: {}
[8.527317] (-) TimerEvent: {}
[8.627711] (-) TimerEvent: {}
[8.728020] (-) TimerEvent: {}
[8.828391] (-) TimerEvent: {}
[8.928708] (-) TimerEvent: {}
[9.028985] (-) TimerEvent: {}
[9.129514] (-) TimerEvent: {}
[9.229879] (-) TimerEvent: {}
[9.330103] (-) TimerEvent: {}
[9.430533] (-) TimerEvent: {}
[9.531055] (-) TimerEvent: {}
[9.631491] (-) TimerEvent: {}
[9.731777] (-) TimerEvent: {}
[9.832198] (-) TimerEvent: {}
[9.932510] (-) TimerEvent: {}
[10.032801] (-) TimerEvent: {}
[10.133194] (-) TimerEvent: {}
[10.233600] (-) TimerEvent: {}
[10.333976] (-) TimerEvent: {}
[10.434342] (-) TimerEvent: {}
[10.534694] (-) TimerEvent: {}
[10.635039] (-) TimerEvent: {}
[10.735413] (-) TimerEvent: {}
[10.835655] (-) TimerEvent: {}
[10.936026] (-) TimerEvent: {}
[11.036401] (-) TimerEvent: {}
[11.136706] (-) TimerEvent: {}
[11.237026] (-) TimerEvent: {}
[11.337301] (-) TimerEvent: {}
[11.437562] (-) TimerEvent: {}
[11.537840] (-) TimerEvent: {}
[11.638115] (-) TimerEvent: {}
[11.738510] (-) TimerEvent: {}
[11.838880] (-) TimerEvent: {}
[11.939167] (-) TimerEvent: {}
[12.039550] (-) TimerEvent: {}
[12.139859] (-) TimerEvent: {}
[12.240259] (-) TimerEvent: {}
[12.340687] (-) TimerEvent: {}
[12.441077] (-) TimerEvent: {}
[12.541317] (-) TimerEvent: {}
[12.641595] (-) TimerEvent: {}
[12.741999] (-) TimerEvent: {}
[12.842348] (-) TimerEvent: {}
[12.942617] (-) TimerEvent: {}
[13.043006] (-) TimerEvent: {}
[13.143292] (-) TimerEvent: {}
[13.243695] (-) TimerEvent: {}
[13.344089] (-) TimerEvent: {}
[13.444340] (-) TimerEvent: {}
[13.544616] (-) TimerEvent: {}
[13.644906] (-) TimerEvent: {}
[13.745314] (-) TimerEvent: {}
[13.845657] (-) TimerEvent: {}
[13.945940] (-) TimerEvent: {}
[14.046309] (-) TimerEvent: {}
[14.146638] (-) TimerEvent: {}
[14.246948] (-) TimerEvent: {}
[14.347240] (-) TimerEvent: {}
[14.447539] (-) TimerEvent: {}
[14.547832] (-) TimerEvent: {}
[14.648115] (-) TimerEvent: {}
[14.748378] (-) TimerEvent: {}
[14.848703] (-) TimerEvent: {}
[14.949101] (-) TimerEvent: {}
[15.049395] (-) TimerEvent: {}
[15.149836] (-) TimerEvent: {}
[15.250150] (-) TimerEvent: {}
[15.350529] (-) TimerEvent: {}
[15.450883] (-) TimerEvent: {}
[15.551284] (-) TimerEvent: {}
[15.651596] (-) TimerEvent: {}
[15.751877] (-) TimerEvent: {}
[15.852194] (-) TimerEvent: {}
[15.952497] (-) TimerEvent: {}
[16.052773] (-) TimerEvent: {}
[16.153580] (-) TimerEvent: {}
[16.253914] (-) TimerEvent: {}
[16.354344] (-) TimerEvent: {}
[16.454701] (-) TimerEvent: {}
[16.555040] (-) TimerEvent: {}
[16.655351] (-) TimerEvent: {}
[16.755681] (-) TimerEvent: {}
[16.855999] (-) TimerEvent: {}
[16.956330] (-) TimerEvent: {}
[17.056631] (-) TimerEvent: {}
[17.156900] (-) TimerEvent: {}
[17.257188] (-) TimerEvent: {}
[17.357462] (-) TimerEvent: {}
[17.457721] (-) TimerEvent: {}
[17.558003] (-) TimerEvent: {}
[17.658328] (-) TimerEvent: {}
[17.758593] (-) TimerEvent: {}
[17.858840] (-) TimerEvent: {}
[17.959190] (-) TimerEvent: {}
[18.059490] (-) TimerEvent: {}
[18.159757] (-) TimerEvent: {}
[18.260052] (-) TimerEvent: {}
[18.360400] (-) TimerEvent: {}
[18.460656] (-) TimerEvent: {}
[18.560931] (-) TimerEvent: {}
[18.661191] (-) TimerEvent: {}
[18.761508] (-) TimerEvent: {}
[18.861817] (-) TimerEvent: {}
[18.962119] (-) TimerEvent: {}
[19.062370] (-) TimerEvent: {}
[19.162676] (-) TimerEvent: {}
[19.262915] (-) TimerEvent: {}
[19.363195] (-) TimerEvent: {}
[19.463484] (-) TimerEvent: {}
[19.563834] (-) TimerEvent: {}
[19.664143] (-) TimerEvent: {}
[19.764445] (-) TimerEvent: {}
[19.864734] (-) TimerEvent: {}
[19.965029] (-) TimerEvent: {}
[20.065395] (-) TimerEvent: {}
[20.165677] (-) TimerEvent: {}
[20.266165] (-) TimerEvent: {}
[20.366381] (-) TimerEvent: {}
[20.466625] (-) TimerEvent: {}
[20.566877] (-) TimerEvent: {}
[20.667093] (-) TimerEvent: {}
[20.767317] (-) TimerEvent: {}
[20.867675] (-) TimerEvent: {}
[20.886157] (line_follower_controller) StdoutLine: {'line': b'[ 50%] \x1b[32m\x1b[1mLinking CXX executable line_follower_controller_node\x1b[0m\n'}
[20.967865] (-) TimerEvent: {}
[21.061272] (line_follower_controller) StdoutLine: {'line': b'[100%] Built target line_follower_controller_node\n'}
[21.067984] (-) TimerEvent: {}
[21.069177] (line_follower_controller) CommandEnded: {'returncode': 0}
[21.069726] (line_follower_controller) JobProgress: {'identifier': 'line_follower_controller', 'progress': 'install'}
[21.069959] (line_follower_controller) Command: {'cmd': ['/usr/bin/cmake', '--install', '/home/lucifer/anscer_workspace/LineFollower/build/line_follower_controller'], 'cwd': '/home/lucifer/anscer_workspace/LineFollower/build/line_follower_controller', 'env': OrderedDict({'GZ_SIM_RESOURCE_PATH': '/opt/ros/jazzy/share', 'GZ_CONFIG_PATH': '/opt/ros/jazzy/opt/gz_sim_vendor/share/gz:/opt/ros/jazzy/opt/sdformat_vendor/share/gz:/opt/ros/jazzy/opt/gz_gui_vendor/share/gz:/opt/ros/jazzy/opt/gz_transport_vendor/share/gz:/opt/ros/jazzy/opt/gz_rendering_vendor/share/gz:/opt/ros/jazzy/opt/gz_plugin_vendor/share/gz:/opt/ros/jazzy/opt/gz_fuel_tools_vendor/share/gz:/opt/ros/jazzy/opt/gz_msgs_vendor/share/gz:/opt/ros/jazzy/opt/gz_common_vendor/share/gz', 'HOSTNAME': 'fedora', 'SHLVL': '0', 'LIBGL_ALWAYS_SOFTWARE': '1', 'LD_LIBRARY_PATH': '/opt/ros/jazzy/opt/gz_sim_vendor/lib:/opt/ros/jazzy/opt/gz_sensors_vendor/lib:/opt/ros/jazzy/opt/gz_physics_vendor/lib:/opt/ros/jazzy/opt/sdformat_vendor/lib:/opt/ros/jazzy/opt/rviz_ogre_vendor/lib:/opt/ros/jazzy/lib/x86_64-linux-gnu:/opt/ros/jazzy/opt/gz_gui_vendor/lib:/opt/ros/jazzy/opt/gz_transport_vendor/lib:/opt/ros/jazzy/opt/gz_rendering_vendor/lib:/opt/ros/jazzy/opt/gz_plugin_vendor/lib:/opt/ros/jazzy/opt/gz_fuel_tools_vendor/lib:/opt/ros/jazzy/opt/gz_msgs_vendor/lib:/opt/ros/jazzy/opt/gz_common_vendor/lib:/opt/ros/jazzy/opt/gz_math_vendor/lib:/opt/ros/jazzy/opt/gz_utils_vendor/lib:/opt/ros/jazzy/opt/gz_tools_vendor/lib:/opt/ros/jazzy/opt/gz_ogre_next_vendor/lib:/opt/ros/jazzy/opt/gz_dartsim_vendor/lib:/opt/ros/jazzy/opt/gz_cmake_vendor/lib:/opt/ros/jazzy/lib', 'HOME': '/home/lucifer', 'OLDPWD': '/home/lucifer/anscer_workspace/LineFollower', 'ROS_PYTHON_VERSION': '3', 'ROS_DISTRO': 'jazzy', '_': '/usr/bin/colcon', 'ROS_VERSION': '2', 'TERM': 'xterm', 'QT_X11_NO_MITSHM': '1', 'PATH': '/opt/ros/jazzy/opt/gz_msgs_vendor/bin:/opt/ros/jazzy/opt/gz_tools_vendor/bin:/opt/ros/jazzy/opt/gz_ogre_next_vendor/bin:/opt/ros/jazzy/bin:/usr/local/sbin:/usr/local/bin:/usr/sbin:/usr/bin:/sbin:/bin', 'XDG_RUNTIME_DIR': '/tmp/runtime-root', 'DISPLAY': ':0', 'LANG': 'C.UTF-8', 'AMENT_PREFIX_PATH': '/opt/ros/jazzy', 'ROS_AUTOMATIC_DISCOVERY_RANGE': 'SUBNET', 'PWD': '/home/lucifer/anscer_workspace/LineFollower/build/line_follower_controller', 'LC_ALL': 'C.UTF-8', 'PYTHONPATH': '/opt/ros/jazzy/lib/python3.12/site-packages', 'COLCON': '1', 'CMAKE_PREFIX_PATH': '/opt/ros/jazzy/opt/gz_sim_vendor:/opt/ros/jazzy/opt/gz_sensors_vendor:/opt/ros/jazzy/opt/gz_physics_vendor:/opt/ros/jazzy/opt/sdformat_vendor:/opt/ros/jazzy/opt/gz_gui_vendor:/opt/ros/jazzy/opt/gz_transport_vendor:/opt/ros/jazzy/opt/gz_rendering_vendor:/opt/ros/jazzy/opt/gz_plugin_vendor:/opt/ros/jazzy/opt/gz_fuel_tools_vendor:/opt/ros/jazzy/opt/gz_msgs_vendor:/opt/ros/jazzy/opt/gz_common_vendor:/opt/ros/jazzy/opt/gz_math_vendor:/opt/ros/jazzy/opt/gz_utils_vendor:/opt/ros/jazzy/opt/gz_tools_vendor:/opt/ros/jazzy/opt/gz_ogre_next_vendor:/opt/ros/jazzy/opt/gz_dartsim_vendor:/opt/ros/jazzy/opt/gz_cmake_vendor:/opt/ros/jazzy'}), 'shell': False}
[21.077887] (line_follower_controller) StdoutLine: {'line': b'-- Install configuration: "Release"\n'}
[21.078459] (line_follower_controller) StdoutLine: {'line': b'-- Execute custom install script\n'}
[21.078600] (line_follower_controller) StdoutLine: {'line': b'-- Up-to-date symlink: /home/lucifer/anscer_workspace/LineFollower/install/line_follower_controller/lib/line_follower_controller/line_follower_controller_node\n'}
[21.078831] (line_follower_controller) StdoutLine: {'line': b'-- Up-to-date symlink: /home/lucifer/anscer_workspace/LineFollower/install/line_follower_controller/share/line_follower_controller/config/params.yaml\n'}
[21.078960] (line_follower_controller) StdoutLine: {'line': b'-- Up-to-date symlink: /home/lucifer/anscer_workspace/LineFollower/install/line_follower_controller/share/line_follower_controller/launch/play.launch.py\n'}
[21.079107] (line_follower_controller) StdoutLine: {'line': b'-- Up-to-date symlink: /home/lucifer/anscer_workspace/LineFollower/install/line_follower_controller/share/ament_index/resource_index/package_run_dependencies/line_follower_controller\n'}
[21.079214] (line_follower_controller) StdoutLine: {'line': b'-- Up-to-date symlink: /home/lucifer/anscer_workspace/LineFollower/install/line_follower_controller/share/ament_index/resource_index/parent_prefix_path/line_follower_controller\n'}
[21.079311] (line_follower_controller) StdoutLine: {'line': b'-- Up-to-date symlink: /home/lucifer/anscer_workspace/LineFollower/install/line_follower_controller/share/line_follower_controller/environment/ament_prefix_path.sh\n'}
[21.079406] (line_follower_controller) StdoutLine: {'line': b'-- Up-to-date symlink: /home/lucifer/anscer_workspace/LineFollower/install/line_follower_controller/share/line_follower_controller/environment/ament_prefix_path.dsv\n'}
[21.079500] (line_follower_controller) StdoutLine: {'line': b'-- Up-to-date symlink: /home/lucifer/anscer_workspace/LineFollower/install/line_follower_controller/share/line_follower_controller/environment/path.sh\n'}
[21.079593] (line_follower_controller) StdoutLine: {'line': b'-- Up-to-date symlink: /home/lucifer/anscer_workspace/LineFollower/install/line_follower_controller/share/line_follower_controller/environment/path.dsv\n'}
[21.079682] (line_follower_controller) StdoutLine: {'line': b'-- Up-to-date symlink: /home/lucifer/anscer_workspace/LineFollower/install/line_follower_controller/share/line_follower_controller/local_setup.bash\n'}
[21.079771] (line_follower_controller) StdoutLine: {'line': b'-- Up-to-date symlink: /home/lucifer/anscer_workspace/LineFollower/install/line_follower_controller/share/line_follower_controller/local_setup.sh\n'}
[21.079865] (line_follower_controller) StdoutLine: {'line': b'-- Up-to-date symlink: /home/lucifer/anscer_workspace/LineFollower/install/line_follower_controller/share/line_follower_controller/local_setup.zsh\n'}
[21.079956] (line_follower_controller) StdoutLine: {'line': b'-- Up-to-date symlink: /home/lucifer/anscer_workspace/LineFollower/install/line_follower_controller/share/line_follower_controller/local_setup.dsv\n'}
[21.080051] (line_follower_controller) StdoutLine: {'line': b'-- Symlinking: /home/lucifer/anscer_workspace/LineFollower/install/line_follower_controller/share/line_follower_controller/package.dsv\n'}
[21.089968] (line_follower_controller) StdoutLine: {'line': b'-- Up-to-date symlink: /home/lucifer/anscer_workspace/LineFollower/install/line_follower_controller/share/ament_index/resource_index/packages/line_follower_controller\n'}
[21.090221] (line_follower_controller) StdoutLine: {'line': b'-- Up-to-date symlink: /home/lucifer/anscer_workspace/LineFollower/install/line_follower_controller/share/line_follower_controller/cmake/line_follower_controllerConfig.cmake\n'}
[21.090346] (line_follower_controller) StdoutLine: {'line': b'-- Up-to-date symlink: /home/lucifer/anscer_workspace/LineFollower/install/line_follower_controller/share/line_follower_controller/cmake/line_follower_controllerConfig-version.cmake\n'}
[21.090441] (line_follower_controller) StdoutLine: {'line': b'-- Up-to-date symlink: /home/lucifer/anscer_workspace/LineFollower/install/line_follower_controller/share/line_follower_controller/package.xml\n'}
[21.091791] (line_follower_controller) CommandEnded: {'returncode': 0}
[21.101691] (line_follower_controller) JobEnded: {'identifier': 'line_follower_controller', 'rc': 0}
[21.102354] (-) EventReactorShutdown: {}
