[0.000000] (-) TimerEvent: {}
[0.000389] (hardware_sim) JobQueued: {'identifier': 'hardware_sim', 'dependencies': OrderedDict()}
[0.000865] (line_follower_controller) JobQueued: {'identifier': 'line_follower_controller', 'dependencies': OrderedDict()}
[0.000952] (nav_server) JobQueued: {'identifier': 'nav_server', 'dependencies': OrderedDict()}
[0.001028] (navigation_server) JobQueued: {'identifier': 'navigation_server', 'dependencies': OrderedDict()}
[0.002919] (hardware_sim) JobStarted: {'identifier': 'hardware_sim'}
[0.022491] (line_follower_controller) JobStarted: {'identifier': 'line_follower_controller'}
[0.035352] (nav_server) JobStarted: {'identifier': 'nav_server'}
[0.045056] (navigation_server) JobStarted: {'identifier': 'navigation_server'}
[0.068745] (hardware_sim) JobProgress: {'identifier': 'hardware_sim', 'progress': 'cmake'}
[0.070580] (hardware_sim) JobProgress: {'identifier': 'hardware_sim', 'progress': 'build'}
[0.072474] (hardware_sim) Command: {'cmd': ['/usr/bin/cmake', '--build', '/home/lucifer/anscer_workspace/LineFollower/build/hardware_sim', '--', '-j12', '-l12'], 'cwd': '/home/lucifer/anscer_workspace/LineFollower/build/hardware_sim', 'env': OrderedDict({'GZ_SIM_RESOURCE_PATH': '/opt/ros/jazzy/share', 'GZ_CONFIG_PATH': '/opt/ros/jazzy/opt/gz_sim_vendor/share/gz:/opt/ros/jazzy/opt/sdformat_vendor/share/gz:/opt/ros/jazzy/opt/gz_gui_vendor/share/gz:/opt/ros/jazzy/opt/gz_transport_vendor/share/gz:/opt/ros/jazzy/opt/gz_rendering_vendor/share/gz:/opt/ros/jazzy/opt/gz_plugin_vendor/share/gz:/opt/ros/jazzy/opt/gz_fuel_tools_vendor/share/gz:/opt/ros/jazzy/opt/gz_msgs_vendor/share/gz:/opt/ros/jazzy/opt/gz_common_vendor/share/gz', 'HOSTNAME': 'fedora', 'SHLVL': '0', 'LIBGL_ALWAYS_SOFTWARE': '1', 'LD_LIBRARY_PATH': '/opt/ros/jazzy/opt/gz_sim_vendor/lib:/opt/ros/jazzy/opt/gz_sensors_vendor/lib:/opt/ros/jazzy/opt/gz_physics_vendor/lib:/opt/ros/jazzy/opt/sdformat_vendor/lib:/opt/ros/jazzy/opt/rviz_ogre_vendor/lib:/opt/ros/jazzy/lib/x86_64-linux-gnu:/opt/ros/jazzy/opt/gz_gui_vendor/lib:/opt/ros/jazzy/opt/gz_transport_vendor/lib:/opt/ros/jazzy/opt/gz_rendering_vendor/lib:/opt/ros/jazzy/opt/gz_plugin_vendor/lib:/opt/ros/jazzy/opt/gz_fuel_tools_vendor/lib:/opt/ros/jazzy/opt/gz_msgs_vendor/lib:/opt/ros/jazzy/opt/gz_common_vendor/lib:/opt/ros/jazzy/opt/gz_math_vendor/lib:/opt/ros/jazzy/opt/gz_utils_vendor/lib:/opt/ros/jazzy/opt/gz_tools_vendor/lib:/opt/ros/jazzy/opt/gz_ogre_next_vendor/lib:/opt/ros/jazzy/opt/gz_dartsim_vendor/lib:/opt/ros/jazzy/opt/gz_cmake_vendor/lib:/opt/ros/jazzy/lib', 'HOME': '/home/lucifer', 'ROS_PYTHON_VERSION': '3', 'ROS_DISTRO': 'jazzy', '_': '/usr/bin/colcon', 'ROS_VERSION': '2', 'QT_X11_NO_MITSHM': '1', 'PATH': '/opt/ros/jazzy/opt/gz_msgs_vendor/bin:/opt/ros/jazzy/opt/gz_tools_vendor/bin:/opt/ros/jazzy/opt/gz_ogre_next_vendor/bin:/opt/ros/jazzy/bin:/usr/local/sbin:/usr/local/bin:/usr/sbin:/usr/bin:/sbin:/bin', 'XDG_RUNTIME_DIR': '/tmp/runtime-root', 'DISPLAY': ':0', 'LANG': 'C.UTF-8', 'AMENT_PREFIX_PATH': '/opt/ros/jazzy', 'ROS_AUTOMATIC_DISCOVERY_RANGE': 'SUBNET', 'PWD': '/home/lucifer/anscer_workspace/LineFollower/build/hardware_sim', 'LC_ALL': 'C.UTF-8', 'PYTHONPATH': '/opt/ros/jazzy/lib/python3.12/site-packages', 'COLCON': '1', 'CMAKE_PREFIX_PATH': '/opt/ros/jazzy/opt/gz_sim_vendor:/opt/ros/jazzy/opt/gz_sensors_vendor:/opt/ros/jazzy/opt/gz_physics_vendor:/opt/ros/jazzy/opt/sdformat_vendor:/opt/ros/jazzy/opt/gz_gui_vendor:/opt/ros/jazzy/opt/gz_transport_vendor:/opt/ros/jazzy/opt/gz_rendering_vendor:/opt/ros/jazzy/opt/gz_plugin_vendor:/opt/ros/jazzy/opt/gz_fuel_tools_vendor:/opt/ros/jazzy/opt/gz_msgs_vendor:/opt/ros/jazzy/opt/gz_common_vendor:/opt/ros/jazzy/opt/gz_math_vendor:/opt/ros/jazzy/opt/gz_utils_vendor:/opt/ros/jazzy/opt/gz_tools_vendor:/opt/ros/jazzy/opt/gz_ogre_next_vendor:/opt/ros/jazzy/opt/gz_dartsim_vendor:/opt/ros/jazzy/opt/gz_cmake_vendor:/opt/ros/jazzy'}), 'shell': False}
[0.076073] (line_follower_controller) JobProgress: {'identifier': 'line_follower_controller', 'progress': 'cmake'}
[0.078085] (line_follower_controller) JobProgress: {'identifier': 'line_follower_controller', 'progress': 'build'}
[0.079097] (line_follower_controller) Command: {'cmd': ['/usr/bin/cmake', '--build', '/home/lucifer/anscer_workspace/LineFollower/build/line_follower_controller', '--', '-j12', '-l12'], 'cwd': '/home/lucifer/anscer_workspace/LineFollower/build/line_follower_controller', 'env': OrderedDict({'GZ_SIM_RESOURCE_PATH': '/opt/ros/jazzy/share', 'GZ_CONFIG_PATH': '/opt/ros/jazzy/opt/gz_sim_vendor/share/gz:/opt/ros/jazzy/opt/sdformat_vendor/share/gz:/opt/ros/jazzy/opt/gz_gui_vendor/share/gz:/opt/ros/jazzy/opt/gz_transport_vendor/share/gz:/opt/ros/jazzy/opt/gz_rendering_vendor/share/gz:/opt/ros/jazzy/opt/gz_plugin_vendor/share/gz:/opt/ros/jazzy/opt/gz_fuel_tools_vendor/share/gz:/opt/ros/jazzy/opt/gz_msgs_vendor/share/gz:/opt/ros/jazzy/opt/gz_common_vendor/share/gz', 'HOSTNAME': 'fedora', 'SHLVL': '0', 'LIBGL_ALWAYS_SOFTWARE': '1', 'LD_LIBRARY_PATH': '/opt/ros/jazzy/opt/gz_sim_vendor/lib:/opt/ros/jazzy/opt/gz_sensors_vendor/lib:/opt/ros/jazzy/opt/gz_physics_vendor/lib:/opt/ros/jazzy/opt/sdformat_vendor/lib:/opt/ros/jazzy/opt/rviz_ogre_vendor/lib:/opt/ros/jazzy/lib/x86_64-linux-gnu:/opt/ros/jazzy/opt/gz_gui_vendor/lib:/opt/ros/jazzy/opt/gz_transport_vendor/lib:/opt/ros/jazzy/opt/gz_rendering_vendor/lib:/opt/ros/jazzy/opt/gz_plugin_vendor/lib:/opt/ros/jazzy/opt/gz_fuel_tools_vendor/lib:/opt/ros/jazzy/opt/gz_msgs_vendor/lib:/opt/ros/jazzy/opt/gz_common_vendor/lib:/opt/ros/jazzy/opt/gz_math_vendor/lib:/opt/ros/jazzy/opt/gz_utils_vendor/lib:/opt/ros/jazzy/opt/gz_tools_vendor/lib:/opt/ros/jazzy/opt/gz_ogre_next_vendor/lib:/opt/ros/jazzy/opt/gz_dartsim_vendor/lib:/opt/ros/jazzy/opt/gz_cmake_vendor/lib:/opt/ros/jazzy/lib', 'HOME': '/home/lucifer', 'ROS_PYTHON_VERSION': '3', 'ROS_DISTRO': 'jazzy', '_': '/usr/bin/colcon', 'ROS_VERSION': '2', 'QT_X11_NO_MITSHM': '1', 'PATH': '/opt/ros/jazzy/opt/gz_msgs_vendor/bin:/opt/ros/jazzy/opt/gz_tools_vendor/bin:/opt/ros/jazzy/opt/gz_ogre_next_vendor/bin:/opt/ros/jazzy/bin:/usr/local/sbin:/usr/local/bin:/usr/sbin:/usr/bin:/sbin:/bin', 'XDG_RUNTIME_DIR': '/tmp/runtime-root', 'DISPLAY': ':0', 'LANG': 'C.UTF-8', 'AMENT_PREFIX_PATH': '/opt/ros/jazzy', 'ROS_AUTOMATIC_DISCOVERY_RANGE': 'SUBNET', 'PWD': '/home/lucifer/anscer_workspace/LineFollower/build/line_follower_controller', 'LC_ALL': 'C.UTF-8', 'PYTHONPATH': '/opt/ros/jazzy/lib/python3.12/site-packages', 'COLCON': '1', 'CMAKE_PREFIX_PATH': '/opt/ros/jazzy/opt/gz_sim_vendor:/opt/ros/jazzy/opt/gz_sensors_vendor:/opt/ros/jazzy/opt/gz_physics_vendor:/opt/ros/jazzy/opt/sdformat_vendor:/opt/ros/jazzy/opt/gz_gui_vendor:/opt/ros/jazzy/opt/gz_transport_vendor:/opt/ros/jazzy/opt/gz_rendering_vendor:/opt/ros/jazzy/opt/gz_plugin_vendor:/opt/ros/jazzy/opt/gz_fuel_tools_vendor:/opt/ros/jazzy/opt/gz_msgs_vendor:/opt/ros/jazzy/opt/gz_common_vendor:/opt/ros/jazzy/opt/gz_math_vendor:/opt/ros/jazzy/opt/gz_utils_vendor:/opt/ros/jazzy/opt/gz_tools_vendor:/opt/ros/jazzy/opt/gz_ogre_next_vendor:/opt/ros/jazzy/opt/gz_dartsim_vendor:/opt/ros/jazzy/opt/gz_cmake_vendor:/opt/ros/jazzy'}), 'shell': False}
[0.082753] (nav_server) JobProgress: {'identifier': 'nav_server', 'progress': 'cmake'}
[0.084662] (nav_server) JobProgress: {'identifier': 'nav_server', 'progress': 'build'}
[0.085592] (nav_server) Command: {'cmd': ['/usr/bin/cmake', '--build', '/home/lucifer/anscer_workspace/LineFollower/build/nav_server', '--', '-j12', '-l12'], 'cwd': '/home/lucifer/anscer_workspace/LineFollower/build/nav_server', 'env': OrderedDict({'GZ_SIM_RESOURCE_PATH': '/opt/ros/jazzy/share', 'GZ_CONFIG_PATH': '/opt/ros/jazzy/opt/gz_sim_vendor/share/gz:/opt/ros/jazzy/opt/sdformat_vendor/share/gz:/opt/ros/jazzy/opt/gz_gui_vendor/share/gz:/opt/ros/jazzy/opt/gz_transport_vendor/share/gz:/opt/ros/jazzy/opt/gz_rendering_vendor/share/gz:/opt/ros/jazzy/opt/gz_plugin_vendor/share/gz:/opt/ros/jazzy/opt/gz_fuel_tools_vendor/share/gz:/opt/ros/jazzy/opt/gz_msgs_vendor/share/gz:/opt/ros/jazzy/opt/gz_common_vendor/share/gz', 'HOSTNAME': 'fedora', 'SHLVL': '0', 'LIBGL_ALWAYS_SOFTWARE': '1', 'LD_LIBRARY_PATH': '/opt/ros/jazzy/opt/gz_sim_vendor/lib:/opt/ros/jazzy/opt/gz_sensors_vendor/lib:/opt/ros/jazzy/opt/gz_physics_vendor/lib:/opt/ros/jazzy/opt/sdformat_vendor/lib:/opt/ros/jazzy/opt/rviz_ogre_vendor/lib:/opt/ros/jazzy/lib/x86_64-linux-gnu:/opt/ros/jazzy/opt/gz_gui_vendor/lib:/opt/ros/jazzy/opt/gz_transport_vendor/lib:/opt/ros/jazzy/opt/gz_rendering_vendor/lib:/opt/ros/jazzy/opt/gz_plugin_vendor/lib:/opt/ros/jazzy/opt/gz_fuel_tools_vendor/lib:/opt/ros/jazzy/opt/gz_msgs_vendor/lib:/opt/ros/jazzy/opt/gz_common_vendor/lib:/opt/ros/jazzy/opt/gz_math_vendor/lib:/opt/ros/jazzy/opt/gz_utils_vendor/lib:/opt/ros/jazzy/opt/gz_tools_vendor/lib:/opt/ros/jazzy/opt/gz_ogre_next_vendor/lib:/opt/ros/jazzy/opt/gz_dartsim_vendor/lib:/opt/ros/jazzy/opt/gz_cmake_vendor/lib:/opt/ros/jazzy/lib', 'HOME': '/home/lucifer', 'ROS_PYTHON_VERSION': '3', 'ROS_DISTRO': 'jazzy', '_': '/usr/bin/colcon', 'ROS_VERSION': '2', 'QT_X11_NO_MITSHM': '1', 'PATH': '/opt/ros/jazzy/opt/gz_msgs_vendor/bin:/opt/ros/jazzy/opt/gz_tools_vendor/bin:/opt/ros/jazzy/opt/gz_ogre_next_vendor/bin:/opt/ros/jazzy/bin:/usr/local/sbin:/usr/local/bin:/usr/sbin:/usr/bin:/sbin:/bin', 'XDG_RUNTIME_DIR': '/tmp/runtime-root', 'DISPLAY': ':0', 'LANG': 'C.UTF-8', 'AMENT_PREFIX_PATH': '/opt/ros/jazzy', 'ROS_AUTOMATIC_DISCOVERY_RANGE': 'SUBNET', 'PWD': '/home/lucifer/anscer_workspace/LineFollower/build/nav_server', 'LC_ALL': 'C.UTF-8', 'PYTHONPATH': '/opt/ros/jazzy/lib/python3.12/site-packages', 'COLCON': '1', 'CMAKE_PREFIX_PATH': '/opt/ros/jazzy/opt/gz_sim_vendor:/opt/ros/jazzy/opt/gz_sensors_vendor:/opt/ros/jazzy/opt/gz_physics_vendor:/opt/ros/jazzy/opt/sdformat_vendor:/opt/ros/jazzy/opt/gz_gui_vendor:/opt/ros/jazzy/opt/gz_transport_vendor:/opt/ros/jazzy/opt/gz_rendering_vendor:/opt/ros/jazzy/opt/gz_plugin_vendor:/opt/ros/jazzy/opt/gz_fuel_tools_vendor:/opt/ros/jazzy/opt/gz_msgs_vendor:/opt/ros/jazzy/opt/gz_common_vendor:/opt/ros/jazzy/opt/gz_math_vendor:/opt/ros/jazzy/opt/gz_utils_vendor:/opt/ros/jazzy/opt/gz_tools_vendor:/opt/ros/jazzy/opt/gz_ogre_next_vendor:/opt/ros/jazzy/opt/gz_dartsim_vendor:/opt/ros/jazzy/opt/gz_cmake_vendor:/opt/ros/jazzy'}), 'shell': False}
[0.101880] (-) TimerEvent: {}
[0.202271] (-) TimerEvent: {}
[0.302669] (-) TimerEvent: {}
[0.403070] (-) TimerEvent: {}
[0.503352] (-) TimerEvent: {}
[0.563059] (line_follower_controller) StdoutLine: {'line': b'[100%] Built target line_follower_controller_node\n'}
[0.563489] (nav_server) StdoutLine: {'line': b'[100%] Built target nav_server_node\n'}
[0.563653] (hardware_sim) CommandEnded: {'returncode': 0}
[0.564902] (hardware_sim) JobProgress: {'identifier': 'hardware_sim', 'progress': 'install'}
[0.589499] (hardware_sim) Command: {'cmd': ['/usr/bin/cmake', '--install', '/home/lucifer/anscer_workspace/LineFollower/build/hardware_sim'], 'cwd': '/home/lucifer/anscer_workspace/LineFollower/build/hardware_sim', 'env': OrderedDict({'GZ_SIM_RESOURCE_PATH': '/opt/ros/jazzy/share', 'GZ_CONFIG_PATH': '/opt/ros/jazzy/opt/gz_sim_vendor/share/gz:/opt/ros/jazzy/opt/sdformat_vendor/share/gz:/opt/ros/jazzy/opt/gz_gui_vendor/share/gz:/opt/ros/jazzy/opt/gz_transport_vendor/share/gz:/opt/ros/jazzy/opt/gz_rendering_vendor/share/gz:/opt/ros/jazzy/opt/gz_plugin_vendor/share/gz:/opt/ros/jazzy/opt/gz_fuel_tools_vendor/share/gz:/opt/ros/jazzy/opt/gz_msgs_vendor/share/gz:/opt/ros/jazzy/opt/gz_common_vendor/share/gz', 'HOSTNAME': 'fedora', 'SHLVL': '0', 'LIBGL_ALWAYS_SOFTWARE': '1', 'LD_LIBRARY_PATH': '/opt/ros/jazzy/opt/gz_sim_vendor/lib:/opt/ros/jazzy/opt/gz_sensors_vendor/lib:/opt/ros/jazzy/opt/gz_physics_vendor/lib:/opt/ros/jazzy/opt/sdformat_vendor/lib:/opt/ros/jazzy/opt/rviz_ogre_vendor/lib:/opt/ros/jazzy/lib/x86_64-linux-gnu:/opt/ros/jazzy/opt/gz_gui_vendor/lib:/opt/ros/jazzy/opt/gz_transport_vendor/lib:/opt/ros/jazzy/opt/gz_rendering_vendor/lib:/opt/ros/jazzy/opt/gz_plugin_vendor/lib:/opt/ros/jazzy/opt/gz_fuel_tools_vendor/lib:/opt/ros/jazzy/opt/gz_msgs_vendor/lib:/opt/ros/jazzy/opt/gz_common_vendor/lib:/opt/ros/jazzy/opt/gz_math_vendor/lib:/opt/ros/jazzy/opt/gz_utils_vendor/lib:/opt/ros/jazzy/opt/gz_tools_vendor/lib:/opt/ros/jazzy/opt/gz_ogre_next_vendor/lib:/opt/ros/jazzy/opt/gz_dartsim_vendor/lib:/opt/ros/jazzy/opt/gz_cmake_vendor/lib:/opt/ros/jazzy/lib', 'HOME': '/home/lucifer', 'ROS_PYTHON_VERSION': '3', 'ROS_DISTRO': 'jazzy', '_': '/usr/bin/colcon', 'ROS_VERSION': '2', 'QT_X11_NO_MITSHM': '1', 'PATH': '/opt/ros/jazzy/opt/gz_msgs_vendor/bin:/opt/ros/jazzy/opt/gz_tools_vendor/bin:/opt/ros/jazzy/opt/gz_ogre_next_vendor/bin:/opt/ros/jazzy/bin:/usr/local/sbin:/usr/local/bin:/usr/sbin:/usr/bin:/sbin:/bin', 'XDG_RUNTIME_DIR': '/tmp/runtime-root', 'DISPLAY': ':0', 'LANG': 'C.UTF-8', 'AMENT_PREFIX_PATH': '/opt/ros/jazzy', 'ROS_AUTOMATIC_DISCOVERY_RANGE': 'SUBNET', 'PWD': '/home/lucifer/anscer_workspace/LineFollower/build/hardware_sim', 'LC_ALL': 'C.UTF-8', 'PYTHONPATH': '/opt/ros/jazzy/lib/python3.12/site-packages', 'COLCON': '1', 'CMAKE_PREFIX_PATH': '/opt/ros/jazzy/opt/gz_sim_vendor:/opt/ros/jazzy/opt/gz_sensors_vendor:/opt/ros/jazzy/opt/gz_physics_vendor:/opt/ros/jazzy/opt/sdformat_vendor:/opt/ros/jazzy/opt/gz_gui_vendor:/opt/ros/jazzy/opt/gz_transport_vendor:/opt/ros/jazzy/opt/gz_rendering_vendor:/opt/ros/jazzy/opt/gz_plugin_vendor:/opt/ros/jazzy/opt/gz_fuel_tools_vendor:/opt/ros/jazzy/opt/gz_msgs_vendor:/opt/ros/jazzy/opt/gz_common_vendor:/opt/ros/jazzy/opt/gz_math_vendor:/opt/ros/jazzy/opt/gz_utils_vendor:/opt/ros/jazzy/opt/gz_tools_vendor:/opt/ros/jazzy/opt/gz_ogre_next_vendor:/opt/ros/jazzy/opt/gz_dartsim_vendor:/opt/ros/jazzy/opt/gz_cmake_vendor:/opt/ros/jazzy'}), 'shell': False}
[0.590714] (line_follower_controller) CommandEnded: {'returncode': 0}
[0.591551] (line_follower_controller) JobProgress: {'identifier': 'line_follower_controller', 'progress': 'install'}
[0.592032] (line_follower_controller) Command: {'cmd': ['/usr/bin/cmake', '--install', '/home/lucifer/anscer_workspace/LineFollower/build/line_follower_controller'], 'cwd': '/home/lucifer/anscer_workspace/LineFollower/build/line_follower_controller', 'env': OrderedDict({'GZ_SIM_RESOURCE_PATH': '/opt/ros/jazzy/share', 'GZ_CONFIG_PATH': '/opt/ros/jazzy/opt/gz_sim_vendor/share/gz:/opt/ros/jazzy/opt/sdformat_vendor/share/gz:/opt/ros/jazzy/opt/gz_gui_vendor/share/gz:/opt/ros/jazzy/opt/gz_transport_vendor/share/gz:/opt/ros/jazzy/opt/gz_rendering_vendor/share/gz:/opt/ros/jazzy/opt/gz_plugin_vendor/share/gz:/opt/ros/jazzy/opt/gz_fuel_tools_vendor/share/gz:/opt/ros/jazzy/opt/gz_msgs_vendor/share/gz:/opt/ros/jazzy/opt/gz_common_vendor/share/gz', 'HOSTNAME': 'fedora', 'SHLVL': '0', 'LIBGL_ALWAYS_SOFTWARE': '1', 'LD_LIBRARY_PATH': '/opt/ros/jazzy/opt/gz_sim_vendor/lib:/opt/ros/jazzy/opt/gz_sensors_vendor/lib:/opt/ros/jazzy/opt/gz_physics_vendor/lib:/opt/ros/jazzy/opt/sdformat_vendor/lib:/opt/ros/jazzy/opt/rviz_ogre_vendor/lib:/opt/ros/jazzy/lib/x86_64-linux-gnu:/opt/ros/jazzy/opt/gz_gui_vendor/lib:/opt/ros/jazzy/opt/gz_transport_vendor/lib:/opt/ros/jazzy/opt/gz_rendering_vendor/lib:/opt/ros/jazzy/opt/gz_plugin_vendor/lib:/opt/ros/jazzy/opt/gz_fuel_tools_vendor/lib:/opt/ros/jazzy/opt/gz_msgs_vendor/lib:/opt/ros/jazzy/opt/gz_common_vendor/lib:/opt/ros/jazzy/opt/gz_math_vendor/lib:/opt/ros/jazzy/opt/gz_utils_vendor/lib:/opt/ros/jazzy/opt/gz_tools_vendor/lib:/opt/ros/jazzy/opt/gz_ogre_next_vendor/lib:/opt/ros/jazzy/opt/gz_dartsim_vendor/lib:/opt/ros/jazzy/opt/gz_cmake_vendor/lib:/opt/ros/jazzy/lib', 'HOME': '/home/lucifer', 'ROS_PYTHON_VERSION': '3', 'ROS_DISTRO': 'jazzy', '_': '/usr/bin/colcon', 'ROS_VERSION': '2', 'QT_X11_NO_MITSHM': '1', 'PATH': '/opt/ros/jazzy/opt/gz_msgs_vendor/bin:/opt/ros/jazzy/opt/gz_tools_vendor/bin:/opt/ros/jazzy/opt/gz_ogre_next_vendor/bin:/opt/ros/jazzy/bin:/usr/local/sbin:/usr/local/bin:/usr/sbin:/usr/bin:/sbin:/bin', 'XDG_RUNTIME_DIR': '/tmp/runtime-root', 'DISPLAY': ':0', 'LANG': 'C.UTF-8', 'AMENT_PREFIX_PATH': '/opt/ros/jazzy', 'ROS_AUTOMATIC_DISCOVERY_RANGE': 'SUBNET', 'PWD': '/home/lucifer/anscer_workspace/LineFollower/build/line_follower_controller', 'LC_ALL': 'C.UTF-8', 'PYTHONPATH': '/opt/ros/jazzy/lib/python3.12/site-packages', 'COLCON': '1', 'CMAKE_PREFIX_PATH': '/opt/ros/jazzy/opt/gz_sim_vendor:/opt/ros/jazzy/opt/gz_sensors_vendor:/opt/ros/jazzy/opt/gz_physics_vendor:/opt/ros/jazzy/opt/sdformat_vendor:/opt/ros/jazzy/opt/gz_gui_vendor:/opt/ros/jazzy/opt/gz_transport_vendor:/opt/ros/jazzy/opt/gz_rendering_vendor:/opt/ros/jazzy/opt/gz_plugin_vendor:/opt/ros/jazzy/opt/gz_fuel_tools_vendor:/opt/ros/jazzy/opt/gz_msgs_vendor:/opt/ros/jazzy/opt/gz_common_vendor:/opt/ros/jazzy/opt/gz_math_vendor:/opt/ros/jazzy/opt/gz_utils_vendor:/opt/ros/jazzy/opt/gz_tools_vendor:/opt/ros/jazzy/opt/gz_ogre_next_vendor:/opt/ros/jazzy/opt/gz_dartsim_vendor:/opt/ros/jazzy/opt/gz_cmake_vendor:/opt/ros/jazzy'}), 'shell': False}
[0.593368] (nav_server) CommandEnded: {'returncode': 0}
[0.594530] (nav_server) JobProgress: {'identifier': 'nav_server', 'progress': 'install'}
[0.595105] (nav_server) Command: {'cmd': ['/usr/bin/cmake', '--install', '/home/lucifer/anscer_workspace/LineFollower/build/nav_server'], 'cwd': '/home/lucifer/anscer_workspace/LineFollower/build/nav_server', 'env': OrderedDict({'GZ_SIM_RESOURCE_PATH': '/opt/ros/jazzy/share', 'GZ_CONFIG_PATH': '/opt/ros/jazzy/opt/gz_sim_vendor/share/gz:/opt/ros/jazzy/opt/sdformat_vendor/share/gz:/opt/ros/jazzy/opt/gz_gui_vendor/share/gz:/opt/ros/jazzy/opt/gz_transport_vendor/share/gz:/opt/ros/jazzy/opt/gz_rendering_vendor/share/gz:/opt/ros/jazzy/opt/gz_plugin_vendor/share/gz:/opt/ros/jazzy/opt/gz_fuel_tools_vendor/share/gz:/opt/ros/jazzy/opt/gz_msgs_vendor/share/gz:/opt/ros/jazzy/opt/gz_common_vendor/share/gz', 'HOSTNAME': 'fedora', 'SHLVL': '0', 'LIBGL_ALWAYS_SOFTWARE': '1', 'LD_LIBRARY_PATH': '/opt/ros/jazzy/opt/gz_sim_vendor/lib:/opt/ros/jazzy/opt/gz_sensors_vendor/lib:/opt/ros/jazzy/opt/gz_physics_vendor/lib:/opt/ros/jazzy/opt/sdformat_vendor/lib:/opt/ros/jazzy/opt/rviz_ogre_vendor/lib:/opt/ros/jazzy/lib/x86_64-linux-gnu:/opt/ros/jazzy/opt/gz_gui_vendor/lib:/opt/ros/jazzy/opt/gz_transport_vendor/lib:/opt/ros/jazzy/opt/gz_rendering_vendor/lib:/opt/ros/jazzy/opt/gz_plugin_vendor/lib:/opt/ros/jazzy/opt/gz_fuel_tools_vendor/lib:/opt/ros/jazzy/opt/gz_msgs_vendor/lib:/opt/ros/jazzy/opt/gz_common_vendor/lib:/opt/ros/jazzy/opt/gz_math_vendor/lib:/opt/ros/jazzy/opt/gz_utils_vendor/lib:/opt/ros/jazzy/opt/gz_tools_vendor/lib:/opt/ros/jazzy/opt/gz_ogre_next_vendor/lib:/opt/ros/jazzy/opt/gz_dartsim_vendor/lib:/opt/ros/jazzy/opt/gz_cmake_vendor/lib:/opt/ros/jazzy/lib', 'HOME': '/home/lucifer', 'ROS_PYTHON_VERSION': '3', 'ROS_DISTRO': 'jazzy', '_': '/usr/bin/colcon', 'ROS_VERSION': '2', 'QT_X11_NO_MITSHM': '1', 'PATH': '/opt/ros/jazzy/opt/gz_msgs_vendor/bin:/opt/ros/jazzy/opt/gz_tools_vendor/bin:/opt/ros/jazzy/opt/gz_ogre_next_vendor/bin:/opt/ros/jazzy/bin:/usr/local/sbin:/usr/local/bin:/usr/sbin:/usr/bin:/sbin:/bin', 'XDG_RUNTIME_DIR': '/tmp/runtime-root', 'DISPLAY': ':0', 'LANG': 'C.UTF-8', 'AMENT_PREFIX_PATH': '/opt/ros/jazzy', 'ROS_AUTOMATIC_DISCOVERY_RANGE': 'SUBNET', 'PWD': '/home/lucifer/anscer_workspace/LineFollower/build/nav_server', 'LC_ALL': 'C.UTF-8', 'PYTHONPATH': '/opt/ros/jazzy/lib/python3.12/site-packages', 'COLCON': '1', 'CMAKE_PREFIX_PATH': '/opt/ros/jazzy/opt/gz_sim_vendor:/opt/ros/jazzy/opt/gz_sensors_vendor:/opt/ros/jazzy/opt/gz_physics_vendor:/opt/ros/jazzy/opt/sdformat_vendor:/opt/ros/jazzy/opt/gz_gui_vendor:/opt/ros/jazzy/opt/gz_transport_vendor:/opt/ros/jazzy/opt/gz_rendering_vendor:/opt/ros/jazzy/opt/gz_plugin_vendor:/opt/ros/jazzy/opt/gz_fuel_tools_vendor:/opt/ros/jazzy/opt/gz_msgs_vendor:/opt/ros/jazzy/opt/gz_common_vendor:/opt/ros/jazzy/opt/gz_math_vendor:/opt/ros/jazzy/opt/gz_utils_vendor:/opt/ros/jazzy/opt/gz_tools_vendor:/opt/ros/jazzy/opt/gz_ogre_next_vendor:/opt/ros/jazzy/opt/gz_dartsim_vendor:/opt/ros/jazzy/opt/gz_cmake_vendor:/opt/ros/jazzy'}), 'shell': False}
[0.604368] (-) TimerEvent: {}
[0.612871] (nav_server) StdoutLine: {'line': b'-- Install configuration: ""\n'}
[0.614154] (nav_server) StdoutLine: {'line': b'-- Up-to-date: /home/lucifer/anscer_workspace/LineFollower/install/nav_server/lib/nav_server/nav_server_node\n'}
[0.615798] (hardware_sim) StdoutLine: {'line': b'-- Install configuration: ""\n'}
[0.616640] (nav_server) StdoutLine: {'line': b'-- Up-to-date: /home/lucifer/anscer_workspace/LineFollower/install/nav_server/share/ament_index/resource_index/package_run_dependencies/nav_server\n'}
[0.617014] (nav_server) StdoutLine: {'line': b'-- Up-to-date: /home/lucifer/anscer_workspace/LineFollower/install/nav_server/share/ament_index/resource_index/parent_prefix_path/nav_server\n'}
[0.617554] (hardware_sim) StdoutLine: {'line': b'-- Up-to-date: /home/lucifer/anscer_workspace/LineFollower/install/hardware_sim/lib/hardware_sim/hardware_sim_node.py\n'}
[0.618083] (hardware_sim) StdoutLine: {'line': b'-- Up-to-date: /home/lucifer/anscer_workspace/LineFollower/install/hardware_sim/lib/hardware_sim/TapeMap.py\n'}
[0.618312] (nav_server) StdoutLine: {'line': b'-- Up-to-date: /home/lucifer/anscer_workspace/LineFollower/install/nav_server/share/nav_server/environment/ament_prefix_path.sh\n'}
[0.618455] (nav_server) StdoutLine: {'line': b'-- Up-to-date: /home/lucifer/anscer_workspace/LineFollower/install/nav_server/share/nav_server/environment/ament_prefix_path.dsv\n'}
[0.618584] (nav_server) StdoutLine: {'line': b'-- Up-to-date: /home/lucifer/anscer_workspace/LineFollower/install/nav_server/share/nav_server/environment/path.sh\n'}
[0.618722] (nav_server) StdoutLine: {'line': b'-- Up-to-date: /home/lucifer/anscer_workspace/LineFollower/install/nav_server/share/nav_server/environment/path.dsv\n'}
[0.618851] (hardware_sim) StdoutLine: {'line': b'-- Up-to-date: /home/lucifer/anscer_workspace/LineFollower/install/hardware_sim/share/hardware_sim/models\n'}
[0.618984] (nav_server) StdoutLine: {'line': b'-- Up-to-date: /home/lucifer/anscer_workspace/LineFollower/install/nav_server/share/nav_server/local_setup.bash\n'}
[0.619170] (nav_server) StdoutLine: {'line': b'-- Up-to-date: /home/lucifer/anscer_workspace/LineFollower/install/nav_server/share/nav_server/local_setup.sh\n'}
[0.619313] (nav_server) StdoutLine: {'line': b'-- Up-to-date: /home/lucifer/anscer_workspace/LineFollower/install/nav_server/share/nav_server/local_setup.zsh\n'}
[0.619443] (nav_server) StdoutLine: {'line': b'-- Up-to-date: /home/lucifer/anscer_workspace/LineFollower/install/nav_server/share/nav_server/local_setup.dsv\n'}
[0.619673] (nav_server) StdoutLine: {'line': b'-- Installing: /home/lucifer/anscer_workspace/LineFollower/install/nav_server/share/nav_server/package.dsv\n'}
[0.619830] (hardware_sim) StdoutLine: {'line': b'-- Up-to-date: /home/lucifer/anscer_workspace/LineFollower/install/hardware_sim/share/hardware_sim/models/scene.xml\n'}
[0.619985] (hardware_sim) StdoutLine: {'line': b'-- Up-to-date: /home/lucifer/anscer_workspace/LineFollower/install/hardware_sim/share/ament_index/resource_index/package_run_dependencies/hardware_sim\n'}
[0.620144] (hardware_sim) StdoutLine: {'line': b'-- Up-to-date: /home/lucifer/anscer_workspace/LineFollower/install/hardware_sim/share/ament_index/resource_index/parent_prefix_path/hardware_sim\n'}
[0.620460] (hardware_sim) StdoutLine: {'line': b'-- Up-to-date: /home/lucifer/anscer_workspace/LineFollower/install/hardware_sim/share/hardware_sim/environment/ament_prefix_path.sh\n'}
[0.620599] (hardware_sim) StdoutLine: {'line': b'-- Up-to-date: /home/lucifer/anscer_workspace/LineFollower/install/hardware_sim/share/hardware_sim/environment/ament_prefix_path.dsv\n'}
[0.620772] (hardware_sim) StdoutLine: {'line': b'-- Up-to-date: /home/lucifer/anscer_workspace/LineFollower/install/hardware_sim/share/hardware_sim/environment/path.sh\n'}
[0.620905] (hardware_sim) StdoutLine: {'line': b'-- Up-to-date: /home/lucifer/anscer_workspace/LineFollower/install/hardware_sim/share/hardware_sim/environment/path.dsv\n'}
[0.621036] (nav_server) StdoutLine: {'line': b'-- Up-to-date: /home/lucifer/anscer_workspace/LineFollower/install/nav_server/share/ament_index/resource_index/packages/nav_server\n'}
[0.621349] (hardware_sim) StdoutLine: {'line': b'-- Up-to-date: /home/lucifer/anscer_workspace/LineFollower/install/hardware_sim/share/hardware_sim/local_setup.bash\n'}
[0.621517] (nav_server) StdoutLine: {'line': b'-- Up-to-date: /home/lucifer/anscer_workspace/LineFollower/install/nav_server/share/nav_server/cmake/nav_serverConfig.cmake\n'}
[0.621648] (nav_server) StdoutLine: {'line': b'-- Up-to-date: /home/lucifer/anscer_workspace/LineFollower/install/nav_server/share/nav_server/cmake/nav_serverConfig-version.cmake\n'}
[0.621831] (hardware_sim) StdoutLine: {'line': b'-- Up-to-date: /home/lucifer/anscer_workspace/LineFollower/install/hardware_sim/share/hardware_sim/local_setup.sh\n'}
[0.622000] (hardware_sim) StdoutLine: {'line': b'-- Up-to-date: /home/lucifer/anscer_workspace/LineFollower/install/hardware_sim/share/hardware_sim/local_setup.zsh\n'}
[0.622134] (hardware_sim) StdoutLine: {'line': b'-- Up-to-date: /home/lucifer/anscer_workspace/LineFollower/install/hardware_sim/share/hardware_sim/local_setup.dsv\n'}
[0.622293] (nav_server) StdoutLine: {'line': b'-- Up-to-date: /home/lucifer/anscer_workspace/LineFollower/install/nav_server/share/nav_server/package.xml\n'}
[0.622475] (hardware_sim) StdoutLine: {'line': b'-- Installing: /home/lucifer/anscer_workspace/LineFollower/install/hardware_sim/share/hardware_sim/package.dsv\n'}
[0.622933] (line_follower_controller) StdoutLine: {'line': b'-- Install configuration: ""\n'}
[0.623207] (hardware_sim) StdoutLine: {'line': b'-- Up-to-date: /home/lucifer/anscer_workspace/LineFollower/install/hardware_sim/share/ament_index/resource_index/packages/hardware_sim\n'}
[0.623644] (hardware_sim) StdoutLine: {'line': b'-- Up-to-date: /home/lucifer/anscer_workspace/LineFollower/install/hardware_sim/share/hardware_sim/cmake/hardware_simConfig.cmake\n'}
[0.623805] (hardware_sim) StdoutLine: {'line': b'-- Up-to-date: /home/lucifer/anscer_workspace/LineFollower/install/hardware_sim/share/hardware_sim/cmake/hardware_simConfig-version.cmake\n'}
[0.623935] (hardware_sim) StdoutLine: {'line': b'-- Up-to-date: /home/lucifer/anscer_workspace/LineFollower/install/hardware_sim/share/hardware_sim/package.xml\n'}
[0.624066] (line_follower_controller) StdoutLine: {'line': b'-- Execute custom install script\n'}
[0.624204] (line_follower_controller) StdoutLine: {'line': b'-- Up-to-date symlink: /home/lucifer/anscer_workspace/LineFollower/install/line_follower_controller/lib/line_follower_controller/line_follower_controller_node\n'}
[0.624336] (line_follower_controller) StdoutLine: {'line': b'-- Up-to-date symlink: /home/lucifer/anscer_workspace/LineFollower/install/line_follower_controller/share/line_follower_controller/config/params.yaml\n'}
[0.624469] (line_follower_controller) StdoutLine: {'line': b'-- Up-to-date symlink: /home/lucifer/anscer_workspace/LineFollower/install/line_follower_controller/share/line_follower_controller/launch/play.launch.py\n'}
[0.624898] (line_follower_controller) StdoutLine: {'line': b'-- Up-to-date symlink: /home/lucifer/anscer_workspace/LineFollower/install/line_follower_controller/share/ament_index/resource_index/package_run_dependencies/line_follower_controller\n'}
[0.625052] (line_follower_controller) StdoutLine: {'line': b'-- Up-to-date symlink: /home/lucifer/anscer_workspace/LineFollower/install/line_follower_controller/share/ament_index/resource_index/parent_prefix_path/line_follower_controller\n'}
[0.625607] (line_follower_controller) StdoutLine: {'line': b'-- Up-to-date symlink: /home/lucifer/anscer_workspace/LineFollower/install/line_follower_controller/share/line_follower_controller/environment/ament_prefix_path.sh\n'}
[0.626134] (line_follower_controller) StdoutLine: {'line': b'-- Up-to-date symlink: /home/lucifer/anscer_workspace/LineFollower/install/line_follower_controller/share/line_follower_controller/environment/ament_prefix_path.dsv\n'}
[0.626274] (nav_server) CommandEnded: {'returncode': 0}
[0.673701] (nav_server) JobEnded: {'identifier': 'nav_server', 'rc': 0}
[0.676083] (line_follower_controller) StdoutLine: {'line': b'-- Up-to-date symlink: /home/lucifer/anscer_workspace/LineFollower/install/line_follower_controller/share/line_follower_controller/environment/path.sh\n'}
[0.676727] (hardware_sim) CommandEnded: {'returncode': 0}
[0.704566] (-) TimerEvent: {}
[0.711450] (hardware_sim) JobEnded: {'identifier': 'hardware_sim', 'rc': 0}
[0.714274] (line_follower_controller) StdoutLine: {'line': b'-- Up-to-date symlink: /home/lucifer/anscer_workspace/LineFollower/install/line_follower_controller/share/line_follower_controller/environment/path.dsv\n'}
[0.714935] (line_follower_controller) StdoutLine: {'line': b'-- Up-to-date symlink: /home/lucifer/anscer_workspace/LineFollower/install/line_follower_controller/share/line_follower_controller/local_setup.bash\n'}
[0.715473] (line_follower_controller) StdoutLine: {'line': b'-- Up-to-date symlink: /home/lucifer/anscer_workspace/LineFollower/install/line_follower_controller/share/line_follower_controller/local_setup.sh\n'}
[0.715826] (line_follower_controller) StdoutLine: {'line': b'-- Up-to-date symlink: /home/lucifer/anscer_workspace/LineFollower/install/line_follower_controller/share/line_follower_controller/local_setup.zsh\n'}
[0.716130] (line_follower_controller) StdoutLine: {'line': b'-- Up-to-date symlink: /home/lucifer/anscer_workspace/LineFollower/install/line_follower_controller/share/line_follower_controller/local_setup.dsv\n'}
[0.716461] (line_follower_controller) StdoutLine: {'line': b'-- Symlinking: /home/lucifer/anscer_workspace/LineFollower/install/line_follower_controller/share/line_follower_controller/package.dsv\n'}
[0.716786] (line_follower_controller) StdoutLine: {'line': b'-- Up-to-date symlink: /home/lucifer/anscer_workspace/LineFollower/install/line_follower_controller/share/ament_index/resource_index/packages/line_follower_controller\n'}
[0.717136] (line_follower_controller) StdoutLine: {'line': b'-- Up-to-date symlink: /home/lucifer/anscer_workspace/LineFollower/install/line_follower_controller/share/line_follower_controller/cmake/line_follower_controllerConfig.cmake\n'}
[0.717580] (line_follower_controller) StdoutLine: {'line': b'-- Up-to-date symlink: /home/lucifer/anscer_workspace/LineFollower/install/line_follower_controller/share/line_follower_controller/cmake/line_follower_controllerConfig-version.cmake\n'}
[0.718067] (line_follower_controller) StdoutLine: {'line': b'-- Up-to-date symlink: /home/lucifer/anscer_workspace/LineFollower/install/line_follower_controller/share/line_follower_controller/package.xml\n'}
[0.718486] (line_follower_controller) CommandEnded: {'returncode': 0}
[0.742420] (line_follower_controller) JobEnded: {'identifier': 'line_follower_controller', 'rc': 0}
[0.804761] (-) TimerEvent: {}
[0.905056] (-) TimerEvent: {}
[1.005338] (-) TimerEvent: {}
[1.105641] (-) TimerEvent: {}
[1.205924] (-) TimerEvent: {}
[1.306329] (-) TimerEvent: {}
[1.406627] (-) TimerEvent: {}
[1.503901] (navigation_server) Command: {'cmd': ['/usr/bin/python3', '-W', 'ignore:setup.py install is deprecated', '-W', 'ignore:easy_install command is deprecated', 'setup.py', 'egg_info', '--egg-base', '../../build/navigation_server', 'build', '--build-base', '/home/lucifer/anscer_workspace/LineFollower/build/navigation_server/build', 'install', '--record', '/home/lucifer/anscer_workspace/LineFollower/build/navigation_server/install.log', '--single-version-externally-managed', 'install_data'], 'cwd': '/home/lucifer/anscer_workspace/LineFollower/src/navigation_server', 'env': {'GZ_SIM_RESOURCE_PATH': '/opt/ros/jazzy/share', 'GZ_CONFIG_PATH': '/opt/ros/jazzy/opt/gz_sim_vendor/share/gz:/opt/ros/jazzy/opt/sdformat_vendor/share/gz:/opt/ros/jazzy/opt/gz_gui_vendor/share/gz:/opt/ros/jazzy/opt/gz_transport_vendor/share/gz:/opt/ros/jazzy/opt/gz_rendering_vendor/share/gz:/opt/ros/jazzy/opt/gz_plugin_vendor/share/gz:/opt/ros/jazzy/opt/gz_fuel_tools_vendor/share/gz:/opt/ros/jazzy/opt/gz_msgs_vendor/share/gz:/opt/ros/jazzy/opt/gz_common_vendor/share/gz', 'HOSTNAME': 'fedora', 'SHLVL': '0', 'LIBGL_ALWAYS_SOFTWARE': '1', 'LD_LIBRARY_PATH': '/opt/ros/jazzy/opt/gz_sim_vendor/lib:/opt/ros/jazzy/opt/gz_sensors_vendor/lib:/opt/ros/jazzy/opt/gz_physics_vendor/lib:/opt/ros/jazzy/opt/sdformat_vendor/lib:/opt/ros/jazzy/opt/rviz_ogre_vendor/lib:/opt/ros/jazzy/lib/x86_64-linux-gnu:/opt/ros/jazzy/opt/gz_gui_vendor/lib:/opt/ros/jazzy/opt/gz_transport_vendor/lib:/opt/ros/jazzy/opt/gz_rendering_vendor/lib:/opt/ros/jazzy/opt/gz_plugin_vendor/lib:/opt/ros/jazzy/opt/gz_fuel_tools_vendor/lib:/opt/ros/jazzy/opt/gz_msgs_vendor/lib:/opt/ros/jazzy/opt/gz_common_vendor/lib:/opt/ros/jazzy/opt/gz_math_vendor/lib:/opt/ros/jazzy/opt/gz_utils_vendor/lib:/opt/ros/jazzy/opt/gz_tools_vendor/lib:/opt/ros/jazzy/opt/gz_ogre_next_vendor/lib:/opt/ros/jazzy/opt/gz_dartsim_vendor/lib:/opt/ros/jazzy/opt/gz_cmake_vendor/lib:/opt/ros/jazzy/lib', 'HOME': '/home/lucifer', 'ROS_PYTHON_VERSION': '3', 'ROS_DISTRO': 'jazzy', '_': '/usr/bin/colcon', 'ROS_VERSION': '2', 'QT_X11_NO_MITSHM': '1', 'PATH': '/opt/ros/jazzy/opt/gz_msgs_vendor/bin:/opt/ros/jazzy/opt/gz_tools_vendor/bin:/opt/ros/jazzy/opt/gz_ogre_next_vendor/bin:/opt/ros/jazzy/bin:/usr/local/sbin:/usr/local/bin:/usr/sbin:/usr/bin:/sbin:/bin', 'XDG_RUNTIME_DIR': '/tmp/runtime-root', 'DISPLAY': ':0', 'LANG': 'C.UTF-8', 'AMENT_PREFIX_PATH': '/opt/ros/jazzy', 'ROS_AUTOMATIC_DISCOVERY_RANGE': 'SUBNET', 'PWD': '/home/lucifer/anscer_workspace/LineFollower/build/navigation_server', 'LC_ALL': 'C.UTF-8', 'PYTHONPATH': '/home/lucifer/anscer_workspace/LineFollower/build/navigation_server/prefix_override:/usr/lib/python3/dist-packages/colcon_core/task/python/colcon_distutils_commands:/home/lucifer/anscer_workspace/LineFollower/install/navigation_server/lib/python3.12/site-packages:/opt/ros/jazzy/lib/python3.12/site-packages', 'COLCON': '1', 'CMAKE_PREFIX_PATH': '/opt/ros/jazzy/opt/gz_sim_vendor:/opt/ros/jazzy/opt/gz_sensors_vendor:/opt/ros/jazzy/opt/gz_physics_vendor:/opt/ros/jazzy/opt/sdformat_vendor:/opt/ros/jazzy/opt/gz_gui_vendor:/opt/ros/jazzy/opt/gz_transport_vendor:/opt/ros/jazzy/opt/gz_rendering_vendor:/opt/ros/jazzy/opt/gz_plugin_vendor:/opt/ros/jazzy/opt/gz_fuel_tools_vendor:/opt/ros/jazzy/opt/gz_msgs_vendor:/opt/ros/jazzy/opt/gz_common_vendor:/opt/ros/jazzy/opt/gz_math_vendor:/opt/ros/jazzy/opt/gz_utils_vendor:/opt/ros/jazzy/opt/gz_tools_vendor:/opt/ros/jazzy/opt/gz_ogre_next_vendor:/opt/ros/jazzy/opt/gz_dartsim_vendor:/opt/ros/jazzy/opt/gz_cmake_vendor'}, 'shell': False}
[1.506748] (-) TimerEvent: {}
[1.607129] (-) TimerEvent: {}
[1.707424] (-) TimerEvent: {}
[1.807757] (-) TimerEvent: {}
[1.908074] (-) TimerEvent: {}
[1.921582] (navigation_server) StdoutLine: {'line': b'running egg_info\n'}
[1.954424] (navigation_server) StdoutLine: {'line': b'writing ../../build/navigation_server/navigation_server.egg-info/PKG-INFO\n'}
[1.955324] (navigation_server) StdoutLine: {'line': b'writing dependency_links to ../../build/navigation_server/navigation_server.egg-info/dependency_links.txt\n'}
[1.955791] (navigation_server) StdoutLine: {'line': b'writing entry points to ../../build/navigation_server/navigation_server.egg-info/entry_points.txt\n'}
[1.956040] (navigation_server) StdoutLine: {'line': b'writing requirements to ../../build/navigation_server/navigation_server.egg-info/requires.txt\n'}
[1.956260] (navigation_server) StdoutLine: {'line': b'writing top-level names to ../../build/navigation_server/navigation_server.egg-info/top_level.txt\n'}
[2.008322] (-) TimerEvent: {}
[2.009811] (navigation_server) StdoutLine: {'line': b"reading manifest file '../../build/navigation_server/navigation_server.egg-info/SOURCES.txt'\n"}
[2.011918] (navigation_server) StdoutLine: {'line': b"writing manifest file '../../build/navigation_server/navigation_server.egg-info/SOURCES.txt'\n"}
[2.012489] (navigation_server) StdoutLine: {'line': b'running build\n'}
[2.013023] (navigation_server) StdoutLine: {'line': b'running build_py\n'}
[2.013299] (navigation_server) StdoutLine: {'line': b'running install\n'}
[2.023723] (navigation_server) StdoutLine: {'line': b'running install_lib\n'}
[2.049507] (navigation_server) StdoutLine: {'line': b'running install_data\n'}
[2.049957] (navigation_server) StdoutLine: {'line': b'running install_egg_info\n'}
[2.079322] (navigation_server) StdoutLine: {'line': b"removing '/home/lucifer/anscer_workspace/LineFollower/install/navigation_server/lib/python3.12/site-packages/navigation_server-0.0.0-py3.12.egg-info' (and everything under it)\n"}
[2.080159] (navigation_server) StdoutLine: {'line': b'Copying ../../build/navigation_server/navigation_server.egg-info to /home/lucifer/anscer_workspace/LineFollower/install/navigation_server/lib/python3.12/site-packages/navigation_server-0.0.0-py3.12.egg-info\n'}
[2.081554] (navigation_server) StdoutLine: {'line': b'running install_scripts\n'}
[2.108584] (-) TimerEvent: {}
[2.208889] (-) TimerEvent: {}
[2.270291] (navigation_server) StdoutLine: {'line': b'Installing navigator_node script to /home/lucifer/anscer_workspace/LineFollower/install/navigation_server/lib/navigation_server\n'}
[2.270945] (navigation_server) StdoutLine: {'line': b"writing list of installed files to '/home/lucifer/anscer_workspace/LineFollower/build/navigation_server/install.log'\n"}
[2.309087] (-) TimerEvent: {}
[2.344373] (navigation_server) CommandEnded: {'returncode': 0}
[2.355410] (navigation_server) JobEnded: {'identifier': 'navigation_server', 'rc': 0}
[2.356954] (-) EventReactorShutdown: {}
