[2.870s] Invoking command in '/home/lucifer/anscer_workspace/LineFollower/src/navigation_server': PYTHONPATH=/home/lucifer/anscer_workspace/LineFollower/build/navigation_server/prefix_override:/usr/lib/python3/dist-packages/colcon_core/task/python/colcon_distutils_commands:/home/lucifer/anscer_workspace/LineFollower/install/navigation_server/lib/python3.12/site-packages:${PYTHONPATH} /usr/bin/python3 -W ignore:setup.py install is deprecated -W ignore:easy_install command is deprecated setup.py egg_info --egg-base ../../build/navigation_server build --build-base /home/lucifer/anscer_workspace/LineFollower/build/navigation_server/build install --record /home/lucifer/anscer_workspace/LineFollower/build/navigation_server/install.log --single-version-externally-managed install_data
[3.840s] running egg_info
[3.866s] writing ../../build/navigation_server/navigation_server.egg-info/PKG-INFO
[3.867s] writing dependency_links to ../../build/navigation_server/navigation_server.egg-info/dependency_links.txt
[3.868s] writing entry points to ../../build/navigation_server/navigation_server.egg-info/entry_points.txt
[3.870s] writing requirements to ../../build/navigation_server/navigation_server.egg-info/requires.txt
[3.870s] writing top-level names to ../../build/navigation_server/navigation_server.egg-info/top_level.txt
[3.918s] reading manifest file '../../build/navigation_server/navigation_server.egg-info/SOURCES.txt'
[3.921s] writing manifest file '../../build/navigation_server/navigation_server.egg-info/SOURCES.txt'
[3.922s] running build
[3.923s] running build_py
[3.925s] running install
[3.939s] running install_lib
[3.964s] running install_data
[3.964s] running install_egg_info
[4.014s] removing '/home/lucifer/anscer_workspace/LineFollower/install/navigation_server/lib/python3.12/site-packages/navigation_server-0.0.0-py3.12.egg-info' (and everything under it)
[4.018s] Copying ../../build/navigation_server/navigation_server.egg-info to /home/lucifer/anscer_workspace/LineFollower/install/navigation_server/lib/python3.12/site-packages/navigation_server-0.0.0-py3.12.egg-info
[4.024s] running install_scripts
[4.514s] Installing navigator_node script to /home/lucifer/anscer_workspace/LineFollower/install/navigation_server/lib/navigation_server
[4.515s] writing list of installed files to '/home/lucifer/anscer_workspace/LineFollower/build/navigation_server/install.log'
[4.694s] Invoked command in '/home/lucifer/anscer_workspace/LineFollower/src/navigation_server' returned '0': PYTHONPATH=/home/lucifer/anscer_workspace/LineFollower/build/navigation_server/prefix_override:/usr/lib/python3/dist-packages/colcon_core/task/python/colcon_distutils_commands:/home/lucifer/anscer_workspace/LineFollower/install/navigation_server/lib/python3.12/site-packages:${PYTHONPATH} /usr/bin/python3 -W ignore:setup.py install is deprecated -W ignore:easy_install command is deprecated setup.py egg_info --egg-base ../../build/navigation_server build --build-base /home/lucifer/anscer_workspace/LineFollower/build/navigation_server/build install --record /home/lucifer/anscer_workspace/LineFollower/build/navigation_server/install.log --single-version-externally-managed install_data
