[4.128s] Invoking command in '/home/lucifer/anscer_workspace/LineFollower/src/navigation_server': PYTHONPATH=/home/lucifer/anscer_workspace/LineFollower/build/navigation_server/prefix_override:/usr/lib/python3/dist-packages/colcon_core/task/python/colcon_distutils_commands:/home/lucifer/anscer_workspace/LineFollower/install/navigation_server/lib/python3.12/site-packages:${PYTHONPATH} /usr/bin/python3 -W ignore:setup.py install is deprecated -W ignore:easy_install command is deprecated setup.py egg_info --egg-base ../../build/navigation_server build --build-base /home/lucifer/anscer_workspace/LineFollower/build/navigation_server/build install --record /home/lucifer/anscer_workspace/LineFollower/build/navigation_server/install.log --single-version-externally-managed install_data
[5.506s] running egg_info
[5.650s] writing ../../build/navigation_server/navigation_server.egg-info/PKG-INFO
[5.651s] writing dependency_links to ../../build/navigation_server/navigation_server.egg-info/dependency_links.txt
[5.651s] writing entry points to ../../build/navigation_server/navigation_server.egg-info/entry_points.txt
[5.651s] writing requirements to ../../build/navigation_server/navigation_server.egg-info/requires.txt
[5.652s] writing top-level names to ../../build/navigation_server/navigation_server.egg-info/top_level.txt
[5.856s] reading manifest file '../../build/navigation_server/navigation_server.egg-info/SOURCES.txt'
[5.858s] writing manifest file '../../build/navigation_server/navigation_server.egg-info/SOURCES.txt'
[5.858s] running build
[5.859s] running build_py
[5.860s] running install
[5.894s] running install_lib
[6.041s] running install_data
[6.044s] running install_egg_info
[6.223s] removing '/home/lucifer/anscer_workspace/LineFollower/install/navigation_server/lib/python3.12/site-packages/navigation_server-0.0.0-py3.12.egg-info' (and everything under it)
[6.228s] Copying ../../build/navigation_server/navigation_server.egg-info to /home/lucifer/anscer_workspace/LineFollower/install/navigation_server/lib/python3.12/site-packages/navigation_server-0.0.0-py3.12.egg-info
[6.233s] running install_scripts
[6.924s] Installing navigator_node script to /home/lucifer/anscer_workspace/LineFollower/install/navigation_server/lib/navigation_server
[6.924s] writing list of installed files to '/home/lucifer/anscer_workspace/LineFollower/build/navigation_server/install.log'
[7.098s] Invoked command in '/home/lucifer/anscer_workspace/LineFollower/src/navigation_server' returned '0': PYTHONPATH=/home/lucifer/anscer_workspace/LineFollower/build/navigation_server/prefix_override:/usr/lib/python3/dist-packages/colcon_core/task/python/colcon_distutils_commands:/home/lucifer/anscer_workspace/LineFollower/install/navigation_server/lib/python3.12/site-packages:${PYTHONPATH} /usr/bin/python3 -W ignore:setup.py install is deprecated -W ignore:easy_install command is deprecated setup.py egg_info --egg-base ../../build/navigation_server build --build-base /home/lucifer/anscer_workspace/LineFollower/build/navigation_server/build install --record /home/lucifer/anscer_workspace/LineFollower/build/navigation_server/install.log --single-version-externally-managed install_data
