[0.015s] Invoking command in '/home/lucifer/anscer_workspace/LineFollower/build/line_follower_controller': CMAKE_PREFIX_PATH=${CMAKE_PREFIX_PATH}:/opt/ros/jazzy /usr/bin/cmake --build /home/lucifer/anscer_workspace/LineFollower/build/line_follower_controller -- -j12 -l12
[0.087s] [ 25%] [32mBuilding CXX object CMakeFiles/line_follower_controller_node.dir/src/PidController.cpp.o[0m
[18.550s] [ 50%] [32m[1mLinking CXX executable line_follower_controller_node[0m
[18.714s] [100%] Built target line_follower_controller_node
[18.726s] Invoked command in '/home/lucifer/anscer_workspace/LineFollower/build/line_follower_controller' returned '0': CMAKE_PREFIX_PATH=${CMAKE_PREFIX_PATH}:/opt/ros/jazzy /usr/bin/cmake --build /home/lucifer/anscer_workspace/LineFollower/build/line_follower_controller -- -j12 -l12
[18.726s] Invoking command in '/home/lucifer/anscer_workspace/LineFollower/build/line_follower_controller': CMAKE_PREFIX_PATH=${CMAKE_PREFIX_PATH}:/opt/ros/jazzy /usr/bin/cmake --install /home/lucifer/anscer_workspace/LineFollower/build/line_follower_controller
[18.735s] -- Install configuration: "Release"
[18.735s] -- Execute custom install script
[18.736s] -- Up-to-date symlink: /home/lucifer/anscer_workspace/LineFollower/install/line_follower_controller/lib/line_follower_controller/line_follower_controller_node
[18.736s] -- Up-to-date symlink: /home/lucifer/anscer_workspace/LineFollower/install/line_follower_controller/share/line_follower_controller/config/params.yaml
[18.736s] -- Up-to-date symlink: /home/lucifer/anscer_workspace/LineFollower/install/line_follower_controller/share/line_follower_controller/launch/play.launch.py
[18.736s] -- Up-to-date symlink: /home/lucifer/anscer_workspace/LineFollower/install/line_follower_controller/share/ament_index/resource_index/package_run_dependencies/line_follower_controller
[18.737s] -- Up-to-date symlink: /home/lucifer/anscer_workspace/LineFollower/install/line_follower_controller/share/ament_index/resource_index/parent_prefix_path/line_follower_controller
[18.737s] -- Up-to-date symlink: /home/lucifer/anscer_workspace/LineFollower/install/line_follower_controller/share/line_follower_controller/environment/ament_prefix_path.sh
[18.737s] -- Up-to-date symlink: /home/lucifer/anscer_workspace/LineFollower/install/line_follower_controller/share/line_follower_controller/environment/ament_prefix_path.dsv
[18.737s] -- Up-to-date symlink: /home/lucifer/anscer_workspace/LineFollower/install/line_follower_controller/share/line_follower_controller/environment/path.sh
[18.737s] -- Up-to-date symlink: /home/lucifer/anscer_workspace/LineFollower/install/line_follower_controller/share/line_follower_controller/environment/path.dsv
[18.738s] -- Up-to-date symlink: /home/lucifer/anscer_workspace/LineFollower/install/line_follower_controller/share/line_follower_controller/local_setup.bash
[18.738s] -- Up-to-date symlink: /home/lucifer/anscer_workspace/LineFollower/install/line_follower_controller/share/line_follower_controller/local_setup.sh
[18.738s] -- Up-to-date symlink: /home/lucifer/anscer_workspace/LineFollower/install/line_follower_controller/share/line_follower_controller/local_setup.zsh
[18.738s] -- Up-to-date symlink: /home/lucifer/anscer_workspace/LineFollower/install/line_follower_controller/share/line_follower_controller/local_setup.dsv
[18.738s] -- Symlinking: /home/lucifer/anscer_workspace/LineFollower/install/line_follower_controller/share/line_follower_controller/package.dsv
[18.745s] -- Up-to-date symlink: /home/lucifer/anscer_workspace/LineFollower/install/line_follower_controller/share/ament_index/resource_index/packages/line_follower_controller
[18.745s] -- Up-to-date symlink: /home/lucifer/anscer_workspace/LineFollower/install/line_follower_controller/share/line_follower_controller/cmake/line_follower_controllerConfig.cmake
[18.745s] -- Up-to-date symlink: /home/lucifer/anscer_workspace/LineFollower/install/line_follower_controller/share/line_follower_controller/cmake/line_follower_controllerConfig-version.cmake
[18.745s] -- Up-to-date symlink: /home/lucifer/anscer_workspace/LineFollower/install/line_follower_controller/share/line_follower_controller/package.xml
[18.747s] Invoked command in '/home/lucifer/anscer_workspace/LineFollower/build/line_follower_controller' returned '0': CMAKE_PREFIX_PATH=${CMAKE_PREFIX_PATH}:/opt/ros/jazzy /usr/bin/cmake --install /home/lucifer/anscer_workspace/LineFollower/build/line_follower_controller
