[0.000000] (-) TimerEvent: {}
[0.000442] (-) JobUnselected: {'identifier': 'hardware_sim'}
[0.001028] (-) JobUnselected: {'identifier': 'line_follower_controller'}
[0.001217] (-) JobUnselected: {'identifier': 'navigation_server'}
[0.001293] (nav_server) JobQueued: {'identifier': 'nav_server', 'dependencies': OrderedDict()}
[0.001320] (nav_server) JobStarted: {'identifier': 'nav_server'}
[0.031436] (nav_server) JobProgress: {'identifier': 'nav_server', 'progress': 'cmake'}
[0.033297] (nav_server) JobProgress: {'identifier': 'nav_server', 'progress': 'build'}
[0.033452] (nav_server) Command: {'cmd': ['/usr/bin/cmake', '--build', '/home/lucifer/anscer_workspace/LineFollower/build/nav_server', '--', '-j12', '-l12'], 'cwd': '/home/lucifer/anscer_workspace/LineFollower/build/nav_server', 'env': OrderedDict({'GZ_SIM_RESOURCE_PATH': '/opt/ros/jazzy/share', 'GZ_CONFIG_PATH': '/opt/ros/jazzy/opt/gz_sim_vendor/share/gz:/opt/ros/jazzy/opt/sdformat_vendor/share/gz:/opt/ros/jazzy/opt/gz_gui_vendor/share/gz:/opt/ros/jazzy/opt/gz_transport_vendor/share/gz:/opt/ros/jazzy/opt/gz_rendering_vendor/share/gz:/opt/ros/jazzy/opt/gz_plugin_vendor/share/gz:/opt/ros/jazzy/opt/gz_fuel_tools_vendor/share/gz:/opt/ros/jazzy/opt/gz_msgs_vendor/share/gz:/opt/ros/jazzy/opt/gz_common_vendor/share/gz', 'HOSTNAME': 'fedora', 'SHLVL': '0', 'LIBGL_ALWAYS_SOFTWARE': '1', 'LD_LIBRARY_PATH': '/opt/ros/jazzy/opt/gz_sim_vendor/lib:/opt/ros/jazzy/opt/gz_sensors_vendor/lib:/opt/ros/jazzy/opt/gz_physics_vendor/lib:/opt/ros/jazzy/opt/sdformat_vendor/lib:/opt/ros/jazzy/opt/rviz_ogre_vendor/lib:/opt/ros/jazzy/lib/x86_64-linux-gnu:/opt/ros/jazzy/opt/gz_gui_vendor/lib:/opt/ros/jazzy/opt/gz_transport_vendor/lib:/opt/ros/jazzy/opt/gz_rendering_vendor/lib:/opt/ros/jazzy/opt/gz_plugin_vendor/lib:/opt/ros/jazzy/opt/gz_fuel_tools_vendor/lib:/opt/ros/jazzy/opt/gz_msgs_vendor/lib:/opt/ros/jazzy/opt/gz_common_vendor/lib:/opt/ros/jazzy/opt/gz_math_vendor/lib:/opt/ros/jazzy/opt/gz_utils_vendor/lib:/opt/ros/jazzy/opt/gz_tools_vendor/lib:/opt/ros/jazzy/opt/gz_ogre_next_vendor/lib:/opt/ros/jazzy/opt/gz_dartsim_vendor/lib:/opt/ros/jazzy/opt/gz_cmake_vendor/lib:/opt/ros/jazzy/lib', 'HOME': '/home/lucifer', 'OLDPWD': '/home/lucifer/anscer_workspace/LineFollower', 'ROS_PYTHON_VERSION': '3', 'ROS_DISTRO': 'jazzy', '_': '/usr/bin/colcon', 'ROS_VERSION': '2', 'TERM': 'xterm', 'QT_X11_NO_MITSHM': '1', 'PATH': '/opt/ros/jazzy/opt/gz_msgs_vendor/bin:/opt/ros/jazzy/opt/gz_tools_vendor/bin:/opt/ros/jazzy/opt/gz_ogre_next_vendor/bin:/opt/ros/jazzy/bin:/usr/local/sbin:/usr/local/bin:/usr/sbin:/usr/bin:/sbin:/bin', 'XDG_RUNTIME_DIR': '/tmp/runtime-root', 'DISPLAY': ':0', 'LANG': 'C.UTF-8', 'AMENT_PREFIX_PATH': '/opt/ros/jazzy', 'ROS_AUTOMATIC_DISCOVERY_RANGE': 'SUBNET', 'PWD': '/home/lucifer/anscer_workspace/LineFollower/build/nav_server', 'LC_ALL': 'C.UTF-8', 'PYTHONPATH': '/opt/ros/jazzy/lib/python3.12/site-packages', 'COLCON': '1', 'CMAKE_PREFIX_PATH': '/opt/ros/jazzy/opt/gz_sim_vendor:/opt/ros/jazzy/opt/gz_sensors_vendor:/opt/ros/jazzy/opt/gz_physics_vendor:/opt/ros/jazzy/opt/sdformat_vendor:/opt/ros/jazzy/opt/gz_gui_vendor:/opt/ros/jazzy/opt/gz_transport_vendor:/opt/ros/jazzy/opt/gz_rendering_vendor:/opt/ros/jazzy/opt/gz_plugin_vendor:/opt/ros/jazzy/opt/gz_fuel_tools_vendor:/opt/ros/jazzy/opt/gz_msgs_vendor:/opt/ros/jazzy/opt/gz_common_vendor:/opt/ros/jazzy/opt/gz_math_vendor:/opt/ros/jazzy/opt/gz_utils_vendor:/opt/ros/jazzy/opt/gz_tools_vendor:/opt/ros/jazzy/opt/gz_ogre_next_vendor:/opt/ros/jazzy/opt/gz_dartsim_vendor:/opt/ros/jazzy/opt/gz_cmake_vendor:/opt/ros/jazzy'}), 'shell': False}
[0.100820] (-) TimerEvent: {}
[0.182204] (nav_server) StdoutLine: {'line': b'[ 50%] \x1b[32mBuilding CXX object CMakeFiles/nav_server_node.dir/src/nav_server_node.cpp.o\x1b[0m\n'}
[0.201001] (-) TimerEvent: {}
[0.301620] (-) TimerEvent: {}
[0.404755] (-) TimerEvent: {}
[0.505324] (-) TimerEvent: {}
[0.607449] (-) TimerEvent: {}
[0.708062] (-) TimerEvent: {}
[0.808804] (-) TimerEvent: {}
[0.909469] (-) TimerEvent: {}
[1.011790] (-) TimerEvent: {}
[1.112760] (-) TimerEvent: {}
[1.217810] (-) TimerEvent: {}
[1.318882] (-) TimerEvent: {}
[1.419920] (-) TimerEvent: {}
[1.521204] (-) TimerEvent: {}
[1.621910] (-) TimerEvent: {}
[1.722338] (-) TimerEvent: {}
[1.826098] (-) TimerEvent: {}
[1.926646] (-) TimerEvent: {}
[2.028857] (-) TimerEvent: {}
[2.129753] (-) TimerEvent: {}
[2.231171] (-) TimerEvent: {}
[2.332026] (-) TimerEvent: {}
[2.432808] (-) TimerEvent: {}
[2.533362] (-) TimerEvent: {}
[2.634004] (-) TimerEvent: {}
[2.736329] (-) TimerEvent: {}
[2.839516] (-) TimerEvent: {}
[2.940083] (-) TimerEvent: {}
[3.042131] (-) TimerEvent: {}
[3.143113] (-) TimerEvent: {}
[3.243667] (-) TimerEvent: {}
[3.344803] (-) TimerEvent: {}
[3.447877] (-) TimerEvent: {}
[3.549065] (-) TimerEvent: {}
[3.651836] (-) TimerEvent: {}
[3.752810] (-) TimerEvent: {}
[3.853792] (-) TimerEvent: {}
[3.954783] (-) TimerEvent: {}
[4.058998] (-) TimerEvent: {}
[4.160021] (-) TimerEvent: {}
[4.261235] (-) TimerEvent: {}
[4.361898] (-) TimerEvent: {}
[4.462497] (-) TimerEvent: {}
[4.563081] (-) TimerEvent: {}
[4.664236] (-) TimerEvent: {}
[4.764825] (-) TimerEvent: {}
[4.867151] (-) TimerEvent: {}
[4.969580] (-) TimerEvent: {}
[5.073054] (-) TimerEvent: {}
[5.177274] (-) TimerEvent: {}
[5.277887] (-) TimerEvent: {}
[5.378564] (-) TimerEvent: {}
[5.479200] (-) TimerEvent: {}
[5.580794] (-) TimerEvent: {}
[5.681438] (-) TimerEvent: {}
[5.783810] (-) TimerEvent: {}
[5.884821] (-) TimerEvent: {}
[5.986169] (-) TimerEvent: {}
[6.089780] (-) TimerEvent: {}
[6.195896] (-) TimerEvent: {}
[6.296494] (-) TimerEvent: {}
[6.397217] (-) TimerEvent: {}
[6.499579] (-) TimerEvent: {}
[6.602814] (-) TimerEvent: {}
[6.703560] (-) TimerEvent: {}
[6.804756] (-) TimerEvent: {}
[6.905722] (-) TimerEvent: {}
[7.006268] (-) TimerEvent: {}
[7.108119] (-) TimerEvent: {}
[7.208857] (-) TimerEvent: {}
[7.309259] (-) TimerEvent: {}
[7.409715] (-) TimerEvent: {}
[7.510567] (-) TimerEvent: {}
[7.611197] (-) TimerEvent: {}
[7.715767] (-) TimerEvent: {}
[7.816504] (-) TimerEvent: {}
[7.917243] (-) TimerEvent: {}
[8.017933] (-) TimerEvent: {}
[8.118432] (-) TimerEvent: {}
[8.222771] (-) TimerEvent: {}
[8.323509] (-) TimerEvent: {}
[8.424013] (-) TimerEvent: {}
[8.524487] (-) TimerEvent: {}
[8.625380] (-) TimerEvent: {}
[8.726255] (-) TimerEvent: {}
[8.827097] (-) TimerEvent: {}
[8.927780] (-) TimerEvent: {}
[9.030452] (-) TimerEvent: {}
[9.136795] (-) TimerEvent: {}
[9.239832] (-) TimerEvent: {}
[9.341035] (-) TimerEvent: {}
[9.441823] (-) TimerEvent: {}
[9.542537] (-) TimerEvent: {}
[9.645086] (-) TimerEvent: {}
[9.747231] (-) TimerEvent: {}
[9.848167] (-) TimerEvent: {}
[9.948745] (-) TimerEvent: {}
[10.049440] (-) TimerEvent: {}
[10.152336] (-) TimerEvent: {}
[10.252784] (-) TimerEvent: {}
[10.353435] (-) TimerEvent: {}
[10.454100] (-) TimerEvent: {}
[10.554720] (-) TimerEvent: {}
[10.655791] (-) TimerEvent: {}
[10.757782] (-) TimerEvent: {}
[10.860840] (-) TimerEvent: {}
[10.961679] (-) TimerEvent: {}
[11.064846] (-) TimerEvent: {}
[11.165550] (-) TimerEvent: {}
[11.266825] (-) TimerEvent: {}
[11.367577] (-) TimerEvent: {}
[11.468272] (-) TimerEvent: {}
[11.570774] (-) TimerEvent: {}
[11.674751] (-) TimerEvent: {}
[11.775613] (-) TimerEvent: {}
[11.878793] (-) TimerEvent: {}
[11.979653] (-) TimerEvent: {}
[12.086098] (-) TimerEvent: {}
[12.186937] (-) TimerEvent: {}
[12.287743] (-) TimerEvent: {}
[12.388305] (-) TimerEvent: {}
[12.493768] (-) TimerEvent: {}
[12.595039] (-) TimerEvent: {}
[12.700796] (-) TimerEvent: {}
[12.803055] (-) TimerEvent: {}
[12.903772] (-) TimerEvent: {}
[13.004509] (-) TimerEvent: {}
[13.106804] (-) TimerEvent: {}
[13.208940] (-) TimerEvent: {}
[13.309618] (-) TimerEvent: {}
[13.410820] (-) TimerEvent: {}
[13.514007] (-) TimerEvent: {}
[13.615796] (-) TimerEvent: {}
[13.716630] (-) TimerEvent: {}
[13.817281] (-) TimerEvent: {}
[13.918706] (-) TimerEvent: {}
[14.020780] (-) TimerEvent: {}
[14.121790] (-) TimerEvent: {}
[14.222360] (-) TimerEvent: {}
[14.322910] (-) TimerEvent: {}
[14.424696] (-) TimerEvent: {}
[14.525425] (-) TimerEvent: {}
[14.629784] (-) TimerEvent: {}
[14.730816] (-) TimerEvent: {}
[14.831514] (-) TimerEvent: {}
[14.954931] (-) TimerEvent: {}
[15.057796] (-) TimerEvent: {}
[15.159014] (-) TimerEvent: {}
[15.259799] (-) TimerEvent: {}
[15.360817] (-) TimerEvent: {}
[15.461495] (-) TimerEvent: {}
[15.566035] (-) TimerEvent: {}
[15.667794] (-) TimerEvent: {}
[15.778412] (-) TimerEvent: {}
[15.880015] (-) TimerEvent: {}
[15.980662] (-) TimerEvent: {}
[16.081332] (-) TimerEvent: {}
[16.183836] (-) TimerEvent: {}
[16.284444] (-) TimerEvent: {}
[16.385842] (-) TimerEvent: {}
[16.487796] (-) TimerEvent: {}
[16.588799] (-) TimerEvent: {}
[16.695809] (-) TimerEvent: {}
[16.796746] (-) TimerEvent: {}
[16.897386] (-) TimerEvent: {}
[16.998385] (-) TimerEvent: {}
[17.099355] (-) TimerEvent: {}
[17.200823] (-) TimerEvent: {}
[17.301443] (-) TimerEvent: {}
[17.401947] (-) TimerEvent: {}
[17.502434] (-) TimerEvent: {}
[17.608853] (-) TimerEvent: {}
[17.709768] (-) TimerEvent: {}
[17.810448] (-) TimerEvent: {}
[17.918275] (-) TimerEvent: {}
[18.018909] (-) TimerEvent: {}
[18.119507] (-) TimerEvent: {}
[18.220170] (-) TimerEvent: {}
[18.321189] (-) TimerEvent: {}
[18.422094] (-) TimerEvent: {}
[18.523808] (-) TimerEvent: {}
[18.624481] (-) TimerEvent: {}
[18.725788] (-) TimerEvent: {}
[18.826759] (-) TimerEvent: {}
[18.929247] (-) TimerEvent: {}
[19.029790] (-) TimerEvent: {}
[19.130289] (-) TimerEvent: {}
[19.230973] (-) TimerEvent: {}
[19.335768] (-) TimerEvent: {}
[19.436472] (-) TimerEvent: {}
[19.537891] (-) TimerEvent: {}
[19.638746] (-) TimerEvent: {}
[19.740780] (-) TimerEvent: {}
[19.845376] (-) TimerEvent: {}
[19.946487] (-) TimerEvent: {}
[20.051821] (-) TimerEvent: {}
[20.152668] (-) TimerEvent: {}
[20.253342] (-) TimerEvent: {}
[20.357044] (-) TimerEvent: {}
[20.457814] (-) TimerEvent: {}
[20.558588] (-) TimerEvent: {}
[20.659790] (-) TimerEvent: {}
[20.760422] (-) TimerEvent: {}
[20.865245] (-) TimerEvent: {}
[20.967761] (-) TimerEvent: {}
[21.068359] (-) TimerEvent: {}
[21.168935] (-) TimerEvent: {}
[21.270791] (-) TimerEvent: {}
[21.372703] (-) TimerEvent: {}
[21.473738] (-) TimerEvent: {}
[21.574289] (-) TimerEvent: {}
[21.676413] (-) TimerEvent: {}
[21.776916] (-) TimerEvent: {}
[21.877787] (-) TimerEvent: {}
[21.978795] (-) TimerEvent: {}
[22.079773] (-) TimerEvent: {}
[22.180326] (-) TimerEvent: {}
[22.280945] (-) TimerEvent: {}
[22.381563] (-) TimerEvent: {}
[22.483804] (-) TimerEvent: {}
[22.585048] (-) TimerEvent: {}
[22.689179] (-) TimerEvent: {}
[22.790282] (-) TimerEvent: {}
[22.891297] (-) TimerEvent: {}
[22.991870] (-) TimerEvent: {}
[23.092418] (-) TimerEvent: {}
[23.193704] (-) TimerEvent: {}
[23.294171] (-) TimerEvent: {}
[23.396112] (-) TimerEvent: {}
[23.496707] (-) TimerEvent: {}
[23.597755] (-) TimerEvent: {}
[23.698510] (-) TimerEvent: {}
[23.804757] (-) TimerEvent: {}
[23.918296] (-) TimerEvent: {}
[24.019310] (-) TimerEvent: {}
[24.120048] (-) TimerEvent: {}
[24.220571] (-) TimerEvent: {}
[24.321804] (-) TimerEvent: {}
[24.422603] (-) TimerEvent: {}
[24.523201] (-) TimerEvent: {}
[24.624792] (-) TimerEvent: {}
[24.725457] (-) TimerEvent: {}
[24.826234] (-) TimerEvent: {}
[24.930870] (-) TimerEvent: {}
[25.032728] (-) TimerEvent: {}
[25.137762] (-) TimerEvent: {}
[25.238495] (-) TimerEvent: {}
[25.390862] (-) TimerEvent: {}
[25.492841] (-) TimerEvent: {}
[25.593817] (-) TimerEvent: {}
[25.694839] (-) TimerEvent: {}
[25.796794] (-) TimerEvent: {}
[25.897446] (-) TimerEvent: {}
[25.998816] (-) TimerEvent: {}
[26.102209] (-) TimerEvent: {}
[26.202830] (-) TimerEvent: {}
[26.307100] (-) TimerEvent: {}
[26.407665] (-) TimerEvent: {}
[26.508866] (-) TimerEvent: {}
[26.609726] (-) TimerEvent: {}
[26.710464] (-) TimerEvent: {}
[26.811739] (-) TimerEvent: {}
[26.912280] (-) TimerEvent: {}
[27.014114] (-) TimerEvent: {}
[27.115810] (-) TimerEvent: {}
[27.216423] (-) TimerEvent: {}
[27.317839] (-) TimerEvent: {}
[27.418627] (-) TimerEvent: {}
[27.519709] (-) TimerEvent: {}
[27.620962] (-) TimerEvent: {}
[27.725786] (-) TimerEvent: {}
[27.826720] (-) TimerEvent: {}
[27.927394] (-) TimerEvent: {}
[28.028120] (-) TimerEvent: {}
[28.128772] (-) TimerEvent: {}
[28.229386] (-) TimerEvent: {}
[28.331885] (-) TimerEvent: {}
[28.434929] (-) TimerEvent: {}
[28.535408] (-) TimerEvent: {}
[28.636327] (-) TimerEvent: {}
[28.737771] (-) TimerEvent: {}
[28.838744] (-) TimerEvent: {}
[28.940916] (-) TimerEvent: {}
[29.041423] (-) TimerEvent: {}
[29.142784] (-) TimerEvent: {}
[29.243355] (-) TimerEvent: {}
[29.343737] (-) TimerEvent: {}
[29.444136] (-) TimerEvent: {}
[29.544472] (-) TimerEvent: {}
[29.644792] (-) TimerEvent: {}
[29.745172] (-) TimerEvent: {}
[29.845435] (-) TimerEvent: {}
[29.945718] (-) TimerEvent: {}
[30.046002] (-) TimerEvent: {}
[30.146287] (-) TimerEvent: {}
[30.246679] (-) TimerEvent: {}
[30.346957] (-) TimerEvent: {}
[30.447331] (-) TimerEvent: {}
[30.547709] (-) TimerEvent: {}
[30.647983] (-) TimerEvent: {}
[30.748275] (-) TimerEvent: {}
[30.848666] (-) TimerEvent: {}
[30.948919] (-) TimerEvent: {}
[31.049170] (-) TimerEvent: {}
[31.149531] (-) TimerEvent: {}
[31.249909] (-) TimerEvent: {}
[31.350111] (-) TimerEvent: {}
[31.450425] (-) TimerEvent: {}
[31.550646] (-) TimerEvent: {}
[31.650905] (-) TimerEvent: {}
[31.751190] (-) TimerEvent: {}
[31.851442] (-) TimerEvent: {}
[31.951686] (-) TimerEvent: {}
[32.051935] (-) TimerEvent: {}
[32.152190] (-) TimerEvent: {}
[32.183478] (nav_server) StdoutLine: {'line': b'[100%] \x1b[32m\x1b[1mLinking CXX executable nav_server_node\x1b[0m\n'}
[32.252274] (-) TimerEvent: {}
[32.352503] (-) TimerEvent: {}
[32.412310] (nav_server) StdoutLine: {'line': b'[100%] Built target nav_server_node\n'}
[32.423280] (nav_server) CommandEnded: {'returncode': 0}
[32.423779] (nav_server) JobProgress: {'identifier': 'nav_server', 'progress': 'install'}
[32.433483] (nav_server) Command: {'cmd': ['/usr/bin/cmake', '--install', '/home/lucifer/anscer_workspace/LineFollower/build/nav_server'], 'cwd': '/home/lucifer/anscer_workspace/LineFollower/build/nav_server', 'env': OrderedDict({'GZ_SIM_RESOURCE_PATH': '/opt/ros/jazzy/share', 'GZ_CONFIG_PATH': '/opt/ros/jazzy/opt/gz_sim_vendor/share/gz:/opt/ros/jazzy/opt/sdformat_vendor/share/gz:/opt/ros/jazzy/opt/gz_gui_vendor/share/gz:/opt/ros/jazzy/opt/gz_transport_vendor/share/gz:/opt/ros/jazzy/opt/gz_rendering_vendor/share/gz:/opt/ros/jazzy/opt/gz_plugin_vendor/share/gz:/opt/ros/jazzy/opt/gz_fuel_tools_vendor/share/gz:/opt/ros/jazzy/opt/gz_msgs_vendor/share/gz:/opt/ros/jazzy/opt/gz_common_vendor/share/gz', 'HOSTNAME': 'fedora', 'SHLVL': '0', 'LIBGL_ALWAYS_SOFTWARE': '1', 'LD_LIBRARY_PATH': '/opt/ros/jazzy/opt/gz_sim_vendor/lib:/opt/ros/jazzy/opt/gz_sensors_vendor/lib:/opt/ros/jazzy/opt/gz_physics_vendor/lib:/opt/ros/jazzy/opt/sdformat_vendor/lib:/opt/ros/jazzy/opt/rviz_ogre_vendor/lib:/opt/ros/jazzy/lib/x86_64-linux-gnu:/opt/ros/jazzy/opt/gz_gui_vendor/lib:/opt/ros/jazzy/opt/gz_transport_vendor/lib:/opt/ros/jazzy/opt/gz_rendering_vendor/lib:/opt/ros/jazzy/opt/gz_plugin_vendor/lib:/opt/ros/jazzy/opt/gz_fuel_tools_vendor/lib:/opt/ros/jazzy/opt/gz_msgs_vendor/lib:/opt/ros/jazzy/opt/gz_common_vendor/lib:/opt/ros/jazzy/opt/gz_math_vendor/lib:/opt/ros/jazzy/opt/gz_utils_vendor/lib:/opt/ros/jazzy/opt/gz_tools_vendor/lib:/opt/ros/jazzy/opt/gz_ogre_next_vendor/lib:/opt/ros/jazzy/opt/gz_dartsim_vendor/lib:/opt/ros/jazzy/opt/gz_cmake_vendor/lib:/opt/ros/jazzy/lib', 'HOME': '/home/lucifer', 'OLDPWD': '/home/lucifer/anscer_workspace/LineFollower', 'ROS_PYTHON_VERSION': '3', 'ROS_DISTRO': 'jazzy', '_': '/usr/bin/colcon', 'ROS_VERSION': '2', 'TERM': 'xterm', 'QT_X11_NO_MITSHM': '1', 'PATH': '/opt/ros/jazzy/opt/gz_msgs_vendor/bin:/opt/ros/jazzy/opt/gz_tools_vendor/bin:/opt/ros/jazzy/opt/gz_ogre_next_vendor/bin:/opt/ros/jazzy/bin:/usr/local/sbin:/usr/local/bin:/usr/sbin:/usr/bin:/sbin:/bin', 'XDG_RUNTIME_DIR': '/tmp/runtime-root', 'DISPLAY': ':0', 'LANG': 'C.UTF-8', 'AMENT_PREFIX_PATH': '/opt/ros/jazzy', 'ROS_AUTOMATIC_DISCOVERY_RANGE': 'SUBNET', 'PWD': '/home/lucifer/anscer_workspace/LineFollower/build/nav_server', 'LC_ALL': 'C.UTF-8', 'PYTHONPATH': '/opt/ros/jazzy/lib/python3.12/site-packages', 'COLCON': '1', 'CMAKE_PREFIX_PATH': '/opt/ros/jazzy/opt/gz_sim_vendor:/opt/ros/jazzy/opt/gz_sensors_vendor:/opt/ros/jazzy/opt/gz_physics_vendor:/opt/ros/jazzy/opt/sdformat_vendor:/opt/ros/jazzy/opt/gz_gui_vendor:/opt/ros/jazzy/opt/gz_transport_vendor:/opt/ros/jazzy/opt/gz_rendering_vendor:/opt/ros/jazzy/opt/gz_plugin_vendor:/opt/ros/jazzy/opt/gz_fuel_tools_vendor:/opt/ros/jazzy/opt/gz_msgs_vendor:/opt/ros/jazzy/opt/gz_common_vendor:/opt/ros/jazzy/opt/gz_math_vendor:/opt/ros/jazzy/opt/gz_utils_vendor:/opt/ros/jazzy/opt/gz_tools_vendor:/opt/ros/jazzy/opt/gz_ogre_next_vendor:/opt/ros/jazzy/opt/gz_dartsim_vendor:/opt/ros/jazzy/opt/gz_cmake_vendor:/opt/ros/jazzy'}), 'shell': False}
[32.439210] (nav_server) StdoutLine: {'line': b'-- Install configuration: "Release"\n'}
[32.440595] (nav_server) StdoutLine: {'line': b'-- Execute custom install script\n'}
[32.440789] (nav_server) StdoutLine: {'line': b'-- Up-to-date symlink: /home/lucifer/anscer_workspace/LineFollower/install/nav_server/lib/nav_server/nav_server_node\n'}
[32.440912] (nav_server) StdoutLine: {'line': b'-- Up-to-date symlink: /home/lucifer/anscer_workspace/LineFollower/install/nav_server/share/ament_index/resource_index/package_run_dependencies/nav_server\n'}
[32.441015] (nav_server) StdoutLine: {'line': b'-- Up-to-date symlink: /home/lucifer/anscer_workspace/LineFollower/install/nav_server/share/ament_index/resource_index/parent_prefix_path/nav_server\n'}
[32.441121] (nav_server) StdoutLine: {'line': b'-- Up-to-date symlink: /home/lucifer/anscer_workspace/LineFollower/install/nav_server/share/nav_server/environment/ament_prefix_path.sh\n'}
[32.441208] (nav_server) StdoutLine: {'line': b'-- Up-to-date symlink: /home/lucifer/anscer_workspace/LineFollower/install/nav_server/share/nav_server/environment/ament_prefix_path.dsv\n'}
[32.441281] (nav_server) StdoutLine: {'line': b'-- Up-to-date symlink: /home/lucifer/anscer_workspace/LineFollower/install/nav_server/share/nav_server/environment/path.sh\n'}
[32.441350] (nav_server) StdoutLine: {'line': b'-- Up-to-date symlink: /home/lucifer/anscer_workspace/LineFollower/install/nav_server/share/nav_server/environment/path.dsv\n'}
[32.441423] (nav_server) StdoutLine: {'line': b'-- Up-to-date symlink: /home/lucifer/anscer_workspace/LineFollower/install/nav_server/share/nav_server/local_setup.bash\n'}
[32.441505] (nav_server) StdoutLine: {'line': b'-- Up-to-date symlink: /home/lucifer/anscer_workspace/LineFollower/install/nav_server/share/nav_server/local_setup.sh\n'}
[32.441585] (nav_server) StdoutLine: {'line': b'-- Up-to-date symlink: /home/lucifer/anscer_workspace/LineFollower/install/nav_server/share/nav_server/local_setup.zsh\n'}
[32.441747] (nav_server) StdoutLine: {'line': b'-- Up-to-date symlink: /home/lucifer/anscer_workspace/LineFollower/install/nav_server/share/nav_server/local_setup.dsv\n'}
[32.441809] (nav_server) StdoutLine: {'line': b'-- Symlinking: /home/lucifer/anscer_workspace/LineFollower/install/nav_server/share/nav_server/package.dsv\n'}
[32.451253] (nav_server) StdoutLine: {'line': b'-- Up-to-date symlink: /home/lucifer/anscer_workspace/LineFollower/install/nav_server/share/ament_index/resource_index/packages/nav_server\n'}
[32.451416] (nav_server) StdoutLine: {'line': b'-- Up-to-date symlink: /home/lucifer/anscer_workspace/LineFollower/install/nav_server/share/nav_server/cmake/nav_serverConfig.cmake\n'}
[32.451484] (nav_server) StdoutLine: {'line': b'-- Up-to-date symlink: /home/lucifer/anscer_workspace/LineFollower/install/nav_server/share/nav_server/cmake/nav_serverConfig-version.cmake\n'}
[32.451548] (nav_server) StdoutLine: {'line': b'-- Up-to-date symlink: /home/lucifer/anscer_workspace/LineFollower/install/nav_server/share/nav_server/package.xml\n'}
[32.452588] (nav_server) CommandEnded: {'returncode': 0}
[32.452859] (-) TimerEvent: {}
[32.463553] (nav_server) JobEnded: {'identifier': 'nav_server', 'rc': 0}
[32.464018] (-) EventReactorShutdown: {}
