[0.033s] Invoking command in '/home/lucifer/anscer_workspace/LineFollower/build/line_follower_controller': CMAKE_PREFIX_PATH=${CMAKE_PREFIX_PATH}:/home/lucifer/anscer_workspace/LineFollower/install/navigation_server:/opt/ros/jazzy /usr/bin/cmake /home/lucifer/anscer_workspace/LineFollower/src/line_follower_controller -DCMAKE_INSTALL_PREFIX=/home/lucifer/anscer_workspace/LineFollower/install/line_follower_controller
[0.055s] -- Found ament_cmake: 2.5.6 (/opt/ros/jazzy/share/ament_cmake/cmake)
[0.432s] -- Override CMake install command with custom implementation using symlinks instead of copying resources
[0.448s] -- Found rclcpp: 28.1.18 (/opt/ros/jazzy/share/rclcpp/cmake)
[0.505s] -- Found rosidl_generator_c: 4.6.7 (/opt/ros/jazzy/share/rosidl_generator_c/cmake)
[0.526s] -- Found rosidl_generator_cpp: 4.6.7 (/opt/ros/jazzy/share/rosidl_generator_cpp/cmake)
[0.554s] -- Using all available rosidl_typesupport_c: rosidl_typesupport_fastrtps_c;rosidl_typesupport_introspection_c
[0.591s] -- Using all available rosidl_typesupport_cpp: rosidl_typesupport_fastrtps_cpp;rosidl_typesupport_introspection_cpp
[0.752s] -- Found rmw_implementation_cmake: 7.3.3 (/opt/ros/jazzy/share/rmw_implementation_cmake/cmake)
[0.755s] -- Found rmw_fastrtps_cpp: 8.4.3 (/opt/ros/jazzy/share/rmw_fastrtps_cpp/cmake)
[0.916s] -- Using RMW implementation 'rmw_fastrtps_cpp' as default
[1.084s] -- Found std_msgs: 5.3.7 (/opt/ros/jazzy/share/std_msgs/cmake)
[1.117s] -- Found geometry_msgs: 5.3.7 (/opt/ros/jazzy/share/geometry_msgs/cmake)
[1.149s] -- Found std_srvs: 5.3.7 (/opt/ros/jazzy/share/std_srvs/cmake)
[1.184s] -- Found nav_msgs: 5.3.7 (/opt/ros/jazzy/share/nav_msgs/cmake)
[1.434s] -- Configuring done (1.4s)
[1.467s] -- Generating done (0.0s)
[1.473s] -- Build files have been written to: /home/lucifer/anscer_workspace/LineFollower/build/line_follower_controller
[1.489s] Invoked command in '/home/lucifer/anscer_workspace/LineFollower/build/line_follower_controller' returned '0': CMAKE_PREFIX_PATH=${CMAKE_PREFIX_PATH}:/home/lucifer/anscer_workspace/LineFollower/install/navigation_server:/opt/ros/jazzy /usr/bin/cmake /home/lucifer/anscer_workspace/LineFollower/src/line_follower_controller -DCMAKE_INSTALL_PREFIX=/home/lucifer/anscer_workspace/LineFollower/install/line_follower_controller
[1.495s] Invoking command in '/home/lucifer/anscer_workspace/LineFollower/build/line_follower_controller': CMAKE_PREFIX_PATH=${CMAKE_PREFIX_PATH}:/home/lucifer/anscer_workspace/LineFollower/install/navigation_server:/opt/ros/jazzy /usr/bin/cmake --build /home/lucifer/anscer_workspace/LineFollower/build/line_follower_controller -- -j12 -l12
[1.646s] [100%] Built target line_follower_controller_node
[1.675s] Invoked command in '/home/lucifer/anscer_workspace/LineFollower/build/line_follower_controller' returned '0': CMAKE_PREFIX_PATH=${CMAKE_PREFIX_PATH}:/home/lucifer/anscer_workspace/LineFollower/install/navigation_server:/opt/ros/jazzy /usr/bin/cmake --build /home/lucifer/anscer_workspace/LineFollower/build/line_follower_controller -- -j12 -l12
[1.677s] Invoking command in '/home/lucifer/anscer_workspace/LineFollower/build/line_follower_controller': CMAKE_PREFIX_PATH=${CMAKE_PREFIX_PATH}:/home/lucifer/anscer_workspace/LineFollower/install/navigation_server:/opt/ros/jazzy /usr/bin/cmake --install /home/lucifer/anscer_workspace/LineFollower/build/line_follower_controller
[1.689s] -- Install configuration: "Release"
[1.690s] -- Execute custom install script
[1.691s] -- Up-to-date symlink: /home/lucifer/anscer_workspace/LineFollower/install/line_follower_controller/lib/line_follower_controller/line_follower_controller_node
[1.691s] -- Up-to-date symlink: /home/lucifer/anscer_workspace/LineFollower/install/line_follower_controller/share/line_follower_controller/config/params.yaml
[1.692s] -- Up-to-date symlink: /home/lucifer/anscer_workspace/LineFollower/install/line_follower_controller/share/line_follower_controller/launch/play.launch.py
[1.692s] -- Up-to-date symlink: /home/lucifer/anscer_workspace/LineFollower/install/line_follower_controller/share/ament_index/resource_index/package_run_dependencies/line_follower_controller
[1.693s] -- Up-to-date symlink: /home/lucifer/anscer_workspace/LineFollower/install/line_follower_controller/share/ament_index/resource_index/parent_prefix_path/line_follower_controller
[1.693s] -- Up-to-date symlink: /home/lucifer/anscer_workspace/LineFollower/install/line_follower_controller/share/line_follower_controller/environment/ament_prefix_path.sh
[1.693s] -- Up-to-date symlink: /home/lucifer/anscer_workspace/LineFollower/install/line_follower_controller/share/line_follower_controller/environment/ament_prefix_path.dsv
[1.693s] -- Up-to-date symlink: /home/lucifer/anscer_workspace/LineFollower/install/line_follower_controller/share/line_follower_controller/environment/path.sh
[1.693s] -- Up-to-date symlink: /home/lucifer/anscer_workspace/LineFollower/install/line_follower_controller/share/line_follower_controller/environment/path.dsv
[1.693s] -- Up-to-date symlink: /home/lucifer/anscer_workspace/LineFollower/install/line_follower_controller/share/line_follower_controller/local_setup.bash
[1.694s] -- Up-to-date symlink: /home/lucifer/anscer_workspace/LineFollower/install/line_follower_controller/share/line_follower_controller/local_setup.sh
[1.694s] -- Up-to-date symlink: /home/lucifer/anscer_workspace/LineFollower/install/line_follower_controller/share/line_follower_controller/local_setup.zsh
[1.694s] -- Up-to-date symlink: /home/lucifer/anscer_workspace/LineFollower/install/line_follower_controller/share/line_follower_controller/local_setup.dsv
[1.694s] -- Symlinking: /home/lucifer/anscer_workspace/LineFollower/install/line_follower_controller/share/line_follower_controller/package.dsv
[1.719s] -- Up-to-date symlink: /home/lucifer/anscer_workspace/LineFollower/install/line_follower_controller/share/ament_index/resource_index/packages/line_follower_controller
[1.719s] -- Up-to-date symlink: /home/lucifer/anscer_workspace/LineFollower/install/line_follower_controller/share/line_follower_controller/cmake/line_follower_controllerConfig.cmake
[1.720s] -- Up-to-date symlink: /home/lucifer/anscer_workspace/LineFollower/install/line_follower_controller/share/line_follower_controller/cmake/line_follower_controllerConfig-version.cmake
[1.720s] -- Up-to-date symlink: /home/lucifer/anscer_workspace/LineFollower/install/line_follower_controller/share/line_follower_controller/package.xml
[1.725s] Invoked command in '/home/lucifer/anscer_workspace/LineFollower/build/line_follower_controller' returned '0': CMAKE_PREFIX_PATH=${CMAKE_PREFIX_PATH}:/home/lucifer/anscer_workspace/LineFollower/install/navigation_server:/opt/ros/jazzy /usr/bin/cmake --install /home/lucifer/anscer_workspace/LineFollower/build/line_follower_controller
