[0.935s] Invoking command in '/home/lucifer/anscer_workspace/LineFollower/src/navigation_server': PYTHONPATH=/home/lucifer/anscer_workspace/LineFollower/build/navigation_server/prefix_override:/usr/lib/python3/dist-packages/colcon_core/task/python/colcon_distutils_commands:/home/lucifer/anscer_workspace/LineFollower/install/navigation_server/lib/python3.12/site-packages:${PYTHONPATH} /usr/bin/python3 -W ignore:setup.py install is deprecated -W ignore:easy_install command is deprecated setup.py egg_info --egg-base ../../build/navigation_server build --build-base /home/lucifer/anscer_workspace/LineFollower/build/navigation_server/build install --record /home/lucifer/anscer_workspace/LineFollower/build/navigation_server/install.log --single-version-externally-managed install_data
[1.194s] running egg_info
[1.194s] creating ../../build/navigation_server/navigation_server.egg-info
[1.206s] writing ../../build/navigation_server/navigation_server.egg-info/PKG-INFO
[1.206s] writing dependency_links to ../../build/navigation_server/navigation_server.egg-info/dependency_links.txt
[1.207s] writing entry points to ../../build/navigation_server/navigation_server.egg-info/entry_points.txt
[1.207s] writing requirements to ../../build/navigation_server/navigation_server.egg-info/requires.txt
[1.207s] writing top-level names to ../../build/navigation_server/navigation_server.egg-info/top_level.txt
[1.207s] writing manifest file '../../build/navigation_server/navigation_server.egg-info/SOURCES.txt'
[1.230s] reading manifest file '../../build/navigation_server/navigation_server.egg-info/SOURCES.txt'
[1.230s] writing manifest file '../../build/navigation_server/navigation_server.egg-info/SOURCES.txt'
[1.231s] running build
[1.231s] running build_py
[1.231s] creating /home/lucifer/anscer_workspace/LineFollower/build/navigation_server/build
[1.231s] creating /home/lucifer/anscer_workspace/LineFollower/build/navigation_server/build/lib
[1.231s] creating /home/lucifer/anscer_workspace/LineFollower/build/navigation_server/build/lib/navigation_server
[1.231s] copying navigation_server/__init__.py -> /home/lucifer/anscer_workspace/LineFollower/build/navigation_server/build/lib/navigation_server
[1.231s] copying navigation_server/navigator_node.py -> /home/lucifer/anscer_workspace/LineFollower/build/navigation_server/build/lib/navigation_server
[1.231s] running install
[1.236s] running install_lib
[1.248s] creating /home/lucifer/anscer_workspace/LineFollower/install/navigation_server/lib/python3.12/site-packages/navigation_server
[1.248s] copying /home/lucifer/anscer_workspace/LineFollower/build/navigation_server/build/lib/navigation_server/__init__.py -> /home/lucifer/anscer_workspace/LineFollower/install/navigation_server/lib/python3.12/site-packages/navigation_server
[1.248s] copying /home/lucifer/anscer_workspace/LineFollower/build/navigation_server/build/lib/navigation_server/navigator_node.py -> /home/lucifer/anscer_workspace/LineFollower/install/navigation_server/lib/python3.12/site-packages/navigation_server
[1.249s] byte-compiling /home/lucifer/anscer_workspace/LineFollower/install/navigation_server/lib/python3.12/site-packages/navigation_server/__init__.py to __init__.cpython-312.pyc
[1.249s] byte-compiling /home/lucifer/anscer_workspace/LineFollower/install/navigation_server/lib/python3.12/site-packages/navigation_server/navigator_node.py to navigator_node.cpython-312.pyc
[1.250s] running install_data
[1.250s] creating /home/lucifer/anscer_workspace/LineFollower/install/navigation_server/share/ament_index
[1.251s] creating /home/lucifer/anscer_workspace/LineFollower/install/navigation_server/share/ament_index/resource_index
[1.251s] creating /home/lucifer/anscer_workspace/LineFollower/install/navigation_server/share/ament_index/resource_index/packages
[1.251s] copying resource/navigation_server -> /home/lucifer/anscer_workspace/LineFollower/install/navigation_server/share/ament_index/resource_index/packages
[1.251s] copying package.xml -> /home/lucifer/anscer_workspace/LineFollower/install/navigation_server/share/navigation_server
[1.251s] running install_egg_info
[1.263s] Copying ../../build/navigation_server/navigation_server.egg-info to /home/lucifer/anscer_workspace/LineFollower/install/navigation_server/lib/python3.12/site-packages/navigation_server-0.0.0-py3.12.egg-info
[1.264s] running install_scripts
[1.347s] Installing navigator_node script to /home/lucifer/anscer_workspace/LineFollower/install/navigation_server/lib/navigation_server
[1.347s] writing list of installed files to '/home/lucifer/anscer_workspace/LineFollower/build/navigation_server/install.log'
[1.370s] Invoked command in '/home/lucifer/anscer_workspace/LineFollower/src/navigation_server' returned '0': PYTHONPATH=/home/lucifer/anscer_workspace/LineFollower/build/navigation_server/prefix_override:/usr/lib/python3/dist-packages/colcon_core/task/python/colcon_distutils_commands:/home/lucifer/anscer_workspace/LineFollower/install/navigation_server/lib/python3.12/site-packages:${PYTHONPATH} /usr/bin/python3 -W ignore:setup.py install is deprecated -W ignore:easy_install command is deprecated setup.py egg_info --egg-base ../../build/navigation_server build --build-base /home/lucifer/anscer_workspace/LineFollower/build/navigation_server/build install --record /home/lucifer/anscer_workspace/LineFollower/build/navigation_server/install.log --single-version-externally-managed install_data
