[0.017s] Invoking command in '/home/lucifer/anscer_workspace/LineFollower/build/nav_server': CMAKE_PREFIX_PATH=${CMAKE_PREFIX_PATH}:/opt/ros/jazzy /usr/bin/cmake /home/lucifer/anscer_workspace/LineFollower/src/nav_server -DCMAKE_INSTALL_PREFIX=/home/lucifer/anscer_workspace/LineFollower/install/nav_server
[0.191s] -- Found ament_cmake: 2.5.6 (/opt/ros/jazzy/share/ament_cmake/cmake)
[0.270s] -- Found rclcpp: 28.1.18 (/opt/ros/jazzy/share/rclcpp/cmake)
[0.291s] -- Found rosidl_generator_c: 4.6.7 (/opt/ros/jazzy/share/rosidl_generator_c/cmake)
[0.299s] -- Found rosidl_generator_cpp: 4.6.7 (/opt/ros/jazzy/share/rosidl_generator_cpp/cmake)
[0.308s] -- Using all available rosidl_typesupport_c: rosidl_typesupport_fastrtps_c;rosidl_typesupport_introspection_c
[0.320s] -- Using all available rosidl_typesupport_cpp: rosidl_typesupport_fastrtps_cpp;rosidl_typesupport_introspection_cpp
[0.394s] -- Found rmw_implementation_cmake: 7.3.3 (/opt/ros/jazzy/share/rmw_implementation_cmake/cmake)
[0.396s] -- Found rmw_fastrtps_cpp: 8.4.3 (/opt/ros/jazzy/share/rmw_fastrtps_cpp/cmake)
[0.479s] -- Using RMW implementation 'rmw_fastrtps_cpp' as default
[0.549s] -- Found rclcpp_action: 28.1.18 (/opt/ros/jazzy/share/rclcpp_action/cmake)
[0.583s] -- Found nav2_msgs: 1.3.11 (/opt/ros/jazzy/share/nav2_msgs/cmake)
[0.710s] -- Checking for module 'libpqxx'
[0.731s] --   Package 'libpqxx', required by 'virtual:world', not found
[0.731s] CMake Error at /usr/share/cmake-3.28/Modules/FindPkgConfig.cmake:619 (message):
[0.732s]   The following required packages were not found:
[0.732s] 
[0.732s]    - libpqxx
[0.732s] 
[0.732s] Call Stack (most recent call first):
[0.732s]   /usr/share/cmake-3.28/Modules/FindPkgConfig.cmake:841 (_pkg_check_modules_internal)
[0.732s]   CMakeLists.txt:17 (pkg_check_modules)
[0.732s] 
[0.732s] 
[0.733s] -- Configuring incomplete, errors occurred!
[0.740s] Invoked command in '/home/lucifer/anscer_workspace/LineFollower/build/nav_server' returned '1': CMAKE_PREFIX_PATH=${CMAKE_PREFIX_PATH}:/opt/ros/jazzy /usr/bin/cmake /home/lucifer/anscer_workspace/LineFollower/src/nav_server -DCMAKE_INSTALL_PREFIX=/home/lucifer/anscer_workspace/LineFollower/install/nav_server
