[0.039s] Invoking command in '/home/lucifer/anscer_workspace/LineFollower/build/hardware_sim': CMAKE_PREFIX_PATH=${CMAKE_PREFIX_PATH}:/opt/ros/jazzy /usr/bin/cmake --build /home/lucifer/anscer_workspace/LineFollower/build/hardware_sim -- -j12 -l12
[0.561s] Invoked command in '/home/lucifer/anscer_workspace/LineFollower/build/hardware_sim' returned '0': CMAKE_PREFIX_PATH=${CMAKE_PREFIX_PATH}:/opt/ros/jazzy /usr/bin/cmake --build /home/lucifer/anscer_workspace/LineFollower/build/hardware_sim -- -j12 -l12
[0.577s] Invoking command in '/home/lucifer/anscer_workspace/LineFollower/build/hardware_sim': CMAKE_PREFIX_PATH=${CMAKE_PREFIX_PATH}:/opt/ros/jazzy /usr/bin/cmake --install /home/lucifer/anscer_workspace/LineFollower/build/hardware_sim
[0.600s] -- Install configuration: ""
[0.601s] -- Installing: /home/lucifer/anscer_workspace/LineFollower/install/hardware_sim/lib/hardware_sim/hardware_sim_node.py
[0.604s] -- Up-to-date: /home/lucifer/anscer_workspace/LineFollower/install/hardware_sim/lib/hardware_sim/TapeMap.py
[0.605s] -- Up-to-date: /home/lucifer/anscer_workspace/LineFollower/install/hardware_sim/share/hardware_sim/models
[0.606s] -- Up-to-date: /home/lucifer/anscer_workspace/LineFollower/install/hardware_sim/share/hardware_sim/models/scene.xml
[0.607s] -- Up-to-date: /home/lucifer/anscer_workspace/LineFollower/install/hardware_sim/share/ament_index/resource_index/package_run_dependencies/hardware_sim
[0.608s] -- Up-to-date: /home/lucifer/anscer_workspace/LineFollower/install/hardware_sim/share/ament_index/resource_index/parent_prefix_path/hardware_sim
[0.608s] -- Up-to-date: /home/lucifer/anscer_workspace/LineFollower/install/hardware_sim/share/hardware_sim/environment/ament_prefix_path.sh
[0.610s] -- Up-to-date: /home/lucifer/anscer_workspace/LineFollower/install/hardware_sim/share/hardware_sim/environment/ament_prefix_path.dsv
[0.610s] -- Up-to-date: /home/lucifer/anscer_workspace/LineFollower/install/hardware_sim/share/hardware_sim/environment/path.sh
[0.610s] -- Up-to-date: /home/lucifer/anscer_workspace/LineFollower/install/hardware_sim/share/hardware_sim/environment/path.dsv
[0.610s] -- Up-to-date: /home/lucifer/anscer_workspace/LineFollower/install/hardware_sim/share/hardware_sim/local_setup.bash
[0.610s] -- Up-to-date: /home/lucifer/anscer_workspace/LineFollower/install/hardware_sim/share/hardware_sim/local_setup.sh
[0.610s] -- Up-to-date: /home/lucifer/anscer_workspace/LineFollower/install/hardware_sim/share/hardware_sim/local_setup.zsh
[0.610s] -- Up-to-date: /home/lucifer/anscer_workspace/LineFollower/install/hardware_sim/share/hardware_sim/local_setup.dsv
[0.611s] -- Installing: /home/lucifer/anscer_workspace/LineFollower/install/hardware_sim/share/hardware_sim/package.dsv
[0.611s] -- Up-to-date: /home/lucifer/anscer_workspace/LineFollower/install/hardware_sim/share/ament_index/resource_index/packages/hardware_sim
[0.611s] -- Up-to-date: /home/lucifer/anscer_workspace/LineFollower/install/hardware_sim/share/hardware_sim/cmake/hardware_simConfig.cmake
[0.611s] -- Up-to-date: /home/lucifer/anscer_workspace/LineFollower/install/hardware_sim/share/hardware_sim/cmake/hardware_simConfig-version.cmake
[0.611s] -- Up-to-date: /home/lucifer/anscer_workspace/LineFollower/install/hardware_sim/share/hardware_sim/package.xml
[0.631s] Invoked command in '/home/lucifer/anscer_workspace/LineFollower/build/hardware_sim' returned '0': CMAKE_PREFIX_PATH=${CMAKE_PREFIX_PATH}:/opt/ros/jazzy /usr/bin/cmake --install /home/lucifer/anscer_workspace/LineFollower/build/hardware_sim
