[0.000000] (-) TimerEvent: {}
[0.000298] (-) JobUnselected: {'identifier': 'hardware_sim'}
[0.000409] (-) JobUnselected: {'identifier': 'nav_server'}
[0.000454] (-) JobUnselected: {'identifier': 'navigation_server'}
[0.001112] (line_follower_controller) JobQueued: {'identifier': 'line_follower_controller', 'dependencies': OrderedDict()}
[0.006080] (line_follower_controller) JobStarted: {'identifier': 'line_follower_controller'}
[0.031438] (line_follower_controller) JobProgress: {'identifier': 'line_follower_controller', 'progress': 'cmake'}
[0.033564] (line_follower_controller) JobProgress: {'identifier': 'line_follower_controller', 'progress': 'build'}
[0.033698] (line_follower_controller) Command: {'cmd': ['/usr/bin/cmake', '--build', '/home/lucifer/anscer_workspace/LineFollower/build/line_follower_controller', '--', '-j12', '-l12'], 'cwd': '/home/lucifer/anscer_workspace/LineFollower/build/line_follower_controller', 'env': OrderedDict({'GZ_SIM_RESOURCE_PATH': '/opt/ros/jazzy/share', 'GZ_CONFIG_PATH': '/opt/ros/jazzy/opt/gz_sim_vendor/share/gz:/opt/ros/jazzy/opt/sdformat_vendor/share/gz:/opt/ros/jazzy/opt/gz_gui_vendor/share/gz:/opt/ros/jazzy/opt/gz_transport_vendor/share/gz:/opt/ros/jazzy/opt/gz_rendering_vendor/share/gz:/opt/ros/jazzy/opt/gz_plugin_vendor/share/gz:/opt/ros/jazzy/opt/gz_fuel_tools_vendor/share/gz:/opt/ros/jazzy/opt/gz_msgs_vendor/share/gz:/opt/ros/jazzy/opt/gz_common_vendor/share/gz', 'HOSTNAME': 'fedora', 'SHLVL': '0', 'LIBGL_ALWAYS_SOFTWARE': '1', 'LD_LIBRARY_PATH': '/opt/ros/jazzy/opt/gz_sim_vendor/lib:/opt/ros/jazzy/opt/gz_sensors_vendor/lib:/opt/ros/jazzy/opt/gz_physics_vendor/lib:/opt/ros/jazzy/opt/sdformat_vendor/lib:/opt/ros/jazzy/opt/rviz_ogre_vendor/lib:/opt/ros/jazzy/lib/x86_64-linux-gnu:/opt/ros/jazzy/opt/gz_gui_vendor/lib:/opt/ros/jazzy/opt/gz_transport_vendor/lib:/opt/ros/jazzy/opt/gz_rendering_vendor/lib:/opt/ros/jazzy/opt/gz_plugin_vendor/lib:/opt/ros/jazzy/opt/gz_fuel_tools_vendor/lib:/opt/ros/jazzy/opt/gz_msgs_vendor/lib:/opt/ros/jazzy/opt/gz_common_vendor/lib:/opt/ros/jazzy/opt/gz_math_vendor/lib:/opt/ros/jazzy/opt/gz_utils_vendor/lib:/opt/ros/jazzy/opt/gz_tools_vendor/lib:/opt/ros/jazzy/opt/gz_ogre_next_vendor/lib:/opt/ros/jazzy/opt/gz_dartsim_vendor/lib:/opt/ros/jazzy/opt/gz_cmake_vendor/lib:/opt/ros/jazzy/lib', 'HOME': '/home/lucifer', 'ROS_PYTHON_VERSION': '3', 'ROS_DISTRO': 'jazzy', '_': '/usr/bin/colcon', 'ROS_VERSION': '2', 'QT_X11_NO_MITSHM': '1', 'PATH': '/opt/ros/jazzy/opt/gz_msgs_vendor/bin:/opt/ros/jazzy/opt/gz_tools_vendor/bin:/opt/ros/jazzy/opt/gz_ogre_next_vendor/bin:/opt/ros/jazzy/bin:/usr/local/sbin:/usr/local/bin:/usr/sbin:/usr/bin:/sbin:/bin', 'XDG_RUNTIME_DIR': '/tmp/runtime-root', 'DISPLAY': ':0', 'LANG': 'C.UTF-8', 'AMENT_PREFIX_PATH': '/opt/ros/jazzy', 'ROS_AUTOMATIC_DISCOVERY_RANGE': 'SUBNET', 'PWD': '/home/lucifer/anscer_workspace/LineFollower/build/line_follower_controller', 'LC_ALL': 'C.UTF-8', 'PYTHONPATH': '/opt/ros/jazzy/lib/python3.12/site-packages', 'COLCON': '1', 'CMAKE_PREFIX_PATH': '/opt/ros/jazzy/opt/gz_sim_vendor:/opt/ros/jazzy/opt/gz_sensors_vendor:/opt/ros/jazzy/opt/gz_physics_vendor:/opt/ros/jazzy/opt/sdformat_vendor:/opt/ros/jazzy/opt/gz_gui_vendor:/opt/ros/jazzy/opt/gz_transport_vendor:/opt/ros/jazzy/opt/gz_rendering_vendor:/opt/ros/jazzy/opt/gz_plugin_vendor:/opt/ros/jazzy/opt/gz_fuel_tools_vendor:/opt/ros/jazzy/opt/gz_msgs_vendor:/opt/ros/jazzy/opt/gz_common_vendor:/opt/ros/jazzy/opt/gz_math_vendor:/opt/ros/jazzy/opt/gz_utils_vendor:/opt/ros/jazzy/opt/gz_tools_vendor:/opt/ros/jazzy/opt/gz_ogre_next_vendor:/opt/ros/jazzy/opt/gz_dartsim_vendor:/opt/ros/jazzy/opt/gz_cmake_vendor:/opt/ros/jazzy'}), 'shell': False}
[0.099320] (-) TimerEvent: {}
[0.185926] (line_follower_controller) StdoutLine: {'line': b'[ 25%] Building CXX object CMakeFiles/line_follower_controller_node.dir/src/PidController.cpp.o\n'}
[0.199501] (-) TimerEvent: {}
[0.301250] (-) TimerEvent: {}
[0.401599] (-) TimerEvent: {}
[0.501934] (-) TimerEvent: {}
[0.603081] (-) TimerEvent: {}
[0.703436] (-) TimerEvent: {}
[0.803771] (-) TimerEvent: {}
[0.904085] (-) TimerEvent: {}
[1.004344] (-) TimerEvent: {}
[1.104737] (-) TimerEvent: {}
[1.206145] (-) TimerEvent: {}
[1.306573] (-) TimerEvent: {}
[1.412495] (-) TimerEvent: {}
[1.513370] (-) TimerEvent: {}
[1.614148] (-) TimerEvent: {}
[1.724166] (-) TimerEvent: {}
[1.825129] (-) TimerEvent: {}
[1.925541] (-) TimerEvent: {}
[2.029150] (-) TimerEvent: {}
[2.129604] (-) TimerEvent: {}
[2.230319] (-) TimerEvent: {}
[2.330737] (-) TimerEvent: {}
[2.431144] (-) TimerEvent: {}
[2.531581] (-) TimerEvent: {}
[2.632109] (-) TimerEvent: {}
[2.738105] (-) TimerEvent: {}
[2.841293] (-) TimerEvent: {}
[2.942139] (-) TimerEvent: {}
[3.048121] (-) TimerEvent: {}
[3.148849] (-) TimerEvent: {}
[3.249595] (-) TimerEvent: {}
[3.350057] (-) TimerEvent: {}
[3.450487] (-) TimerEvent: {}
[3.556119] (-) TimerEvent: {}
[3.660159] (-) TimerEvent: {}
[3.760635] (-) TimerEvent: {}
[3.861069] (-) TimerEvent: {}
[3.961467] (-) TimerEvent: {}
[4.062123] (-) TimerEvent: {}
[4.162581] (-) TimerEvent: {}
[4.263108] (-) TimerEvent: {}
[4.364863] (-) TimerEvent: {}
[4.465360] (-) TimerEvent: {}
[4.565797] (-) TimerEvent: {}
[4.667201] (-) TimerEvent: {}
[4.767678] (-) TimerEvent: {}
[4.869084] (-) TimerEvent: {}
[4.969780] (-) TimerEvent: {}
[5.070355] (-) TimerEvent: {}
[5.171635] (-) TimerEvent: {}
[5.272105] (-) TimerEvent: {}
[5.373407] (-) TimerEvent: {}
[5.476111] (-) TimerEvent: {}
[5.576496] (-) TimerEvent: {}
[5.678104] (-) TimerEvent: {}
[5.779080] (-) TimerEvent: {}
[5.880109] (-) TimerEvent: {}
[5.980496] (-) TimerEvent: {}
[6.081089] (-) TimerEvent: {}
[6.182080] (-) TimerEvent: {}
[6.282439] (-) TimerEvent: {}
[6.384649] (-) TimerEvent: {}
[6.485741] (-) TimerEvent: {}
[6.587113] (-) TimerEvent: {}
[6.687477] (-) TimerEvent: {}
[6.787862] (-) TimerEvent: {}
[6.888183] (-) TimerEvent: {}
[6.994089] (-) TimerEvent: {}
[7.094437] (-) TimerEvent: {}
[7.195095] (-) TimerEvent: {}
[7.295661] (-) TimerEvent: {}
[7.396021] (-) TimerEvent: {}
[7.496312] (-) TimerEvent: {}
[7.596644] (-) TimerEvent: {}
[7.697062] (-) TimerEvent: {}
[7.797529] (-) TimerEvent: {}
[7.897874] (-) TimerEvent: {}
[7.998207] (-) TimerEvent: {}
[8.098521] (-) TimerEvent: {}
[8.205877] (-) TimerEvent: {}
[8.306940] (-) TimerEvent: {}
[8.410978] (-) TimerEvent: {}
[8.511788] (-) TimerEvent: {}
[8.612212] (-) TimerEvent: {}
[8.712931] (-) TimerEvent: {}
[8.813648] (-) TimerEvent: {}
[8.915370] (-) TimerEvent: {}
[9.015809] (-) TimerEvent: {}
[9.116139] (-) TimerEvent: {}
[9.219177] (-) TimerEvent: {}
[9.319777] (-) TimerEvent: {}
[9.420176] (-) TimerEvent: {}
[9.521107] (-) TimerEvent: {}
[9.621505] (-) TimerEvent: {}
[9.723093] (-) TimerEvent: {}
[9.823446] (-) TimerEvent: {}
[9.923828] (-) TimerEvent: {}
[10.024200] (-) TimerEvent: {}
[10.124557] (-) TimerEvent: {}
[10.224916] (-) TimerEvent: {}
[10.329124] (-) TimerEvent: {}
[10.429546] (-) TimerEvent: {}
[10.530180] (-) TimerEvent: {}
[10.630793] (-) TimerEvent: {}
[10.732141] (-) TimerEvent: {}
[10.832518] (-) TimerEvent: {}
[10.934534] (-) TimerEvent: {}
[11.035292] (-) TimerEvent: {}
[11.136384] (-) TimerEvent: {}
[11.238797] (-) TimerEvent: {}
[11.340122] (-) TimerEvent: {}
[11.443414] (-) TimerEvent: {}
[11.543806] (-) TimerEvent: {}
[11.645133] (-) TimerEvent: {}
[11.745524] (-) TimerEvent: {}
[11.846177] (-) TimerEvent: {}
[11.946865] (-) TimerEvent: {}
[12.048350] (-) TimerEvent: {}
[12.149039] (-) TimerEvent: {}
[12.249419] (-) TimerEvent: {}
[12.350019] (-) TimerEvent: {}
[12.450441] (-) TimerEvent: {}
[12.550866] (-) TimerEvent: {}
[12.651245] (-) TimerEvent: {}
[12.751619] (-) TimerEvent: {}
[12.853188] (-) TimerEvent: {}
[12.955130] (-) TimerEvent: {}
[13.055796] (-) TimerEvent: {}
[13.158900] (-) TimerEvent: {}
[13.259288] (-) TimerEvent: {}
[13.360114] (-) TimerEvent: {}
[13.464099] (-) TimerEvent: {}
[13.565086] (-) TimerEvent: {}
[13.665451] (-) TimerEvent: {}
[13.765827] (-) TimerEvent: {}
[13.866261] (-) TimerEvent: {}
[13.969232] (-) TimerEvent: {}
[14.070066] (-) TimerEvent: {}
[14.173166] (-) TimerEvent: {}
[14.273970] (-) TimerEvent: {}
[14.375136] (-) TimerEvent: {}
[14.475908] (-) TimerEvent: {}
[14.576333] (-) TimerEvent: {}
[14.677083] (-) TimerEvent: {}
[14.777767] (-) TimerEvent: {}
[14.878139] (-) TimerEvent: {}
[14.978454] (-) TimerEvent: {}
[15.079119] (-) TimerEvent: {}
[15.186128] (-) TimerEvent: {}
[15.286785] (-) TimerEvent: {}
[15.387665] (-) TimerEvent: {}
[15.489789] (-) TimerEvent: {}
[15.591808] (-) TimerEvent: {}
[15.692251] (-) TimerEvent: {}
[15.792634] (-) TimerEvent: {}
[15.892976] (-) TimerEvent: {}
[15.993309] (-) TimerEvent: {}
[16.093655] (-) TimerEvent: {}
[16.194893] (-) TimerEvent: {}
[16.296765] (-) TimerEvent: {}
[16.397675] (-) TimerEvent: {}
[16.498115] (-) TimerEvent: {}
[16.600128] (-) TimerEvent: {}
[16.700675] (-) TimerEvent: {}
[16.802795] (-) TimerEvent: {}
[16.903471] (-) TimerEvent: {}
[17.003840] (-) TimerEvent: {}
[17.104300] (-) TimerEvent: {}
[17.207091] (-) TimerEvent: {}
[17.307529] (-) TimerEvent: {}
[17.408671] (-) TimerEvent: {}
[17.513087] (-) TimerEvent: {}
[17.614534] (-) TimerEvent: {}
[17.714884] (-) TimerEvent: {}
[17.815250] (-) TimerEvent: {}
[17.915599] (-) TimerEvent: {}
[18.021097] (-) TimerEvent: {}
[18.121499] (-) TimerEvent: {}
[18.222120] (-) TimerEvent: {}
[18.322830] (-) TimerEvent: {}
[18.423574] (-) TimerEvent: {}
[18.524011] (-) TimerEvent: {}
[18.624977] (-) TimerEvent: {}
[18.725607] (-) TimerEvent: {}
[18.825991] (-) TimerEvent: {}
[18.926333] (-) TimerEvent: {}
[19.026658] (-) TimerEvent: {}
[19.129332] (-) TimerEvent: {}
[19.230082] (-) TimerEvent: {}
[19.331141] (-) TimerEvent: {}
[19.431808] (-) TimerEvent: {}
[19.534316] (-) TimerEvent: {}
[19.634938] (-) TimerEvent: {}
[19.735339] (-) TimerEvent: {}
[19.836731] (-) TimerEvent: {}
[19.937080] (-) TimerEvent: {}
[20.037973] (-) TimerEvent: {}
[20.141085] (-) TimerEvent: {}
[20.241489] (-) TimerEvent: {}
[20.341869] (-) TimerEvent: {}
[20.443138] (-) TimerEvent: {}
[20.543907] (-) TimerEvent: {}
[20.645106] (-) TimerEvent: {}
[20.745518] (-) TimerEvent: {}
[20.845883] (-) TimerEvent: {}
[20.947087] (-) TimerEvent: {}
[21.053122] (-) TimerEvent: {}
[21.153829] (-) TimerEvent: {}
[21.254175] (-) TimerEvent: {}
[21.354621] (-) TimerEvent: {}
[21.455014] (-) TimerEvent: {}
[21.560055] (-) TimerEvent: {}
[21.660757] (-) TimerEvent: {}
[21.762841] (-) TimerEvent: {}
[21.863275] (-) TimerEvent: {}
[21.963941] (-) TimerEvent: {}
[22.064325] (-) TimerEvent: {}
[22.164697] (-) TimerEvent: {}
[22.265100] (-) TimerEvent: {}
[22.365547] (-) TimerEvent: {}
[22.465905] (-) TimerEvent: {}
[22.567079] (-) TimerEvent: {}
[22.667432] (-) TimerEvent: {}
[22.772090] (-) TimerEvent: {}
[22.872436] (-) TimerEvent: {}
[22.972788] (-) TimerEvent: {}
[23.073129] (-) TimerEvent: {}
[23.173889] (-) TimerEvent: {}
[23.278286] (-) TimerEvent: {}
[23.382448] (-) TimerEvent: {}
[23.482924] (-) TimerEvent: {}
[23.589251] (-) TimerEvent: {}
[23.690075] (-) TimerEvent: {}
[23.793137] (-) TimerEvent: {}
[23.893533] (-) TimerEvent: {}
[23.994794] (-) TimerEvent: {}
[24.095176] (-) TimerEvent: {}
[24.195534] (-) TimerEvent: {}
[24.295874] (-) TimerEvent: {}
[24.396182] (-) TimerEvent: {}
[24.496523] (-) TimerEvent: {}
[24.596882] (-) TimerEvent: {}
[24.697770] (-) TimerEvent: {}
[24.803171] (-) TimerEvent: {}
[24.906103] (-) TimerEvent: {}
[25.006489] (-) TimerEvent: {}
[25.106828] (-) TimerEvent: {}
[25.208134] (-) TimerEvent: {}
[25.309932] (-) TimerEvent: {}
[25.410307] (-) TimerEvent: {}
[25.510631] (-) TimerEvent: {}
[25.613325] (-) TimerEvent: {}
[25.714224] (-) TimerEvent: {}
[25.816088] (-) TimerEvent: {}
[25.916709] (-) TimerEvent: {}
[26.017099] (-) TimerEvent: {}
[26.117488] (-) TimerEvent: {}
[26.221176] (-) TimerEvent: {}
[26.321625] (-) TimerEvent: {}
[26.424115] (-) TimerEvent: {}
[26.524563] (-) TimerEvent: {}
[26.626130] (-) TimerEvent: {}
[26.727366] (-) TimerEvent: {}
[26.831674] (-) TimerEvent: {}
[26.932116] (-) TimerEvent: {}
[27.032826] (-) TimerEvent: {}
[27.133139] (-) TimerEvent: {}
[27.235163] (-) TimerEvent: {}
[27.335580] (-) TimerEvent: {}
[27.435916] (-) TimerEvent: {}
[27.538171] (-) TimerEvent: {}
[27.638569] (-) TimerEvent: {}
[27.738895] (-) TimerEvent: {}
[27.839248] (-) TimerEvent: {}
[27.939553] (-) TimerEvent: {}
[28.039927] (-) TimerEvent: {}
[28.140356] (-) TimerEvent: {}
[28.240896] (-) TimerEvent: {}
[28.341301] (-) TimerEvent: {}
[28.441610] (-) TimerEvent: {}
[28.541930] (-) TimerEvent: {}
[28.642398] (-) TimerEvent: {}
[28.742752] (-) TimerEvent: {}
[28.843554] (-) TimerEvent: {}
[28.944262] (-) TimerEvent: {}
[29.044604] (-) TimerEvent: {}
[29.146147] (-) TimerEvent: {}
[29.252325] (-) TimerEvent: {}
[29.352686] (-) TimerEvent: {}
[29.453096] (-) TimerEvent: {}
[29.553539] (-) TimerEvent: {}
[29.653919] (-) TimerEvent: {}
[29.754271] (-) TimerEvent: {}
[29.854690] (-) TimerEvent: {}
[29.955216] (-) TimerEvent: {}
[30.055584] (-) TimerEvent: {}
[30.155999] (-) TimerEvent: {}
[30.256355] (-) TimerEvent: {}
[30.356819] (-) TimerEvent: {}
[30.457120] (-) TimerEvent: {}
[30.559241] (-) TimerEvent: {}
[30.659606] (-) TimerEvent: {}
[30.760282] (-) TimerEvent: {}
[30.860638] (-) TimerEvent: {}
[30.961037] (-) TimerEvent: {}
[31.061367] (-) TimerEvent: {}
[31.162911] (-) TimerEvent: {}
[31.263637] (-) TimerEvent: {}
[31.365125] (-) TimerEvent: {}
[31.465572] (-) TimerEvent: {}
[31.566086] (-) TimerEvent: {}
[31.666482] (-) TimerEvent: {}
[31.766814] (-) TimerEvent: {}
[31.869142] (-) TimerEvent: {}
[31.969819] (-) TimerEvent: {}
[32.076088] (-) TimerEvent: {}
[32.176778] (-) TimerEvent: {}
[32.277334] (-) TimerEvent: {}
[32.378159] (-) TimerEvent: {}
[32.480300] (-) TimerEvent: {}
[32.582051] (-) TimerEvent: {}
[32.682398] (-) TimerEvent: {}
[32.782764] (-) TimerEvent: {}
[32.884106] (-) TimerEvent: {}
[32.984990] (-) TimerEvent: {}
[33.089278] (-) TimerEvent: {}
[33.190118] (-) TimerEvent: {}
[33.291291] (-) TimerEvent: {}
[33.391596] (-) TimerEvent: {}
[33.492004] (-) TimerEvent: {}
[33.593109] (-) TimerEvent: {}
[33.693713] (-) TimerEvent: {}
[33.794040] (-) TimerEvent: {}
[33.895782] (-) TimerEvent: {}
[33.997100] (-) TimerEvent: {}
[34.097484] (-) TimerEvent: {}
[34.197850] (-) TimerEvent: {}
[34.298193] (-) TimerEvent: {}
[34.399012] (-) TimerEvent: {}
[34.499333] (-) TimerEvent: {}
[34.599642] (-) TimerEvent: {}
[34.699933] (-) TimerEvent: {}
[34.800543] (-) TimerEvent: {}
[34.904246] (-) TimerEvent: {}
[35.004709] (-) TimerEvent: {}
[35.106157] (-) TimerEvent: {}
[35.207045] (-) TimerEvent: {}
[35.309139] (-) TimerEvent: {}
[35.409639] (-) TimerEvent: {}
[35.510118] (-) TimerEvent: {}
[35.612206] (-) TimerEvent: {}
[35.713099] (-) TimerEvent: {}
[35.813431] (-) TimerEvent: {}
[35.913720] (-) TimerEvent: {}
[36.014037] (-) TimerEvent: {}
[36.116209] (-) TimerEvent: {}
[36.216833] (-) TimerEvent: {}
[36.317200] (-) TimerEvent: {}
[36.417507] (-) TimerEvent: {}
[36.517840] (-) TimerEvent: {}
[36.618756] (-) TimerEvent: {}
[36.719102] (-) TimerEvent: {}
[36.819456] (-) TimerEvent: {}
[36.922090] (-) TimerEvent: {}
[37.022437] (-) TimerEvent: {}
[37.123074] (-) TimerEvent: {}
[37.223535] (-) TimerEvent: {}
[37.330092] (-) TimerEvent: {}
[37.430489] (-) TimerEvent: {}
[37.533106] (-) TimerEvent: {}
[37.633475] (-) TimerEvent: {}
[37.734101] (-) TimerEvent: {}
[37.834404] (-) TimerEvent: {}
[37.934761] (-) TimerEvent: {}
[38.035198] (-) TimerEvent: {}
[38.117931] (line_follower_controller) StdoutLine: {'line': b'[ 50%] Linking CXX executable line_follower_controller_node\n'}
[38.136075] (-) TimerEvent: {}
[38.237180] (-) TimerEvent: {}
[38.341396] (-) TimerEvent: {}
[38.442099] (-) TimerEvent: {}
[38.542509] (-) TimerEvent: {}
[38.643038] (-) TimerEvent: {}
[38.743520] (-) TimerEvent: {}
[38.844080] (-) TimerEvent: {}
[38.948143] (-) TimerEvent: {}
[39.049060] (-) TimerEvent: {}
[39.149420] (-) TimerEvent: {}
[39.254109] (-) TimerEvent: {}
[39.354785] (-) TimerEvent: {}
[39.457464] (-) TimerEvent: {}
[39.557818] (-) TimerEvent: {}
[39.659110] (-) TimerEvent: {}
[39.759512] (-) TimerEvent: {}
[39.770683] (line_follower_controller) StdoutLine: {'line': b'[100%] Built target line_follower_controller_node\n'}
[39.813149] (line_follower_controller) CommandEnded: {'returncode': 0}
[39.814263] (line_follower_controller) JobProgress: {'identifier': 'line_follower_controller', 'progress': 'install'}
[39.842179] (line_follower_controller) Command: {'cmd': ['/usr/bin/cmake', '--install', '/home/lucifer/anscer_workspace/LineFollower/build/line_follower_controller'], 'cwd': '/home/lucifer/anscer_workspace/LineFollower/build/line_follower_controller', 'env': OrderedDict({'GZ_SIM_RESOURCE_PATH': '/opt/ros/jazzy/share', 'GZ_CONFIG_PATH': '/opt/ros/jazzy/opt/gz_sim_vendor/share/gz:/opt/ros/jazzy/opt/sdformat_vendor/share/gz:/opt/ros/jazzy/opt/gz_gui_vendor/share/gz:/opt/ros/jazzy/opt/gz_transport_vendor/share/gz:/opt/ros/jazzy/opt/gz_rendering_vendor/share/gz:/opt/ros/jazzy/opt/gz_plugin_vendor/share/gz:/opt/ros/jazzy/opt/gz_fuel_tools_vendor/share/gz:/opt/ros/jazzy/opt/gz_msgs_vendor/share/gz:/opt/ros/jazzy/opt/gz_common_vendor/share/gz', 'HOSTNAME': 'fedora', 'SHLVL': '0', 'LIBGL_ALWAYS_SOFTWARE': '1', 'LD_LIBRARY_PATH': '/opt/ros/jazzy/opt/gz_sim_vendor/lib:/opt/ros/jazzy/opt/gz_sensors_vendor/lib:/opt/ros/jazzy/opt/gz_physics_vendor/lib:/opt/ros/jazzy/opt/sdformat_vendor/lib:/opt/ros/jazzy/opt/rviz_ogre_vendor/lib:/opt/ros/jazzy/lib/x86_64-linux-gnu:/opt/ros/jazzy/opt/gz_gui_vendor/lib:/opt/ros/jazzy/opt/gz_transport_vendor/lib:/opt/ros/jazzy/opt/gz_rendering_vendor/lib:/opt/ros/jazzy/opt/gz_plugin_vendor/lib:/opt/ros/jazzy/opt/gz_fuel_tools_vendor/lib:/opt/ros/jazzy/opt/gz_msgs_vendor/lib:/opt/ros/jazzy/opt/gz_common_vendor/lib:/opt/ros/jazzy/opt/gz_math_vendor/lib:/opt/ros/jazzy/opt/gz_utils_vendor/lib:/opt/ros/jazzy/opt/gz_tools_vendor/lib:/opt/ros/jazzy/opt/gz_ogre_next_vendor/lib:/opt/ros/jazzy/opt/gz_dartsim_vendor/lib:/opt/ros/jazzy/opt/gz_cmake_vendor/lib:/opt/ros/jazzy/lib', 'HOME': '/home/lucifer', 'ROS_PYTHON_VERSION': '3', 'ROS_DISTRO': 'jazzy', '_': '/usr/bin/colcon', 'ROS_VERSION': '2', 'QT_X11_NO_MITSHM': '1', 'PATH': '/opt/ros/jazzy/opt/gz_msgs_vendor/bin:/opt/ros/jazzy/opt/gz_tools_vendor/bin:/opt/ros/jazzy/opt/gz_ogre_next_vendor/bin:/opt/ros/jazzy/bin:/usr/local/sbin:/usr/local/bin:/usr/sbin:/usr/bin:/sbin:/bin', 'XDG_RUNTIME_DIR': '/tmp/runtime-root', 'DISPLAY': ':0', 'LANG': 'C.UTF-8', 'AMENT_PREFIX_PATH': '/opt/ros/jazzy', 'ROS_AUTOMATIC_DISCOVERY_RANGE': 'SUBNET', 'PWD': '/home/lucifer/anscer_workspace/LineFollower/build/line_follower_controller', 'LC_ALL': 'C.UTF-8', 'PYTHONPATH': '/opt/ros/jazzy/lib/python3.12/site-packages', 'COLCON': '1', 'CMAKE_PREFIX_PATH': '/opt/ros/jazzy/opt/gz_sim_vendor:/opt/ros/jazzy/opt/gz_sensors_vendor:/opt/ros/jazzy/opt/gz_physics_vendor:/opt/ros/jazzy/opt/sdformat_vendor:/opt/ros/jazzy/opt/gz_gui_vendor:/opt/ros/jazzy/opt/gz_transport_vendor:/opt/ros/jazzy/opt/gz_rendering_vendor:/opt/ros/jazzy/opt/gz_plugin_vendor:/opt/ros/jazzy/opt/gz_fuel_tools_vendor:/opt/ros/jazzy/opt/gz_msgs_vendor:/opt/ros/jazzy/opt/gz_common_vendor:/opt/ros/jazzy/opt/gz_math_vendor:/opt/ros/jazzy/opt/gz_utils_vendor:/opt/ros/jazzy/opt/gz_tools_vendor:/opt/ros/jazzy/opt/gz_ogre_next_vendor:/opt/ros/jazzy/opt/gz_dartsim_vendor:/opt/ros/jazzy/opt/gz_cmake_vendor:/opt/ros/jazzy'}), 'shell': False}
[39.866871] (line_follower_controller) StdoutLine: {'line': b'-- Install configuration: ""\n'}
[39.870011] (-) TimerEvent: {}
[39.870851] (line_follower_controller) StdoutLine: {'line': b'-- Installing: /home/lucifer/anscer_workspace/LineFollower/install/line_follower_controller/lib/line_follower_controller/line_follower_controller_node\n'}
[39.886938] (line_follower_controller) StdoutLine: {'line': b'-- Set non-toolchain portion of runtime path of "/home/lucifer/anscer_workspace/LineFollower/install/line_follower_controller/lib/line_follower_controller/line_follower_controller_node" to ""\n'}
[39.888601] (line_follower_controller) StdoutLine: {'line': b'-- Up-to-date: /home/lucifer/anscer_workspace/LineFollower/install/line_follower_controller/share/line_follower_controller/config\n'}
[39.889689] (line_follower_controller) StdoutLine: {'line': b'-- Up-to-date: /home/lucifer/anscer_workspace/LineFollower/install/line_follower_controller/share/line_follower_controller/config/params.yaml\n'}
[39.890088] (line_follower_controller) StdoutLine: {'line': b'-- Up-to-date: /home/lucifer/anscer_workspace/LineFollower/install/line_follower_controller/share/line_follower_controller/launch\n'}
[39.890525] (line_follower_controller) StdoutLine: {'line': b'-- Up-to-date: /home/lucifer/anscer_workspace/LineFollower/install/line_follower_controller/share/line_follower_controller/launch/play.launch.py\n'}
[39.890979] (line_follower_controller) StdoutLine: {'line': b'-- Up-to-date: /home/lucifer/anscer_workspace/LineFollower/install/line_follower_controller/share/ament_index/resource_index/package_run_dependencies/line_follower_controller\n'}
[39.891273] (line_follower_controller) StdoutLine: {'line': b'-- Up-to-date: /home/lucifer/anscer_workspace/LineFollower/install/line_follower_controller/share/ament_index/resource_index/parent_prefix_path/line_follower_controller\n'}
[39.891544] (line_follower_controller) StdoutLine: {'line': b'-- Up-to-date: /home/lucifer/anscer_workspace/LineFollower/install/line_follower_controller/share/line_follower_controller/environment/ament_prefix_path.sh\n'}
[39.891771] (line_follower_controller) StdoutLine: {'line': b'-- Up-to-date: /home/lucifer/anscer_workspace/LineFollower/install/line_follower_controller/share/line_follower_controller/environment/ament_prefix_path.dsv\n'}
[39.892051] (line_follower_controller) StdoutLine: {'line': b'-- Up-to-date: /home/lucifer/anscer_workspace/LineFollower/install/line_follower_controller/share/line_follower_controller/environment/path.sh\n'}
[39.892332] (line_follower_controller) StdoutLine: {'line': b'-- Up-to-date: /home/lucifer/anscer_workspace/LineFollower/install/line_follower_controller/share/line_follower_controller/environment/path.dsv\n'}
[39.893263] (line_follower_controller) StdoutLine: {'line': b'-- Up-to-date: /home/lucifer/anscer_workspace/LineFollower/install/line_follower_controller/share/line_follower_controller/local_setup.bash\n'}
[39.894481] (line_follower_controller) StdoutLine: {'line': b'-- Up-to-date: /home/lucifer/anscer_workspace/LineFollower/install/line_follower_controller/share/line_follower_controller/local_setup.sh\n'}
[39.895012] (line_follower_controller) StdoutLine: {'line': b'-- Up-to-date: /home/lucifer/anscer_workspace/LineFollower/install/line_follower_controller/share/line_follower_controller/local_setup.zsh\n'}
[39.895270] (line_follower_controller) StdoutLine: {'line': b'-- Up-to-date: /home/lucifer/anscer_workspace/LineFollower/install/line_follower_controller/share/line_follower_controller/local_setup.dsv\n'}
[39.895440] (line_follower_controller) StdoutLine: {'line': b'-- Installing: /home/lucifer/anscer_workspace/LineFollower/install/line_follower_controller/share/line_follower_controller/package.dsv\n'}
[39.895561] (line_follower_controller) StdoutLine: {'line': b'-- Up-to-date: /home/lucifer/anscer_workspace/LineFollower/install/line_follower_controller/share/ament_index/resource_index/packages/line_follower_controller\n'}
[39.895650] (line_follower_controller) StdoutLine: {'line': b'-- Up-to-date: /home/lucifer/anscer_workspace/LineFollower/install/line_follower_controller/share/line_follower_controller/cmake/line_follower_controllerConfig.cmake\n'}
[39.895870] (line_follower_controller) StdoutLine: {'line': b'-- Up-to-date: /home/lucifer/anscer_workspace/LineFollower/install/line_follower_controller/share/line_follower_controller/cmake/line_follower_controllerConfig-version.cmake\n'}
[39.896122] (line_follower_controller) StdoutLine: {'line': b'-- Up-to-date: /home/lucifer/anscer_workspace/LineFollower/install/line_follower_controller/share/line_follower_controller/package.xml\n'}
[39.896290] (line_follower_controller) CommandEnded: {'returncode': 0}
[39.928038] (line_follower_controller) JobEnded: {'identifier': 'line_follower_controller', 'rc': 0}
[39.929531] (-) EventReactorShutdown: {}
