-- Found ament_cmake: 2.5.6 (/opt/ros/jazzy/share/ament_cmake/cmake)
-- Found rclcpp: 28.1.18 (/opt/ros/jazzy/share/rclcpp/cmake)
-- Found rosidl_generator_c: 4.6.7 (/opt/ros/jazzy/share/rosidl_generator_c/cmake)
-- Found rosidl_generator_cpp: 4.6.7 (/opt/ros/jazzy/share/rosidl_generator_cpp/cmake)
-- Using all available rosidl_typesupport_c: rosidl_typesupport_fastrtps_c;rosidl_typesupport_introspection_c
-- Using all available rosidl_typesupport_cpp: rosidl_typesupport_fastrtps_cpp;rosidl_typesupport_introspection_cpp
-- Found rmw_implementation_cmake: 7.3.3 (/opt/ros/jazzy/share/rmw_implementation_cmake/cmake)
-- Found rmw_fastrtps_cpp: 8.4.3 (/opt/ros/jazzy/share/rmw_fastrtps_cpp/cmake)
-- Using RMW implementation 'rmw_fastrtps_cpp' as default
-- Found rclcpp_action: 28.1.18 (/opt/ros/jazzy/share/rclcpp_action/cmake)
-- Found nav2_msgs: 1.3.11 (/opt/ros/jazzy/share/nav2_msgs/cmake)
-- Found ament_lint_auto: 0.17.5 (/opt/ros/jazzy/share/ament_lint_auto/cmake)
-- Added test 'copyright' to check source files copyright and LICENSE
-- Added test 'cppcheck' to perform static code analysis on C / C++ code
-- Configured cppcheck include dirs: $<BUILD_INTERFACE:/home/lucifer/anscer_workspace/LineFollower/src/nav_server/include>
-- Configured cppcheck exclude dirs and/or files: 
-- Added test 'cpplint' to check C / C++ code against the Google style
-- Configured cpplint exclude dirs and/or files: 
-- Added test 'lint_cmake' to check CMake code style
-- Added test 'uncrustify' to check C / C++ code style
-- Configured uncrustify additional arguments: 
-- Added test 'xmllint' to check XML markup files
-- Configuring done (0.8s)
-- Generating done (0.0s)
-- Build files have been written to: /home/lucifer/anscer_workspace/LineFollower/build/nav_server
[ 50%] Building CXX object CMakeFiles/nav_server_node.dir/src/nav_server_node.cpp.o
[100%] Linking CXX executable nav_server_node
[100%] Built target nav_server_node
-- Install configuration: "Release"
-- Installing: /home/lucifer/anscer_workspace/LineFollower/install/nav_server/lib/nav_server/nav_server_node
-- Set non-toolchain portion of runtime path of "/home/lucifer/anscer_workspace/LineFollower/install/nav_server/lib/nav_server/nav_server_node" to ""
-- Up-to-date: /home/lucifer/anscer_workspace/LineFollower/install/nav_server/share/ament_index/resource_index/package_run_dependencies/nav_server
-- Up-to-date: /home/lucifer/anscer_workspace/LineFollower/install/nav_server/share/ament_index/resource_index/parent_prefix_path/nav_server
-- Up-to-date: /home/lucifer/anscer_workspace/LineFollower/install/nav_server/share/nav_server/environment/ament_prefix_path.sh
-- Up-to-date: /home/lucifer/anscer_workspace/LineFollower/install/nav_server/share/nav_server/environment/ament_prefix_path.dsv
-- Up-to-date: /home/lucifer/anscer_workspace/LineFollower/install/nav_server/share/nav_server/environment/path.sh
-- Up-to-date: /home/lucifer/anscer_workspace/LineFollower/install/nav_server/share/nav_server/environment/path.dsv
-- Up-to-date: /home/lucifer/anscer_workspace/LineFollower/install/nav_server/share/nav_server/local_setup.bash
-- Up-to-date: /home/lucifer/anscer_workspace/LineFollower/install/nav_server/share/nav_server/local_setup.sh
-- Up-to-date: /home/lucifer/anscer_workspace/LineFollower/install/nav_server/share/nav_server/local_setup.zsh
-- Up-to-date: /home/lucifer/anscer_workspace/LineFollower/install/nav_server/share/nav_server/local_setup.dsv
-- Installing: /home/lucifer/anscer_workspace/LineFollower/install/nav_server/share/nav_server/package.dsv
-- Up-to-date: /home/lucifer/anscer_workspace/LineFollower/install/nav_server/share/ament_index/resource_index/packages/nav_server
-- Up-to-date: /home/lucifer/anscer_workspace/LineFollower/install/nav_server/share/nav_server/cmake/nav_serverConfig.cmake
-- Up-to-date: /home/lucifer/anscer_workspace/LineFollower/install/nav_server/share/nav_server/cmake/nav_serverConfig-version.cmake
-- Up-to-date: /home/lucifer/anscer_workspace/LineFollower/install/nav_server/share/nav_server/package.xml
