[0.000000] (-) TimerEvent: {}
[0.001767] (-) JobUnselected: {'identifier': 'hardware_sim'}
[0.002797] (-) JobUnselected: {'identifier': 'nav_server'}
[0.003024] (-) JobUnselected: {'identifier': 'navigation_server'}
[0.003223] (line_follower_controller) JobQueued: {'identifier': 'line_follower_controller', 'dependencies': OrderedDict()}
[0.015977] (line_follower_controller) JobStarted: {'identifier': 'line_follower_controller'}
[0.055952] (line_follower_controller) JobProgress: {'identifier': 'line_follower_controller', 'progress': 'cmake'}
[0.058255] (line_follower_controller) JobProgress: {'identifier': 'line_follower_controller', 'progress': 'build'}
[0.060171] (line_follower_controller) Command: {'cmd': ['/usr/bin/cmake', '--build', '/home/lucifer/anscer_workspace/LineFollower/build/line_follower_controller', '--', '-j12', '-l12'], 'cwd': '/home/lucifer/anscer_workspace/LineFollower/build/line_follower_controller', 'env': OrderedDict({'GZ_SIM_RESOURCE_PATH': '/opt/ros/jazzy/share', 'GZ_CONFIG_PATH': '/opt/ros/jazzy/opt/gz_sim_vendor/share/gz:/opt/ros/jazzy/opt/sdformat_vendor/share/gz:/opt/ros/jazzy/opt/gz_gui_vendor/share/gz:/opt/ros/jazzy/opt/gz_transport_vendor/share/gz:/opt/ros/jazzy/opt/gz_rendering_vendor/share/gz:/opt/ros/jazzy/opt/gz_plugin_vendor/share/gz:/opt/ros/jazzy/opt/gz_fuel_tools_vendor/share/gz:/opt/ros/jazzy/opt/gz_msgs_vendor/share/gz:/opt/ros/jazzy/opt/gz_common_vendor/share/gz', 'HOSTNAME': 'fedora', 'SHLVL': '0', 'LIBGL_ALWAYS_SOFTWARE': '1', 'LD_LIBRARY_PATH': '/opt/ros/jazzy/opt/gz_sim_vendor/lib:/opt/ros/jazzy/opt/gz_sensors_vendor/lib:/opt/ros/jazzy/opt/gz_physics_vendor/lib:/opt/ros/jazzy/opt/sdformat_vendor/lib:/opt/ros/jazzy/opt/rviz_ogre_vendor/lib:/opt/ros/jazzy/lib/x86_64-linux-gnu:/opt/ros/jazzy/opt/gz_gui_vendor/lib:/opt/ros/jazzy/opt/gz_transport_vendor/lib:/opt/ros/jazzy/opt/gz_rendering_vendor/lib:/opt/ros/jazzy/opt/gz_plugin_vendor/lib:/opt/ros/jazzy/opt/gz_fuel_tools_vendor/lib:/opt/ros/jazzy/opt/gz_msgs_vendor/lib:/opt/ros/jazzy/opt/gz_common_vendor/lib:/opt/ros/jazzy/opt/gz_math_vendor/lib:/opt/ros/jazzy/opt/gz_utils_vendor/lib:/opt/ros/jazzy/opt/gz_tools_vendor/lib:/opt/ros/jazzy/opt/gz_ogre_next_vendor/lib:/opt/ros/jazzy/opt/gz_dartsim_vendor/lib:/opt/ros/jazzy/opt/gz_cmake_vendor/lib:/opt/ros/jazzy/lib', 'HOME': '/home/lucifer', 'ROS_PYTHON_VERSION': '3', 'ROS_DISTRO': 'jazzy', '_': '/usr/bin/colcon', 'ROS_VERSION': '2', 'QT_X11_NO_MITSHM': '1', 'PATH': '/opt/ros/jazzy/opt/gz_msgs_vendor/bin:/opt/ros/jazzy/opt/gz_tools_vendor/bin:/opt/ros/jazzy/opt/gz_ogre_next_vendor/bin:/opt/ros/jazzy/bin:/usr/local/sbin:/usr/local/bin:/usr/sbin:/usr/bin:/sbin:/bin', 'XDG_RUNTIME_DIR': '/tmp/runtime-root', 'DISPLAY': ':0', 'LANG': 'C.UTF-8', 'AMENT_PREFIX_PATH': '/opt/ros/jazzy', 'ROS_AUTOMATIC_DISCOVERY_RANGE': 'SUBNET', 'PWD': '/home/lucifer/anscer_workspace/LineFollower/build/line_follower_controller', 'LC_ALL': 'C.UTF-8', 'PYTHONPATH': '/opt/ros/jazzy/lib/python3.12/site-packages', 'COLCON': '1', 'CMAKE_PREFIX_PATH': '/opt/ros/jazzy/opt/gz_sim_vendor:/opt/ros/jazzy/opt/gz_sensors_vendor:/opt/ros/jazzy/opt/gz_physics_vendor:/opt/ros/jazzy/opt/sdformat_vendor:/opt/ros/jazzy/opt/gz_gui_vendor:/opt/ros/jazzy/opt/gz_transport_vendor:/opt/ros/jazzy/opt/gz_rendering_vendor:/opt/ros/jazzy/opt/gz_plugin_vendor:/opt/ros/jazzy/opt/gz_fuel_tools_vendor:/opt/ros/jazzy/opt/gz_msgs_vendor:/opt/ros/jazzy/opt/gz_common_vendor:/opt/ros/jazzy/opt/gz_math_vendor:/opt/ros/jazzy/opt/gz_utils_vendor:/opt/ros/jazzy/opt/gz_tools_vendor:/opt/ros/jazzy/opt/gz_ogre_next_vendor:/opt/ros/jazzy/opt/gz_dartsim_vendor:/opt/ros/jazzy/opt/gz_cmake_vendor:/opt/ros/jazzy'}), 'shell': False}
[0.098202] (-) TimerEvent: {}
[0.198607] (-) TimerEvent: {}
[0.260152] (line_follower_controller) StdoutLine: {'line': b'[ 25%] Building CXX object CMakeFiles/line_follower_controller_node.dir/src/PidController.cpp.o\n'}
[0.298810] (-) TimerEvent: {}
[0.399430] (-) TimerEvent: {}
[0.500236] (-) TimerEvent: {}
[0.601393] (-) TimerEvent: {}
[0.704229] (-) TimerEvent: {}
[0.806828] (-) TimerEvent: {}
[0.907839] (-) TimerEvent: {}
[1.008572] (-) TimerEvent: {}
[1.109031] (-) TimerEvent: {}
[1.209457] (-) TimerEvent: {}
[1.310219] (-) TimerEvent: {}
[1.410688] (-) TimerEvent: {}
[1.511793] (-) TimerEvent: {}
[1.613842] (-) TimerEvent: {}
[1.714228] (-) TimerEvent: {}
[1.814823] (-) TimerEvent: {}
[1.930246] (-) TimerEvent: {}
[2.031019] (-) TimerEvent: {}
[2.135032] (-) TimerEvent: {}
[2.235615] (-) TimerEvent: {}
[2.336203] (-) TimerEvent: {}
[2.438009] (-) TimerEvent: {}
[2.538365] (-) TimerEvent: {}
[2.638730] (-) TimerEvent: {}
[2.750235] (-) TimerEvent: {}
[2.864779] (-) TimerEvent: {}
[2.965139] (-) TimerEvent: {}
[3.065512] (-) TimerEvent: {}
[3.165929] (-) TimerEvent: {}
[3.266259] (-) TimerEvent: {}
[3.368454] (-) TimerEvent: {}
[3.469078] (-) TimerEvent: {}
[3.569631] (-) TimerEvent: {}
[3.670180] (-) TimerEvent: {}
[3.772787] (-) TimerEvent: {}
[3.876954] (-) TimerEvent: {}
[3.980330] (-) TimerEvent: {}
[4.080874] (-) TimerEvent: {}
[4.182705] (-) TimerEvent: {}
[4.289759] (-) TimerEvent: {}
[4.390139] (-) TimerEvent: {}
[4.491800] (-) TimerEvent: {}
[4.592178] (-) TimerEvent: {}
[4.692547] (-) TimerEvent: {}
[4.792909] (-) TimerEvent: {}
[4.893979] (-) TimerEvent: {}
[4.994816] (-) TimerEvent: {}
[5.097043] (-) TimerEvent: {}
[5.197819] (-) TimerEvent: {}
[5.298779] (-) TimerEvent: {}
[5.399170] (-) TimerEvent: {}
[5.499828] (-) TimerEvent: {}
[5.600790] (-) TimerEvent: {}
[5.701177] (-) TimerEvent: {}
[5.801766] (-) TimerEvent: {}
[5.905953] (-) TimerEvent: {}
[6.006533] (-) TimerEvent: {}
[6.106858] (-) TimerEvent: {}
[6.207596] (-) TimerEvent: {}
[6.309084] (-) TimerEvent: {}
[6.409769] (-) TimerEvent: {}
[6.511287] (-) TimerEvent: {}
[6.611911] (-) TimerEvent: {}
[6.712891] (-) TimerEvent: {}
[6.815042] (-) TimerEvent: {}
[6.915679] (-) TimerEvent: {}
[7.015993] (-) TimerEvent: {}
[7.116847] (-) TimerEvent: {}
[7.217865] (-) TimerEvent: {}
[7.318317] (-) TimerEvent: {}
[7.420839] (-) TimerEvent: {}
[7.501842] (line_follower_controller) StderrLine: {'line': b'/home/lucifer/anscer_workspace/LineFollower/src/line_follower_controller/src/PidController.cpp: In member function \xe2\x80\x98void line_follower::PidController::tagIdCallback(std_msgs::msg::String_<std::allocator<void> >::SharedPtr)\xe2\x80\x99:\n'}
[7.502489] (line_follower_controller) StderrLine: {'line': b'/home/lucifer/anscer_workspace/LineFollower/src/line_follower_controller/src/PidController.cpp:349:31: error: conversion from \xe2\x80\x98size_t\xe2\x80\x99 {aka \xe2\x80\x98long unsigned int\xe2\x80\x99} to \xe2\x80\x98int\xe2\x80\x99 may change value [-Werror=conversion]\n'}
[7.502919] (line_follower_controller) StderrLine: {'line': b'  349 |                     tag_idx = i;\n'}
[7.503203] (line_follower_controller) StderrLine: {'line': b'      |                               ^\n'}
[7.520968] (-) TimerEvent: {}
[7.621306] (-) TimerEvent: {}
[7.721688] (-) TimerEvent: {}
[7.822057] (-) TimerEvent: {}
[7.922407] (-) TimerEvent: {}
[8.023281] (-) TimerEvent: {}
[8.125034] (-) TimerEvent: {}
[8.225310] (-) TimerEvent: {}
[8.329805] (-) TimerEvent: {}
[8.430190] (-) TimerEvent: {}
[8.530714] (-) TimerEvent: {}
[8.631300] (-) TimerEvent: {}
[8.733814] (-) TimerEvent: {}
[8.834458] (-) TimerEvent: {}
[8.935165] (-) TimerEvent: {}
[9.035802] (-) TimerEvent: {}
[9.136164] (-) TimerEvent: {}
[9.236799] (-) TimerEvent: {}
[9.337838] (-) TimerEvent: {}
[9.438829] (-) TimerEvent: {}
[9.539546] (-) TimerEvent: {}
[9.640971] (-) TimerEvent: {}
[9.741395] (-) TimerEvent: {}
[9.842215] (-) TimerEvent: {}
[9.947786] (-) TimerEvent: {}
[10.048367] (-) TimerEvent: {}
[10.148642] (-) TimerEvent: {}
[10.248988] (-) TimerEvent: {}
[10.350301] (-) TimerEvent: {}
[10.450689] (-) TimerEvent: {}
[10.565289] (-) TimerEvent: {}
[10.665651] (-) TimerEvent: {}
[10.766097] (-) TimerEvent: {}
[10.867310] (-) TimerEvent: {}
[10.968822] (-) TimerEvent: {}
[11.069245] (-) TimerEvent: {}
[11.172980] (-) TimerEvent: {}
[11.273409] (-) TimerEvent: {}
[11.373727] (-) TimerEvent: {}
[11.474929] (-) TimerEvent: {}
[11.575488] (-) TimerEvent: {}
[11.678898] (-) TimerEvent: {}
[11.779612] (-) TimerEvent: {}
[11.885124] (-) TimerEvent: {}
[11.985924] (-) TimerEvent: {}
[12.086769] (-) TimerEvent: {}
[12.187419] (-) TimerEvent: {}
[12.288169] (-) TimerEvent: {}
[12.391849] (-) TimerEvent: {}
[12.492556] (-) TimerEvent: {}
[12.593072] (-) TimerEvent: {}
[12.693824] (-) TimerEvent: {}
[12.794212] (-) TimerEvent: {}
[12.894594] (-) TimerEvent: {}
[12.996809] (-) TimerEvent: {}
[13.097237] (-) TimerEvent: {}
[13.197769] (-) TimerEvent: {}
[13.299186] (-) TimerEvent: {}
[13.400426] (-) TimerEvent: {}
[13.501064] (-) TimerEvent: {}
[13.601374] (-) TimerEvent: {}
[13.701750] (-) TimerEvent: {}
[13.803570] (-) TimerEvent: {}
[13.904219] (-) TimerEvent: {}
[14.005828] (-) TimerEvent: {}
[14.106463] (-) TimerEvent: {}
[14.207766] (-) TimerEvent: {}
[14.308335] (-) TimerEvent: {}
[14.408769] (-) TimerEvent: {}
[14.509091] (-) TimerEvent: {}
[14.613188] (-) TimerEvent: {}
[14.714142] (-) TimerEvent: {}
[14.814722] (-) TimerEvent: {}
[14.915167] (-) TimerEvent: {}
[15.016794] (-) TimerEvent: {}
[15.117240] (-) TimerEvent: {}
[15.217637] (-) TimerEvent: {}
[15.320525] (-) TimerEvent: {}
[15.420991] (-) TimerEvent: {}
[15.522167] (-) TimerEvent: {}
[15.630095] (-) TimerEvent: {}
[15.730790] (-) TimerEvent: {}
[15.834796] (-) TimerEvent: {}
[15.935388] (-) TimerEvent: {}
[16.036792] (-) TimerEvent: {}
[16.137307] (-) TimerEvent: {}
[16.239038] (-) TimerEvent: {}
[16.339339] (-) TimerEvent: {}
[16.442277] (-) TimerEvent: {}
[16.546864] (-) TimerEvent: {}
[16.651772] (-) TimerEvent: {}
[16.752317] (-) TimerEvent: {}
[16.852634] (-) TimerEvent: {}
[16.953669] (-) TimerEvent: {}
[17.054780] (-) TimerEvent: {}
[17.155275] (-) TimerEvent: {}
[17.255580] (-) TimerEvent: {}
[17.356823] (-) TimerEvent: {}
[17.460815] (-) TimerEvent: {}
[17.561398] (-) TimerEvent: {}
[17.662834] (-) TimerEvent: {}
[17.763548] (-) TimerEvent: {}
[17.863967] (-) TimerEvent: {}
[17.964321] (-) TimerEvent: {}
[18.064719] (-) TimerEvent: {}
[18.165502] (-) TimerEvent: {}
[18.268785] (-) TimerEvent: {}
[18.369502] (-) TimerEvent: {}
[18.470186] (-) TimerEvent: {}
[18.570842] (-) TimerEvent: {}
[18.671422] (-) TimerEvent: {}
[18.772949] (-) TimerEvent: {}
[18.884822] (-) TimerEvent: {}
[18.985536] (-) TimerEvent: {}
[19.085999] (-) TimerEvent: {}
[19.215322] (-) TimerEvent: {}
[19.316836] (-) TimerEvent: {}
[19.418843] (-) TimerEvent: {}
[19.519478] (-) TimerEvent: {}
[19.620170] (-) TimerEvent: {}
[19.720852] (-) TimerEvent: {}
[19.825010] (-) TimerEvent: {}
[19.925361] (-) TimerEvent: {}
[20.025838] (-) TimerEvent: {}
[20.126219] (-) TimerEvent: {}
[20.228859] (-) TimerEvent: {}
[20.329712] (-) TimerEvent: {}
[20.431241] (-) TimerEvent: {}
[20.535787] (-) TimerEvent: {}
[20.636412] (-) TimerEvent: {}
[20.737329] (-) TimerEvent: {}
[20.838071] (-) TimerEvent: {}
[20.938372] (-) TimerEvent: {}
[21.038706] (-) TimerEvent: {}
[21.139249] (-) TimerEvent: {}
[21.241992] (-) TimerEvent: {}
[21.344918] (-) TimerEvent: {}
[21.445513] (-) TimerEvent: {}
[21.548803] (-) TimerEvent: {}
[21.649161] (-) TimerEvent: {}
[21.749544] (-) TimerEvent: {}
[21.850193] (-) TimerEvent: {}
[21.954791] (-) TimerEvent: {}
[22.055153] (-) TimerEvent: {}
[22.158335] (-) TimerEvent: {}
[22.261771] (-) TimerEvent: {}
[22.362319] (-) TimerEvent: {}
[22.462866] (-) TimerEvent: {}
[22.563364] (-) TimerEvent: {}
[22.663855] (-) TimerEvent: {}
[22.764775] (-) TimerEvent: {}
[22.865306] (-) TimerEvent: {}
[22.965784] (-) TimerEvent: {}
[23.066869] (-) TimerEvent: {}
[23.168492] (-) TimerEvent: {}
[23.270840] (-) TimerEvent: {}
[23.371263] (-) TimerEvent: {}
[23.471814] (-) TimerEvent: {}
[23.576054] (-) TimerEvent: {}
[23.676861] (-) TimerEvent: {}
[23.779583] (-) TimerEvent: {}
[23.879959] (-) TimerEvent: {}
[23.980310] (-) TimerEvent: {}
[24.083729] (-) TimerEvent: {}
[24.184150] (-) TimerEvent: {}
[24.284512] (-) TimerEvent: {}
[24.385190] (-) TimerEvent: {}
[24.485620] (-) TimerEvent: {}
[24.586432] (-) TimerEvent: {}
[24.687065] (-) TimerEvent: {}
[24.787758] (-) TimerEvent: {}
[24.889843] (-) TimerEvent: {}
[24.990546] (-) TimerEvent: {}
[25.095854] (-) TimerEvent: {}
[25.196808] (-) TimerEvent: {}
[25.302905] (-) TimerEvent: {}
[25.410827] (-) TimerEvent: {}
[25.513063] (-) TimerEvent: {}
[25.613858] (-) TimerEvent: {}
[25.715772] (-) TimerEvent: {}
[25.818652] (-) TimerEvent: {}
[25.921834] (-) TimerEvent: {}
[26.022763] (-) TimerEvent: {}
[26.133828] (-) TimerEvent: {}
[26.234480] (-) TimerEvent: {}
[26.335166] (-) TimerEvent: {}
[26.435491] (-) TimerEvent: {}
[26.537310] (-) TimerEvent: {}
[26.637704] (-) TimerEvent: {}
[26.739021] (-) TimerEvent: {}
[26.843821] (-) TimerEvent: {}
[26.946564] (-) TimerEvent: {}
[27.047209] (-) TimerEvent: {}
[27.149570] (-) TimerEvent: {}
[27.250247] (-) TimerEvent: {}
[27.352881] (-) TimerEvent: {}
[27.455814] (-) TimerEvent: {}
[27.556458] (-) TimerEvent: {}
[27.657232] (-) TimerEvent: {}
[27.757974] (-) TimerEvent: {}
[27.860847] (-) TimerEvent: {}
[27.962841] (-) TimerEvent: {}
[28.063315] (-) TimerEvent: {}
[28.163981] (-) TimerEvent: {}
[28.264632] (-) TimerEvent: {}
[28.365048] (-) TimerEvent: {}
[28.465433] (-) TimerEvent: {}
[28.565730] (-) TimerEvent: {}
[28.666826] (-) TimerEvent: {}
[28.769947] (-) TimerEvent: {}
[28.870540] (-) TimerEvent: {}
[28.973790] (-) TimerEvent: {}
[29.074213] (-) TimerEvent: {}
[29.174909] (-) TimerEvent: {}
[29.275519] (-) TimerEvent: {}
[29.375854] (-) TimerEvent: {}
[29.478801] (-) TimerEvent: {}
[29.579412] (-) TimerEvent: {}
[29.679780] (-) TimerEvent: {}
[29.780866] (-) TimerEvent: {}
[29.881643] (-) TimerEvent: {}
[29.982823] (-) TimerEvent: {}
[30.083512] (-) TimerEvent: {}
[30.183853] (-) TimerEvent: {}
[30.291777] (-) TimerEvent: {}
[30.392140] (-) TimerEvent: {}
[30.492610] (-) TimerEvent: {}
[30.592969] (-) TimerEvent: {}
[30.693309] (-) TimerEvent: {}
[30.798794] (-) TimerEvent: {}
[30.899207] (-) TimerEvent: {}
[31.000180] (-) TimerEvent: {}
[31.100552] (-) TimerEvent: {}
[31.200892] (-) TimerEvent: {}
[31.303779] (-) TimerEvent: {}
[31.404097] (-) TimerEvent: {}
[31.504777] (-) TimerEvent: {}
[31.605123] (-) TimerEvent: {}
[31.705668] (-) TimerEvent: {}
[31.806008] (-) TimerEvent: {}
[31.907779] (-) TimerEvent: {}
[32.011394] (-) TimerEvent: {}
[32.137337] (-) TimerEvent: {}
[32.239476] (-) TimerEvent: {}
[32.340292] (-) TimerEvent: {}
[32.441467] (-) TimerEvent: {}
[32.544771] (-) TimerEvent: {}
[32.645061] (-) TimerEvent: {}
[32.749194] (-) TimerEvent: {}
[32.849787] (-) TimerEvent: {}
[32.950110] (-) TimerEvent: {}
[33.050425] (-) TimerEvent: {}
[33.150771] (-) TimerEvent: {}
[33.251064] (-) TimerEvent: {}
[33.353386] (-) TimerEvent: {}
[33.454750] (-) TimerEvent: {}
[33.555324] (-) TimerEvent: {}
[33.655718] (-) TimerEvent: {}
[33.757335] (-) TimerEvent: {}
[33.858090] (-) TimerEvent: {}
[33.958806] (-) TimerEvent: {}
[34.061319] (-) TimerEvent: {}
[34.161715] (-) TimerEvent: {}
[34.262827] (-) TimerEvent: {}
[34.363480] (-) TimerEvent: {}
[34.464260] (-) TimerEvent: {}
[34.566814] (-) TimerEvent: {}
[34.667171] (-) TimerEvent: {}
[34.769114] (-) TimerEvent: {}
[34.869436] (-) TimerEvent: {}
[34.969965] (-) TimerEvent: {}
[35.070514] (-) TimerEvent: {}
[35.171069] (-) TimerEvent: {}
[35.271637] (-) TimerEvent: {}
[35.373770] (-) TimerEvent: {}
[35.474291] (-) TimerEvent: {}
[35.575562] (-) TimerEvent: {}
[35.676005] (-) TimerEvent: {}
[35.776816] (-) TimerEvent: {}
[35.877184] (-) TimerEvent: {}
[35.981523] (-) TimerEvent: {}
[36.087988] (-) TimerEvent: {}
[36.197424] (-) TimerEvent: {}
[36.300870] (-) TimerEvent: {}
[36.401338] (-) TimerEvent: {}
[36.502056] (-) TimerEvent: {}
[36.602490] (-) TimerEvent: {}
[36.703140] (-) TimerEvent: {}
[36.804567] (-) TimerEvent: {}
[36.905129] (-) TimerEvent: {}
[37.009481] (-) TimerEvent: {}
[37.110029] (-) TimerEvent: {}
[37.210386] (-) TimerEvent: {}
[37.326617] (-) TimerEvent: {}
[37.427159] (-) TimerEvent: {}
[37.527477] (-) TimerEvent: {}
[37.627784] (-) TimerEvent: {}
[37.728071] (-) TimerEvent: {}
[37.828469] (-) TimerEvent: {}
[37.928842] (-) TimerEvent: {}
[38.032837] (-) TimerEvent: {}
[38.133413] (-) TimerEvent: {}
[38.233834] (-) TimerEvent: {}
[38.339830] (-) TimerEvent: {}
[38.440175] (-) TimerEvent: {}
[38.542844] (-) TimerEvent: {}
[38.643326] (-) TimerEvent: {}
[38.743820] (-) TimerEvent: {}
[38.846134] (-) TimerEvent: {}
[38.946981] (-) TimerEvent: {}
[39.047459] (-) TimerEvent: {}
[39.152834] (-) TimerEvent: {}
[39.254827] (-) TimerEvent: {}
[39.355719] (-) TimerEvent: {}
[39.456171] (-) TimerEvent: {}
[39.558371] (-) TimerEvent: {}
[39.659856] (-) TimerEvent: {}
[39.768814] (-) TimerEvent: {}
[39.869513] (-) TimerEvent: {}
[39.972886] (-) TimerEvent: {}
[40.073600] (-) TimerEvent: {}
[40.175701] (-) TimerEvent: {}
[40.276443] (-) TimerEvent: {}
[40.376881] (-) TimerEvent: {}
[40.477297] (-) TimerEvent: {}
[40.578812] (-) TimerEvent: {}
[40.679494] (-) TimerEvent: {}
[40.781049] (-) TimerEvent: {}
[40.881770] (-) TimerEvent: {}
[40.982207] (-) TimerEvent: {}
[41.084829] (-) TimerEvent: {}
[41.185315] (-) TimerEvent: {}
[41.287824] (-) TimerEvent: {}
[41.398836] (-) TimerEvent: {}
[41.501951] (-) TimerEvent: {}
[41.602402] (-) TimerEvent: {}
[41.753838] (-) TimerEvent: {}
[41.856811] (-) TimerEvent: {}
[41.957268] (-) TimerEvent: {}
[42.057675] (-) TimerEvent: {}
[42.158323] (-) TimerEvent: {}
[42.258634] (-) TimerEvent: {}
[42.359258] (-) TimerEvent: {}
[42.462899] (-) TimerEvent: {}
[42.563423] (-) TimerEvent: {}
[42.663802] (-) TimerEvent: {}
[42.769324] (-) TimerEvent: {}
[42.869748] (-) TimerEvent: {}
[42.970817] (-) TimerEvent: {}
[43.071225] (-) TimerEvent: {}
[43.178841] (-) TimerEvent: {}
[43.279230] (-) TimerEvent: {}
[43.379607] (-) TimerEvent: {}
[43.479970] (-) TimerEvent: {}
[43.580927] (-) TimerEvent: {}
[43.681355] (-) TimerEvent: {}
[43.781699] (-) TimerEvent: {}
[43.883631] (-) TimerEvent: {}
[43.984396] (-) TimerEvent: {}
[44.086376] (-) TimerEvent: {}
[44.186844] (-) TimerEvent: {}
[44.287935] (-) TimerEvent: {}
[44.388322] (-) TimerEvent: {}
[44.488644] (-) TimerEvent: {}
[44.589042] (-) TimerEvent: {}
[44.691804] (-) TimerEvent: {}
[44.792230] (-) TimerEvent: {}
[44.893822] (-) TimerEvent: {}
[44.994957] (-) TimerEvent: {}
[45.095509] (-) TimerEvent: {}
[45.197883] (-) TimerEvent: {}
[45.298432] (-) TimerEvent: {}
[45.398955] (-) TimerEvent: {}
[45.499593] (-) TimerEvent: {}
[45.602055] (-) TimerEvent: {}
[45.703789] (-) TimerEvent: {}
[45.804840] (-) TimerEvent: {}
[45.908803] (-) TimerEvent: {}
[46.009495] (-) TimerEvent: {}
[46.110359] (-) TimerEvent: {}
[46.211145] (-) TimerEvent: {}
[46.311785] (-) TimerEvent: {}
[46.412445] (-) TimerEvent: {}
[46.481985] (line_follower_controller) StderrLine: {'line': b'cc1plus: all warnings being treated as errors\n'}
[46.512603] (-) TimerEvent: {}
[46.596769] (line_follower_controller) StderrLine: {'line': b'gmake[2]: *** [CMakeFiles/line_follower_controller_node.dir/build.make:76: CMakeFiles/line_follower_controller_node.dir/src/PidController.cpp.o] Error 1\n'}
[46.598567] (line_follower_controller) StderrLine: {'line': b'gmake[1]: *** [CMakeFiles/Makefile2:137: CMakeFiles/line_follower_controller_node.dir/all] Error 2\n'}
[46.599018] (line_follower_controller) StderrLine: {'line': b'gmake: *** [Makefile:146: all] Error 2\n'}
[46.606482] (line_follower_controller) CommandEnded: {'returncode': 2}
[46.612754] (-) TimerEvent: {}
[46.644773] (line_follower_controller) JobEnded: {'identifier': 'line_follower_controller', 'rc': 2}
[46.659883] (-) EventReactorShutdown: {}
