[0.000000] (-) TimerEvent: {}
[0.000078] (-) JobUnselected: {'identifier': 'hardware_sim'}
[0.000128] (-) JobUnselected: {'identifier': 'nav_server'}
[0.000306] (-) JobUnselected: {'identifier': 'navigation_server'}
[0.000386] (line_follower_controller) JobQueued: {'identifier': 'line_follower_controller', 'dependencies': OrderedDict()}
[0.000569] (line_follower_controller) JobStarted: {'identifier': 'line_follower_controller'}
[0.008709] (line_follower_controller) JobProgress: {'identifier': 'line_follower_controller', 'progress': 'cmake'}
[0.009315] (line_follower_controller) JobProgress: {'identifier': 'line_follower_controller', 'progress': 'build'}
[0.009985] (line_follower_controller) Command: {'cmd': ['/usr/bin/cmake', '--build', '/home/lucifer/anscer_workspace/LineFollower/build/line_follower_controller', '--', '-j12', '-l12'], 'cwd': '/home/lucifer/anscer_workspace/LineFollower/build/line_follower_controller', 'env': OrderedDict({'GZ_SIM_RESOURCE_PATH': '/opt/ros/jazzy/share', 'GZ_CONFIG_PATH': '/opt/ros/jazzy/opt/gz_sim_vendor/share/gz:/opt/ros/jazzy/opt/sdformat_vendor/share/gz:/opt/ros/jazzy/opt/gz_gui_vendor/share/gz:/opt/ros/jazzy/opt/gz_transport_vendor/share/gz:/opt/ros/jazzy/opt/gz_rendering_vendor/share/gz:/opt/ros/jazzy/opt/gz_plugin_vendor/share/gz:/opt/ros/jazzy/opt/gz_fuel_tools_vendor/share/gz:/opt/ros/jazzy/opt/gz_msgs_vendor/share/gz:/opt/ros/jazzy/opt/gz_common_vendor/share/gz', 'HOSTNAME': 'fedora', 'SHLVL': '0', 'LIBGL_ALWAYS_SOFTWARE': '1', 'LD_LIBRARY_PATH': '/opt/ros/jazzy/opt/gz_sim_vendor/lib:/opt/ros/jazzy/opt/gz_sensors_vendor/lib:/opt/ros/jazzy/opt/gz_physics_vendor/lib:/opt/ros/jazzy/opt/sdformat_vendor/lib:/opt/ros/jazzy/opt/rviz_ogre_vendor/lib:/opt/ros/jazzy/lib/x86_64-linux-gnu:/opt/ros/jazzy/opt/gz_gui_vendor/lib:/opt/ros/jazzy/opt/gz_transport_vendor/lib:/opt/ros/jazzy/opt/gz_rendering_vendor/lib:/opt/ros/jazzy/opt/gz_plugin_vendor/lib:/opt/ros/jazzy/opt/gz_fuel_tools_vendor/lib:/opt/ros/jazzy/opt/gz_msgs_vendor/lib:/opt/ros/jazzy/opt/gz_common_vendor/lib:/opt/ros/jazzy/opt/gz_math_vendor/lib:/opt/ros/jazzy/opt/gz_utils_vendor/lib:/opt/ros/jazzy/opt/gz_tools_vendor/lib:/opt/ros/jazzy/opt/gz_ogre_next_vendor/lib:/opt/ros/jazzy/opt/gz_dartsim_vendor/lib:/opt/ros/jazzy/opt/gz_cmake_vendor/lib:/opt/ros/jazzy/lib', 'HOME': '/home/lucifer', 'ROS_PYTHON_VERSION': '3', 'ROS_DISTRO': 'jazzy', '_': '/usr/bin/colcon', 'ROS_VERSION': '2', 'QT_X11_NO_MITSHM': '1', 'PATH': '/opt/ros/jazzy/opt/gz_msgs_vendor/bin:/opt/ros/jazzy/opt/gz_tools_vendor/bin:/opt/ros/jazzy/opt/gz_ogre_next_vendor/bin:/opt/ros/jazzy/bin:/usr/local/sbin:/usr/local/bin:/usr/sbin:/usr/bin:/sbin:/bin', 'XDG_RUNTIME_DIR': '/tmp/runtime-root', 'DISPLAY': ':0', 'LANG': 'C.UTF-8', 'AMENT_PREFIX_PATH': '/opt/ros/jazzy', 'ROS_AUTOMATIC_DISCOVERY_RANGE': 'SUBNET', 'PWD': '/home/lucifer/anscer_workspace/LineFollower/build/line_follower_controller', 'LC_ALL': 'C.UTF-8', 'PYTHONPATH': '/opt/ros/jazzy/lib/python3.12/site-packages', 'COLCON': '1', 'CMAKE_PREFIX_PATH': '/opt/ros/jazzy/opt/gz_sim_vendor:/opt/ros/jazzy/opt/gz_sensors_vendor:/opt/ros/jazzy/opt/gz_physics_vendor:/opt/ros/jazzy/opt/sdformat_vendor:/opt/ros/jazzy/opt/gz_gui_vendor:/opt/ros/jazzy/opt/gz_transport_vendor:/opt/ros/jazzy/opt/gz_rendering_vendor:/opt/ros/jazzy/opt/gz_plugin_vendor:/opt/ros/jazzy/opt/gz_fuel_tools_vendor:/opt/ros/jazzy/opt/gz_msgs_vendor:/opt/ros/jazzy/opt/gz_common_vendor:/opt/ros/jazzy/opt/gz_math_vendor:/opt/ros/jazzy/opt/gz_utils_vendor:/opt/ros/jazzy/opt/gz_tools_vendor:/opt/ros/jazzy/opt/gz_ogre_next_vendor:/opt/ros/jazzy/opt/gz_dartsim_vendor:/opt/ros/jazzy/opt/gz_cmake_vendor:/opt/ros/jazzy'}), 'shell': False}
[0.069129] (line_follower_controller) StdoutLine: {'line': b'[ 25%] Building CXX object CMakeFiles/line_follower_controller_node.dir/src/PidController.cpp.o\n'}
[0.099673] (-) TimerEvent: {}
[0.199882] (-) TimerEvent: {}
[0.300137] (-) TimerEvent: {}
[0.400333] (-) TimerEvent: {}
[0.500495] (-) TimerEvent: {}
[0.600767] (-) TimerEvent: {}
[0.701050] (-) TimerEvent: {}
[0.801340] (-) TimerEvent: {}
[0.901560] (-) TimerEvent: {}
[1.001720] (-) TimerEvent: {}
[1.101895] (-) TimerEvent: {}
[1.202163] (-) TimerEvent: {}
[1.302313] (-) TimerEvent: {}
[1.402484] (-) TimerEvent: {}
[1.502691] (-) TimerEvent: {}
[1.602877] (-) TimerEvent: {}
[1.703105] (-) TimerEvent: {}
[1.803327] (-) TimerEvent: {}
[1.903524] (-) TimerEvent: {}
[2.003742] (-) TimerEvent: {}
[2.104062] (-) TimerEvent: {}
[2.204372] (-) TimerEvent: {}
[2.304554] (-) TimerEvent: {}
[2.404762] (-) TimerEvent: {}
[2.504959] (-) TimerEvent: {}
[2.605269] (-) TimerEvent: {}
[2.705567] (-) TimerEvent: {}
[2.805854] (-) TimerEvent: {}
[2.906038] (-) TimerEvent: {}
[3.006211] (-) TimerEvent: {}
[3.106509] (-) TimerEvent: {}
[3.206707] (-) TimerEvent: {}
[3.306975] (-) TimerEvent: {}
[3.407135] (-) TimerEvent: {}
[3.507436] (-) TimerEvent: {}
[3.607624] (-) TimerEvent: {}
[3.707832] (-) TimerEvent: {}
[3.808128] (-) TimerEvent: {}
[3.908342] (-) TimerEvent: {}
[4.008634] (-) TimerEvent: {}
[4.108801] (-) TimerEvent: {}
[4.209000] (-) TimerEvent: {}
[4.309307] (-) TimerEvent: {}
[4.409617] (-) TimerEvent: {}
[4.509795] (-) TimerEvent: {}
[4.609974] (-) TimerEvent: {}
[4.710276] (-) TimerEvent: {}
[4.810479] (-) TimerEvent: {}
[4.910706] (-) TimerEvent: {}
[5.011049] (-) TimerEvent: {}
[5.111291] (-) TimerEvent: {}
[5.211593] (-) TimerEvent: {}
[5.311887] (-) TimerEvent: {}
[5.412091] (-) TimerEvent: {}
[5.512266] (-) TimerEvent: {}
[5.612441] (-) TimerEvent: {}
[5.712607] (-) TimerEvent: {}
[5.812801] (-) TimerEvent: {}
[5.913081] (-) TimerEvent: {}
[6.013236] (-) TimerEvent: {}
[6.113434] (-) TimerEvent: {}
[6.213722] (-) TimerEvent: {}
[6.313993] (-) TimerEvent: {}
[6.414287] (-) TimerEvent: {}
[6.514421] (-) TimerEvent: {}
[6.614709] (-) TimerEvent: {}
[6.714906] (-) TimerEvent: {}
[6.815079] (-) TimerEvent: {}
[6.915237] (-) TimerEvent: {}
[7.015396] (-) TimerEvent: {}
[7.115605] (-) TimerEvent: {}
[7.215890] (-) TimerEvent: {}
[7.316119] (-) TimerEvent: {}
[7.416289] (-) TimerEvent: {}
[7.516467] (-) TimerEvent: {}
[7.616632] (-) TimerEvent: {}
[7.716804] (-) TimerEvent: {}
[7.816980] (-) TimerEvent: {}
[7.917174] (-) TimerEvent: {}
[8.017377] (-) TimerEvent: {}
[8.117538] (-) TimerEvent: {}
[8.217825] (-) TimerEvent: {}
[8.318099] (-) TimerEvent: {}
[8.418386] (-) TimerEvent: {}
[8.518547] (-) TimerEvent: {}
[8.618763] (-) TimerEvent: {}
[8.718965] (-) TimerEvent: {}
[8.819161] (-) TimerEvent: {}
[8.919317] (-) TimerEvent: {}
[9.019502] (-) TimerEvent: {}
[9.119754] (-) TimerEvent: {}
[9.219955] (-) TimerEvent: {}
[9.320237] (-) TimerEvent: {}
[9.420477] (-) TimerEvent: {}
[9.520705] (-) TimerEvent: {}
[9.621000] (-) TimerEvent: {}
[9.721318] (-) TimerEvent: {}
[9.821521] (-) TimerEvent: {}
[9.921718] (-) TimerEvent: {}
[10.021924] (-) TimerEvent: {}
[10.122152] (-) TimerEvent: {}
[10.222425] (-) TimerEvent: {}
[10.322706] (-) TimerEvent: {}
[10.422944] (-) TimerEvent: {}
[10.523284] (-) TimerEvent: {}
[10.623482] (-) TimerEvent: {}
[10.723755] (-) TimerEvent: {}
[10.824020] (-) TimerEvent: {}
[10.924184] (-) TimerEvent: {}
[11.024472] (-) TimerEvent: {}
[11.124631] (-) TimerEvent: {}
[11.224911] (-) TimerEvent: {}
[11.325150] (-) TimerEvent: {}
[11.425318] (-) TimerEvent: {}
[11.525574] (-) TimerEvent: {}
[11.625808] (-) TimerEvent: {}
[11.725975] (-) TimerEvent: {}
[11.826269] (-) TimerEvent: {}
[11.926441] (-) TimerEvent: {}
[12.026605] (-) TimerEvent: {}
[12.126785] (-) TimerEvent: {}
[12.226942] (-) TimerEvent: {}
[12.327128] (-) TimerEvent: {}
[12.427312] (-) TimerEvent: {}
[12.527502] (-) TimerEvent: {}
[12.627727] (-) TimerEvent: {}
[12.727960] (-) TimerEvent: {}
[12.828154] (-) TimerEvent: {}
[12.928361] (-) TimerEvent: {}
[13.028498] (-) TimerEvent: {}
[13.131351] (-) TimerEvent: {}
[13.231621] (-) TimerEvent: {}
[13.331835] (-) TimerEvent: {}
[13.432030] (-) TimerEvent: {}
[13.532236] (-) TimerEvent: {}
[13.632416] (-) TimerEvent: {}
[13.732571] (-) TimerEvent: {}
[13.832747] (-) TimerEvent: {}
[13.932971] (-) TimerEvent: {}
[14.033303] (-) TimerEvent: {}
[14.133527] (-) TimerEvent: {}
[14.233759] (-) TimerEvent: {}
[14.333965] (-) TimerEvent: {}
[14.434294] (-) TimerEvent: {}
[14.534459] (-) TimerEvent: {}
[14.634675] (-) TimerEvent: {}
[14.734979] (-) TimerEvent: {}
[14.835296] (-) TimerEvent: {}
[14.935479] (-) TimerEvent: {}
[15.035689] (-) TimerEvent: {}
[15.135898] (-) TimerEvent: {}
[15.236115] (-) TimerEvent: {}
[15.336340] (-) TimerEvent: {}
[15.436515] (-) TimerEvent: {}
[15.536839] (-) TimerEvent: {}
[15.637125] (-) TimerEvent: {}
[15.737403] (-) TimerEvent: {}
[15.837680] (-) TimerEvent: {}
[15.937876] (-) TimerEvent: {}
[16.038164] (-) TimerEvent: {}
[16.138428] (-) TimerEvent: {}
[16.238589] (-) TimerEvent: {}
[16.338782] (-) TimerEvent: {}
[16.439078] (-) TimerEvent: {}
[16.464282] (line_follower_controller) StdoutLine: {'line': b'[ 50%] Linking CXX executable line_follower_controller_node\n'}
[16.539297] (-) TimerEvent: {}
[16.635023] (line_follower_controller) StdoutLine: {'line': b'[100%] Built target line_follower_controller_node\n'}
[16.639455] (-) TimerEvent: {}
[16.646983] (line_follower_controller) CommandEnded: {'returncode': 0}
[16.647629] (line_follower_controller) JobProgress: {'identifier': 'line_follower_controller', 'progress': 'install'}
[16.655821] (line_follower_controller) Command: {'cmd': ['/usr/bin/cmake', '--install', '/home/lucifer/anscer_workspace/LineFollower/build/line_follower_controller'], 'cwd': '/home/lucifer/anscer_workspace/LineFollower/build/line_follower_controller', 'env': OrderedDict({'GZ_SIM_RESOURCE_PATH': '/opt/ros/jazzy/share', 'GZ_CONFIG_PATH': '/opt/ros/jazzy/opt/gz_sim_vendor/share/gz:/opt/ros/jazzy/opt/sdformat_vendor/share/gz:/opt/ros/jazzy/opt/gz_gui_vendor/share/gz:/opt/ros/jazzy/opt/gz_transport_vendor/share/gz:/opt/ros/jazzy/opt/gz_rendering_vendor/share/gz:/opt/ros/jazzy/opt/gz_plugin_vendor/share/gz:/opt/ros/jazzy/opt/gz_fuel_tools_vendor/share/gz:/opt/ros/jazzy/opt/gz_msgs_vendor/share/gz:/opt/ros/jazzy/opt/gz_common_vendor/share/gz', 'HOSTNAME': 'fedora', 'SHLVL': '0', 'LIBGL_ALWAYS_SOFTWARE': '1', 'LD_LIBRARY_PATH': '/opt/ros/jazzy/opt/gz_sim_vendor/lib:/opt/ros/jazzy/opt/gz_sensors_vendor/lib:/opt/ros/jazzy/opt/gz_physics_vendor/lib:/opt/ros/jazzy/opt/sdformat_vendor/lib:/opt/ros/jazzy/opt/rviz_ogre_vendor/lib:/opt/ros/jazzy/lib/x86_64-linux-gnu:/opt/ros/jazzy/opt/gz_gui_vendor/lib:/opt/ros/jazzy/opt/gz_transport_vendor/lib:/opt/ros/jazzy/opt/gz_rendering_vendor/lib:/opt/ros/jazzy/opt/gz_plugin_vendor/lib:/opt/ros/jazzy/opt/gz_fuel_tools_vendor/lib:/opt/ros/jazzy/opt/gz_msgs_vendor/lib:/opt/ros/jazzy/opt/gz_common_vendor/lib:/opt/ros/jazzy/opt/gz_math_vendor/lib:/opt/ros/jazzy/opt/gz_utils_vendor/lib:/opt/ros/jazzy/opt/gz_tools_vendor/lib:/opt/ros/jazzy/opt/gz_ogre_next_vendor/lib:/opt/ros/jazzy/opt/gz_dartsim_vendor/lib:/opt/ros/jazzy/opt/gz_cmake_vendor/lib:/opt/ros/jazzy/lib', 'HOME': '/home/lucifer', 'ROS_PYTHON_VERSION': '3', 'ROS_DISTRO': 'jazzy', '_': '/usr/bin/colcon', 'ROS_VERSION': '2', 'QT_X11_NO_MITSHM': '1', 'PATH': '/opt/ros/jazzy/opt/gz_msgs_vendor/bin:/opt/ros/jazzy/opt/gz_tools_vendor/bin:/opt/ros/jazzy/opt/gz_ogre_next_vendor/bin:/opt/ros/jazzy/bin:/usr/local/sbin:/usr/local/bin:/usr/sbin:/usr/bin:/sbin:/bin', 'XDG_RUNTIME_DIR': '/tmp/runtime-root', 'DISPLAY': ':0', 'LANG': 'C.UTF-8', 'AMENT_PREFIX_PATH': '/opt/ros/jazzy', 'ROS_AUTOMATIC_DISCOVERY_RANGE': 'SUBNET', 'PWD': '/home/lucifer/anscer_workspace/LineFollower/build/line_follower_controller', 'LC_ALL': 'C.UTF-8', 'PYTHONPATH': '/opt/ros/jazzy/lib/python3.12/site-packages', 'COLCON': '1', 'CMAKE_PREFIX_PATH': '/opt/ros/jazzy/opt/gz_sim_vendor:/opt/ros/jazzy/opt/gz_sensors_vendor:/opt/ros/jazzy/opt/gz_physics_vendor:/opt/ros/jazzy/opt/sdformat_vendor:/opt/ros/jazzy/opt/gz_gui_vendor:/opt/ros/jazzy/opt/gz_transport_vendor:/opt/ros/jazzy/opt/gz_rendering_vendor:/opt/ros/jazzy/opt/gz_plugin_vendor:/opt/ros/jazzy/opt/gz_fuel_tools_vendor:/opt/ros/jazzy/opt/gz_msgs_vendor:/opt/ros/jazzy/opt/gz_common_vendor:/opt/ros/jazzy/opt/gz_math_vendor:/opt/ros/jazzy/opt/gz_utils_vendor:/opt/ros/jazzy/opt/gz_tools_vendor:/opt/ros/jazzy/opt/gz_ogre_next_vendor:/opt/ros/jazzy/opt/gz_dartsim_vendor:/opt/ros/jazzy/opt/gz_cmake_vendor:/opt/ros/jazzy'}), 'shell': False}
[16.664057] (line_follower_controller) StdoutLine: {'line': b'-- Install configuration: "Release"\n'}
[16.664265] (line_follower_controller) StdoutLine: {'line': b'-- Execute custom install script\n'}
[16.664541] (line_follower_controller) StdoutLine: {'line': b'-- Up-to-date symlink: /home/lucifer/anscer_workspace/LineFollower/install/line_follower_controller/lib/line_follower_controller/line_follower_controller_node\n'}
[16.664693] (line_follower_controller) StdoutLine: {'line': b'-- Up-to-date symlink: /home/lucifer/anscer_workspace/LineFollower/install/line_follower_controller/share/line_follower_controller/config/params.yaml\n'}
[16.664818] (line_follower_controller) StdoutLine: {'line': b'-- Up-to-date symlink: /home/lucifer/anscer_workspace/LineFollower/install/line_follower_controller/share/line_follower_controller/launch/play.launch.py\n'}
[16.664930] (line_follower_controller) StdoutLine: {'line': b'-- Up-to-date symlink: /home/lucifer/anscer_workspace/LineFollower/install/line_follower_controller/share/ament_index/resource_index/package_run_dependencies/line_follower_controller\n'}
[16.665036] (line_follower_controller) StdoutLine: {'line': b'-- Up-to-date symlink: /home/lucifer/anscer_workspace/LineFollower/install/line_follower_controller/share/ament_index/resource_index/parent_prefix_path/line_follower_controller\n'}
[16.665134] (line_follower_controller) StdoutLine: {'line': b'-- Up-to-date symlink: /home/lucifer/anscer_workspace/LineFollower/install/line_follower_controller/share/line_follower_controller/environment/ament_prefix_path.sh\n'}
[16.665232] (line_follower_controller) StdoutLine: {'line': b'-- Up-to-date symlink: /home/lucifer/anscer_workspace/LineFollower/install/line_follower_controller/share/line_follower_controller/environment/ament_prefix_path.dsv\n'}
[16.665339] (line_follower_controller) StdoutLine: {'line': b'-- Up-to-date symlink: /home/lucifer/anscer_workspace/LineFollower/install/line_follower_controller/share/line_follower_controller/environment/path.sh\n'}
[16.665435] (line_follower_controller) StdoutLine: {'line': b'-- Up-to-date symlink: /home/lucifer/anscer_workspace/LineFollower/install/line_follower_controller/share/line_follower_controller/environment/path.dsv\n'}
[16.665535] (line_follower_controller) StdoutLine: {'line': b'-- Up-to-date symlink: /home/lucifer/anscer_workspace/LineFollower/install/line_follower_controller/share/line_follower_controller/local_setup.bash\n'}
[16.665631] (line_follower_controller) StdoutLine: {'line': b'-- Up-to-date symlink: /home/lucifer/anscer_workspace/LineFollower/install/line_follower_controller/share/line_follower_controller/local_setup.sh\n'}
[16.665725] (line_follower_controller) StdoutLine: {'line': b'-- Up-to-date symlink: /home/lucifer/anscer_workspace/LineFollower/install/line_follower_controller/share/line_follower_controller/local_setup.zsh\n'}
[16.665828] (line_follower_controller) StdoutLine: {'line': b'-- Up-to-date symlink: /home/lucifer/anscer_workspace/LineFollower/install/line_follower_controller/share/line_follower_controller/local_setup.dsv\n'}
[16.665904] (line_follower_controller) StdoutLine: {'line': b'-- Symlinking: /home/lucifer/anscer_workspace/LineFollower/install/line_follower_controller/share/line_follower_controller/package.dsv\n'}
[16.675482] (line_follower_controller) StdoutLine: {'line': b'-- Up-to-date symlink: /home/lucifer/anscer_workspace/LineFollower/install/line_follower_controller/share/ament_index/resource_index/packages/line_follower_controller\n'}
[16.675724] (line_follower_controller) StdoutLine: {'line': b'-- Up-to-date symlink: /home/lucifer/anscer_workspace/LineFollower/install/line_follower_controller/share/line_follower_controller/cmake/line_follower_controllerConfig.cmake\n'}
[16.675807] (line_follower_controller) StdoutLine: {'line': b'-- Up-to-date symlink: /home/lucifer/anscer_workspace/LineFollower/install/line_follower_controller/share/line_follower_controller/cmake/line_follower_controllerConfig-version.cmake\n'}
[16.675882] (line_follower_controller) StdoutLine: {'line': b'-- Up-to-date symlink: /home/lucifer/anscer_workspace/LineFollower/install/line_follower_controller/share/line_follower_controller/package.xml\n'}
[16.676651] (line_follower_controller) CommandEnded: {'returncode': 0}
[16.687819] (line_follower_controller) JobEnded: {'identifier': 'line_follower_controller', 'rc': 0}
[16.688367] (-) EventReactorShutdown: {}
