[0.037s] Invoking command in '/home/lucifer/anscer_workspace/LineFollower/build/line_follower_controller': CMAKE_PREFIX_PATH=${CMAKE_PREFIX_PATH}:/opt/ros/jazzy /usr/bin/cmake --build /home/lucifer/anscer_workspace/LineFollower/build/line_follower_controller -- -j12 -l12
[0.550s] [100%] Built target line_follower_controller_node
[0.568s] Invoked command in '/home/lucifer/anscer_workspace/LineFollower/build/line_follower_controller' returned '0': CMAKE_PREFIX_PATH=${CMAKE_PREFIX_PATH}:/opt/ros/jazzy /usr/bin/cmake --build /home/lucifer/anscer_workspace/LineFollower/build/line_follower_controller -- -j12 -l12
[0.569s] Invoking command in '/home/lucifer/anscer_workspace/LineFollower/build/line_follower_controller': CMAKE_PREFIX_PATH=${CMAKE_PREFIX_PATH}:/opt/ros/jazzy /usr/bin/cmake --install /home/lucifer/anscer_workspace/LineFollower/build/line_follower_controller
[0.580s] -- Install configuration: ""
[0.582s] -- Execute custom install script
[0.583s] -- Up-to-date symlink: /home/lucifer/anscer_workspace/LineFollower/install/line_follower_controller/lib/line_follower_controller/line_follower_controller_node
[0.589s] -- Up-to-date symlink: /home/lucifer/anscer_workspace/LineFollower/install/line_follower_controller/share/line_follower_controller/config/params.yaml
[0.591s] -- Up-to-date symlink: /home/lucifer/anscer_workspace/LineFollower/install/line_follower_controller/share/line_follower_controller/launch/play.launch.py
[0.591s] -- Up-to-date symlink: /home/lucifer/anscer_workspace/LineFollower/install/line_follower_controller/share/ament_index/resource_index/package_run_dependencies/line_follower_controller
[0.594s] -- Up-to-date symlink: /home/lucifer/anscer_workspace/LineFollower/install/line_follower_controller/share/ament_index/resource_index/parent_prefix_path/line_follower_controller
[0.594s] -- Up-to-date symlink: /home/lucifer/anscer_workspace/LineFollower/install/line_follower_controller/share/line_follower_controller/environment/ament_prefix_path.sh
[0.595s] -- Up-to-date symlink: /home/lucifer/anscer_workspace/LineFollower/install/line_follower_controller/share/line_follower_controller/environment/ament_prefix_path.dsv
[0.596s] -- Up-to-date symlink: /home/lucifer/anscer_workspace/LineFollower/install/line_follower_controller/share/line_follower_controller/environment/path.sh
[0.598s] -- Up-to-date symlink: /home/lucifer/anscer_workspace/LineFollower/install/line_follower_controller/share/line_follower_controller/environment/path.dsv
[0.598s] -- Up-to-date symlink: /home/lucifer/anscer_workspace/LineFollower/install/line_follower_controller/share/line_follower_controller/local_setup.bash
[0.599s] -- Up-to-date symlink: /home/lucifer/anscer_workspace/LineFollower/install/line_follower_controller/share/line_follower_controller/local_setup.sh
[0.599s] -- Up-to-date symlink: /home/lucifer/anscer_workspace/LineFollower/install/line_follower_controller/share/line_follower_controller/local_setup.zsh
[0.600s] -- Up-to-date symlink: /home/lucifer/anscer_workspace/LineFollower/install/line_follower_controller/share/line_follower_controller/local_setup.dsv
[0.600s] -- Symlinking: /home/lucifer/anscer_workspace/LineFollower/install/line_follower_controller/share/line_follower_controller/package.dsv
[0.619s] -- Up-to-date symlink: /home/lucifer/anscer_workspace/LineFollower/install/line_follower_controller/share/ament_index/resource_index/packages/line_follower_controller
[0.619s] -- Up-to-date symlink: /home/lucifer/anscer_workspace/LineFollower/install/line_follower_controller/share/line_follower_controller/cmake/line_follower_controllerConfig.cmake
[0.620s] -- Up-to-date symlink: /home/lucifer/anscer_workspace/LineFollower/install/line_follower_controller/share/line_follower_controller/cmake/line_follower_controllerConfig-version.cmake
[0.620s] -- Up-to-date symlink: /home/lucifer/anscer_workspace/LineFollower/install/line_follower_controller/share/line_follower_controller/package.xml
[0.636s] Invoked command in '/home/lucifer/anscer_workspace/LineFollower/build/line_follower_controller' returned '0': CMAKE_PREFIX_PATH=${CMAKE_PREFIX_PATH}:/opt/ros/jazzy /usr/bin/cmake --install /home/lucifer/anscer_workspace/LineFollower/build/line_follower_controller
