[0.010s] Invoking command in '/home/lucifer/anscer_workspace/LineFollower/build/line_follower_controller': CMAKE_PREFIX_PATH=${CMAKE_PREFIX_PATH}:/opt/ros/jazzy /usr/bin/cmake /home/lucifer/anscer_workspace/LineFollower/src/line_follower_controller -DAMENT_CMAKE_SYMLINK_INSTALL=1 -DCMAKE_INSTALL_PREFIX=/home/lucifer/anscer_workspace/LineFollower/install/line_follower_controller
[0.023s] -- Found ament_cmake: 2.5.6 (/opt/ros/jazzy/share/ament_cmake/cmake)
[0.196s] -- Override CMake install command with custom implementation using symlinks instead of copying resources
[0.203s] -- Found rclcpp: 28.1.18 (/opt/ros/jazzy/share/rclcpp/cmake)
[0.223s] -- Found rosidl_generator_c: 4.6.7 (/opt/ros/jazzy/share/rosidl_generator_c/cmake)
[0.231s] -- Found rosidl_generator_cpp: 4.6.7 (/opt/ros/jazzy/share/rosidl_generator_cpp/cmake)
[0.241s] -- Using all available rosidl_typesupport_c: rosidl_typesupport_fastrtps_c;rosidl_typesupport_introspection_c
[0.252s] -- Using all available rosidl_typesupport_cpp: rosidl_typesupport_fastrtps_cpp;rosidl_typesupport_introspection_cpp
[0.306s] -- Found rmw_implementation_cmake: 7.3.3 (/opt/ros/jazzy/share/rmw_implementation_cmake/cmake)
[0.307s] -- Found rmw_fastrtps_cpp: 8.4.3 (/opt/ros/jazzy/share/rmw_fastrtps_cpp/cmake)
[0.366s] -- Using RMW implementation 'rmw_fastrtps_cpp' as default
[0.415s] -- Found std_msgs: 5.3.7 (/opt/ros/jazzy/share/std_msgs/cmake)
[0.426s] -- Found geometry_msgs: 5.3.7 (/opt/ros/jazzy/share/geometry_msgs/cmake)
[0.439s] -- Found std_srvs: 5.3.7 (/opt/ros/jazzy/share/std_srvs/cmake)
[0.453s] -- Found nav_msgs: 5.3.7 (/opt/ros/jazzy/share/nav_msgs/cmake)
[0.560s] -- Configuring done (0.5s)
[0.572s] -- Generating done (0.0s)
[0.578s] -- Build files have been written to: /home/lucifer/anscer_workspace/LineFollower/build/line_follower_controller
[0.585s] Invoked command in '/home/lucifer/anscer_workspace/LineFollower/build/line_follower_controller' returned '0': CMAKE_PREFIX_PATH=${CMAKE_PREFIX_PATH}:/opt/ros/jazzy /usr/bin/cmake /home/lucifer/anscer_workspace/LineFollower/src/line_follower_controller -DAMENT_CMAKE_SYMLINK_INSTALL=1 -DCMAKE_INSTALL_PREFIX=/home/lucifer/anscer_workspace/LineFollower/install/line_follower_controller
[0.586s] Invoking command in '/home/lucifer/anscer_workspace/LineFollower/build/line_follower_controller': CMAKE_PREFIX_PATH=${CMAKE_PREFIX_PATH}:/opt/ros/jazzy /usr/bin/cmake --build /home/lucifer/anscer_workspace/LineFollower/build/line_follower_controller -- -j12 -l12
[0.660s] [ 25%] Building CXX object CMakeFiles/line_follower_controller_node.dir/src/PidController.cpp.o
[2.463s] In file included from /home/lucifer/anscer_workspace/LineFollower/src/line_follower_controller/src/PidController.cpp:9:
[2.463s] /home/lucifer/anscer_workspace/LineFollower/src/line_follower_controller/include/PidController.h: In constructor ‘line_follower::PidController::PidController(const rclcpp::NodeOptions&)’:
[2.463s] /home/lucifer/anscer_workspace/LineFollower/src/line_follower_controller/include/PidController.h:117:9: error: ‘line_follower::PidController::m_logCounter’ will be initialized after [-Werror=reorder]
[2.463s]   117 |     int m_logCounter;
[2.463s]       |         ^~~~~~~~~~~~
[2.463s] /home/lucifer/anscer_workspace/LineFollower/src/line_follower_controller/include/PidController.h:99:18: error:   ‘rclcpp::Time line_follower::PidController::m_turnStartTime’ [-Werror=reorder]
[2.464s]    99 |     rclcpp::Time m_turnStartTime;
[2.464s]       |                  ^~~~~~~~~~~~~~~
[2.464s] /home/lucifer/anscer_workspace/LineFollower/src/line_follower_controller/src/PidController.cpp:26:1: error:   when initialized here [-Werror=reorder]
[2.464s]    26 | PidController::PidController(const rclcpp::NodeOptions& options)
[2.464s]       | ^~~~~~~~~~~~~
[12.751s] cc1plus: all warnings being treated as errors
[12.809s] gmake[2]: *** [CMakeFiles/line_follower_controller_node.dir/build.make:76: CMakeFiles/line_follower_controller_node.dir/src/PidController.cpp.o] Error 1
[12.810s] gmake[1]: *** [CMakeFiles/Makefile2:137: CMakeFiles/line_follower_controller_node.dir/all] Error 2
[12.810s] gmake: *** [Makefile:146: all] Error 2
[12.811s] Invoked command in '/home/lucifer/anscer_workspace/LineFollower/build/line_follower_controller' returned '2': CMAKE_PREFIX_PATH=${CMAKE_PREFIX_PATH}:/opt/ros/jazzy /usr/bin/cmake --build /home/lucifer/anscer_workspace/LineFollower/build/line_follower_controller -- -j12 -l12
