[0.000000] (-) TimerEvent: {}
[0.000166] (-) JobUnselected: {'identifier': 'line_follower_controller'}
[0.000280] (-) JobUnselected: {'identifier': 'nav_server'}
[0.000332] (-) JobUnselected: {'identifier': 'navigation_server'}
[0.000818] (hardware_sim) JobQueued: {'identifier': 'hardware_sim', 'dependencies': OrderedDict()}
[0.001417] (hardware_sim) JobStarted: {'identifier': 'hardware_sim'}
[0.032349] (hardware_sim) JobProgress: {'identifier': 'hardware_sim', 'progress': 'cmake'}
[0.037439] (hardware_sim) JobProgress: {'identifier': 'hardware_sim', 'progress': 'build'}
[0.037616] (hardware_sim) Command: {'cmd': ['/usr/bin/cmake', '--build', '/home/lucifer/anscer_workspace/LineFollower/build/hardware_sim', '--', '-j12', '-l12'], 'cwd': '/home/lucifer/anscer_workspace/LineFollower/build/hardware_sim', 'env': OrderedDict({'GZ_SIM_RESOURCE_PATH': '/opt/ros/jazzy/share', 'GZ_CONFIG_PATH': '/opt/ros/jazzy/opt/gz_sim_vendor/share/gz:/opt/ros/jazzy/opt/sdformat_vendor/share/gz:/opt/ros/jazzy/opt/gz_gui_vendor/share/gz:/opt/ros/jazzy/opt/gz_transport_vendor/share/gz:/opt/ros/jazzy/opt/gz_rendering_vendor/share/gz:/opt/ros/jazzy/opt/gz_plugin_vendor/share/gz:/opt/ros/jazzy/opt/gz_fuel_tools_vendor/share/gz:/opt/ros/jazzy/opt/gz_msgs_vendor/share/gz:/opt/ros/jazzy/opt/gz_common_vendor/share/gz', 'HOSTNAME': 'fedora', 'SHLVL': '0', 'LIBGL_ALWAYS_SOFTWARE': '1', 'LD_LIBRARY_PATH': '/opt/ros/jazzy/opt/gz_sim_vendor/lib:/opt/ros/jazzy/opt/gz_sensors_vendor/lib:/opt/ros/jazzy/opt/gz_physics_vendor/lib:/opt/ros/jazzy/opt/sdformat_vendor/lib:/opt/ros/jazzy/opt/rviz_ogre_vendor/lib:/opt/ros/jazzy/lib/x86_64-linux-gnu:/opt/ros/jazzy/opt/gz_gui_vendor/lib:/opt/ros/jazzy/opt/gz_transport_vendor/lib:/opt/ros/jazzy/opt/gz_rendering_vendor/lib:/opt/ros/jazzy/opt/gz_plugin_vendor/lib:/opt/ros/jazzy/opt/gz_fuel_tools_vendor/lib:/opt/ros/jazzy/opt/gz_msgs_vendor/lib:/opt/ros/jazzy/opt/gz_common_vendor/lib:/opt/ros/jazzy/opt/gz_math_vendor/lib:/opt/ros/jazzy/opt/gz_utils_vendor/lib:/opt/ros/jazzy/opt/gz_tools_vendor/lib:/opt/ros/jazzy/opt/gz_ogre_next_vendor/lib:/opt/ros/jazzy/opt/gz_dartsim_vendor/lib:/opt/ros/jazzy/opt/gz_cmake_vendor/lib:/opt/ros/jazzy/lib', 'HOME': '/home/lucifer', 'ROS_PYTHON_VERSION': '3', 'ROS_DISTRO': 'jazzy', '_': '/usr/bin/colcon', 'ROS_VERSION': '2', 'QT_X11_NO_MITSHM': '1', 'PATH': '/opt/ros/jazzy/opt/gz_msgs_vendor/bin:/opt/ros/jazzy/opt/gz_tools_vendor/bin:/opt/ros/jazzy/opt/gz_ogre_next_vendor/bin:/opt/ros/jazzy/bin:/usr/local/sbin:/usr/local/bin:/usr/sbin:/usr/bin:/sbin:/bin', 'XDG_RUNTIME_DIR': '/tmp/runtime-root', 'DISPLAY': ':0', 'LANG': 'C.UTF-8', 'AMENT_PREFIX_PATH': '/opt/ros/jazzy', 'ROS_AUTOMATIC_DISCOVERY_RANGE': 'SUBNET', 'PWD': '/home/lucifer/anscer_workspace/LineFollower/build/hardware_sim', 'LC_ALL': 'C.UTF-8', 'PYTHONPATH': '/opt/ros/jazzy/lib/python3.12/site-packages', 'COLCON': '1', 'CMAKE_PREFIX_PATH': '/opt/ros/jazzy/opt/gz_sim_vendor:/opt/ros/jazzy/opt/gz_sensors_vendor:/opt/ros/jazzy/opt/gz_physics_vendor:/opt/ros/jazzy/opt/sdformat_vendor:/opt/ros/jazzy/opt/gz_gui_vendor:/opt/ros/jazzy/opt/gz_transport_vendor:/opt/ros/jazzy/opt/gz_rendering_vendor:/opt/ros/jazzy/opt/gz_plugin_vendor:/opt/ros/jazzy/opt/gz_fuel_tools_vendor:/opt/ros/jazzy/opt/gz_msgs_vendor:/opt/ros/jazzy/opt/gz_common_vendor:/opt/ros/jazzy/opt/gz_math_vendor:/opt/ros/jazzy/opt/gz_utils_vendor:/opt/ros/jazzy/opt/gz_tools_vendor:/opt/ros/jazzy/opt/gz_ogre_next_vendor:/opt/ros/jazzy/opt/gz_dartsim_vendor:/opt/ros/jazzy/opt/gz_cmake_vendor:/opt/ros/jazzy'}), 'shell': False}
[0.099353] (-) TimerEvent: {}
[0.143314] (hardware_sim) CommandEnded: {'returncode': 0}
[0.144888] (hardware_sim) JobProgress: {'identifier': 'hardware_sim', 'progress': 'install'}
[0.159003] (hardware_sim) Command: {'cmd': ['/usr/bin/cmake', '--install', '/home/lucifer/anscer_workspace/LineFollower/build/hardware_sim'], 'cwd': '/home/lucifer/anscer_workspace/LineFollower/build/hardware_sim', 'env': OrderedDict({'GZ_SIM_RESOURCE_PATH': '/opt/ros/jazzy/share', 'GZ_CONFIG_PATH': '/opt/ros/jazzy/opt/gz_sim_vendor/share/gz:/opt/ros/jazzy/opt/sdformat_vendor/share/gz:/opt/ros/jazzy/opt/gz_gui_vendor/share/gz:/opt/ros/jazzy/opt/gz_transport_vendor/share/gz:/opt/ros/jazzy/opt/gz_rendering_vendor/share/gz:/opt/ros/jazzy/opt/gz_plugin_vendor/share/gz:/opt/ros/jazzy/opt/gz_fuel_tools_vendor/share/gz:/opt/ros/jazzy/opt/gz_msgs_vendor/share/gz:/opt/ros/jazzy/opt/gz_common_vendor/share/gz', 'HOSTNAME': 'fedora', 'SHLVL': '0', 'LIBGL_ALWAYS_SOFTWARE': '1', 'LD_LIBRARY_PATH': '/opt/ros/jazzy/opt/gz_sim_vendor/lib:/opt/ros/jazzy/opt/gz_sensors_vendor/lib:/opt/ros/jazzy/opt/gz_physics_vendor/lib:/opt/ros/jazzy/opt/sdformat_vendor/lib:/opt/ros/jazzy/opt/rviz_ogre_vendor/lib:/opt/ros/jazzy/lib/x86_64-linux-gnu:/opt/ros/jazzy/opt/gz_gui_vendor/lib:/opt/ros/jazzy/opt/gz_transport_vendor/lib:/opt/ros/jazzy/opt/gz_rendering_vendor/lib:/opt/ros/jazzy/opt/gz_plugin_vendor/lib:/opt/ros/jazzy/opt/gz_fuel_tools_vendor/lib:/opt/ros/jazzy/opt/gz_msgs_vendor/lib:/opt/ros/jazzy/opt/gz_common_vendor/lib:/opt/ros/jazzy/opt/gz_math_vendor/lib:/opt/ros/jazzy/opt/gz_utils_vendor/lib:/opt/ros/jazzy/opt/gz_tools_vendor/lib:/opt/ros/jazzy/opt/gz_ogre_next_vendor/lib:/opt/ros/jazzy/opt/gz_dartsim_vendor/lib:/opt/ros/jazzy/opt/gz_cmake_vendor/lib:/opt/ros/jazzy/lib', 'HOME': '/home/lucifer', 'ROS_PYTHON_VERSION': '3', 'ROS_DISTRO': 'jazzy', '_': '/usr/bin/colcon', 'ROS_VERSION': '2', 'QT_X11_NO_MITSHM': '1', 'PATH': '/opt/ros/jazzy/opt/gz_msgs_vendor/bin:/opt/ros/jazzy/opt/gz_tools_vendor/bin:/opt/ros/jazzy/opt/gz_ogre_next_vendor/bin:/opt/ros/jazzy/bin:/usr/local/sbin:/usr/local/bin:/usr/sbin:/usr/bin:/sbin:/bin', 'XDG_RUNTIME_DIR': '/tmp/runtime-root', 'DISPLAY': ':0', 'LANG': 'C.UTF-8', 'AMENT_PREFIX_PATH': '/opt/ros/jazzy', 'ROS_AUTOMATIC_DISCOVERY_RANGE': 'SUBNET', 'PWD': '/home/lucifer/anscer_workspace/LineFollower/build/hardware_sim', 'LC_ALL': 'C.UTF-8', 'PYTHONPATH': '/opt/ros/jazzy/lib/python3.12/site-packages', 'COLCON': '1', 'CMAKE_PREFIX_PATH': '/opt/ros/jazzy/opt/gz_sim_vendor:/opt/ros/jazzy/opt/gz_sensors_vendor:/opt/ros/jazzy/opt/gz_physics_vendor:/opt/ros/jazzy/opt/sdformat_vendor:/opt/ros/jazzy/opt/gz_gui_vendor:/opt/ros/jazzy/opt/gz_transport_vendor:/opt/ros/jazzy/opt/gz_rendering_vendor:/opt/ros/jazzy/opt/gz_plugin_vendor:/opt/ros/jazzy/opt/gz_fuel_tools_vendor:/opt/ros/jazzy/opt/gz_msgs_vendor:/opt/ros/jazzy/opt/gz_common_vendor:/opt/ros/jazzy/opt/gz_math_vendor:/opt/ros/jazzy/opt/gz_utils_vendor:/opt/ros/jazzy/opt/gz_tools_vendor:/opt/ros/jazzy/opt/gz_ogre_next_vendor:/opt/ros/jazzy/opt/gz_dartsim_vendor:/opt/ros/jazzy/opt/gz_cmake_vendor:/opt/ros/jazzy'}), 'shell': False}
[0.177517] (hardware_sim) StdoutLine: {'line': b'-- Install configuration: ""\n'}
[0.178130] (hardware_sim) StdoutLine: {'line': b'-- Installing: /home/lucifer/anscer_workspace/LineFollower/install/hardware_sim/lib/hardware_sim/hardware_sim_node.py\n'}
[0.178504] (hardware_sim) StdoutLine: {'line': b'-- Up-to-date: /home/lucifer/anscer_workspace/LineFollower/install/hardware_sim/lib/hardware_sim/TapeMap.py\n'}
[0.178716] (hardware_sim) StdoutLine: {'line': b'-- Up-to-date: /home/lucifer/anscer_workspace/LineFollower/install/hardware_sim/share/hardware_sim/models\n'}
[0.178863] (hardware_sim) StdoutLine: {'line': b'-- Up-to-date: /home/lucifer/anscer_workspace/LineFollower/install/hardware_sim/share/hardware_sim/models/scene.xml\n'}
[0.179006] (hardware_sim) StdoutLine: {'line': b'-- Up-to-date: /home/lucifer/anscer_workspace/LineFollower/install/hardware_sim/share/ament_index/resource_index/package_run_dependencies/hardware_sim\n'}
[0.179145] (hardware_sim) StdoutLine: {'line': b'-- Up-to-date: /home/lucifer/anscer_workspace/LineFollower/install/hardware_sim/share/ament_index/resource_index/parent_prefix_path/hardware_sim\n'}
[0.179315] (hardware_sim) StdoutLine: {'line': b'-- Up-to-date: /home/lucifer/anscer_workspace/LineFollower/install/hardware_sim/share/hardware_sim/environment/ament_prefix_path.sh\n'}
[0.179453] (hardware_sim) StdoutLine: {'line': b'-- Up-to-date: /home/lucifer/anscer_workspace/LineFollower/install/hardware_sim/share/hardware_sim/environment/ament_prefix_path.dsv\n'}
[0.179592] (hardware_sim) StdoutLine: {'line': b'-- Up-to-date: /home/lucifer/anscer_workspace/LineFollower/install/hardware_sim/share/hardware_sim/environment/path.sh\n'}
[0.179745] (hardware_sim) StdoutLine: {'line': b'-- Up-to-date: /home/lucifer/anscer_workspace/LineFollower/install/hardware_sim/share/hardware_sim/environment/path.dsv\n'}
[0.179893] (hardware_sim) StdoutLine: {'line': b'-- Up-to-date: /home/lucifer/anscer_workspace/LineFollower/install/hardware_sim/share/hardware_sim/local_setup.bash\n'}
[0.180034] (hardware_sim) StdoutLine: {'line': b'-- Up-to-date: /home/lucifer/anscer_workspace/LineFollower/install/hardware_sim/share/hardware_sim/local_setup.sh\n'}
[0.180191] (hardware_sim) StdoutLine: {'line': b'-- Up-to-date: /home/lucifer/anscer_workspace/LineFollower/install/hardware_sim/share/hardware_sim/local_setup.zsh\n'}
[0.180340] (hardware_sim) StdoutLine: {'line': b'-- Up-to-date: /home/lucifer/anscer_workspace/LineFollower/install/hardware_sim/share/hardware_sim/local_setup.dsv\n'}
[0.180681] (hardware_sim) StdoutLine: {'line': b'-- Installing: /home/lucifer/anscer_workspace/LineFollower/install/hardware_sim/share/hardware_sim/package.dsv\n'}
[0.181292] (hardware_sim) StdoutLine: {'line': b'-- Up-to-date: /home/lucifer/anscer_workspace/LineFollower/install/hardware_sim/share/ament_index/resource_index/packages/hardware_sim\n'}
[0.181930] (hardware_sim) StdoutLine: {'line': b'-- Up-to-date: /home/lucifer/anscer_workspace/LineFollower/install/hardware_sim/share/hardware_sim/cmake/hardware_simConfig.cmake\n'}
[0.182353] (hardware_sim) StdoutLine: {'line': b'-- Up-to-date: /home/lucifer/anscer_workspace/LineFollower/install/hardware_sim/share/hardware_sim/cmake/hardware_simConfig-version.cmake\n'}
[0.182544] (hardware_sim) StdoutLine: {'line': b'-- Up-to-date: /home/lucifer/anscer_workspace/LineFollower/install/hardware_sim/share/hardware_sim/package.xml\n'}
[0.182720] (hardware_sim) CommandEnded: {'returncode': 0}
[0.200282] (-) TimerEvent: {}
[0.229329] (hardware_sim) JobEnded: {'identifier': 'hardware_sim', 'rc': 0}
[0.230667] (-) EventReactorShutdown: {}
