[0.000000] (-) TimerEvent: {}
[0.000073] (-) JobUnselected: {'identifier': 'hardware_sim'}
[0.000141] (-) JobUnselected: {'identifier': 'nav_server'}
[0.000178] (-) JobUnselected: {'identifier': 'navigation_server'}
[0.000216] (line_follower_controller) JobQueued: {'identifier': 'line_follower_controller', 'dependencies': OrderedDict()}
[0.000262] (line_follower_controller) JobStarted: {'identifier': 'line_follower_controller'}
[0.008409] (line_follower_controller) JobProgress: {'identifier': 'line_follower_controller', 'progress': 'cmake'}
[0.009416] (line_follower_controller) Command: {'cmd': ['/usr/bin/cmake', '/home/lucifer/anscer_workspace/LineFollower/src/line_follower_controller', '-DAMENT_CMAKE_SYMLINK_INSTALL=1', '-DCMAKE_INSTALL_PREFIX=/home/lucifer/anscer_workspace/LineFollower/install/line_follower_controller'], 'cwd': '/home/lucifer/anscer_workspace/LineFollower/build/line_follower_controller', 'env': OrderedDict({'GZ_SIM_RESOURCE_PATH': '/opt/ros/jazzy/share', 'GZ_CONFIG_PATH': '/opt/ros/jazzy/opt/gz_sim_vendor/share/gz:/opt/ros/jazzy/opt/sdformat_vendor/share/gz:/opt/ros/jazzy/opt/gz_gui_vendor/share/gz:/opt/ros/jazzy/opt/gz_transport_vendor/share/gz:/opt/ros/jazzy/opt/gz_rendering_vendor/share/gz:/opt/ros/jazzy/opt/gz_plugin_vendor/share/gz:/opt/ros/jazzy/opt/gz_fuel_tools_vendor/share/gz:/opt/ros/jazzy/opt/gz_msgs_vendor/share/gz:/opt/ros/jazzy/opt/gz_common_vendor/share/gz', 'HOSTNAME': 'fedora', 'SHLVL': '0', 'LIBGL_ALWAYS_SOFTWARE': '1', 'LD_LIBRARY_PATH': '/opt/ros/jazzy/opt/gz_sim_vendor/lib:/opt/ros/jazzy/opt/gz_sensors_vendor/lib:/opt/ros/jazzy/opt/gz_physics_vendor/lib:/opt/ros/jazzy/opt/sdformat_vendor/lib:/opt/ros/jazzy/opt/rviz_ogre_vendor/lib:/opt/ros/jazzy/lib/x86_64-linux-gnu:/opt/ros/jazzy/opt/gz_gui_vendor/lib:/opt/ros/jazzy/opt/gz_transport_vendor/lib:/opt/ros/jazzy/opt/gz_rendering_vendor/lib:/opt/ros/jazzy/opt/gz_plugin_vendor/lib:/opt/ros/jazzy/opt/gz_fuel_tools_vendor/lib:/opt/ros/jazzy/opt/gz_msgs_vendor/lib:/opt/ros/jazzy/opt/gz_common_vendor/lib:/opt/ros/jazzy/opt/gz_math_vendor/lib:/opt/ros/jazzy/opt/gz_utils_vendor/lib:/opt/ros/jazzy/opt/gz_tools_vendor/lib:/opt/ros/jazzy/opt/gz_ogre_next_vendor/lib:/opt/ros/jazzy/opt/gz_dartsim_vendor/lib:/opt/ros/jazzy/opt/gz_cmake_vendor/lib:/opt/ros/jazzy/lib', 'HOME': '/home/lucifer', 'ROS_PYTHON_VERSION': '3', 'ROS_DISTRO': 'jazzy', '_': '/usr/bin/colcon', 'ROS_VERSION': '2', 'QT_X11_NO_MITSHM': '1', 'PATH': '/opt/ros/jazzy/opt/gz_msgs_vendor/bin:/opt/ros/jazzy/opt/gz_tools_vendor/bin:/opt/ros/jazzy/opt/gz_ogre_next_vendor/bin:/opt/ros/jazzy/bin:/usr/local/sbin:/usr/local/bin:/usr/sbin:/usr/bin:/sbin:/bin', 'XDG_RUNTIME_DIR': '/tmp/runtime-root', 'DISPLAY': ':0', 'LANG': 'C.UTF-8', 'AMENT_PREFIX_PATH': '/opt/ros/jazzy', 'ROS_AUTOMATIC_DISCOVERY_RANGE': 'SUBNET', 'PWD': '/home/lucifer/anscer_workspace/LineFollower/build/line_follower_controller', 'LC_ALL': 'C.UTF-8', 'PYTHONPATH': '/opt/ros/jazzy/lib/python3.12/site-packages', 'COLCON': '1', 'CMAKE_PREFIX_PATH': '/opt/ros/jazzy/opt/gz_sim_vendor:/opt/ros/jazzy/opt/gz_sensors_vendor:/opt/ros/jazzy/opt/gz_physics_vendor:/opt/ros/jazzy/opt/sdformat_vendor:/opt/ros/jazzy/opt/gz_gui_vendor:/opt/ros/jazzy/opt/gz_transport_vendor:/opt/ros/jazzy/opt/gz_rendering_vendor:/opt/ros/jazzy/opt/gz_plugin_vendor:/opt/ros/jazzy/opt/gz_fuel_tools_vendor:/opt/ros/jazzy/opt/gz_msgs_vendor:/opt/ros/jazzy/opt/gz_common_vendor:/opt/ros/jazzy/opt/gz_math_vendor:/opt/ros/jazzy/opt/gz_utils_vendor:/opt/ros/jazzy/opt/gz_tools_vendor:/opt/ros/jazzy/opt/gz_ogre_next_vendor:/opt/ros/jazzy/opt/gz_dartsim_vendor:/opt/ros/jazzy/opt/gz_cmake_vendor:/opt/ros/jazzy'}), 'shell': False}
[0.022997] (line_follower_controller) StdoutLine: {'line': b'-- Found ament_cmake: 2.5.6 (/opt/ros/jazzy/share/ament_cmake/cmake)\n'}
[0.099413] (-) TimerEvent: {}
[0.196522] (line_follower_controller) StdoutLine: {'line': b'-- Override CMake install command with custom implementation using symlinks instead of copying resources\n'}
[0.199550] (-) TimerEvent: {}
[0.203322] (line_follower_controller) StdoutLine: {'line': b'-- Found rclcpp: 28.1.18 (/opt/ros/jazzy/share/rclcpp/cmake)\n'}
[0.223472] (line_follower_controller) StdoutLine: {'line': b'-- Found rosidl_generator_c: 4.6.7 (/opt/ros/jazzy/share/rosidl_generator_c/cmake)\n'}
[0.230905] (line_follower_controller) StdoutLine: {'line': b'-- Found rosidl_generator_cpp: 4.6.7 (/opt/ros/jazzy/share/rosidl_generator_cpp/cmake)\n'}
[0.241002] (line_follower_controller) StdoutLine: {'line': b'-- Using all available rosidl_typesupport_c: rosidl_typesupport_fastrtps_c;rosidl_typesupport_introspection_c\n'}
[0.252322] (line_follower_controller) StdoutLine: {'line': b'-- Using all available rosidl_typesupport_cpp: rosidl_typesupport_fastrtps_cpp;rosidl_typesupport_introspection_cpp\n'}
[0.299678] (-) TimerEvent: {}
[0.306113] (line_follower_controller) StdoutLine: {'line': b'-- Found rmw_implementation_cmake: 7.3.3 (/opt/ros/jazzy/share/rmw_implementation_cmake/cmake)\n'}
[0.307259] (line_follower_controller) StdoutLine: {'line': b'-- Found rmw_fastrtps_cpp: 8.4.3 (/opt/ros/jazzy/share/rmw_fastrtps_cpp/cmake)\n'}
[0.366002] (line_follower_controller) StdoutLine: {'line': b"-- Using RMW implementation 'rmw_fastrtps_cpp' as default\n"}
[0.399791] (-) TimerEvent: {}
[0.415012] (line_follower_controller) StdoutLine: {'line': b'-- Found std_msgs: 5.3.7 (/opt/ros/jazzy/share/std_msgs/cmake)\n'}
[0.426217] (line_follower_controller) StdoutLine: {'line': b'-- Found geometry_msgs: 5.3.7 (/opt/ros/jazzy/share/geometry_msgs/cmake)\n'}
[0.438765] (line_follower_controller) StdoutLine: {'line': b'-- Found std_srvs: 5.3.7 (/opt/ros/jazzy/share/std_srvs/cmake)\n'}
[0.452891] (line_follower_controller) StdoutLine: {'line': b'-- Found nav_msgs: 5.3.7 (/opt/ros/jazzy/share/nav_msgs/cmake)\n'}
[0.499909] (-) TimerEvent: {}
[0.559716] (line_follower_controller) StdoutLine: {'line': b'-- Configuring done (0.5s)\n'}
[0.572322] (line_follower_controller) StdoutLine: {'line': b'-- Generating done (0.0s)\n'}
[0.577758] (line_follower_controller) StdoutLine: {'line': b'-- Build files have been written to: /home/lucifer/anscer_workspace/LineFollower/build/line_follower_controller\n'}
[0.585007] (line_follower_controller) CommandEnded: {'returncode': 0}
[0.585512] (line_follower_controller) JobProgress: {'identifier': 'line_follower_controller', 'progress': 'build'}
[0.586141] (line_follower_controller) Command: {'cmd': ['/usr/bin/cmake', '--build', '/home/lucifer/anscer_workspace/LineFollower/build/line_follower_controller', '--', '-j12', '-l12'], 'cwd': '/home/lucifer/anscer_workspace/LineFollower/build/line_follower_controller', 'env': OrderedDict({'GZ_SIM_RESOURCE_PATH': '/opt/ros/jazzy/share', 'GZ_CONFIG_PATH': '/opt/ros/jazzy/opt/gz_sim_vendor/share/gz:/opt/ros/jazzy/opt/sdformat_vendor/share/gz:/opt/ros/jazzy/opt/gz_gui_vendor/share/gz:/opt/ros/jazzy/opt/gz_transport_vendor/share/gz:/opt/ros/jazzy/opt/gz_rendering_vendor/share/gz:/opt/ros/jazzy/opt/gz_plugin_vendor/share/gz:/opt/ros/jazzy/opt/gz_fuel_tools_vendor/share/gz:/opt/ros/jazzy/opt/gz_msgs_vendor/share/gz:/opt/ros/jazzy/opt/gz_common_vendor/share/gz', 'HOSTNAME': 'fedora', 'SHLVL': '0', 'LIBGL_ALWAYS_SOFTWARE': '1', 'LD_LIBRARY_PATH': '/opt/ros/jazzy/opt/gz_sim_vendor/lib:/opt/ros/jazzy/opt/gz_sensors_vendor/lib:/opt/ros/jazzy/opt/gz_physics_vendor/lib:/opt/ros/jazzy/opt/sdformat_vendor/lib:/opt/ros/jazzy/opt/rviz_ogre_vendor/lib:/opt/ros/jazzy/lib/x86_64-linux-gnu:/opt/ros/jazzy/opt/gz_gui_vendor/lib:/opt/ros/jazzy/opt/gz_transport_vendor/lib:/opt/ros/jazzy/opt/gz_rendering_vendor/lib:/opt/ros/jazzy/opt/gz_plugin_vendor/lib:/opt/ros/jazzy/opt/gz_fuel_tools_vendor/lib:/opt/ros/jazzy/opt/gz_msgs_vendor/lib:/opt/ros/jazzy/opt/gz_common_vendor/lib:/opt/ros/jazzy/opt/gz_math_vendor/lib:/opt/ros/jazzy/opt/gz_utils_vendor/lib:/opt/ros/jazzy/opt/gz_tools_vendor/lib:/opt/ros/jazzy/opt/gz_ogre_next_vendor/lib:/opt/ros/jazzy/opt/gz_dartsim_vendor/lib:/opt/ros/jazzy/opt/gz_cmake_vendor/lib:/opt/ros/jazzy/lib', 'HOME': '/home/lucifer', 'ROS_PYTHON_VERSION': '3', 'ROS_DISTRO': 'jazzy', '_': '/usr/bin/colcon', 'ROS_VERSION': '2', 'QT_X11_NO_MITSHM': '1', 'PATH': '/opt/ros/jazzy/opt/gz_msgs_vendor/bin:/opt/ros/jazzy/opt/gz_tools_vendor/bin:/opt/ros/jazzy/opt/gz_ogre_next_vendor/bin:/opt/ros/jazzy/bin:/usr/local/sbin:/usr/local/bin:/usr/sbin:/usr/bin:/sbin:/bin', 'XDG_RUNTIME_DIR': '/tmp/runtime-root', 'DISPLAY': ':0', 'LANG': 'C.UTF-8', 'AMENT_PREFIX_PATH': '/opt/ros/jazzy', 'ROS_AUTOMATIC_DISCOVERY_RANGE': 'SUBNET', 'PWD': '/home/lucifer/anscer_workspace/LineFollower/build/line_follower_controller', 'LC_ALL': 'C.UTF-8', 'PYTHONPATH': '/opt/ros/jazzy/lib/python3.12/site-packages', 'COLCON': '1', 'CMAKE_PREFIX_PATH': '/opt/ros/jazzy/opt/gz_sim_vendor:/opt/ros/jazzy/opt/gz_sensors_vendor:/opt/ros/jazzy/opt/gz_physics_vendor:/opt/ros/jazzy/opt/sdformat_vendor:/opt/ros/jazzy/opt/gz_gui_vendor:/opt/ros/jazzy/opt/gz_transport_vendor:/opt/ros/jazzy/opt/gz_rendering_vendor:/opt/ros/jazzy/opt/gz_plugin_vendor:/opt/ros/jazzy/opt/gz_fuel_tools_vendor:/opt/ros/jazzy/opt/gz_msgs_vendor:/opt/ros/jazzy/opt/gz_common_vendor:/opt/ros/jazzy/opt/gz_math_vendor:/opt/ros/jazzy/opt/gz_utils_vendor:/opt/ros/jazzy/opt/gz_tools_vendor:/opt/ros/jazzy/opt/gz_ogre_next_vendor:/opt/ros/jazzy/opt/gz_dartsim_vendor:/opt/ros/jazzy/opt/gz_cmake_vendor:/opt/ros/jazzy'}), 'shell': False}
[0.600006] (-) TimerEvent: {}
[0.659765] (line_follower_controller) StdoutLine: {'line': b'[ 25%] Building CXX object CMakeFiles/line_follower_controller_node.dir/src/PidController.cpp.o\n'}
[0.700113] (-) TimerEvent: {}
[0.800294] (-) TimerEvent: {}
[0.900493] (-) TimerEvent: {}
[1.000704] (-) TimerEvent: {}
[1.101010] (-) TimerEvent: {}
[1.201283] (-) TimerEvent: {}
[1.301456] (-) TimerEvent: {}
[1.401642] (-) TimerEvent: {}
[1.501867] (-) TimerEvent: {}
[1.602082] (-) TimerEvent: {}
[1.702352] (-) TimerEvent: {}
[1.802579] (-) TimerEvent: {}
[1.902817] (-) TimerEvent: {}
[2.003054] (-) TimerEvent: {}
[2.103270] (-) TimerEvent: {}
[2.203453] (-) TimerEvent: {}
[2.303739] (-) TimerEvent: {}
[2.404079] (-) TimerEvent: {}
[2.462941] (line_follower_controller) StderrLine: {'line': b'In file included from /home/lucifer/anscer_workspace/LineFollower/src/line_follower_controller/src/PidController.cpp:9:\n'}
[2.463201] (line_follower_controller) StderrLine: {'line': b'/home/lucifer/anscer_workspace/LineFollower/src/line_follower_controller/include/PidController.h: In constructor \xe2\x80\x98line_follower::PidController::PidController(const rclcpp::NodeOptions&)\xe2\x80\x99:\n'}
[2.463332] (line_follower_controller) StderrLine: {'line': b'/home/lucifer/anscer_workspace/LineFollower/src/line_follower_controller/include/PidController.h:117:9: error: \xe2\x80\x98line_follower::PidController::m_logCounter\xe2\x80\x99 will be initialized after [-Werror=reorder]\n'}
[2.463443] (line_follower_controller) StderrLine: {'line': b'  117 |     int m_logCounter;\n'}
[2.463547] (line_follower_controller) StderrLine: {'line': b'      |         ^~~~~~~~~~~~\n'}
[2.463651] (line_follower_controller) StderrLine: {'line': b'/home/lucifer/anscer_workspace/LineFollower/src/line_follower_controller/include/PidController.h:99:18: error:   \xe2\x80\x98rclcpp::Time line_follower::PidController::m_turnStartTime\xe2\x80\x99 [-Werror=reorder]\n'}
[2.463755] (line_follower_controller) StderrLine: {'line': b'   99 |     rclcpp::Time m_turnStartTime;\n'}
[2.463855] (line_follower_controller) StderrLine: {'line': b'      |                  ^~~~~~~~~~~~~~~\n'}
[2.463952] (line_follower_controller) StderrLine: {'line': b'/home/lucifer/anscer_workspace/LineFollower/src/line_follower_controller/src/PidController.cpp:26:1: error:   when initialized here [-Werror=reorder]\n'}
[2.464050] (line_follower_controller) StderrLine: {'line': b'   26 | PidController::PidController(const rclcpp::NodeOptions& options)\n'}
[2.464149] (line_follower_controller) StderrLine: {'line': b'      | ^~~~~~~~~~~~~\n'}
[2.504181] (-) TimerEvent: {}
[2.604382] (-) TimerEvent: {}
[2.704598] (-) TimerEvent: {}
[2.804829] (-) TimerEvent: {}
[2.905136] (-) TimerEvent: {}
[3.005328] (-) TimerEvent: {}
[3.105545] (-) TimerEvent: {}
[3.205769] (-) TimerEvent: {}
[3.305966] (-) TimerEvent: {}
[3.406203] (-) TimerEvent: {}
[3.506430] (-) TimerEvent: {}
[3.606767] (-) TimerEvent: {}
[3.706996] (-) TimerEvent: {}
[3.807213] (-) TimerEvent: {}
[3.907451] (-) TimerEvent: {}
[4.007646] (-) TimerEvent: {}
[4.107883] (-) TimerEvent: {}
[4.208113] (-) TimerEvent: {}
[4.308291] (-) TimerEvent: {}
[4.408481] (-) TimerEvent: {}
[4.508704] (-) TimerEvent: {}
[4.608907] (-) TimerEvent: {}
[4.709156] (-) TimerEvent: {}
[4.809416] (-) TimerEvent: {}
[4.909634] (-) TimerEvent: {}
[5.010013] (-) TimerEvent: {}
[5.110216] (-) TimerEvent: {}
[5.210507] (-) TimerEvent: {}
[5.310719] (-) TimerEvent: {}
[5.410959] (-) TimerEvent: {}
[5.511177] (-) TimerEvent: {}
[5.611400] (-) TimerEvent: {}
[5.713275] (-) TimerEvent: {}
[5.813505] (-) TimerEvent: {}
[5.913748] (-) TimerEvent: {}
[6.013963] (-) TimerEvent: {}
[6.114160] (-) TimerEvent: {}
[6.214367] (-) TimerEvent: {}
[6.314620] (-) TimerEvent: {}
[6.414803] (-) TimerEvent: {}
[6.515042] (-) TimerEvent: {}
[6.615268] (-) TimerEvent: {}
[6.715505] (-) TimerEvent: {}
[6.815702] (-) TimerEvent: {}
[6.915897] (-) TimerEvent: {}
[7.016113] (-) TimerEvent: {}
[7.116300] (-) TimerEvent: {}
[7.216492] (-) TimerEvent: {}
[7.316692] (-) TimerEvent: {}
[7.416926] (-) TimerEvent: {}
[7.517242] (-) TimerEvent: {}
[7.617467] (-) TimerEvent: {}
[7.717674] (-) TimerEvent: {}
[7.817889] (-) TimerEvent: {}
[7.918105] (-) TimerEvent: {}
[8.018399] (-) TimerEvent: {}
[8.118574] (-) TimerEvent: {}
[8.218784] (-) TimerEvent: {}
[8.318981] (-) TimerEvent: {}
[8.419266] (-) TimerEvent: {}
[8.519439] (-) TimerEvent: {}
[8.619651] (-) TimerEvent: {}
[8.719863] (-) TimerEvent: {}
[8.820165] (-) TimerEvent: {}
[8.920346] (-) TimerEvent: {}
[9.020514] (-) TimerEvent: {}
[9.120722] (-) TimerEvent: {}
[9.220914] (-) TimerEvent: {}
[9.321125] (-) TimerEvent: {}
[9.421384] (-) TimerEvent: {}
[9.521598] (-) TimerEvent: {}
[9.621830] (-) TimerEvent: {}
[9.722040] (-) TimerEvent: {}
[9.822245] (-) TimerEvent: {}
[9.922441] (-) TimerEvent: {}
[10.022630] (-) TimerEvent: {}
[10.122818] (-) TimerEvent: {}
[10.223031] (-) TimerEvent: {}
[10.323277] (-) TimerEvent: {}
[10.423488] (-) TimerEvent: {}
[10.523704] (-) TimerEvent: {}
[10.623938] (-) TimerEvent: {}
[10.724144] (-) TimerEvent: {}
[10.824414] (-) TimerEvent: {}
[10.924625] (-) TimerEvent: {}
[11.024837] (-) TimerEvent: {}
[11.125041] (-) TimerEvent: {}
[11.225250] (-) TimerEvent: {}
[11.325460] (-) TimerEvent: {}
[11.425675] (-) TimerEvent: {}
[11.525884] (-) TimerEvent: {}
[11.626075] (-) TimerEvent: {}
[11.726296] (-) TimerEvent: {}
[11.826470] (-) TimerEvent: {}
[11.926687] (-) TimerEvent: {}
[12.026900] (-) TimerEvent: {}
[12.127077] (-) TimerEvent: {}
[12.227248] (-) TimerEvent: {}
[12.327413] (-) TimerEvent: {}
[12.427582] (-) TimerEvent: {}
[12.527793] (-) TimerEvent: {}
[12.628000] (-) TimerEvent: {}
[12.728259] (-) TimerEvent: {}
[12.750900] (line_follower_controller) StderrLine: {'line': b'cc1plus: all warnings being treated as errors\n'}
[12.809414] (line_follower_controller) StderrLine: {'line': b'gmake[2]: *** [CMakeFiles/line_follower_controller_node.dir/build.make:76: CMakeFiles/line_follower_controller_node.dir/src/PidController.cpp.o] Error 1\n'}
[12.809733] (line_follower_controller) StderrLine: {'line': b'gmake[1]: *** [CMakeFiles/Makefile2:137: CMakeFiles/line_follower_controller_node.dir/all] Error 2\n'}
[12.809940] (line_follower_controller) StderrLine: {'line': b'gmake: *** [Makefile:146: all] Error 2\n'}
[12.811517] (line_follower_controller) CommandEnded: {'returncode': 2}
[12.821610] (line_follower_controller) JobEnded: {'identifier': 'line_follower_controller', 'rc': 2}
[12.828337] (-) TimerEvent: {}
[12.832024] (-) EventReactorShutdown: {}
