[0.000000] (-) TimerEvent: {}
[0.000062] (hardware_sim) JobQueued: {'identifier': 'hardware_sim', 'dependencies': OrderedDict()}
[0.000159] (line_follower_controller) JobQueued: {'identifier': 'line_follower_controller', 'dependencies': OrderedDict()}
[0.000281] (nav_server) JobQueued: {'identifier': 'nav_server', 'dependencies': OrderedDict()}
[0.000308] (navigation_server) JobQueued: {'identifier': 'navigation_server', 'dependencies': OrderedDict()}
[0.000550] (hardware_sim) JobStarted: {'identifier': 'hardware_sim'}
[0.006260] (line_follower_controller) JobStarted: {'identifier': 'line_follower_controller'}
[0.008615] (nav_server) JobStarted: {'identifier': 'nav_server'}
[0.011451] (navigation_server) JobStarted: {'identifier': 'navigation_server'}
[0.015029] (hardware_sim) JobProgress: {'identifier': 'hardware_sim', 'progress': 'cmake'}
[0.015355] (hardware_sim) JobProgress: {'identifier': 'hardware_sim', 'progress': 'build'}
[0.015778] (hardware_sim) Command: {'cmd': ['/usr/bin/cmake', '--build', '/home/lucifer/anscer_workspace/LineFollower/build/hardware_sim', '--', '-j12', '-l12'], 'cwd': '/home/lucifer/anscer_workspace/LineFollower/build/hardware_sim', 'env': OrderedDict({'GZ_SIM_RESOURCE_PATH': '/opt/ros/jazzy/share', 'GZ_CONFIG_PATH': '/opt/ros/jazzy/opt/gz_sim_vendor/share/gz:/opt/ros/jazzy/opt/sdformat_vendor/share/gz:/opt/ros/jazzy/opt/gz_gui_vendor/share/gz:/opt/ros/jazzy/opt/gz_transport_vendor/share/gz:/opt/ros/jazzy/opt/gz_rendering_vendor/share/gz:/opt/ros/jazzy/opt/gz_plugin_vendor/share/gz:/opt/ros/jazzy/opt/gz_fuel_tools_vendor/share/gz:/opt/ros/jazzy/opt/gz_msgs_vendor/share/gz:/opt/ros/jazzy/opt/gz_common_vendor/share/gz', 'HOSTNAME': 'fedora', 'SHLVL': '0', 'LIBGL_ALWAYS_SOFTWARE': '1', 'LD_LIBRARY_PATH': '/opt/ros/jazzy/opt/gz_sim_vendor/lib:/opt/ros/jazzy/opt/gz_sensors_vendor/lib:/opt/ros/jazzy/opt/gz_physics_vendor/lib:/opt/ros/jazzy/opt/sdformat_vendor/lib:/opt/ros/jazzy/opt/rviz_ogre_vendor/lib:/opt/ros/jazzy/lib/x86_64-linux-gnu:/opt/ros/jazzy/opt/gz_gui_vendor/lib:/opt/ros/jazzy/opt/gz_transport_vendor/lib:/opt/ros/jazzy/opt/gz_rendering_vendor/lib:/opt/ros/jazzy/opt/gz_plugin_vendor/lib:/opt/ros/jazzy/opt/gz_fuel_tools_vendor/lib:/opt/ros/jazzy/opt/gz_msgs_vendor/lib:/opt/ros/jazzy/opt/gz_common_vendor/lib:/opt/ros/jazzy/opt/gz_math_vendor/lib:/opt/ros/jazzy/opt/gz_utils_vendor/lib:/opt/ros/jazzy/opt/gz_tools_vendor/lib:/opt/ros/jazzy/opt/gz_ogre_next_vendor/lib:/opt/ros/jazzy/opt/gz_dartsim_vendor/lib:/opt/ros/jazzy/opt/gz_cmake_vendor/lib:/opt/ros/jazzy/lib', 'HOME': '/home/lucifer', 'ROS_PYTHON_VERSION': '3', 'ROS_DISTRO': 'jazzy', '_': '/usr/bin/colcon', 'ROS_VERSION': '2', 'QT_X11_NO_MITSHM': '1', 'PATH': '/opt/ros/jazzy/opt/gz_msgs_vendor/bin:/opt/ros/jazzy/opt/gz_tools_vendor/bin:/opt/ros/jazzy/opt/gz_ogre_next_vendor/bin:/opt/ros/jazzy/bin:/usr/local/sbin:/usr/local/bin:/usr/sbin:/usr/bin:/sbin:/bin', 'XDG_RUNTIME_DIR': '/tmp/runtime-root', 'DISPLAY': ':0', 'LANG': 'C.UTF-8', 'AMENT_PREFIX_PATH': '/opt/ros/jazzy', 'ROS_AUTOMATIC_DISCOVERY_RANGE': 'SUBNET', 'PWD': '/home/lucifer/anscer_workspace/LineFollower/build/hardware_sim', 'LC_ALL': 'C.UTF-8', 'PYTHONPATH': '/opt/ros/jazzy/lib/python3.12/site-packages', 'COLCON': '1', 'CMAKE_PREFIX_PATH': '/opt/ros/jazzy/opt/gz_sim_vendor:/opt/ros/jazzy/opt/gz_sensors_vendor:/opt/ros/jazzy/opt/gz_physics_vendor:/opt/ros/jazzy/opt/sdformat_vendor:/opt/ros/jazzy/opt/gz_gui_vendor:/opt/ros/jazzy/opt/gz_transport_vendor:/opt/ros/jazzy/opt/gz_rendering_vendor:/opt/ros/jazzy/opt/gz_plugin_vendor:/opt/ros/jazzy/opt/gz_fuel_tools_vendor:/opt/ros/jazzy/opt/gz_msgs_vendor:/opt/ros/jazzy/opt/gz_common_vendor:/opt/ros/jazzy/opt/gz_math_vendor:/opt/ros/jazzy/opt/gz_utils_vendor:/opt/ros/jazzy/opt/gz_tools_vendor:/opt/ros/jazzy/opt/gz_ogre_next_vendor:/opt/ros/jazzy/opt/gz_dartsim_vendor:/opt/ros/jazzy/opt/gz_cmake_vendor:/opt/ros/jazzy'}), 'shell': False}
[0.016941] (line_follower_controller) JobProgress: {'identifier': 'line_follower_controller', 'progress': 'cmake'}
[0.017129] (line_follower_controller) JobProgress: {'identifier': 'line_follower_controller', 'progress': 'build'}
[0.017320] (line_follower_controller) Command: {'cmd': ['/usr/bin/cmake', '--build', '/home/lucifer/anscer_workspace/LineFollower/build/line_follower_controller', '--', '-j12', '-l12'], 'cwd': '/home/lucifer/anscer_workspace/LineFollower/build/line_follower_controller', 'env': OrderedDict({'GZ_SIM_RESOURCE_PATH': '/opt/ros/jazzy/share', 'GZ_CONFIG_PATH': '/opt/ros/jazzy/opt/gz_sim_vendor/share/gz:/opt/ros/jazzy/opt/sdformat_vendor/share/gz:/opt/ros/jazzy/opt/gz_gui_vendor/share/gz:/opt/ros/jazzy/opt/gz_transport_vendor/share/gz:/opt/ros/jazzy/opt/gz_rendering_vendor/share/gz:/opt/ros/jazzy/opt/gz_plugin_vendor/share/gz:/opt/ros/jazzy/opt/gz_fuel_tools_vendor/share/gz:/opt/ros/jazzy/opt/gz_msgs_vendor/share/gz:/opt/ros/jazzy/opt/gz_common_vendor/share/gz', 'HOSTNAME': 'fedora', 'SHLVL': '0', 'LIBGL_ALWAYS_SOFTWARE': '1', 'LD_LIBRARY_PATH': '/opt/ros/jazzy/opt/gz_sim_vendor/lib:/opt/ros/jazzy/opt/gz_sensors_vendor/lib:/opt/ros/jazzy/opt/gz_physics_vendor/lib:/opt/ros/jazzy/opt/sdformat_vendor/lib:/opt/ros/jazzy/opt/rviz_ogre_vendor/lib:/opt/ros/jazzy/lib/x86_64-linux-gnu:/opt/ros/jazzy/opt/gz_gui_vendor/lib:/opt/ros/jazzy/opt/gz_transport_vendor/lib:/opt/ros/jazzy/opt/gz_rendering_vendor/lib:/opt/ros/jazzy/opt/gz_plugin_vendor/lib:/opt/ros/jazzy/opt/gz_fuel_tools_vendor/lib:/opt/ros/jazzy/opt/gz_msgs_vendor/lib:/opt/ros/jazzy/opt/gz_common_vendor/lib:/opt/ros/jazzy/opt/gz_math_vendor/lib:/opt/ros/jazzy/opt/gz_utils_vendor/lib:/opt/ros/jazzy/opt/gz_tools_vendor/lib:/opt/ros/jazzy/opt/gz_ogre_next_vendor/lib:/opt/ros/jazzy/opt/gz_dartsim_vendor/lib:/opt/ros/jazzy/opt/gz_cmake_vendor/lib:/opt/ros/jazzy/lib', 'HOME': '/home/lucifer', 'ROS_PYTHON_VERSION': '3', 'ROS_DISTRO': 'jazzy', '_': '/usr/bin/colcon', 'ROS_VERSION': '2', 'QT_X11_NO_MITSHM': '1', 'PATH': '/opt/ros/jazzy/opt/gz_msgs_vendor/bin:/opt/ros/jazzy/opt/gz_tools_vendor/bin:/opt/ros/jazzy/opt/gz_ogre_next_vendor/bin:/opt/ros/jazzy/bin:/usr/local/sbin:/usr/local/bin:/usr/sbin:/usr/bin:/sbin:/bin', 'XDG_RUNTIME_DIR': '/tmp/runtime-root', 'DISPLAY': ':0', 'LANG': 'C.UTF-8', 'AMENT_PREFIX_PATH': '/opt/ros/jazzy', 'ROS_AUTOMATIC_DISCOVERY_RANGE': 'SUBNET', 'PWD': '/home/lucifer/anscer_workspace/LineFollower/build/line_follower_controller', 'LC_ALL': 'C.UTF-8', 'PYTHONPATH': '/opt/ros/jazzy/lib/python3.12/site-packages', 'COLCON': '1', 'CMAKE_PREFIX_PATH': '/opt/ros/jazzy/opt/gz_sim_vendor:/opt/ros/jazzy/opt/gz_sensors_vendor:/opt/ros/jazzy/opt/gz_physics_vendor:/opt/ros/jazzy/opt/sdformat_vendor:/opt/ros/jazzy/opt/gz_gui_vendor:/opt/ros/jazzy/opt/gz_transport_vendor:/opt/ros/jazzy/opt/gz_rendering_vendor:/opt/ros/jazzy/opt/gz_plugin_vendor:/opt/ros/jazzy/opt/gz_fuel_tools_vendor:/opt/ros/jazzy/opt/gz_msgs_vendor:/opt/ros/jazzy/opt/gz_common_vendor:/opt/ros/jazzy/opt/gz_math_vendor:/opt/ros/jazzy/opt/gz_utils_vendor:/opt/ros/jazzy/opt/gz_tools_vendor:/opt/ros/jazzy/opt/gz_ogre_next_vendor:/opt/ros/jazzy/opt/gz_dartsim_vendor:/opt/ros/jazzy/opt/gz_cmake_vendor:/opt/ros/jazzy'}), 'shell': False}
[0.018335] (nav_server) JobProgress: {'identifier': 'nav_server', 'progress': 'cmake'}
[0.018792] (nav_server) Command: {'cmd': ['/usr/bin/cmake', '/home/lucifer/anscer_workspace/LineFollower/src/nav_server', '-DCMAKE_INSTALL_PREFIX=/home/lucifer/anscer_workspace/LineFollower/install/nav_server'], 'cwd': '/home/lucifer/anscer_workspace/LineFollower/build/nav_server', 'env': OrderedDict({'GZ_SIM_RESOURCE_PATH': '/opt/ros/jazzy/share', 'GZ_CONFIG_PATH': '/opt/ros/jazzy/opt/gz_sim_vendor/share/gz:/opt/ros/jazzy/opt/sdformat_vendor/share/gz:/opt/ros/jazzy/opt/gz_gui_vendor/share/gz:/opt/ros/jazzy/opt/gz_transport_vendor/share/gz:/opt/ros/jazzy/opt/gz_rendering_vendor/share/gz:/opt/ros/jazzy/opt/gz_plugin_vendor/share/gz:/opt/ros/jazzy/opt/gz_fuel_tools_vendor/share/gz:/opt/ros/jazzy/opt/gz_msgs_vendor/share/gz:/opt/ros/jazzy/opt/gz_common_vendor/share/gz', 'HOSTNAME': 'fedora', 'SHLVL': '0', 'LIBGL_ALWAYS_SOFTWARE': '1', 'LD_LIBRARY_PATH': '/opt/ros/jazzy/opt/gz_sim_vendor/lib:/opt/ros/jazzy/opt/gz_sensors_vendor/lib:/opt/ros/jazzy/opt/gz_physics_vendor/lib:/opt/ros/jazzy/opt/sdformat_vendor/lib:/opt/ros/jazzy/opt/rviz_ogre_vendor/lib:/opt/ros/jazzy/lib/x86_64-linux-gnu:/opt/ros/jazzy/opt/gz_gui_vendor/lib:/opt/ros/jazzy/opt/gz_transport_vendor/lib:/opt/ros/jazzy/opt/gz_rendering_vendor/lib:/opt/ros/jazzy/opt/gz_plugin_vendor/lib:/opt/ros/jazzy/opt/gz_fuel_tools_vendor/lib:/opt/ros/jazzy/opt/gz_msgs_vendor/lib:/opt/ros/jazzy/opt/gz_common_vendor/lib:/opt/ros/jazzy/opt/gz_math_vendor/lib:/opt/ros/jazzy/opt/gz_utils_vendor/lib:/opt/ros/jazzy/opt/gz_tools_vendor/lib:/opt/ros/jazzy/opt/gz_ogre_next_vendor/lib:/opt/ros/jazzy/opt/gz_dartsim_vendor/lib:/opt/ros/jazzy/opt/gz_cmake_vendor/lib:/opt/ros/jazzy/lib', 'HOME': '/home/lucifer', 'ROS_PYTHON_VERSION': '3', 'ROS_DISTRO': 'jazzy', '_': '/usr/bin/colcon', 'ROS_VERSION': '2', 'QT_X11_NO_MITSHM': '1', 'PATH': '/opt/ros/jazzy/opt/gz_msgs_vendor/bin:/opt/ros/jazzy/opt/gz_tools_vendor/bin:/opt/ros/jazzy/opt/gz_ogre_next_vendor/bin:/opt/ros/jazzy/bin:/usr/local/sbin:/usr/local/bin:/usr/sbin:/usr/bin:/sbin:/bin', 'XDG_RUNTIME_DIR': '/tmp/runtime-root', 'DISPLAY': ':0', 'LANG': 'C.UTF-8', 'AMENT_PREFIX_PATH': '/opt/ros/jazzy', 'ROS_AUTOMATIC_DISCOVERY_RANGE': 'SUBNET', 'PWD': '/home/lucifer/anscer_workspace/LineFollower/build/nav_server', 'LC_ALL': 'C.UTF-8', 'PYTHONPATH': '/opt/ros/jazzy/lib/python3.12/site-packages', 'COLCON': '1', 'CMAKE_PREFIX_PATH': '/opt/ros/jazzy/opt/gz_sim_vendor:/opt/ros/jazzy/opt/gz_sensors_vendor:/opt/ros/jazzy/opt/gz_physics_vendor:/opt/ros/jazzy/opt/sdformat_vendor:/opt/ros/jazzy/opt/gz_gui_vendor:/opt/ros/jazzy/opt/gz_transport_vendor:/opt/ros/jazzy/opt/gz_rendering_vendor:/opt/ros/jazzy/opt/gz_plugin_vendor:/opt/ros/jazzy/opt/gz_fuel_tools_vendor:/opt/ros/jazzy/opt/gz_msgs_vendor:/opt/ros/jazzy/opt/gz_common_vendor:/opt/ros/jazzy/opt/gz_math_vendor:/opt/ros/jazzy/opt/gz_utils_vendor:/opt/ros/jazzy/opt/gz_tools_vendor:/opt/ros/jazzy/opt/gz_ogre_next_vendor:/opt/ros/jazzy/opt/gz_dartsim_vendor:/opt/ros/jazzy/opt/gz_cmake_vendor:/opt/ros/jazzy'}), 'shell': False}
[0.099873] (-) TimerEvent: {}
[0.200056] (-) TimerEvent: {}
[0.202769] (nav_server) StdoutLine: {'line': b'-- Found ament_cmake: 2.5.6 (/opt/ros/jazzy/share/ament_cmake/cmake)\n'}
[0.203033] (line_follower_controller) StdoutLine: {'line': b'[100%] Built target line_follower_controller_node\n'}
[0.203251] (hardware_sim) CommandEnded: {'returncode': 0}
[0.203487] (hardware_sim) JobProgress: {'identifier': 'hardware_sim', 'progress': 'install'}
[0.214006] (hardware_sim) Command: {'cmd': ['/usr/bin/cmake', '--install', '/home/lucifer/anscer_workspace/LineFollower/build/hardware_sim'], 'cwd': '/home/lucifer/anscer_workspace/LineFollower/build/hardware_sim', 'env': OrderedDict({'GZ_SIM_RESOURCE_PATH': '/opt/ros/jazzy/share', 'GZ_CONFIG_PATH': '/opt/ros/jazzy/opt/gz_sim_vendor/share/gz:/opt/ros/jazzy/opt/sdformat_vendor/share/gz:/opt/ros/jazzy/opt/gz_gui_vendor/share/gz:/opt/ros/jazzy/opt/gz_transport_vendor/share/gz:/opt/ros/jazzy/opt/gz_rendering_vendor/share/gz:/opt/ros/jazzy/opt/gz_plugin_vendor/share/gz:/opt/ros/jazzy/opt/gz_fuel_tools_vendor/share/gz:/opt/ros/jazzy/opt/gz_msgs_vendor/share/gz:/opt/ros/jazzy/opt/gz_common_vendor/share/gz', 'HOSTNAME': 'fedora', 'SHLVL': '0', 'LIBGL_ALWAYS_SOFTWARE': '1', 'LD_LIBRARY_PATH': '/opt/ros/jazzy/opt/gz_sim_vendor/lib:/opt/ros/jazzy/opt/gz_sensors_vendor/lib:/opt/ros/jazzy/opt/gz_physics_vendor/lib:/opt/ros/jazzy/opt/sdformat_vendor/lib:/opt/ros/jazzy/opt/rviz_ogre_vendor/lib:/opt/ros/jazzy/lib/x86_64-linux-gnu:/opt/ros/jazzy/opt/gz_gui_vendor/lib:/opt/ros/jazzy/opt/gz_transport_vendor/lib:/opt/ros/jazzy/opt/gz_rendering_vendor/lib:/opt/ros/jazzy/opt/gz_plugin_vendor/lib:/opt/ros/jazzy/opt/gz_fuel_tools_vendor/lib:/opt/ros/jazzy/opt/gz_msgs_vendor/lib:/opt/ros/jazzy/opt/gz_common_vendor/lib:/opt/ros/jazzy/opt/gz_math_vendor/lib:/opt/ros/jazzy/opt/gz_utils_vendor/lib:/opt/ros/jazzy/opt/gz_tools_vendor/lib:/opt/ros/jazzy/opt/gz_ogre_next_vendor/lib:/opt/ros/jazzy/opt/gz_dartsim_vendor/lib:/opt/ros/jazzy/opt/gz_cmake_vendor/lib:/opt/ros/jazzy/lib', 'HOME': '/home/lucifer', 'ROS_PYTHON_VERSION': '3', 'ROS_DISTRO': 'jazzy', '_': '/usr/bin/colcon', 'ROS_VERSION': '2', 'QT_X11_NO_MITSHM': '1', 'PATH': '/opt/ros/jazzy/opt/gz_msgs_vendor/bin:/opt/ros/jazzy/opt/gz_tools_vendor/bin:/opt/ros/jazzy/opt/gz_ogre_next_vendor/bin:/opt/ros/jazzy/bin:/usr/local/sbin:/usr/local/bin:/usr/sbin:/usr/bin:/sbin:/bin', 'XDG_RUNTIME_DIR': '/tmp/runtime-root', 'DISPLAY': ':0', 'LANG': 'C.UTF-8', 'AMENT_PREFIX_PATH': '/opt/ros/jazzy', 'ROS_AUTOMATIC_DISCOVERY_RANGE': 'SUBNET', 'PWD': '/home/lucifer/anscer_workspace/LineFollower/build/hardware_sim', 'LC_ALL': 'C.UTF-8', 'PYTHONPATH': '/opt/ros/jazzy/lib/python3.12/site-packages', 'COLCON': '1', 'CMAKE_PREFIX_PATH': '/opt/ros/jazzy/opt/gz_sim_vendor:/opt/ros/jazzy/opt/gz_sensors_vendor:/opt/ros/jazzy/opt/gz_physics_vendor:/opt/ros/jazzy/opt/sdformat_vendor:/opt/ros/jazzy/opt/gz_gui_vendor:/opt/ros/jazzy/opt/gz_transport_vendor:/opt/ros/jazzy/opt/gz_rendering_vendor:/opt/ros/jazzy/opt/gz_plugin_vendor:/opt/ros/jazzy/opt/gz_fuel_tools_vendor:/opt/ros/jazzy/opt/gz_msgs_vendor:/opt/ros/jazzy/opt/gz_common_vendor:/opt/ros/jazzy/opt/gz_math_vendor:/opt/ros/jazzy/opt/gz_utils_vendor:/opt/ros/jazzy/opt/gz_tools_vendor:/opt/ros/jazzy/opt/gz_ogre_next_vendor:/opt/ros/jazzy/opt/gz_dartsim_vendor:/opt/ros/jazzy/opt/gz_cmake_vendor:/opt/ros/jazzy'}), 'shell': False}
[0.214744] (line_follower_controller) CommandEnded: {'returncode': 0}
[0.215223] (line_follower_controller) JobProgress: {'identifier': 'line_follower_controller', 'progress': 'install'}
[0.215506] (line_follower_controller) Command: {'cmd': ['/usr/bin/cmake', '--install', '/home/lucifer/anscer_workspace/LineFollower/build/line_follower_controller'], 'cwd': '/home/lucifer/anscer_workspace/LineFollower/build/line_follower_controller', 'env': OrderedDict({'GZ_SIM_RESOURCE_PATH': '/opt/ros/jazzy/share', 'GZ_CONFIG_PATH': '/opt/ros/jazzy/opt/gz_sim_vendor/share/gz:/opt/ros/jazzy/opt/sdformat_vendor/share/gz:/opt/ros/jazzy/opt/gz_gui_vendor/share/gz:/opt/ros/jazzy/opt/gz_transport_vendor/share/gz:/opt/ros/jazzy/opt/gz_rendering_vendor/share/gz:/opt/ros/jazzy/opt/gz_plugin_vendor/share/gz:/opt/ros/jazzy/opt/gz_fuel_tools_vendor/share/gz:/opt/ros/jazzy/opt/gz_msgs_vendor/share/gz:/opt/ros/jazzy/opt/gz_common_vendor/share/gz', 'HOSTNAME': 'fedora', 'SHLVL': '0', 'LIBGL_ALWAYS_SOFTWARE': '1', 'LD_LIBRARY_PATH': '/opt/ros/jazzy/opt/gz_sim_vendor/lib:/opt/ros/jazzy/opt/gz_sensors_vendor/lib:/opt/ros/jazzy/opt/gz_physics_vendor/lib:/opt/ros/jazzy/opt/sdformat_vendor/lib:/opt/ros/jazzy/opt/rviz_ogre_vendor/lib:/opt/ros/jazzy/lib/x86_64-linux-gnu:/opt/ros/jazzy/opt/gz_gui_vendor/lib:/opt/ros/jazzy/opt/gz_transport_vendor/lib:/opt/ros/jazzy/opt/gz_rendering_vendor/lib:/opt/ros/jazzy/opt/gz_plugin_vendor/lib:/opt/ros/jazzy/opt/gz_fuel_tools_vendor/lib:/opt/ros/jazzy/opt/gz_msgs_vendor/lib:/opt/ros/jazzy/opt/gz_common_vendor/lib:/opt/ros/jazzy/opt/gz_math_vendor/lib:/opt/ros/jazzy/opt/gz_utils_vendor/lib:/opt/ros/jazzy/opt/gz_tools_vendor/lib:/opt/ros/jazzy/opt/gz_ogre_next_vendor/lib:/opt/ros/jazzy/opt/gz_dartsim_vendor/lib:/opt/ros/jazzy/opt/gz_cmake_vendor/lib:/opt/ros/jazzy/lib', 'HOME': '/home/lucifer', 'ROS_PYTHON_VERSION': '3', 'ROS_DISTRO': 'jazzy', '_': '/usr/bin/colcon', 'ROS_VERSION': '2', 'QT_X11_NO_MITSHM': '1', 'PATH': '/opt/ros/jazzy/opt/gz_msgs_vendor/bin:/opt/ros/jazzy/opt/gz_tools_vendor/bin:/opt/ros/jazzy/opt/gz_ogre_next_vendor/bin:/opt/ros/jazzy/bin:/usr/local/sbin:/usr/local/bin:/usr/sbin:/usr/bin:/sbin:/bin', 'XDG_RUNTIME_DIR': '/tmp/runtime-root', 'DISPLAY': ':0', 'LANG': 'C.UTF-8', 'AMENT_PREFIX_PATH': '/opt/ros/jazzy', 'ROS_AUTOMATIC_DISCOVERY_RANGE': 'SUBNET', 'PWD': '/home/lucifer/anscer_workspace/LineFollower/build/line_follower_controller', 'LC_ALL': 'C.UTF-8', 'PYTHONPATH': '/opt/ros/jazzy/lib/python3.12/site-packages', 'COLCON': '1', 'CMAKE_PREFIX_PATH': '/opt/ros/jazzy/opt/gz_sim_vendor:/opt/ros/jazzy/opt/gz_sensors_vendor:/opt/ros/jazzy/opt/gz_physics_vendor:/opt/ros/jazzy/opt/sdformat_vendor:/opt/ros/jazzy/opt/gz_gui_vendor:/opt/ros/jazzy/opt/gz_transport_vendor:/opt/ros/jazzy/opt/gz_rendering_vendor:/opt/ros/jazzy/opt/gz_plugin_vendor:/opt/ros/jazzy/opt/gz_fuel_tools_vendor:/opt/ros/jazzy/opt/gz_msgs_vendor:/opt/ros/jazzy/opt/gz_common_vendor:/opt/ros/jazzy/opt/gz_math_vendor:/opt/ros/jazzy/opt/gz_utils_vendor:/opt/ros/jazzy/opt/gz_tools_vendor:/opt/ros/jazzy/opt/gz_ogre_next_vendor:/opt/ros/jazzy/opt/gz_dartsim_vendor:/opt/ros/jazzy/opt/gz_cmake_vendor:/opt/ros/jazzy'}), 'shell': False}
[0.223134] (hardware_sim) StdoutLine: {'line': b'-- Install configuration: ""\n'}
[0.223452] (hardware_sim) StdoutLine: {'line': b'-- Up-to-date: /home/lucifer/anscer_workspace/LineFollower/install/hardware_sim/lib/hardware_sim/hardware_sim_node.py\n'}
[0.223566] (hardware_sim) StdoutLine: {'line': b'-- Up-to-date: /home/lucifer/anscer_workspace/LineFollower/install/hardware_sim/lib/hardware_sim/TapeMap.py\n'}
[0.223669] (hardware_sim) StdoutLine: {'line': b'-- Up-to-date: /home/lucifer/anscer_workspace/LineFollower/install/hardware_sim/share/hardware_sim/models\n'}
[0.223771] (hardware_sim) StdoutLine: {'line': b'-- Up-to-date: /home/lucifer/anscer_workspace/LineFollower/install/hardware_sim/share/hardware_sim/models/scene.xml\n'}
[0.223884] (hardware_sim) StdoutLine: {'line': b'-- Up-to-date: /home/lucifer/anscer_workspace/LineFollower/install/hardware_sim/share/ament_index/resource_index/package_run_dependencies/hardware_sim\n'}
[0.223992] (hardware_sim) StdoutLine: {'line': b'-- Up-to-date: /home/lucifer/anscer_workspace/LineFollower/install/hardware_sim/share/ament_index/resource_index/parent_prefix_path/hardware_sim\n'}
[0.224099] (hardware_sim) StdoutLine: {'line': b'-- Up-to-date: /home/lucifer/anscer_workspace/LineFollower/install/hardware_sim/share/hardware_sim/environment/ament_prefix_path.sh\n'}
[0.224241] (hardware_sim) StdoutLine: {'line': b'-- Up-to-date: /home/lucifer/anscer_workspace/LineFollower/install/hardware_sim/share/hardware_sim/environment/ament_prefix_path.dsv\n'}
[0.224445] (hardware_sim) StdoutLine: {'line': b'-- Up-to-date: /home/lucifer/anscer_workspace/LineFollower/install/hardware_sim/share/hardware_sim/environment/path.sh\n'}
[0.225018] (hardware_sim) StdoutLine: {'line': b'-- Up-to-date: /home/lucifer/anscer_workspace/LineFollower/install/hardware_sim/share/hardware_sim/environment/path.dsv\n'}
[0.225194] (hardware_sim) StdoutLine: {'line': b'-- Up-to-date: /home/lucifer/anscer_workspace/LineFollower/install/hardware_sim/share/hardware_sim/local_setup.bash\n'}
[0.225385] (hardware_sim) StdoutLine: {'line': b'-- Up-to-date: /home/lucifer/anscer_workspace/LineFollower/install/hardware_sim/share/hardware_sim/local_setup.sh\n'}
[0.225575] (hardware_sim) StdoutLine: {'line': b'-- Up-to-date: /home/lucifer/anscer_workspace/LineFollower/install/hardware_sim/share/hardware_sim/local_setup.zsh\n'}
[0.225726] (hardware_sim) StdoutLine: {'line': b'-- Up-to-date: /home/lucifer/anscer_workspace/LineFollower/install/hardware_sim/share/hardware_sim/local_setup.dsv\n'}
[0.225888] (hardware_sim) StdoutLine: {'line': b'-- Installing: /home/lucifer/anscer_workspace/LineFollower/install/hardware_sim/share/hardware_sim/package.dsv\n'}
[0.226011] (nav_server) StdoutLine: {'line': b'-- Found rclcpp: 28.1.18 (/opt/ros/jazzy/share/rclcpp/cmake)\n'}
[0.226355] (hardware_sim) StdoutLine: {'line': b'-- Up-to-date: /home/lucifer/anscer_workspace/LineFollower/install/hardware_sim/share/ament_index/resource_index/packages/hardware_sim\n'}
[0.226523] (hardware_sim) StdoutLine: {'line': b'-- Up-to-date: /home/lucifer/anscer_workspace/LineFollower/install/hardware_sim/share/hardware_sim/cmake/hardware_simConfig.cmake\n'}
[0.226784] (hardware_sim) StdoutLine: {'line': b'-- Up-to-date: /home/lucifer/anscer_workspace/LineFollower/install/hardware_sim/share/hardware_sim/cmake/hardware_simConfig-version.cmake\n'}
[0.226915] (hardware_sim) StdoutLine: {'line': b'-- Up-to-date: /home/lucifer/anscer_workspace/LineFollower/install/hardware_sim/share/hardware_sim/package.xml\n'}
[0.227062] (hardware_sim) CommandEnded: {'returncode': 0}
[0.237608] (hardware_sim) JobEnded: {'identifier': 'hardware_sim', 'rc': 0}
[0.238773] (line_follower_controller) StdoutLine: {'line': b'-- Install configuration: ""\n'}
[0.238981] (line_follower_controller) StdoutLine: {'line': b'-- Up-to-date: /home/lucifer/anscer_workspace/LineFollower/install/line_follower_controller/lib/line_follower_controller/line_follower_controller_node\n'}
[0.239114] (line_follower_controller) StdoutLine: {'line': b'-- Up-to-date: /home/lucifer/anscer_workspace/LineFollower/install/line_follower_controller/share/line_follower_controller/config\n'}
[0.239270] (line_follower_controller) StdoutLine: {'line': b'-- Up-to-date: /home/lucifer/anscer_workspace/LineFollower/install/line_follower_controller/share/line_follower_controller/config/params.yaml\n'}
[0.239409] (line_follower_controller) StdoutLine: {'line': b'-- Up-to-date: /home/lucifer/anscer_workspace/LineFollower/install/line_follower_controller/share/line_follower_controller/launch\n'}
[0.239926] (line_follower_controller) StdoutLine: {'line': b'-- Up-to-date: /home/lucifer/anscer_workspace/LineFollower/install/line_follower_controller/share/line_follower_controller/launch/play.launch.py\n'}
[0.240137] (line_follower_controller) StdoutLine: {'line': b'-- Up-to-date: /home/lucifer/anscer_workspace/LineFollower/install/line_follower_controller/share/ament_index/resource_index/package_run_dependencies/line_follower_controller\n'}
[0.240414] (line_follower_controller) StdoutLine: {'line': b'-- Up-to-date: /home/lucifer/anscer_workspace/LineFollower/install/line_follower_controller/share/ament_index/resource_index/parent_prefix_path/line_follower_controller\n'}
[0.240595] (line_follower_controller) StdoutLine: {'line': b'-- Up-to-date: /home/lucifer/anscer_workspace/LineFollower/install/line_follower_controller/share/line_follower_controller/environment/ament_prefix_path.sh\n'}
[0.240915] (line_follower_controller) StdoutLine: {'line': b'-- Up-to-date: /home/lucifer/anscer_workspace/LineFollower/install/line_follower_controller/share/line_follower_controller/environment/ament_prefix_path.dsv\n'}
[0.241205] (line_follower_controller) StdoutLine: {'line': b'-- Up-to-date: /home/lucifer/anscer_workspace/LineFollower/install/line_follower_controller/share/line_follower_controller/environment/path.sh\n'}
[0.241834] (line_follower_controller) StdoutLine: {'line': b'-- Up-to-date: /home/lucifer/anscer_workspace/LineFollower/install/line_follower_controller/share/line_follower_controller/environment/path.dsv\n'}
[0.242372] (line_follower_controller) StdoutLine: {'line': b'-- Up-to-date: /home/lucifer/anscer_workspace/LineFollower/install/line_follower_controller/share/line_follower_controller/local_setup.bash\n'}
[0.242577] (line_follower_controller) StdoutLine: {'line': b'-- Up-to-date: /home/lucifer/anscer_workspace/LineFollower/install/line_follower_controller/share/line_follower_controller/local_setup.sh\n'}
[0.243129] (line_follower_controller) StdoutLine: {'line': b'-- Up-to-date: /home/lucifer/anscer_workspace/LineFollower/install/line_follower_controller/share/line_follower_controller/local_setup.zsh\n'}
[0.243309] (line_follower_controller) StdoutLine: {'line': b'-- Up-to-date: /home/lucifer/anscer_workspace/LineFollower/install/line_follower_controller/share/line_follower_controller/local_setup.dsv\n'}
[0.243913] (line_follower_controller) StdoutLine: {'line': b'-- Installing: /home/lucifer/anscer_workspace/LineFollower/install/line_follower_controller/share/line_follower_controller/package.dsv\n'}
[0.244148] (line_follower_controller) StdoutLine: {'line': b'-- Up-to-date: /home/lucifer/anscer_workspace/LineFollower/install/line_follower_controller/share/ament_index/resource_index/packages/line_follower_controller\n'}
[0.244210] (line_follower_controller) StdoutLine: {'line': b'-- Up-to-date: /home/lucifer/anscer_workspace/LineFollower/install/line_follower_controller/share/line_follower_controller/cmake/line_follower_controllerConfig.cmake\n'}
[0.244274] (line_follower_controller) StdoutLine: {'line': b'-- Up-to-date: /home/lucifer/anscer_workspace/LineFollower/install/line_follower_controller/share/line_follower_controller/cmake/line_follower_controllerConfig-version.cmake\n'}
[0.244321] (line_follower_controller) StdoutLine: {'line': b'-- Up-to-date: /home/lucifer/anscer_workspace/LineFollower/install/line_follower_controller/share/line_follower_controller/package.xml\n'}
[0.244372] (line_follower_controller) CommandEnded: {'returncode': 0}
[0.249013] (line_follower_controller) JobEnded: {'identifier': 'line_follower_controller', 'rc': 0}
[0.249472] (nav_server) StdoutLine: {'line': b'-- Found rosidl_generator_c: 4.6.7 (/opt/ros/jazzy/share/rosidl_generator_c/cmake)\n'}
[0.251663] (nav_server) StdoutLine: {'line': b'-- Found rosidl_generator_cpp: 4.6.7 (/opt/ros/jazzy/share/rosidl_generator_cpp/cmake)\n'}
[0.261626] (nav_server) StdoutLine: {'line': b'-- Using all available rosidl_typesupport_c: rosidl_typesupport_fastrtps_c;rosidl_typesupport_introspection_c\n'}
[0.274497] (nav_server) StdoutLine: {'line': b'-- Using all available rosidl_typesupport_cpp: rosidl_typesupport_fastrtps_cpp;rosidl_typesupport_introspection_cpp\n'}
[0.300161] (-) TimerEvent: {}
[0.328816] (nav_server) StdoutLine: {'line': b'-- Found rmw_implementation_cmake: 7.3.3 (/opt/ros/jazzy/share/rmw_implementation_cmake/cmake)\n'}
[0.329964] (nav_server) StdoutLine: {'line': b'-- Found rmw_fastrtps_cpp: 8.4.3 (/opt/ros/jazzy/share/rmw_fastrtps_cpp/cmake)\n'}
[0.400292] (-) TimerEvent: {}
[0.400561] (nav_server) StdoutLine: {'line': b"-- Using RMW implementation 'rmw_fastrtps_cpp' as default\n"}
[0.454701] (nav_server) StdoutLine: {'line': b'-- Found rclcpp_action: 28.1.18 (/opt/ros/jazzy/share/rclcpp_action/cmake)\n'}
[0.489243] (nav_server) StdoutLine: {'line': b'-- Found nav2_msgs: 1.3.11 (/opt/ros/jazzy/share/nav2_msgs/cmake)\n'}
[0.500423] (-) TimerEvent: {}
[0.600590] (-) TimerEvent: {}
[0.610331] (navigation_server) Command: {'cmd': ['/usr/bin/python3', '-W', 'ignore:setup.py install is deprecated', '-W', 'ignore:easy_install command is deprecated', 'setup.py', 'egg_info', '--egg-base', '../../build/navigation_server', 'build', '--build-base', '/home/lucifer/anscer_workspace/LineFollower/build/navigation_server/build', 'install', '--record', '/home/lucifer/anscer_workspace/LineFollower/build/navigation_server/install.log', '--single-version-externally-managed', 'install_data'], 'cwd': '/home/lucifer/anscer_workspace/LineFollower/src/navigation_server', 'env': {'GZ_SIM_RESOURCE_PATH': '/opt/ros/jazzy/share', 'GZ_CONFIG_PATH': '/opt/ros/jazzy/opt/gz_sim_vendor/share/gz:/opt/ros/jazzy/opt/sdformat_vendor/share/gz:/opt/ros/jazzy/opt/gz_gui_vendor/share/gz:/opt/ros/jazzy/opt/gz_transport_vendor/share/gz:/opt/ros/jazzy/opt/gz_rendering_vendor/share/gz:/opt/ros/jazzy/opt/gz_plugin_vendor/share/gz:/opt/ros/jazzy/opt/gz_fuel_tools_vendor/share/gz:/opt/ros/jazzy/opt/gz_msgs_vendor/share/gz:/opt/ros/jazzy/opt/gz_common_vendor/share/gz', 'HOSTNAME': 'fedora', 'SHLVL': '0', 'LIBGL_ALWAYS_SOFTWARE': '1', 'LD_LIBRARY_PATH': '/opt/ros/jazzy/opt/gz_sim_vendor/lib:/opt/ros/jazzy/opt/gz_sensors_vendor/lib:/opt/ros/jazzy/opt/gz_physics_vendor/lib:/opt/ros/jazzy/opt/sdformat_vendor/lib:/opt/ros/jazzy/opt/rviz_ogre_vendor/lib:/opt/ros/jazzy/lib/x86_64-linux-gnu:/opt/ros/jazzy/opt/gz_gui_vendor/lib:/opt/ros/jazzy/opt/gz_transport_vendor/lib:/opt/ros/jazzy/opt/gz_rendering_vendor/lib:/opt/ros/jazzy/opt/gz_plugin_vendor/lib:/opt/ros/jazzy/opt/gz_fuel_tools_vendor/lib:/opt/ros/jazzy/opt/gz_msgs_vendor/lib:/opt/ros/jazzy/opt/gz_common_vendor/lib:/opt/ros/jazzy/opt/gz_math_vendor/lib:/opt/ros/jazzy/opt/gz_utils_vendor/lib:/opt/ros/jazzy/opt/gz_tools_vendor/lib:/opt/ros/jazzy/opt/gz_ogre_next_vendor/lib:/opt/ros/jazzy/opt/gz_dartsim_vendor/lib:/opt/ros/jazzy/opt/gz_cmake_vendor/lib:/opt/ros/jazzy/lib', 'HOME': '/home/lucifer', 'ROS_PYTHON_VERSION': '3', 'ROS_DISTRO': 'jazzy', '_': '/usr/bin/colcon', 'ROS_VERSION': '2', 'QT_X11_NO_MITSHM': '1', 'PATH': '/opt/ros/jazzy/opt/gz_msgs_vendor/bin:/opt/ros/jazzy/opt/gz_tools_vendor/bin:/opt/ros/jazzy/opt/gz_ogre_next_vendor/bin:/opt/ros/jazzy/bin:/usr/local/sbin:/usr/local/bin:/usr/sbin:/usr/bin:/sbin:/bin', 'XDG_RUNTIME_DIR': '/tmp/runtime-root', 'DISPLAY': ':0', 'LANG': 'C.UTF-8', 'AMENT_PREFIX_PATH': '/opt/ros/jazzy', 'ROS_AUTOMATIC_DISCOVERY_RANGE': 'SUBNET', 'PWD': '/home/lucifer/anscer_workspace/LineFollower/build/navigation_server', 'LC_ALL': 'C.UTF-8', 'PYTHONPATH': '/home/lucifer/anscer_workspace/LineFollower/build/navigation_server/prefix_override:/usr/lib/python3/dist-packages/colcon_core/task/python/colcon_distutils_commands:/home/lucifer/anscer_workspace/LineFollower/install/navigation_server/lib/python3.12/site-packages:/opt/ros/jazzy/lib/python3.12/site-packages', 'COLCON': '1', 'CMAKE_PREFIX_PATH': '/opt/ros/jazzy/opt/gz_sim_vendor:/opt/ros/jazzy/opt/gz_sensors_vendor:/opt/ros/jazzy/opt/gz_physics_vendor:/opt/ros/jazzy/opt/sdformat_vendor:/opt/ros/jazzy/opt/gz_gui_vendor:/opt/ros/jazzy/opt/gz_transport_vendor:/opt/ros/jazzy/opt/gz_rendering_vendor:/opt/ros/jazzy/opt/gz_plugin_vendor:/opt/ros/jazzy/opt/gz_fuel_tools_vendor:/opt/ros/jazzy/opt/gz_msgs_vendor:/opt/ros/jazzy/opt/gz_common_vendor:/opt/ros/jazzy/opt/gz_math_vendor:/opt/ros/jazzy/opt/gz_utils_vendor:/opt/ros/jazzy/opt/gz_tools_vendor:/opt/ros/jazzy/opt/gz_ogre_next_vendor:/opt/ros/jazzy/opt/gz_dartsim_vendor:/opt/ros/jazzy/opt/gz_cmake_vendor'}, 'shell': False}
[0.622089] (nav_server) StdoutLine: {'line': b"-- Checking for module 'libpqxx'\n"}
[0.635940] (nav_server) StdoutLine: {'line': b'--   Found libpqxx, version 7.8.1\n'}
[0.668439] (nav_server) StdoutLine: {'line': b'-- Found ament_lint_auto: 0.17.5 (/opt/ros/jazzy/share/ament_lint_auto/cmake)\n'}
[0.700771] (-) TimerEvent: {}
[0.785437] (nav_server) StdoutLine: {'line': b"-- Added test 'copyright' to check source files copyright and LICENSE\n"}
[0.786716] (nav_server) StdoutLine: {'line': b"-- Added test 'cppcheck' to perform static code analysis on C / C++ code\n"}
[0.786991] (nav_server) StdoutLine: {'line': b'-- Configured cppcheck include dirs: $<BUILD_INTERFACE:/home/lucifer/anscer_workspace/LineFollower/src/nav_server/include>\n'}
[0.787115] (nav_server) StdoutLine: {'line': b'-- Configured cppcheck exclude dirs and/or files: \n'}
[0.787915] (nav_server) StdoutLine: {'line': b"-- Added test 'cpplint' to check C / C++ code against the Google style\n"}
[0.788077] (nav_server) StdoutLine: {'line': b'-- Configured cpplint exclude dirs and/or files: \n'}
[0.788861] (nav_server) StdoutLine: {'line': b"-- Added test 'lint_cmake' to check CMake code style\n"}
[0.790001] (nav_server) StdoutLine: {'line': b"-- Added test 'uncrustify' to check C / C++ code style\n"}
[0.790162] (nav_server) StdoutLine: {'line': b'-- Configured uncrustify additional arguments: \n'}
[0.790673] (nav_server) StdoutLine: {'line': b"-- Added test 'xmllint' to check XML markup files\n"}
[0.792821] (nav_server) StdoutLine: {'line': b'-- Configuring done (0.8s)\n'}
[0.800855] (-) TimerEvent: {}
[0.803797] (navigation_server) StdoutLine: {'line': b'running egg_info\n'}
[0.805635] (nav_server) StdoutLine: {'line': b'-- Generating done (0.0s)\n'}
[0.809138] (nav_server) StdoutLine: {'line': b'-- Build files have been written to: /home/lucifer/anscer_workspace/LineFollower/build/nav_server\n'}
[0.815031] (nav_server) CommandEnded: {'returncode': 0}
[0.815625] (nav_server) JobProgress: {'identifier': 'nav_server', 'progress': 'build'}
[0.815953] (nav_server) Command: {'cmd': ['/usr/bin/cmake', '--build', '/home/lucifer/anscer_workspace/LineFollower/build/nav_server', '--', '-j12', '-l12'], 'cwd': '/home/lucifer/anscer_workspace/LineFollower/build/nav_server', 'env': OrderedDict({'GZ_SIM_RESOURCE_PATH': '/opt/ros/jazzy/share', 'GZ_CONFIG_PATH': '/opt/ros/jazzy/opt/gz_sim_vendor/share/gz:/opt/ros/jazzy/opt/sdformat_vendor/share/gz:/opt/ros/jazzy/opt/gz_gui_vendor/share/gz:/opt/ros/jazzy/opt/gz_transport_vendor/share/gz:/opt/ros/jazzy/opt/gz_rendering_vendor/share/gz:/opt/ros/jazzy/opt/gz_plugin_vendor/share/gz:/opt/ros/jazzy/opt/gz_fuel_tools_vendor/share/gz:/opt/ros/jazzy/opt/gz_msgs_vendor/share/gz:/opt/ros/jazzy/opt/gz_common_vendor/share/gz', 'HOSTNAME': 'fedora', 'SHLVL': '0', 'LIBGL_ALWAYS_SOFTWARE': '1', 'LD_LIBRARY_PATH': '/opt/ros/jazzy/opt/gz_sim_vendor/lib:/opt/ros/jazzy/opt/gz_sensors_vendor/lib:/opt/ros/jazzy/opt/gz_physics_vendor/lib:/opt/ros/jazzy/opt/sdformat_vendor/lib:/opt/ros/jazzy/opt/rviz_ogre_vendor/lib:/opt/ros/jazzy/lib/x86_64-linux-gnu:/opt/ros/jazzy/opt/gz_gui_vendor/lib:/opt/ros/jazzy/opt/gz_transport_vendor/lib:/opt/ros/jazzy/opt/gz_rendering_vendor/lib:/opt/ros/jazzy/opt/gz_plugin_vendor/lib:/opt/ros/jazzy/opt/gz_fuel_tools_vendor/lib:/opt/ros/jazzy/opt/gz_msgs_vendor/lib:/opt/ros/jazzy/opt/gz_common_vendor/lib:/opt/ros/jazzy/opt/gz_math_vendor/lib:/opt/ros/jazzy/opt/gz_utils_vendor/lib:/opt/ros/jazzy/opt/gz_tools_vendor/lib:/opt/ros/jazzy/opt/gz_ogre_next_vendor/lib:/opt/ros/jazzy/opt/gz_dartsim_vendor/lib:/opt/ros/jazzy/opt/gz_cmake_vendor/lib:/opt/ros/jazzy/lib', 'HOME': '/home/lucifer', 'ROS_PYTHON_VERSION': '3', 'ROS_DISTRO': 'jazzy', '_': '/usr/bin/colcon', 'ROS_VERSION': '2', 'QT_X11_NO_MITSHM': '1', 'PATH': '/opt/ros/jazzy/opt/gz_msgs_vendor/bin:/opt/ros/jazzy/opt/gz_tools_vendor/bin:/opt/ros/jazzy/opt/gz_ogre_next_vendor/bin:/opt/ros/jazzy/bin:/usr/local/sbin:/usr/local/bin:/usr/sbin:/usr/bin:/sbin:/bin', 'XDG_RUNTIME_DIR': '/tmp/runtime-root', 'DISPLAY': ':0', 'LANG': 'C.UTF-8', 'AMENT_PREFIX_PATH': '/opt/ros/jazzy', 'ROS_AUTOMATIC_DISCOVERY_RANGE': 'SUBNET', 'PWD': '/home/lucifer/anscer_workspace/LineFollower/build/nav_server', 'LC_ALL': 'C.UTF-8', 'PYTHONPATH': '/opt/ros/jazzy/lib/python3.12/site-packages', 'COLCON': '1', 'CMAKE_PREFIX_PATH': '/opt/ros/jazzy/opt/gz_sim_vendor:/opt/ros/jazzy/opt/gz_sensors_vendor:/opt/ros/jazzy/opt/gz_physics_vendor:/opt/ros/jazzy/opt/sdformat_vendor:/opt/ros/jazzy/opt/gz_gui_vendor:/opt/ros/jazzy/opt/gz_transport_vendor:/opt/ros/jazzy/opt/gz_rendering_vendor:/opt/ros/jazzy/opt/gz_plugin_vendor:/opt/ros/jazzy/opt/gz_fuel_tools_vendor:/opt/ros/jazzy/opt/gz_msgs_vendor:/opt/ros/jazzy/opt/gz_common_vendor:/opt/ros/jazzy/opt/gz_math_vendor:/opt/ros/jazzy/opt/gz_utils_vendor:/opt/ros/jazzy/opt/gz_tools_vendor:/opt/ros/jazzy/opt/gz_ogre_next_vendor:/opt/ros/jazzy/opt/gz_dartsim_vendor:/opt/ros/jazzy/opt/gz_cmake_vendor:/opt/ros/jazzy'}), 'shell': False}
[0.816744] (navigation_server) StdoutLine: {'line': b'writing ../../build/navigation_server/navigation_server.egg-info/PKG-INFO\n'}
[0.816903] (navigation_server) StdoutLine: {'line': b'writing dependency_links to ../../build/navigation_server/navigation_server.egg-info/dependency_links.txt\n'}
[0.817021] (navigation_server) StdoutLine: {'line': b'writing entry points to ../../build/navigation_server/navigation_server.egg-info/entry_points.txt\n'}
[0.817133] (navigation_server) StdoutLine: {'line': b'writing requirements to ../../build/navigation_server/navigation_server.egg-info/requires.txt\n'}
[0.817253] (navigation_server) StdoutLine: {'line': b'writing top-level names to ../../build/navigation_server/navigation_server.egg-info/top_level.txt\n'}
[0.839144] (navigation_server) StdoutLine: {'line': b"reading manifest file '../../build/navigation_server/navigation_server.egg-info/SOURCES.txt'\n"}
[0.839733] (navigation_server) StdoutLine: {'line': b"writing manifest file '../../build/navigation_server/navigation_server.egg-info/SOURCES.txt'\n"}
[0.839998] (navigation_server) StdoutLine: {'line': b'running build\n'}
[0.840268] (navigation_server) StdoutLine: {'line': b'running build_py\n'}
[0.840393] (navigation_server) StdoutLine: {'line': b'running install\n'}
[0.845299] (navigation_server) StdoutLine: {'line': b'running install_lib\n'}
[0.857468] (navigation_server) StdoutLine: {'line': b'running install_data\n'}
[0.857683] (navigation_server) StdoutLine: {'line': b'running install_egg_info\n'}
[0.870497] (navigation_server) StdoutLine: {'line': b"removing '/home/lucifer/anscer_workspace/LineFollower/install/navigation_server/lib/python3.12/site-packages/navigation_server-0.0.0-py3.12.egg-info' (and everything under it)\n"}
[0.870763] (navigation_server) StdoutLine: {'line': b'Copying ../../build/navigation_server/navigation_server.egg-info to /home/lucifer/anscer_workspace/LineFollower/install/navigation_server/lib/python3.12/site-packages/navigation_server-0.0.0-py3.12.egg-info\n'}
[0.871466] (navigation_server) StdoutLine: {'line': b'running install_scripts\n'}
[0.885060] (nav_server) StdoutLine: {'line': b'[ 50%] Building CXX object CMakeFiles/nav_server_node.dir/src/nav_server_node.cpp.o\n'}
[0.900980] (-) TimerEvent: {}
[0.956280] (navigation_server) StdoutLine: {'line': b'Installing navigator_node script to /home/lucifer/anscer_workspace/LineFollower/install/navigation_server/lib/navigation_server\n'}
[0.956580] (navigation_server) StdoutLine: {'line': b"writing list of installed files to '/home/lucifer/anscer_workspace/LineFollower/build/navigation_server/install.log'\n"}
[0.978289] (navigation_server) CommandEnded: {'returncode': 0}
[0.982708] (navigation_server) JobEnded: {'identifier': 'navigation_server', 'rc': 0}
[1.001115] (-) TimerEvent: {}
[1.101413] (-) TimerEvent: {}
[1.201711] (-) TimerEvent: {}
[1.301890] (-) TimerEvent: {}
[1.402091] (-) TimerEvent: {}
[1.502346] (-) TimerEvent: {}
[1.602624] (-) TimerEvent: {}
[1.702830] (-) TimerEvent: {}
[1.803149] (-) TimerEvent: {}
[1.903296] (-) TimerEvent: {}
[2.003478] (-) TimerEvent: {}
[2.103694] (-) TimerEvent: {}
[2.203986] (-) TimerEvent: {}
[2.304194] (-) TimerEvent: {}
[2.404354] (-) TimerEvent: {}
[2.504564] (-) TimerEvent: {}
[2.604796] (-) TimerEvent: {}
[2.704968] (-) TimerEvent: {}
[2.805164] (-) TimerEvent: {}
[2.905342] (-) TimerEvent: {}
[3.005515] (-) TimerEvent: {}
[3.105721] (-) TimerEvent: {}
[3.205988] (-) TimerEvent: {}
[3.306293] (-) TimerEvent: {}
[3.406468] (-) TimerEvent: {}
[3.506637] (-) TimerEvent: {}
[3.606810] (-) TimerEvent: {}
[3.707081] (-) TimerEvent: {}
[3.807268] (-) TimerEvent: {}
[3.907476] (-) TimerEvent: {}
[4.007664] (-) TimerEvent: {}
[4.107858] (-) TimerEvent: {}
[4.208057] (-) TimerEvent: {}
[4.308226] (-) TimerEvent: {}
[4.408453] (-) TimerEvent: {}
[4.508780] (-) TimerEvent: {}
[4.609079] (-) TimerEvent: {}
[4.709257] (-) TimerEvent: {}
[4.809424] (-) TimerEvent: {}
[4.909628] (-) TimerEvent: {}
[5.009817] (-) TimerEvent: {}
[5.027025] (nav_server) StdoutLine: {'line': b'[100%] Linking CXX executable nav_server_node\n'}
[5.109911] (-) TimerEvent: {}
[5.210107] (-) TimerEvent: {}
[5.263859] (nav_server) StdoutLine: {'line': b'[100%] Built target nav_server_node\n'}
[5.273780] (nav_server) CommandEnded: {'returncode': 0}
[5.274211] (nav_server) JobProgress: {'identifier': 'nav_server', 'progress': 'install'}
[5.274400] (nav_server) Command: {'cmd': ['/usr/bin/cmake', '--install', '/home/lucifer/anscer_workspace/LineFollower/build/nav_server'], 'cwd': '/home/lucifer/anscer_workspace/LineFollower/build/nav_server', 'env': OrderedDict({'GZ_SIM_RESOURCE_PATH': '/opt/ros/jazzy/share', 'GZ_CONFIG_PATH': '/opt/ros/jazzy/opt/gz_sim_vendor/share/gz:/opt/ros/jazzy/opt/sdformat_vendor/share/gz:/opt/ros/jazzy/opt/gz_gui_vendor/share/gz:/opt/ros/jazzy/opt/gz_transport_vendor/share/gz:/opt/ros/jazzy/opt/gz_rendering_vendor/share/gz:/opt/ros/jazzy/opt/gz_plugin_vendor/share/gz:/opt/ros/jazzy/opt/gz_fuel_tools_vendor/share/gz:/opt/ros/jazzy/opt/gz_msgs_vendor/share/gz:/opt/ros/jazzy/opt/gz_common_vendor/share/gz', 'HOSTNAME': 'fedora', 'SHLVL': '0', 'LIBGL_ALWAYS_SOFTWARE': '1', 'LD_LIBRARY_PATH': '/opt/ros/jazzy/opt/gz_sim_vendor/lib:/opt/ros/jazzy/opt/gz_sensors_vendor/lib:/opt/ros/jazzy/opt/gz_physics_vendor/lib:/opt/ros/jazzy/opt/sdformat_vendor/lib:/opt/ros/jazzy/opt/rviz_ogre_vendor/lib:/opt/ros/jazzy/lib/x86_64-linux-gnu:/opt/ros/jazzy/opt/gz_gui_vendor/lib:/opt/ros/jazzy/opt/gz_transport_vendor/lib:/opt/ros/jazzy/opt/gz_rendering_vendor/lib:/opt/ros/jazzy/opt/gz_plugin_vendor/lib:/opt/ros/jazzy/opt/gz_fuel_tools_vendor/lib:/opt/ros/jazzy/opt/gz_msgs_vendor/lib:/opt/ros/jazzy/opt/gz_common_vendor/lib:/opt/ros/jazzy/opt/gz_math_vendor/lib:/opt/ros/jazzy/opt/gz_utils_vendor/lib:/opt/ros/jazzy/opt/gz_tools_vendor/lib:/opt/ros/jazzy/opt/gz_ogre_next_vendor/lib:/opt/ros/jazzy/opt/gz_dartsim_vendor/lib:/opt/ros/jazzy/opt/gz_cmake_vendor/lib:/opt/ros/jazzy/lib', 'HOME': '/home/lucifer', 'ROS_PYTHON_VERSION': '3', 'ROS_DISTRO': 'jazzy', '_': '/usr/bin/colcon', 'ROS_VERSION': '2', 'QT_X11_NO_MITSHM': '1', 'PATH': '/opt/ros/jazzy/opt/gz_msgs_vendor/bin:/opt/ros/jazzy/opt/gz_tools_vendor/bin:/opt/ros/jazzy/opt/gz_ogre_next_vendor/bin:/opt/ros/jazzy/bin:/usr/local/sbin:/usr/local/bin:/usr/sbin:/usr/bin:/sbin:/bin', 'XDG_RUNTIME_DIR': '/tmp/runtime-root', 'DISPLAY': ':0', 'LANG': 'C.UTF-8', 'AMENT_PREFIX_PATH': '/opt/ros/jazzy', 'ROS_AUTOMATIC_DISCOVERY_RANGE': 'SUBNET', 'PWD': '/home/lucifer/anscer_workspace/LineFollower/build/nav_server', 'LC_ALL': 'C.UTF-8', 'PYTHONPATH': '/opt/ros/jazzy/lib/python3.12/site-packages', 'COLCON': '1', 'CMAKE_PREFIX_PATH': '/opt/ros/jazzy/opt/gz_sim_vendor:/opt/ros/jazzy/opt/gz_sensors_vendor:/opt/ros/jazzy/opt/gz_physics_vendor:/opt/ros/jazzy/opt/sdformat_vendor:/opt/ros/jazzy/opt/gz_gui_vendor:/opt/ros/jazzy/opt/gz_transport_vendor:/opt/ros/jazzy/opt/gz_rendering_vendor:/opt/ros/jazzy/opt/gz_plugin_vendor:/opt/ros/jazzy/opt/gz_fuel_tools_vendor:/opt/ros/jazzy/opt/gz_msgs_vendor:/opt/ros/jazzy/opt/gz_common_vendor:/opt/ros/jazzy/opt/gz_math_vendor:/opt/ros/jazzy/opt/gz_utils_vendor:/opt/ros/jazzy/opt/gz_tools_vendor:/opt/ros/jazzy/opt/gz_ogre_next_vendor:/opt/ros/jazzy/opt/gz_dartsim_vendor:/opt/ros/jazzy/opt/gz_cmake_vendor:/opt/ros/jazzy'}), 'shell': False}
[5.281050] (nav_server) StdoutLine: {'line': b'-- Install configuration: ""\n'}
[5.281218] (nav_server) StdoutLine: {'line': b'-- Installing: /home/lucifer/anscer_workspace/LineFollower/install/nav_server/lib/nav_server/nav_server_node\n'}
[5.285570] (nav_server) StdoutLine: {'line': b'-- Set non-toolchain portion of runtime path of "/home/lucifer/anscer_workspace/LineFollower/install/nav_server/lib/nav_server/nav_server_node" to ""\n'}
[5.285763] (nav_server) StdoutLine: {'line': b'-- Installing: /home/lucifer/anscer_workspace/LineFollower/install/nav_server/share/ament_index/resource_index/package_run_dependencies/nav_server\n'}
[5.285897] (nav_server) StdoutLine: {'line': b'-- Installing: /home/lucifer/anscer_workspace/LineFollower/install/nav_server/share/ament_index/resource_index/parent_prefix_path/nav_server\n'}
[5.285989] (nav_server) StdoutLine: {'line': b'-- Installing: /home/lucifer/anscer_workspace/LineFollower/install/nav_server/share/nav_server/environment/ament_prefix_path.sh\n'}
[5.286117] (nav_server) StdoutLine: {'line': b'-- Installing: /home/lucifer/anscer_workspace/LineFollower/install/nav_server/share/nav_server/environment/ament_prefix_path.dsv\n'}
[5.286374] (nav_server) StdoutLine: {'line': b'-- Installing: /home/lucifer/anscer_workspace/LineFollower/install/nav_server/share/nav_server/environment/path.sh\n'}
[5.286528] (nav_server) StdoutLine: {'line': b'-- Installing: /home/lucifer/anscer_workspace/LineFollower/install/nav_server/share/nav_server/environment/path.dsv\n'}
[5.286640] (nav_server) StdoutLine: {'line': b'-- Installing: /home/lucifer/anscer_workspace/LineFollower/install/nav_server/share/nav_server/local_setup.bash\n'}
[5.286750] (nav_server) StdoutLine: {'line': b'-- Installing: /home/lucifer/anscer_workspace/LineFollower/install/nav_server/share/nav_server/local_setup.sh\n'}
[5.286889] (nav_server) StdoutLine: {'line': b'-- Installing: /home/lucifer/anscer_workspace/LineFollower/install/nav_server/share/nav_server/local_setup.zsh\n'}
[5.286967] (nav_server) StdoutLine: {'line': b'-- Installing: /home/lucifer/anscer_workspace/LineFollower/install/nav_server/share/nav_server/local_setup.dsv\n'}
[5.287075] (nav_server) StdoutLine: {'line': b'-- Installing: /home/lucifer/anscer_workspace/LineFollower/install/nav_server/share/nav_server/package.dsv\n'}
[5.287196] (nav_server) StdoutLine: {'line': b'-- Installing: /home/lucifer/anscer_workspace/LineFollower/install/nav_server/share/ament_index/resource_index/packages/nav_server\n'}
[5.287325] (nav_server) StdoutLine: {'line': b'-- Installing: /home/lucifer/anscer_workspace/LineFollower/install/nav_server/share/nav_server/cmake/nav_serverConfig.cmake\n'}
[5.287436] (nav_server) StdoutLine: {'line': b'-- Installing: /home/lucifer/anscer_workspace/LineFollower/install/nav_server/share/nav_server/cmake/nav_serverConfig-version.cmake\n'}
[5.287548] (nav_server) StdoutLine: {'line': b'-- Installing: /home/lucifer/anscer_workspace/LineFollower/install/nav_server/share/nav_server/package.xml\n'}
[5.288873] (nav_server) CommandEnded: {'returncode': 0}
[5.295872] (nav_server) JobEnded: {'identifier': 'nav_server', 'rc': 0}
[5.296393] (-) EventReactorShutdown: {}
