[3.863s] Invoking command in '/home/lucifer/anscer_workspace/LineFollower/src/navigation_server': PYTHONPATH=/home/lucifer/anscer_workspace/LineFollower/build/navigation_server/prefix_override:/usr/lib/python3/dist-packages/colcon_core/task/python/colcon_distutils_commands:/home/lucifer/anscer_workspace/LineFollower/install/navigation_server/lib/python3.12/site-packages:${PYTHONPATH} /usr/bin/python3 -W ignore:setup.py install is deprecated -W ignore:easy_install command is deprecated setup.py egg_info --egg-base ../../build/navigation_server build --build-base /home/lucifer/anscer_workspace/LineFollower/build/navigation_server/build install --record /home/lucifer/anscer_workspace/LineFollower/build/navigation_server/install.log --single-version-externally-managed install_data
[4.930s] running egg_info
[4.985s] writing ../../build/navigation_server/navigation_server.egg-info/PKG-INFO
[4.986s] writing dependency_links to ../../build/navigation_server/navigation_server.egg-info/dependency_links.txt
[4.987s] writing entry points to ../../build/navigation_server/navigation_server.egg-info/entry_points.txt
[4.987s] writing requirements to ../../build/navigation_server/navigation_server.egg-info/requires.txt
[4.988s] writing top-level names to ../../build/navigation_server/navigation_server.egg-info/top_level.txt
[5.129s] reading manifest file '../../build/navigation_server/navigation_server.egg-info/SOURCES.txt'
[5.132s] writing manifest file '../../build/navigation_server/navigation_server.egg-info/SOURCES.txt'
[5.132s] running build
[5.134s] running build_py
[5.136s] running install
[5.158s] running install_lib
[5.226s] running install_data
[5.226s] running install_egg_info
[5.299s] removing '/home/lucifer/anscer_workspace/LineFollower/install/navigation_server/lib/python3.12/site-packages/navigation_server-0.0.0-py3.12.egg-info' (and everything under it)
[5.304s] Copying ../../build/navigation_server/navigation_server.egg-info to /home/lucifer/anscer_workspace/LineFollower/install/navigation_server/lib/python3.12/site-packages/navigation_server-0.0.0-py3.12.egg-info
[5.319s] running install_scripts
[5.775s] Installing navigator_node script to /home/lucifer/anscer_workspace/LineFollower/install/navigation_server/lib/navigation_server
[5.781s] writing list of installed files to '/home/lucifer/anscer_workspace/LineFollower/build/navigation_server/install.log'
[5.909s] Invoked command in '/home/lucifer/anscer_workspace/LineFollower/src/navigation_server' returned '0': PYTHONPATH=/home/lucifer/anscer_workspace/LineFollower/build/navigation_server/prefix_override:/usr/lib/python3/dist-packages/colcon_core/task/python/colcon_distutils_commands:/home/lucifer/anscer_workspace/LineFollower/install/navigation_server/lib/python3.12/site-packages:${PYTHONPATH} /usr/bin/python3 -W ignore:setup.py install is deprecated -W ignore:easy_install command is deprecated setup.py egg_info --egg-base ../../build/navigation_server build --build-base /home/lucifer/anscer_workspace/LineFollower/build/navigation_server/build install --record /home/lucifer/anscer_workspace/LineFollower/build/navigation_server/install.log --single-version-externally-managed install_data
