[0.000000] (-) TimerEvent: {}
[0.015422] (-) JobUnselected: {'identifier': 'hardware_sim'}
[0.015608] (-) JobUnselected: {'identifier': 'line_follower_controller'}
[0.015657] (-) JobUnselected: {'identifier': 'navigation_server'}
[0.015716] (nav_server) JobQueued: {'identifier': 'nav_server', 'dependencies': OrderedDict()}
[0.015758] (nav_server) JobStarted: {'identifier': 'nav_server'}
[0.060143] (nav_server) JobProgress: {'identifier': 'nav_server', 'progress': 'cmake'}
[0.061852] (nav_server) JobProgress: {'identifier': 'nav_server', 'progress': 'build'}
[0.066139] (nav_server) Command: {'cmd': ['/usr/bin/cmake', '--build', '/home/lucifer/anscer_workspace/LineFollower/build/nav_server', '--', '-j12', '-l12'], 'cwd': '/home/lucifer/anscer_workspace/LineFollower/build/nav_server', 'env': OrderedDict({'GZ_SIM_RESOURCE_PATH': '/opt/ros/jazzy/share', 'GZ_CONFIG_PATH': '/opt/ros/jazzy/opt/gz_sim_vendor/share/gz:/opt/ros/jazzy/opt/sdformat_vendor/share/gz:/opt/ros/jazzy/opt/gz_gui_vendor/share/gz:/opt/ros/jazzy/opt/gz_transport_vendor/share/gz:/opt/ros/jazzy/opt/gz_rendering_vendor/share/gz:/opt/ros/jazzy/opt/gz_plugin_vendor/share/gz:/opt/ros/jazzy/opt/gz_fuel_tools_vendor/share/gz:/opt/ros/jazzy/opt/gz_msgs_vendor/share/gz:/opt/ros/jazzy/opt/gz_common_vendor/share/gz', 'HOSTNAME': 'fedora', 'SHLVL': '0', 'LIBGL_ALWAYS_SOFTWARE': '1', 'LD_LIBRARY_PATH': '/opt/ros/jazzy/opt/gz_sim_vendor/lib:/opt/ros/jazzy/opt/gz_sensors_vendor/lib:/opt/ros/jazzy/opt/gz_physics_vendor/lib:/opt/ros/jazzy/opt/sdformat_vendor/lib:/opt/ros/jazzy/opt/rviz_ogre_vendor/lib:/opt/ros/jazzy/lib/x86_64-linux-gnu:/opt/ros/jazzy/opt/gz_gui_vendor/lib:/opt/ros/jazzy/opt/gz_transport_vendor/lib:/opt/ros/jazzy/opt/gz_rendering_vendor/lib:/opt/ros/jazzy/opt/gz_plugin_vendor/lib:/opt/ros/jazzy/opt/gz_fuel_tools_vendor/lib:/opt/ros/jazzy/opt/gz_msgs_vendor/lib:/opt/ros/jazzy/opt/gz_common_vendor/lib:/opt/ros/jazzy/opt/gz_math_vendor/lib:/opt/ros/jazzy/opt/gz_utils_vendor/lib:/opt/ros/jazzy/opt/gz_tools_vendor/lib:/opt/ros/jazzy/opt/gz_ogre_next_vendor/lib:/opt/ros/jazzy/opt/gz_dartsim_vendor/lib:/opt/ros/jazzy/opt/gz_cmake_vendor/lib:/opt/ros/jazzy/lib', 'HOME': '/home/lucifer', 'ROS_PYTHON_VERSION': '3', 'ROS_DISTRO': 'jazzy', '_': '/usr/bin/colcon', 'ROS_VERSION': '2', 'QT_X11_NO_MITSHM': '1', 'PATH': '/opt/ros/jazzy/opt/gz_msgs_vendor/bin:/opt/ros/jazzy/opt/gz_tools_vendor/bin:/opt/ros/jazzy/opt/gz_ogre_next_vendor/bin:/opt/ros/jazzy/bin:/usr/local/sbin:/usr/local/bin:/usr/sbin:/usr/bin:/sbin:/bin', 'XDG_RUNTIME_DIR': '/tmp/runtime-root', 'DISPLAY': ':0', 'LANG': 'C.UTF-8', 'AMENT_PREFIX_PATH': '/opt/ros/jazzy', 'ROS_AUTOMATIC_DISCOVERY_RANGE': 'SUBNET', 'PWD': '/home/lucifer/anscer_workspace/LineFollower/build/nav_server', 'LC_ALL': 'C.UTF-8', 'PYTHONPATH': '/opt/ros/jazzy/lib/python3.12/site-packages', 'COLCON': '1', 'CMAKE_PREFIX_PATH': '/opt/ros/jazzy/opt/gz_sim_vendor:/opt/ros/jazzy/opt/gz_sensors_vendor:/opt/ros/jazzy/opt/gz_physics_vendor:/opt/ros/jazzy/opt/sdformat_vendor:/opt/ros/jazzy/opt/gz_gui_vendor:/opt/ros/jazzy/opt/gz_transport_vendor:/opt/ros/jazzy/opt/gz_rendering_vendor:/opt/ros/jazzy/opt/gz_plugin_vendor:/opt/ros/jazzy/opt/gz_fuel_tools_vendor:/opt/ros/jazzy/opt/gz_msgs_vendor:/opt/ros/jazzy/opt/gz_common_vendor:/opt/ros/jazzy/opt/gz_math_vendor:/opt/ros/jazzy/opt/gz_utils_vendor:/opt/ros/jazzy/opt/gz_tools_vendor:/opt/ros/jazzy/opt/gz_ogre_next_vendor:/opt/ros/jazzy/opt/gz_dartsim_vendor:/opt/ros/jazzy/opt/gz_cmake_vendor:/opt/ros/jazzy'}), 'shell': False}
[0.099736] (-) TimerEvent: {}
[0.200423] (-) TimerEvent: {}
[0.279688] (nav_server) StdoutLine: {'line': b'[ 50%] Building CXX object CMakeFiles/nav_server_node.dir/src/nav_server_node.cpp.o\n'}
[0.300597] (-) TimerEvent: {}
[0.404270] (-) TimerEvent: {}
[0.504805] (-) TimerEvent: {}
[0.605427] (-) TimerEvent: {}
[0.705954] (-) TimerEvent: {}
[0.809381] (-) TimerEvent: {}
[0.912592] (-) TimerEvent: {}
[1.014380] (-) TimerEvent: {}
[1.118250] (-) TimerEvent: {}
[1.218873] (-) TimerEvent: {}
[1.320253] (-) TimerEvent: {}
[1.424122] (-) TimerEvent: {}
[1.524758] (-) TimerEvent: {}
[1.625429] (-) TimerEvent: {}
[1.727160] (-) TimerEvent: {}
[1.827936] (-) TimerEvent: {}
[1.929155] (-) TimerEvent: {}
[2.029539] (-) TimerEvent: {}
[2.130211] (-) TimerEvent: {}
[2.234400] (-) TimerEvent: {}
[2.335111] (-) TimerEvent: {}
[2.435738] (-) TimerEvent: {}
[2.536418] (-) TimerEvent: {}
[2.637063] (-) TimerEvent: {}
[2.737992] (-) TimerEvent: {}
[2.841477] (-) TimerEvent: {}
[2.941936] (-) TimerEvent: {}
[3.042717] (-) TimerEvent: {}
[3.143088] (-) TimerEvent: {}
[3.247194] (-) TimerEvent: {}
[3.347523] (-) TimerEvent: {}
[3.447838] (-) TimerEvent: {}
[3.549206] (-) TimerEvent: {}
[3.650297] (-) TimerEvent: {}
[3.751122] (-) TimerEvent: {}
[3.851936] (-) TimerEvent: {}
[3.956150] (-) TimerEvent: {}
[4.056809] (-) TimerEvent: {}
[4.159328] (-) TimerEvent: {}
[4.259801] (-) TimerEvent: {}
[4.364595] (-) TimerEvent: {}
[4.465139] (-) TimerEvent: {}
[4.565716] (-) TimerEvent: {}
[4.666392] (-) TimerEvent: {}
[4.766901] (-) TimerEvent: {}
[4.870120] (-) TimerEvent: {}
[4.970689] (-) TimerEvent: {}
[5.071312] (-) TimerEvent: {}
[5.176277] (-) TimerEvent: {}
[5.276822] (-) TimerEvent: {}
[5.377390] (-) TimerEvent: {}
[5.477940] (-) TimerEvent: {}
[5.578642] (-) TimerEvent: {}
[5.679094] (-) TimerEvent: {}
[5.779478] (-) TimerEvent: {}
[5.879759] (-) TimerEvent: {}
[5.980308] (-) TimerEvent: {}
[6.082142] (-) TimerEvent: {}
[6.187149] (-) TimerEvent: {}
[6.287490] (-) TimerEvent: {}
[6.388164] (-) TimerEvent: {}
[6.493163] (-) TimerEvent: {}
[6.594151] (-) TimerEvent: {}
[6.699164] (-) TimerEvent: {}
[6.799814] (-) TimerEvent: {}
[6.900559] (-) TimerEvent: {}
[7.001263] (-) TimerEvent: {}
[7.101943] (-) TimerEvent: {}
[7.203186] (-) TimerEvent: {}
[7.303628] (-) TimerEvent: {}
[7.404092] (-) TimerEvent: {}
[7.505146] (-) TimerEvent: {}
[7.605809] (-) TimerEvent: {}
[7.711321] (-) TimerEvent: {}
[7.811985] (-) TimerEvent: {}
[7.912568] (-) TimerEvent: {}
[8.013133] (-) TimerEvent: {}
[8.113732] (-) TimerEvent: {}
[8.214767] (-) TimerEvent: {}
[8.318041] (-) TimerEvent: {}
[8.418681] (-) TimerEvent: {}
[8.519290] (-) TimerEvent: {}
[8.619906] (-) TimerEvent: {}
[8.726362] (-) TimerEvent: {}
[8.830177] (-) TimerEvent: {}
[8.930820] (-) TimerEvent: {}
[9.031422] (-) TimerEvent: {}
[9.132280] (-) TimerEvent: {}
[9.233034] (-) TimerEvent: {}
[9.334887] (-) TimerEvent: {}
[9.435348] (-) TimerEvent: {}
[9.537414] (-) TimerEvent: {}
[9.638193] (-) TimerEvent: {}
[9.738637] (-) TimerEvent: {}
[9.838997] (-) TimerEvent: {}
[9.940174] (-) TimerEvent: {}
[10.040497] (-) TimerEvent: {}
[10.141157] (-) TimerEvent: {}
[10.242152] (-) TimerEvent: {}
[10.347156] (-) TimerEvent: {}
[10.450153] (-) TimerEvent: {}
[10.550686] (-) TimerEvent: {}
[10.651044] (-) TimerEvent: {}
[10.755149] (-) TimerEvent: {}
[10.857854] (-) TimerEvent: {}
[10.958529] (-) TimerEvent: {}
[11.059503] (-) TimerEvent: {}
[11.160155] (-) TimerEvent: {}
[11.263200] (-) TimerEvent: {}
[11.365746] (-) TimerEvent: {}
[11.466369] (-) TimerEvent: {}
[11.567620] (-) TimerEvent: {}
[11.667998] (-) TimerEvent: {}
[11.772165] (-) TimerEvent: {}
[11.872836] (-) TimerEvent: {}
[11.973633] (-) TimerEvent: {}
[12.074306] (-) TimerEvent: {}
[12.175369] (-) TimerEvent: {}
[12.277286] (-) TimerEvent: {}
[12.380450] (-) TimerEvent: {}
[12.483389] (-) TimerEvent: {}
[12.584261] (-) TimerEvent: {}
[12.684898] (-) TimerEvent: {}
[12.785266] (-) TimerEvent: {}
[12.885607] (-) TimerEvent: {}
[12.988153] (-) TimerEvent: {}
[13.088606] (-) TimerEvent: {}
[13.189072] (-) TimerEvent: {}
[13.290047] (-) TimerEvent: {}
[13.390495] (-) TimerEvent: {}
[13.493360] (-) TimerEvent: {}
[13.593898] (-) TimerEvent: {}
[13.695073] (-) TimerEvent: {}
[13.797265] (-) TimerEvent: {}
[13.897690] (-) TimerEvent: {}
[13.998141] (-) TimerEvent: {}
[14.098519] (-) TimerEvent: {}
[14.198882] (-) TimerEvent: {}
[14.305171] (-) TimerEvent: {}
[14.406180] (-) TimerEvent: {}
[14.512463] (-) TimerEvent: {}
[14.612882] (-) TimerEvent: {}
[14.720621] (-) TimerEvent: {}
[14.821327] (-) TimerEvent: {}
[14.925624] (-) TimerEvent: {}
[15.030162] (-) TimerEvent: {}
[15.130896] (-) TimerEvent: {}
[15.231302] (-) TimerEvent: {}
[15.332215] (-) TimerEvent: {}
[15.432873] (-) TimerEvent: {}
[15.533503] (-) TimerEvent: {}
[15.654268] (-) TimerEvent: {}
[15.754687] (-) TimerEvent: {}
[15.862808] (-) TimerEvent: {}
[15.963291] (-) TimerEvent: {}
[16.065925] (-) TimerEvent: {}
[16.166285] (-) TimerEvent: {}
[16.266870] (-) TimerEvent: {}
[16.371137] (-) TimerEvent: {}
[16.471528] (-) TimerEvent: {}
[16.576426] (-) TimerEvent: {}
[16.682155] (-) TimerEvent: {}
[16.788050] (-) TimerEvent: {}
[16.916970] (-) TimerEvent: {}
[17.018138] (-) TimerEvent: {}
[17.118824] (-) TimerEvent: {}
[17.221372] (-) TimerEvent: {}
[17.323229] (-) TimerEvent: {}
[17.424598] (-) TimerEvent: {}
[17.525664] (-) TimerEvent: {}
[17.629169] (-) TimerEvent: {}
[17.729870] (-) TimerEvent: {}
[17.830539] (-) TimerEvent: {}
[17.931198] (-) TimerEvent: {}
[18.040530] (-) TimerEvent: {}
[18.144707] (-) TimerEvent: {}
[18.245403] (-) TimerEvent: {}
[18.346132] (-) TimerEvent: {}
[18.447775] (-) TimerEvent: {}
[18.548124] (-) TimerEvent: {}
[18.679146] (-) TimerEvent: {}
[18.779754] (-) TimerEvent: {}
[18.881156] (-) TimerEvent: {}
[18.981723] (-) TimerEvent: {}
[19.082297] (-) TimerEvent: {}
[19.184205] (-) TimerEvent: {}
[19.285105] (-) TimerEvent: {}
[19.399337] (-) TimerEvent: {}
[19.500146] (-) TimerEvent: {}
[19.600710] (-) TimerEvent: {}
[19.701064] (-) TimerEvent: {}
[19.801352] (-) TimerEvent: {}
[19.901646] (-) TimerEvent: {}
[20.006147] (-) TimerEvent: {}
[20.106764] (-) TimerEvent: {}
[20.207417] (-) TimerEvent: {}
[20.308024] (-) TimerEvent: {}
[20.408339] (-) TimerEvent: {}
[20.508951] (-) TimerEvent: {}
[20.610128] (-) TimerEvent: {}
[20.710469] (-) TimerEvent: {}
[20.816132] (-) TimerEvent: {}
[20.916714] (-) TimerEvent: {}
[21.017285] (-) TimerEvent: {}
[21.117599] (-) TimerEvent: {}
[21.218094] (-) TimerEvent: {}
[21.319884] (-) TimerEvent: {}
[21.422132] (-) TimerEvent: {}
[21.522480] (-) TimerEvent: {}
[21.622914] (-) TimerEvent: {}
[21.724164] (-) TimerEvent: {}
[21.824519] (-) TimerEvent: {}
[21.924874] (-) TimerEvent: {}
[22.026181] (-) TimerEvent: {}
[22.126564] (-) TimerEvent: {}
[22.226892] (-) TimerEvent: {}
[22.328149] (-) TimerEvent: {}
[22.428602] (-) TimerEvent: {}
[22.529107] (-) TimerEvent: {}
[22.631531] (-) TimerEvent: {}
[22.738089] (-) TimerEvent: {}
[22.838437] (-) TimerEvent: {}
[22.947983] (-) TimerEvent: {}
[23.048677] (-) TimerEvent: {}
[23.149110] (-) TimerEvent: {}
[23.254162] (-) TimerEvent: {}
[23.358138] (-) TimerEvent: {}
[23.458755] (-) TimerEvent: {}
[23.559539] (-) TimerEvent: {}
[23.682293] (-) TimerEvent: {}
[23.787898] (-) TimerEvent: {}
[23.888512] (-) TimerEvent: {}
[23.990867] (-) TimerEvent: {}
[24.099114] (-) TimerEvent: {}
[24.199476] (-) TimerEvent: {}
[24.299839] (-) TimerEvent: {}
[24.400189] (-) TimerEvent: {}
[24.504581] (-) TimerEvent: {}
[24.605049] (-) TimerEvent: {}
[24.705588] (-) TimerEvent: {}
[24.805961] (-) TimerEvent: {}
[24.906577] (-) TimerEvent: {}
[25.007143] (-) TimerEvent: {}
[25.110318] (-) TimerEvent: {}
[25.212766] (-) TimerEvent: {}
[25.313947] (-) TimerEvent: {}
[25.414280] (-) TimerEvent: {}
[25.514613] (-) TimerEvent: {}
[25.614919] (-) TimerEvent: {}
[25.720146] (-) TimerEvent: {}
[25.820755] (-) TimerEvent: {}
[25.921121] (-) TimerEvent: {}
[26.021675] (-) TimerEvent: {}
[26.122221] (-) TimerEvent: {}
[26.223248] (-) TimerEvent: {}
[26.327136] (-) TimerEvent: {}
[26.427703] (-) TimerEvent: {}
[26.529964] (-) TimerEvent: {}
[26.632057] (-) TimerEvent: {}
[26.732806] (-) TimerEvent: {}
[26.833124] (-) TimerEvent: {}
[26.933546] (-) TimerEvent: {}
[27.034983] (-) TimerEvent: {}
[27.140319] (-) TimerEvent: {}
[27.241085] (-) TimerEvent: {}
[27.341843] (-) TimerEvent: {}
[27.443184] (-) TimerEvent: {}
[27.547172] (-) TimerEvent: {}
[27.653715] (-) TimerEvent: {}
[27.754155] (-) TimerEvent: {}
[27.854536] (-) TimerEvent: {}
[27.955115] (-) TimerEvent: {}
[28.055929] (-) TimerEvent: {}
[28.158100] (-) TimerEvent: {}
[28.258710] (-) TimerEvent: {}
[28.368120] (-) TimerEvent: {}
[28.468689] (-) TimerEvent: {}
[28.569299] (-) TimerEvent: {}
[28.669807] (-) TimerEvent: {}
[28.774142] (-) TimerEvent: {}
[28.875222] (-) TimerEvent: {}
[28.976344] (-) TimerEvent: {}
[29.076899] (-) TimerEvent: {}
[29.177239] (-) TimerEvent: {}
[29.277547] (-) TimerEvent: {}
[29.378532] (-) TimerEvent: {}
[29.478861] (-) TimerEvent: {}
[29.579884] (-) TimerEvent: {}
[29.683153] (-) TimerEvent: {}
[29.783810] (-) TimerEvent: {}
[29.884230] (-) TimerEvent: {}
[29.989183] (-) TimerEvent: {}
[30.091181] (-) TimerEvent: {}
[30.191898] (-) TimerEvent: {}
[30.292281] (-) TimerEvent: {}
[30.396162] (-) TimerEvent: {}
[30.496837] (-) TimerEvent: {}
[30.597371] (-) TimerEvent: {}
[30.622196] (nav_server) StdoutLine: {'line': b'[100%] Linking CXX executable nav_server_node\n'}
[30.698179] (-) TimerEvent: {}
[30.798639] (-) TimerEvent: {}
[30.899849] (-) TimerEvent: {}
[31.001941] (-) TimerEvent: {}
[31.104098] (-) TimerEvent: {}
[31.204860] (-) TimerEvent: {}
[31.307310] (-) TimerEvent: {}
[31.407718] (-) TimerEvent: {}
[31.509165] (-) TimerEvent: {}
[31.609553] (-) TimerEvent: {}
[31.709989] (-) TimerEvent: {}
[31.815577] (-) TimerEvent: {}
[31.916308] (-) TimerEvent: {}
[32.018153] (-) TimerEvent: {}
[32.118662] (-) TimerEvent: {}
[32.136118] (nav_server) StdoutLine: {'line': b'[100%] Built target nav_server_node\n'}
[32.176132] (nav_server) CommandEnded: {'returncode': 0}
[32.178762] (nav_server) JobProgress: {'identifier': 'nav_server', 'progress': 'install'}
[32.201995] (nav_server) Command: {'cmd': ['/usr/bin/cmake', '--install', '/home/lucifer/anscer_workspace/LineFollower/build/nav_server'], 'cwd': '/home/lucifer/anscer_workspace/LineFollower/build/nav_server', 'env': OrderedDict({'GZ_SIM_RESOURCE_PATH': '/opt/ros/jazzy/share', 'GZ_CONFIG_PATH': '/opt/ros/jazzy/opt/gz_sim_vendor/share/gz:/opt/ros/jazzy/opt/sdformat_vendor/share/gz:/opt/ros/jazzy/opt/gz_gui_vendor/share/gz:/opt/ros/jazzy/opt/gz_transport_vendor/share/gz:/opt/ros/jazzy/opt/gz_rendering_vendor/share/gz:/opt/ros/jazzy/opt/gz_plugin_vendor/share/gz:/opt/ros/jazzy/opt/gz_fuel_tools_vendor/share/gz:/opt/ros/jazzy/opt/gz_msgs_vendor/share/gz:/opt/ros/jazzy/opt/gz_common_vendor/share/gz', 'HOSTNAME': 'fedora', 'SHLVL': '0', 'LIBGL_ALWAYS_SOFTWARE': '1', 'LD_LIBRARY_PATH': '/opt/ros/jazzy/opt/gz_sim_vendor/lib:/opt/ros/jazzy/opt/gz_sensors_vendor/lib:/opt/ros/jazzy/opt/gz_physics_vendor/lib:/opt/ros/jazzy/opt/sdformat_vendor/lib:/opt/ros/jazzy/opt/rviz_ogre_vendor/lib:/opt/ros/jazzy/lib/x86_64-linux-gnu:/opt/ros/jazzy/opt/gz_gui_vendor/lib:/opt/ros/jazzy/opt/gz_transport_vendor/lib:/opt/ros/jazzy/opt/gz_rendering_vendor/lib:/opt/ros/jazzy/opt/gz_plugin_vendor/lib:/opt/ros/jazzy/opt/gz_fuel_tools_vendor/lib:/opt/ros/jazzy/opt/gz_msgs_vendor/lib:/opt/ros/jazzy/opt/gz_common_vendor/lib:/opt/ros/jazzy/opt/gz_math_vendor/lib:/opt/ros/jazzy/opt/gz_utils_vendor/lib:/opt/ros/jazzy/opt/gz_tools_vendor/lib:/opt/ros/jazzy/opt/gz_ogre_next_vendor/lib:/opt/ros/jazzy/opt/gz_dartsim_vendor/lib:/opt/ros/jazzy/opt/gz_cmake_vendor/lib:/opt/ros/jazzy/lib', 'HOME': '/home/lucifer', 'ROS_PYTHON_VERSION': '3', 'ROS_DISTRO': 'jazzy', '_': '/usr/bin/colcon', 'ROS_VERSION': '2', 'QT_X11_NO_MITSHM': '1', 'PATH': '/opt/ros/jazzy/opt/gz_msgs_vendor/bin:/opt/ros/jazzy/opt/gz_tools_vendor/bin:/opt/ros/jazzy/opt/gz_ogre_next_vendor/bin:/opt/ros/jazzy/bin:/usr/local/sbin:/usr/local/bin:/usr/sbin:/usr/bin:/sbin:/bin', 'XDG_RUNTIME_DIR': '/tmp/runtime-root', 'DISPLAY': ':0', 'LANG': 'C.UTF-8', 'AMENT_PREFIX_PATH': '/opt/ros/jazzy', 'ROS_AUTOMATIC_DISCOVERY_RANGE': 'SUBNET', 'PWD': '/home/lucifer/anscer_workspace/LineFollower/build/nav_server', 'LC_ALL': 'C.UTF-8', 'PYTHONPATH': '/opt/ros/jazzy/lib/python3.12/site-packages', 'COLCON': '1', 'CMAKE_PREFIX_PATH': '/opt/ros/jazzy/opt/gz_sim_vendor:/opt/ros/jazzy/opt/gz_sensors_vendor:/opt/ros/jazzy/opt/gz_physics_vendor:/opt/ros/jazzy/opt/sdformat_vendor:/opt/ros/jazzy/opt/gz_gui_vendor:/opt/ros/jazzy/opt/gz_transport_vendor:/opt/ros/jazzy/opt/gz_rendering_vendor:/opt/ros/jazzy/opt/gz_plugin_vendor:/opt/ros/jazzy/opt/gz_fuel_tools_vendor:/opt/ros/jazzy/opt/gz_msgs_vendor:/opt/ros/jazzy/opt/gz_common_vendor:/opt/ros/jazzy/opt/gz_math_vendor:/opt/ros/jazzy/opt/gz_utils_vendor:/opt/ros/jazzy/opt/gz_tools_vendor:/opt/ros/jazzy/opt/gz_ogre_next_vendor:/opt/ros/jazzy/opt/gz_dartsim_vendor:/opt/ros/jazzy/opt/gz_cmake_vendor:/opt/ros/jazzy'}), 'shell': False}
[32.218178] (nav_server) StdoutLine: {'line': b'-- Install configuration: ""\n'}
[32.230847] (-) TimerEvent: {}
[32.231100] (nav_server) StdoutLine: {'line': b'-- Installing: /home/lucifer/anscer_workspace/LineFollower/install/nav_server/lib/nav_server/nav_server_node\n'}
[32.237251] (nav_server) StdoutLine: {'line': b'-- Set non-toolchain portion of runtime path of "/home/lucifer/anscer_workspace/LineFollower/install/nav_server/lib/nav_server/nav_server_node" to ""\n'}
[32.238539] (nav_server) StdoutLine: {'line': b'-- Up-to-date: /home/lucifer/anscer_workspace/LineFollower/install/nav_server/share/ament_index/resource_index/package_run_dependencies/nav_server\n'}
[32.238940] (nav_server) StdoutLine: {'line': b'-- Up-to-date: /home/lucifer/anscer_workspace/LineFollower/install/nav_server/share/ament_index/resource_index/parent_prefix_path/nav_server\n'}
[32.239236] (nav_server) StdoutLine: {'line': b'-- Up-to-date: /home/lucifer/anscer_workspace/LineFollower/install/nav_server/share/nav_server/environment/ament_prefix_path.sh\n'}
[32.239394] (nav_server) StdoutLine: {'line': b'-- Up-to-date: /home/lucifer/anscer_workspace/LineFollower/install/nav_server/share/nav_server/environment/ament_prefix_path.dsv\n'}
[32.239515] (nav_server) StdoutLine: {'line': b'-- Up-to-date: /home/lucifer/anscer_workspace/LineFollower/install/nav_server/share/nav_server/environment/path.sh\n'}
[32.239625] (nav_server) StdoutLine: {'line': b'-- Up-to-date: /home/lucifer/anscer_workspace/LineFollower/install/nav_server/share/nav_server/environment/path.dsv\n'}
[32.239735] (nav_server) StdoutLine: {'line': b'-- Up-to-date: /home/lucifer/anscer_workspace/LineFollower/install/nav_server/share/nav_server/local_setup.bash\n'}
[32.239834] (nav_server) StdoutLine: {'line': b'-- Up-to-date: /home/lucifer/anscer_workspace/LineFollower/install/nav_server/share/nav_server/local_setup.sh\n'}
[32.242409] (nav_server) StdoutLine: {'line': b'-- Up-to-date: /home/lucifer/anscer_workspace/LineFollower/install/nav_server/share/nav_server/local_setup.zsh\n'}
[32.243037] (nav_server) StdoutLine: {'line': b'-- Up-to-date: /home/lucifer/anscer_workspace/LineFollower/install/nav_server/share/nav_server/local_setup.dsv\n'}
[32.243175] (nav_server) StdoutLine: {'line': b'-- Installing: /home/lucifer/anscer_workspace/LineFollower/install/nav_server/share/nav_server/package.dsv\n'}
[32.243278] (nav_server) StdoutLine: {'line': b'-- Up-to-date: /home/lucifer/anscer_workspace/LineFollower/install/nav_server/share/ament_index/resource_index/packages/nav_server\n'}
[32.243384] (nav_server) StdoutLine: {'line': b'-- Up-to-date: /home/lucifer/anscer_workspace/LineFollower/install/nav_server/share/nav_server/cmake/nav_serverConfig.cmake\n'}
[32.243486] (nav_server) StdoutLine: {'line': b'-- Up-to-date: /home/lucifer/anscer_workspace/LineFollower/install/nav_server/share/nav_server/cmake/nav_serverConfig-version.cmake\n'}
[32.243587] (nav_server) StdoutLine: {'line': b'-- Up-to-date: /home/lucifer/anscer_workspace/LineFollower/install/nav_server/share/nav_server/package.xml\n'}
[32.245574] (nav_server) CommandEnded: {'returncode': 0}
[32.316640] (nav_server) JobEnded: {'identifier': 'nav_server', 'rc': 0}
[32.318424] (-) EventReactorShutdown: {}
