[0.000000] (-) TimerEvent: {}
[0.008182] (-) JobUnselected: {'identifier': 'hardware_sim'}
[0.008771] (-) JobUnselected: {'identifier': 'nav_server'}
[0.008840] (-) JobUnselected: {'identifier': 'navigation_server'}
[0.008885] (line_follower_controller) JobQueued: {'identifier': 'line_follower_controller', 'dependencies': OrderedDict()}
[0.008932] (line_follower_controller) JobStarted: {'identifier': 'line_follower_controller'}
[0.050695] (line_follower_controller) JobProgress: {'identifier': 'line_follower_controller', 'progress': 'cmake'}
[0.058179] (line_follower_controller) JobProgress: {'identifier': 'line_follower_controller', 'progress': 'build'}
[0.058370] (line_follower_controller) Command: {'cmd': ['/usr/bin/cmake', '--build', '/home/lucifer/anscer_workspace/LineFollower/build/line_follower_controller', '--', '-j12', '-l12'], 'cwd': '/home/lucifer/anscer_workspace/LineFollower/build/line_follower_controller', 'env': OrderedDict({'GZ_SIM_RESOURCE_PATH': '/opt/ros/jazzy/share', 'GZ_CONFIG_PATH': '/opt/ros/jazzy/opt/gz_sim_vendor/share/gz:/opt/ros/jazzy/opt/sdformat_vendor/share/gz:/opt/ros/jazzy/opt/gz_gui_vendor/share/gz:/opt/ros/jazzy/opt/gz_transport_vendor/share/gz:/opt/ros/jazzy/opt/gz_rendering_vendor/share/gz:/opt/ros/jazzy/opt/gz_plugin_vendor/share/gz:/opt/ros/jazzy/opt/gz_fuel_tools_vendor/share/gz:/opt/ros/jazzy/opt/gz_msgs_vendor/share/gz:/opt/ros/jazzy/opt/gz_common_vendor/share/gz', 'HOSTNAME': 'fedora', 'SHLVL': '0', 'LIBGL_ALWAYS_SOFTWARE': '1', 'LD_LIBRARY_PATH': '/opt/ros/jazzy/opt/gz_sim_vendor/lib:/opt/ros/jazzy/opt/gz_sensors_vendor/lib:/opt/ros/jazzy/opt/gz_physics_vendor/lib:/opt/ros/jazzy/opt/sdformat_vendor/lib:/opt/ros/jazzy/opt/rviz_ogre_vendor/lib:/opt/ros/jazzy/lib/x86_64-linux-gnu:/opt/ros/jazzy/opt/gz_gui_vendor/lib:/opt/ros/jazzy/opt/gz_transport_vendor/lib:/opt/ros/jazzy/opt/gz_rendering_vendor/lib:/opt/ros/jazzy/opt/gz_plugin_vendor/lib:/opt/ros/jazzy/opt/gz_fuel_tools_vendor/lib:/opt/ros/jazzy/opt/gz_msgs_vendor/lib:/opt/ros/jazzy/opt/gz_common_vendor/lib:/opt/ros/jazzy/opt/gz_math_vendor/lib:/opt/ros/jazzy/opt/gz_utils_vendor/lib:/opt/ros/jazzy/opt/gz_tools_vendor/lib:/opt/ros/jazzy/opt/gz_ogre_next_vendor/lib:/opt/ros/jazzy/opt/gz_dartsim_vendor/lib:/opt/ros/jazzy/opt/gz_cmake_vendor/lib:/opt/ros/jazzy/lib', 'HOME': '/home/lucifer', 'ROS_PYTHON_VERSION': '3', 'ROS_DISTRO': 'jazzy', '_': '/usr/bin/colcon', 'ROS_VERSION': '2', 'QT_X11_NO_MITSHM': '1', 'PATH': '/opt/ros/jazzy/opt/gz_msgs_vendor/bin:/opt/ros/jazzy/opt/gz_tools_vendor/bin:/opt/ros/jazzy/opt/gz_ogre_next_vendor/bin:/opt/ros/jazzy/bin:/usr/local/sbin:/usr/local/bin:/usr/sbin:/usr/bin:/sbin:/bin', 'XDG_RUNTIME_DIR': '/tmp/runtime-root', 'DISPLAY': ':0', 'LANG': 'C.UTF-8', 'AMENT_PREFIX_PATH': '/opt/ros/jazzy', 'ROS_AUTOMATIC_DISCOVERY_RANGE': 'SUBNET', 'PWD': '/home/lucifer/anscer_workspace/LineFollower/build/line_follower_controller', 'LC_ALL': 'C.UTF-8', 'PYTHONPATH': '/opt/ros/jazzy/lib/python3.12/site-packages', 'COLCON': '1', 'CMAKE_PREFIX_PATH': '/opt/ros/jazzy/opt/gz_sim_vendor:/opt/ros/jazzy/opt/gz_sensors_vendor:/opt/ros/jazzy/opt/gz_physics_vendor:/opt/ros/jazzy/opt/sdformat_vendor:/opt/ros/jazzy/opt/gz_gui_vendor:/opt/ros/jazzy/opt/gz_transport_vendor:/opt/ros/jazzy/opt/gz_rendering_vendor:/opt/ros/jazzy/opt/gz_plugin_vendor:/opt/ros/jazzy/opt/gz_fuel_tools_vendor:/opt/ros/jazzy/opt/gz_msgs_vendor:/opt/ros/jazzy/opt/gz_common_vendor:/opt/ros/jazzy/opt/gz_math_vendor:/opt/ros/jazzy/opt/gz_utils_vendor:/opt/ros/jazzy/opt/gz_tools_vendor:/opt/ros/jazzy/opt/gz_ogre_next_vendor:/opt/ros/jazzy/opt/gz_dartsim_vendor:/opt/ros/jazzy/opt/gz_cmake_vendor:/opt/ros/jazzy'}), 'shell': False}
[0.101309] (-) TimerEvent: {}
[0.202115] (-) TimerEvent: {}
[0.252447] (line_follower_controller) StdoutLine: {'line': b'[ 25%] Building CXX object CMakeFiles/line_follower_controller_node.dir/src/PidController.cpp.o\n'}
[0.302434] (-) TimerEvent: {}
[0.403129] (-) TimerEvent: {}
[0.507359] (-) TimerEvent: {}
[0.608076] (-) TimerEvent: {}
[0.709194] (-) TimerEvent: {}
[0.810018] (-) TimerEvent: {}
[0.910425] (-) TimerEvent: {}
[1.010768] (-) TimerEvent: {}
[1.121153] (-) TimerEvent: {}
[1.221699] (-) TimerEvent: {}
[1.322009] (-) TimerEvent: {}
[1.422660] (-) TimerEvent: {}
[1.522949] (-) TimerEvent: {}
[1.623254] (-) TimerEvent: {}
[1.724001] (-) TimerEvent: {}
[1.824378] (-) TimerEvent: {}
[1.925218] (-) TimerEvent: {}
[2.025537] (-) TimerEvent: {}
[2.125852] (-) TimerEvent: {}
[2.226168] (-) TimerEvent: {}
[2.328192] (-) TimerEvent: {}
[2.431147] (-) TimerEvent: {}
[2.531485] (-) TimerEvent: {}
[2.632039] (-) TimerEvent: {}
[2.732930] (-) TimerEvent: {}
[2.833487] (-) TimerEvent: {}
[2.934990] (-) TimerEvent: {}
[3.040379] (-) TimerEvent: {}
[3.141458] (-) TimerEvent: {}
[3.243204] (-) TimerEvent: {}
[3.345682] (-) TimerEvent: {}
[3.446192] (-) TimerEvent: {}
[3.547188] (-) TimerEvent: {}
[3.647767] (-) TimerEvent: {}
[3.748137] (-) TimerEvent: {}
[3.848448] (-) TimerEvent: {}
[3.948874] (-) TimerEvent: {}
[4.052104] (-) TimerEvent: {}
[4.152725] (-) TimerEvent: {}
[4.259377] (-) TimerEvent: {}
[4.359995] (-) TimerEvent: {}
[4.462190] (-) TimerEvent: {}
[4.563164] (-) TimerEvent: {}
[4.667171] (-) TimerEvent: {}
[4.767718] (-) TimerEvent: {}
[4.868115] (-) TimerEvent: {}
[4.968494] (-) TimerEvent: {}
[5.068905] (-) TimerEvent: {}
[5.169253] (-) TimerEvent: {}
[5.269562] (-) TimerEvent: {}
[5.373203] (-) TimerEvent: {}
[5.473736] (-) TimerEvent: {}
[5.592991] (-) TimerEvent: {}
[5.694781] (-) TimerEvent: {}
[5.797133] (-) TimerEvent: {}
[5.897762] (-) TimerEvent: {}
[5.998107] (-) TimerEvent: {}
[6.106188] (-) TimerEvent: {}
[6.206774] (-) TimerEvent: {}
[6.312238] (-) TimerEvent: {}
[6.412706] (-) TimerEvent: {}
[6.522860] (-) TimerEvent: {}
[6.631793] (-) TimerEvent: {}
[6.732221] (-) TimerEvent: {}
[6.832637] (-) TimerEvent: {}
[6.932956] (-) TimerEvent: {}
[7.033467] (-) TimerEvent: {}
[7.133843] (-) TimerEvent: {}
[7.234205] (-) TimerEvent: {}
[7.335164] (-) TimerEvent: {}
[7.437239] (-) TimerEvent: {}
[7.538772] (-) TimerEvent: {}
[7.639212] (-) TimerEvent: {}
[7.739685] (-) TimerEvent: {}
[7.843420] (-) TimerEvent: {}
[7.944088] (-) TimerEvent: {}
[8.044516] (-) TimerEvent: {}
[8.144912] (-) TimerEvent: {}
[8.245316] (-) TimerEvent: {}
[8.345673] (-) TimerEvent: {}
[8.446041] (-) TimerEvent: {}
[8.546393] (-) TimerEvent: {}
[8.646817] (-) TimerEvent: {}
[8.747186] (-) TimerEvent: {}
[8.848193] (-) TimerEvent: {}
[8.962332] (-) TimerEvent: {}
[9.063379] (-) TimerEvent: {}
[9.164190] (-) TimerEvent: {}
[9.265152] (-) TimerEvent: {}
[9.365501] (-) TimerEvent: {}
[9.465879] (-) TimerEvent: {}
[9.566308] (-) TimerEvent: {}
[9.666668] (-) TimerEvent: {}
[9.766998] (-) TimerEvent: {}
[9.867837] (-) TimerEvent: {}
[9.968177] (-) TimerEvent: {}
[10.068533] (-) TimerEvent: {}
[10.168856] (-) TimerEvent: {}
[10.269187] (-) TimerEvent: {}
[10.370487] (-) TimerEvent: {}
[10.478199] (-) TimerEvent: {}
[10.578797] (-) TimerEvent: {}
[10.679165] (-) TimerEvent: {}
[10.783421] (-) TimerEvent: {}
[10.887218] (-) TimerEvent: {}
[10.987569] (-) TimerEvent: {}
[11.087981] (-) TimerEvent: {}
[11.188663] (-) TimerEvent: {}
[11.290194] (-) TimerEvent: {}
[11.390789] (-) TimerEvent: {}
[11.492720] (-) TimerEvent: {}
[11.601476] (-) TimerEvent: {}
[11.702797] (-) TimerEvent: {}
[11.812663] (-) TimerEvent: {}
[11.912991] (-) TimerEvent: {}
[12.013333] (-) TimerEvent: {}
[12.113685] (-) TimerEvent: {}
[12.219182] (-) TimerEvent: {}
[12.319591] (-) TimerEvent: {}
[12.426045] (-) TimerEvent: {}
[12.527230] (-) TimerEvent: {}
[12.629217] (-) TimerEvent: {}
[12.731183] (-) TimerEvent: {}
[12.833229] (-) TimerEvent: {}
[12.938231] (-) TimerEvent: {}
[13.038898] (-) TimerEvent: {}
[13.144162] (-) TimerEvent: {}
[13.249888] (-) TimerEvent: {}
[13.352759] (-) TimerEvent: {}
[13.455878] (-) TimerEvent: {}
[13.556289] (-) TimerEvent: {}
[13.656621] (-) TimerEvent: {}
[13.757996] (-) TimerEvent: {}
[13.866110] (-) TimerEvent: {}
[13.966748] (-) TimerEvent: {}
[14.067355] (-) TimerEvent: {}
[14.168179] (-) TimerEvent: {}
[14.268539] (-) TimerEvent: {}
[14.369184] (-) TimerEvent: {}
[14.470732] (-) TimerEvent: {}
[14.571196] (-) TimerEvent: {}
[14.673391] (-) TimerEvent: {}
[14.774015] (-) TimerEvent: {}
[14.877219] (-) TimerEvent: {}
[14.981464] (-) TimerEvent: {}
[15.081892] (-) TimerEvent: {}
[15.182502] (-) TimerEvent: {}
[15.282906] (-) TimerEvent: {}
[15.385230] (-) TimerEvent: {}
[15.485590] (-) TimerEvent: {}
[15.586223] (-) TimerEvent: {}
[15.686758] (-) TimerEvent: {}
[15.789203] (-) TimerEvent: {}
[15.889582] (-) TimerEvent: {}
[15.989912] (-) TimerEvent: {}
[16.090203] (-) TimerEvent: {}
[16.190562] (-) TimerEvent: {}
[16.292254] (-) TimerEvent: {}
[16.395751] (-) TimerEvent: {}
[16.496158] (-) TimerEvent: {}
[16.596518] (-) TimerEvent: {}
[16.696924] (-) TimerEvent: {}
[16.797356] (-) TimerEvent: {}
[16.897727] (-) TimerEvent: {}
[16.998148] (-) TimerEvent: {}
[17.099581] (-) TimerEvent: {}
[17.200043] (-) TimerEvent: {}
[17.300512] (-) TimerEvent: {}
[17.401222] (-) TimerEvent: {}
[17.501701] (-) TimerEvent: {}
[17.602220] (-) TimerEvent: {}
[17.705203] (-) TimerEvent: {}
[17.805719] (-) TimerEvent: {}
[17.906207] (-) TimerEvent: {}
[18.007308] (-) TimerEvent: {}
[18.107671] (-) TimerEvent: {}
[18.208082] (-) TimerEvent: {}
[18.308446] (-) TimerEvent: {}
[18.410249] (-) TimerEvent: {}
[18.510780] (-) TimerEvent: {}
[18.611195] (-) TimerEvent: {}
[18.714363] (-) TimerEvent: {}
[18.815166] (-) TimerEvent: {}
[18.915830] (-) TimerEvent: {}
[19.016178] (-) TimerEvent: {}
[19.118332] (-) TimerEvent: {}
[19.218674] (-) TimerEvent: {}
[19.320227] (-) TimerEvent: {}
[19.420911] (-) TimerEvent: {}
[19.522202] (-) TimerEvent: {}
[19.622593] (-) TimerEvent: {}
[19.723186] (-) TimerEvent: {}
[19.823509] (-) TimerEvent: {}
[19.923839] (-) TimerEvent: {}
[20.024200] (-) TimerEvent: {}
[20.124536] (-) TimerEvent: {}
[20.224896] (-) TimerEvent: {}
[20.325456] (-) TimerEvent: {}
[20.425902] (-) TimerEvent: {}
[20.526305] (-) TimerEvent: {}
[20.627339] (-) TimerEvent: {}
[20.732905] (-) TimerEvent: {}
[20.833564] (-) TimerEvent: {}
[20.933918] (-) TimerEvent: {}
[21.036321] (-) TimerEvent: {}
[21.136986] (-) TimerEvent: {}
[21.238919] (-) TimerEvent: {}
[21.339484] (-) TimerEvent: {}
[21.440071] (-) TimerEvent: {}
[21.540504] (-) TimerEvent: {}
[21.641163] (-) TimerEvent: {}
[21.741526] (-) TimerEvent: {}
[21.842180] (-) TimerEvent: {}
[21.942519] (-) TimerEvent: {}
[22.046256] (-) TimerEvent: {}
[22.146706] (-) TimerEvent: {}
[22.247138] (-) TimerEvent: {}
[22.348263] (-) TimerEvent: {}
[22.457235] (-) TimerEvent: {}
[22.558211] (-) TimerEvent: {}
[22.658873] (-) TimerEvent: {}
[22.759256] (-) TimerEvent: {}
[22.861255] (-) TimerEvent: {}
[22.961707] (-) TimerEvent: {}
[23.062141] (-) TimerEvent: {}
[23.163225] (-) TimerEvent: {}
[23.263876] (-) TimerEvent: {}
[23.365389] (-) TimerEvent: {}
[23.465831] (-) TimerEvent: {}
[23.568891] (-) TimerEvent: {}
[23.669670] (-) TimerEvent: {}
[23.770928] (-) TimerEvent: {}
[23.871626] (-) TimerEvent: {}
[23.971957] (-) TimerEvent: {}
[24.072334] (-) TimerEvent: {}
[24.172743] (-) TimerEvent: {}
[24.273208] (-) TimerEvent: {}
[24.373929] (-) TimerEvent: {}
[24.477388] (-) TimerEvent: {}
[24.578201] (-) TimerEvent: {}
[24.678818] (-) TimerEvent: {}
[24.779576] (-) TimerEvent: {}
[24.880038] (-) TimerEvent: {}
[24.981212] (-) TimerEvent: {}
[25.081886] (-) TimerEvent: {}
[25.182257] (-) TimerEvent: {}
[25.282601] (-) TimerEvent: {}
[25.382971] (-) TimerEvent: {}
[25.486215] (-) TimerEvent: {}
[25.586906] (-) TimerEvent: {}
[25.688716] (-) TimerEvent: {}
[25.809086] (-) TimerEvent: {}
[25.909446] (-) TimerEvent: {}
[26.009796] (-) TimerEvent: {}
[26.110105] (-) TimerEvent: {}
[26.211270] (-) TimerEvent: {}
[26.311617] (-) TimerEvent: {}
[26.412196] (-) TimerEvent: {}
[26.516964] (-) TimerEvent: {}
[26.617675] (-) TimerEvent: {}
[26.718166] (-) TimerEvent: {}
[26.818642] (-) TimerEvent: {}
[26.918961] (-) TimerEvent: {}
[27.019267] (-) TimerEvent: {}
[27.144593] (-) TimerEvent: {}
[27.244916] (-) TimerEvent: {}
[27.348755] (-) TimerEvent: {}
[27.449168] (-) TimerEvent: {}
[27.549490] (-) TimerEvent: {}
[27.650175] (-) TimerEvent: {}
[27.750555] (-) TimerEvent: {}
[27.857209] (-) TimerEvent: {}
[27.961196] (-) TimerEvent: {}
[28.067633] (-) TimerEvent: {}
[28.170445] (-) TimerEvent: {}
[28.270872] (-) TimerEvent: {}
[28.371265] (-) TimerEvent: {}
[28.471704] (-) TimerEvent: {}
[28.572195] (-) TimerEvent: {}
[28.674291] (-) TimerEvent: {}
[28.777208] (-) TimerEvent: {}
[28.877709] (-) TimerEvent: {}
[28.980796] (-) TimerEvent: {}
[29.081364] (-) TimerEvent: {}
[29.182184] (-) TimerEvent: {}
[29.282609] (-) TimerEvent: {}
[29.382908] (-) TimerEvent: {}
[29.483325] (-) TimerEvent: {}
[29.583780] (-) TimerEvent: {}
[29.712273] (-) TimerEvent: {}
[29.813220] (-) TimerEvent: {}
[29.913580] (-) TimerEvent: {}
[30.014145] (-) TimerEvent: {}
[30.114491] (-) TimerEvent: {}
[30.215188] (-) TimerEvent: {}
[30.315510] (-) TimerEvent: {}
[30.416210] (-) TimerEvent: {}
[30.516582] (-) TimerEvent: {}
[30.617549] (-) TimerEvent: {}
[30.718390] (-) TimerEvent: {}
[30.818749] (-) TimerEvent: {}
[30.919091] (-) TimerEvent: {}
[31.019485] (-) TimerEvent: {}
[31.119852] (-) TimerEvent: {}
[31.226219] (-) TimerEvent: {}
[31.327234] (-) TimerEvent: {}
[31.427689] (-) TimerEvent: {}
[31.528654] (-) TimerEvent: {}
[31.629076] (-) TimerEvent: {}
[31.729495] (-) TimerEvent: {}
[31.829882] (-) TimerEvent: {}
[31.930578] (-) TimerEvent: {}
[32.032223] (-) TimerEvent: {}
[32.132914] (-) TimerEvent: {}
[32.233407] (-) TimerEvent: {}
[32.335204] (-) TimerEvent: {}
[32.439006] (-) TimerEvent: {}
[32.539418] (-) TimerEvent: {}
[32.639730] (-) TimerEvent: {}
[32.740118] (-) TimerEvent: {}
[32.843188] (-) TimerEvent: {}
[32.944437] (-) TimerEvent: {}
[33.044806] (-) TimerEvent: {}
[33.145236] (-) TimerEvent: {}
[33.247484] (-) TimerEvent: {}
[33.352413] (-) TimerEvent: {}
[33.452796] (-) TimerEvent: {}
[33.553238] (-) TimerEvent: {}
[33.656453] (-) TimerEvent: {}
[33.761195] (-) TimerEvent: {}
[33.861810] (-) TimerEvent: {}
[33.962263] (-) TimerEvent: {}
[34.062689] (-) TimerEvent: {}
[34.163026] (-) TimerEvent: {}
[34.263394] (-) TimerEvent: {}
[34.365234] (-) TimerEvent: {}
[34.466214] (-) TimerEvent: {}
[34.566596] (-) TimerEvent: {}
[34.666974] (-) TimerEvent: {}
[34.767409] (-) TimerEvent: {}
[34.867838] (-) TimerEvent: {}
[34.969223] (-) TimerEvent: {}
[35.069600] (-) TimerEvent: {}
[35.170240] (-) TimerEvent: {}
[35.271590] (-) TimerEvent: {}
[35.373472] (-) TimerEvent: {}
[35.476829] (-) TimerEvent: {}
[35.579329] (-) TimerEvent: {}
[35.679722] (-) TimerEvent: {}
[35.780089] (-) TimerEvent: {}
[35.881157] (-) TimerEvent: {}
[35.986191] (-) TimerEvent: {}
[36.086628] (-) TimerEvent: {}
[36.187480] (-) TimerEvent: {}
[36.287944] (-) TimerEvent: {}
[36.393527] (-) TimerEvent: {}
[36.495415] (-) TimerEvent: {}
[36.596206] (-) TimerEvent: {}
[36.697233] (-) TimerEvent: {}
[36.798801] (-) TimerEvent: {}
[36.899481] (-) TimerEvent: {}
[36.999839] (-) TimerEvent: {}
[37.100263] (-) TimerEvent: {}
[37.200665] (-) TimerEvent: {}
[37.303348] (-) TimerEvent: {}
[37.404208] (-) TimerEvent: {}
[37.504632] (-) TimerEvent: {}
[37.605004] (-) TimerEvent: {}
[37.708082] (-) TimerEvent: {}
[37.809206] (-) TimerEvent: {}
[37.911547] (-) TimerEvent: {}
[38.013360] (-) TimerEvent: {}
[38.114075] (-) TimerEvent: {}
[38.214756] (-) TimerEvent: {}
[38.315181] (-) TimerEvent: {}
[38.415888] (-) TimerEvent: {}
[38.516491] (-) TimerEvent: {}
[38.616869] (-) TimerEvent: {}
[38.726118] (-) TimerEvent: {}
[38.826694] (-) TimerEvent: {}
[38.927174] (-) TimerEvent: {}
[39.030221] (-) TimerEvent: {}
[39.130588] (-) TimerEvent: {}
[39.231197] (-) TimerEvent: {}
[39.331578] (-) TimerEvent: {}
[39.431982] (-) TimerEvent: {}
[39.533222] (-) TimerEvent: {}
[39.633696] (-) TimerEvent: {}
[39.734070] (-) TimerEvent: {}
[39.834403] (-) TimerEvent: {}
[39.936410] (-) TimerEvent: {}
[40.037280] (-) TimerEvent: {}
[40.138807] (-) TimerEvent: {}
[40.244560] (-) TimerEvent: {}
[40.344983] (-) TimerEvent: {}
[40.456629] (-) TimerEvent: {}
[40.557419] (-) TimerEvent: {}
[40.657895] (-) TimerEvent: {}
[40.760980] (-) TimerEvent: {}
[40.861616] (-) TimerEvent: {}
[40.963441] (-) TimerEvent: {}
[41.063775] (-) TimerEvent: {}
[41.164139] (-) TimerEvent: {}
[41.264871] (-) TimerEvent: {}
[41.365228] (-) TimerEvent: {}
[41.465593] (-) TimerEvent: {}
[41.566573] (-) TimerEvent: {}
[41.671131] (-) TimerEvent: {}
[41.771817] (-) TimerEvent: {}
[41.872406] (-) TimerEvent: {}
[41.973203] (-) TimerEvent: {}
[42.074363] (-) TimerEvent: {}
[42.174765] (-) TimerEvent: {}
[42.275186] (-) TimerEvent: {}
[42.375475] (-) TimerEvent: {}
[42.475759] (-) TimerEvent: {}
[42.576071] (-) TimerEvent: {}
[42.676438] (-) TimerEvent: {}
[42.776821] (-) TimerEvent: {}
[42.878234] (-) TimerEvent: {}
[42.978679] (-) TimerEvent: {}
[43.084236] (-) TimerEvent: {}
[43.184886] (-) TimerEvent: {}
[43.285615] (-) TimerEvent: {}
[43.385978] (-) TimerEvent: {}
[43.486610] (-) TimerEvent: {}
[43.586969] (-) TimerEvent: {}
[43.687384] (-) TimerEvent: {}
[43.787753] (-) TimerEvent: {}
[43.888195] (-) TimerEvent: {}
[43.990284] (-) TimerEvent: {}
[44.091038] (-) TimerEvent: {}
[44.192312] (-) TimerEvent: {}
[44.295699] (-) TimerEvent: {}
[44.396368] (-) TimerEvent: {}
[44.511634] (-) TimerEvent: {}
[44.612201] (-) TimerEvent: {}
[44.712571] (-) TimerEvent: {}
[44.813184] (-) TimerEvent: {}
[44.913591] (-) TimerEvent: {}
[45.014206] (-) TimerEvent: {}
[45.114693] (-) TimerEvent: {}
[45.215065] (-) TimerEvent: {}
[45.315492] (-) TimerEvent: {}
[45.415934] (-) TimerEvent: {}
[45.516386] (-) TimerEvent: {}
[45.616761] (-) TimerEvent: {}
[45.717095] (-) TimerEvent: {}
[45.817406] (-) TimerEvent: {}
[45.917760] (-) TimerEvent: {}
[46.018201] (-) TimerEvent: {}
[46.118571] (-) TimerEvent: {}
[46.123531] (line_follower_controller) StdoutLine: {'line': b'[ 50%] Linking CXX executable line_follower_controller_node\n'}
[46.218734] (-) TimerEvent: {}
[46.319180] (-) TimerEvent: {}
[46.420235] (-) TimerEvent: {}
[46.520993] (-) TimerEvent: {}
[46.624264] (-) TimerEvent: {}
[46.724824] (-) TimerEvent: {}
[46.832233] (-) TimerEvent: {}
[46.932701] (-) TimerEvent: {}
[47.033195] (-) TimerEvent: {}
[47.133802] (-) TimerEvent: {}
[47.235197] (-) TimerEvent: {}
[47.335549] (-) TimerEvent: {}
[47.441539] (-) TimerEvent: {}
[47.541912] (-) TimerEvent: {}
[47.644146] (-) TimerEvent: {}
[47.744728] (-) TimerEvent: {}
[47.848201] (-) TimerEvent: {}
[47.948634] (-) TimerEvent: {}
[48.049005] (-) TimerEvent: {}
[48.149406] (-) TimerEvent: {}
[48.250188] (-) TimerEvent: {}
[48.298743] (line_follower_controller) StdoutLine: {'line': b'[100%] Built target line_follower_controller_node\n'}
[48.337599] (line_follower_controller) CommandEnded: {'returncode': 0}
[48.338363] (line_follower_controller) JobProgress: {'identifier': 'line_follower_controller', 'progress': 'install'}
[48.350449] (-) TimerEvent: {}
[48.362199] (line_follower_controller) Command: {'cmd': ['/usr/bin/cmake', '--install', '/home/lucifer/anscer_workspace/LineFollower/build/line_follower_controller'], 'cwd': '/home/lucifer/anscer_workspace/LineFollower/build/line_follower_controller', 'env': OrderedDict({'GZ_SIM_RESOURCE_PATH': '/opt/ros/jazzy/share', 'GZ_CONFIG_PATH': '/opt/ros/jazzy/opt/gz_sim_vendor/share/gz:/opt/ros/jazzy/opt/sdformat_vendor/share/gz:/opt/ros/jazzy/opt/gz_gui_vendor/share/gz:/opt/ros/jazzy/opt/gz_transport_vendor/share/gz:/opt/ros/jazzy/opt/gz_rendering_vendor/share/gz:/opt/ros/jazzy/opt/gz_plugin_vendor/share/gz:/opt/ros/jazzy/opt/gz_fuel_tools_vendor/share/gz:/opt/ros/jazzy/opt/gz_msgs_vendor/share/gz:/opt/ros/jazzy/opt/gz_common_vendor/share/gz', 'HOSTNAME': 'fedora', 'SHLVL': '0', 'LIBGL_ALWAYS_SOFTWARE': '1', 'LD_LIBRARY_PATH': '/opt/ros/jazzy/opt/gz_sim_vendor/lib:/opt/ros/jazzy/opt/gz_sensors_vendor/lib:/opt/ros/jazzy/opt/gz_physics_vendor/lib:/opt/ros/jazzy/opt/sdformat_vendor/lib:/opt/ros/jazzy/opt/rviz_ogre_vendor/lib:/opt/ros/jazzy/lib/x86_64-linux-gnu:/opt/ros/jazzy/opt/gz_gui_vendor/lib:/opt/ros/jazzy/opt/gz_transport_vendor/lib:/opt/ros/jazzy/opt/gz_rendering_vendor/lib:/opt/ros/jazzy/opt/gz_plugin_vendor/lib:/opt/ros/jazzy/opt/gz_fuel_tools_vendor/lib:/opt/ros/jazzy/opt/gz_msgs_vendor/lib:/opt/ros/jazzy/opt/gz_common_vendor/lib:/opt/ros/jazzy/opt/gz_math_vendor/lib:/opt/ros/jazzy/opt/gz_utils_vendor/lib:/opt/ros/jazzy/opt/gz_tools_vendor/lib:/opt/ros/jazzy/opt/gz_ogre_next_vendor/lib:/opt/ros/jazzy/opt/gz_dartsim_vendor/lib:/opt/ros/jazzy/opt/gz_cmake_vendor/lib:/opt/ros/jazzy/lib', 'HOME': '/home/lucifer', 'ROS_PYTHON_VERSION': '3', 'ROS_DISTRO': 'jazzy', '_': '/usr/bin/colcon', 'ROS_VERSION': '2', 'QT_X11_NO_MITSHM': '1', 'PATH': '/opt/ros/jazzy/opt/gz_msgs_vendor/bin:/opt/ros/jazzy/opt/gz_tools_vendor/bin:/opt/ros/jazzy/opt/gz_ogre_next_vendor/bin:/opt/ros/jazzy/bin:/usr/local/sbin:/usr/local/bin:/usr/sbin:/usr/bin:/sbin:/bin', 'XDG_RUNTIME_DIR': '/tmp/runtime-root', 'DISPLAY': ':0', 'LANG': 'C.UTF-8', 'AMENT_PREFIX_PATH': '/opt/ros/jazzy', 'ROS_AUTOMATIC_DISCOVERY_RANGE': 'SUBNET', 'PWD': '/home/lucifer/anscer_workspace/LineFollower/build/line_follower_controller', 'LC_ALL': 'C.UTF-8', 'PYTHONPATH': '/opt/ros/jazzy/lib/python3.12/site-packages', 'COLCON': '1', 'CMAKE_PREFIX_PATH': '/opt/ros/jazzy/opt/gz_sim_vendor:/opt/ros/jazzy/opt/gz_sensors_vendor:/opt/ros/jazzy/opt/gz_physics_vendor:/opt/ros/jazzy/opt/sdformat_vendor:/opt/ros/jazzy/opt/gz_gui_vendor:/opt/ros/jazzy/opt/gz_transport_vendor:/opt/ros/jazzy/opt/gz_rendering_vendor:/opt/ros/jazzy/opt/gz_plugin_vendor:/opt/ros/jazzy/opt/gz_fuel_tools_vendor:/opt/ros/jazzy/opt/gz_msgs_vendor:/opt/ros/jazzy/opt/gz_common_vendor:/opt/ros/jazzy/opt/gz_math_vendor:/opt/ros/jazzy/opt/gz_utils_vendor:/opt/ros/jazzy/opt/gz_tools_vendor:/opt/ros/jazzy/opt/gz_ogre_next_vendor:/opt/ros/jazzy/opt/gz_dartsim_vendor:/opt/ros/jazzy/opt/gz_cmake_vendor:/opt/ros/jazzy'}), 'shell': False}
[48.380892] (line_follower_controller) StdoutLine: {'line': b'-- Install configuration: ""\n'}
[48.381325] (line_follower_controller) StdoutLine: {'line': b'-- Installing: /home/lucifer/anscer_workspace/LineFollower/install/line_follower_controller/lib/line_follower_controller/line_follower_controller_node\n'}
[48.398968] (line_follower_controller) StdoutLine: {'line': b'-- Set non-toolchain portion of runtime path of "/home/lucifer/anscer_workspace/LineFollower/install/line_follower_controller/lib/line_follower_controller/line_follower_controller_node" to ""\n'}
[48.402204] (line_follower_controller) StdoutLine: {'line': b'-- Up-to-date: /home/lucifer/anscer_workspace/LineFollower/install/line_follower_controller/share/line_follower_controller/config\n'}
[48.402625] (line_follower_controller) StdoutLine: {'line': b'-- Up-to-date: /home/lucifer/anscer_workspace/LineFollower/install/line_follower_controller/share/line_follower_controller/config/params.yaml\n'}
[48.402806] (line_follower_controller) StdoutLine: {'line': b'-- Up-to-date: /home/lucifer/anscer_workspace/LineFollower/install/line_follower_controller/share/line_follower_controller/launch\n'}
[48.402964] (line_follower_controller) StdoutLine: {'line': b'-- Up-to-date: /home/lucifer/anscer_workspace/LineFollower/install/line_follower_controller/share/line_follower_controller/launch/play.launch.py\n'}
[48.403155] (line_follower_controller) StdoutLine: {'line': b'-- Up-to-date: /home/lucifer/anscer_workspace/LineFollower/install/line_follower_controller/share/ament_index/resource_index/package_run_dependencies/line_follower_controller\n'}
[48.403312] (line_follower_controller) StdoutLine: {'line': b'-- Up-to-date: /home/lucifer/anscer_workspace/LineFollower/install/line_follower_controller/share/ament_index/resource_index/parent_prefix_path/line_follower_controller\n'}
[48.403461] (line_follower_controller) StdoutLine: {'line': b'-- Up-to-date: /home/lucifer/anscer_workspace/LineFollower/install/line_follower_controller/share/line_follower_controller/environment/ament_prefix_path.sh\n'}
[48.403613] (line_follower_controller) StdoutLine: {'line': b'-- Up-to-date: /home/lucifer/anscer_workspace/LineFollower/install/line_follower_controller/share/line_follower_controller/environment/ament_prefix_path.dsv\n'}
[48.403763] (line_follower_controller) StdoutLine: {'line': b'-- Up-to-date: /home/lucifer/anscer_workspace/LineFollower/install/line_follower_controller/share/line_follower_controller/environment/path.sh\n'}
[48.403920] (line_follower_controller) StdoutLine: {'line': b'-- Up-to-date: /home/lucifer/anscer_workspace/LineFollower/install/line_follower_controller/share/line_follower_controller/environment/path.dsv\n'}
[48.404179] (line_follower_controller) StdoutLine: {'line': b'-- Up-to-date: /home/lucifer/anscer_workspace/LineFollower/install/line_follower_controller/share/line_follower_controller/local_setup.bash\n'}
[48.404419] (line_follower_controller) StdoutLine: {'line': b'-- Up-to-date: /home/lucifer/anscer_workspace/LineFollower/install/line_follower_controller/share/line_follower_controller/local_setup.sh\n'}
[48.404620] (line_follower_controller) StdoutLine: {'line': b'-- Up-to-date: /home/lucifer/anscer_workspace/LineFollower/install/line_follower_controller/share/line_follower_controller/local_setup.zsh\n'}
[48.404813] (line_follower_controller) StdoutLine: {'line': b'-- Up-to-date: /home/lucifer/anscer_workspace/LineFollower/install/line_follower_controller/share/line_follower_controller/local_setup.dsv\n'}
[48.404972] (line_follower_controller) StdoutLine: {'line': b'-- Installing: /home/lucifer/anscer_workspace/LineFollower/install/line_follower_controller/share/line_follower_controller/package.dsv\n'}
[48.415756] (line_follower_controller) StdoutLine: {'line': b'-- Up-to-date: /home/lucifer/anscer_workspace/LineFollower/install/line_follower_controller/share/ament_index/resource_index/packages/line_follower_controller\n'}
[48.415979] (line_follower_controller) StdoutLine: {'line': b'-- Up-to-date: /home/lucifer/anscer_workspace/LineFollower/install/line_follower_controller/share/line_follower_controller/cmake/line_follower_controllerConfig.cmake\n'}
[48.416199] (line_follower_controller) StdoutLine: {'line': b'-- Up-to-date: /home/lucifer/anscer_workspace/LineFollower/install/line_follower_controller/share/line_follower_controller/cmake/line_follower_controllerConfig-version.cmake\n'}
[48.416382] (line_follower_controller) StdoutLine: {'line': b'-- Up-to-date: /home/lucifer/anscer_workspace/LineFollower/install/line_follower_controller/share/line_follower_controller/package.xml\n'}
[48.416537] (line_follower_controller) CommandEnded: {'returncode': 0}
[48.450647] (-) TimerEvent: {}
[48.488190] (line_follower_controller) JobEnded: {'identifier': 'line_follower_controller', 'rc': 0}
[48.489269] (-) EventReactorShutdown: {}
