[0.038s] Invoking command in '/home/lucifer/anscer_workspace/LineFollower/build/nav_server': CMAKE_PREFIX_PATH=${CMAKE_PREFIX_PATH}:/opt/ros/jazzy /usr/bin/cmake --build /home/lucifer/anscer_workspace/LineFollower/build/nav_server -- -j12 -l12
[0.181s] [ 50%] [32mBuilding CXX object CMakeFiles/nav_server_node.dir/src/nav_server_node.cpp.o[0m
[32.182s] [100%] [32m[1mLinking CXX executable nav_server_node[0m
[32.411s] [100%] Built target nav_server_node
[32.422s] Invoked command in '/home/lucifer/anscer_workspace/LineFollower/build/nav_server' returned '0': CMAKE_PREFIX_PATH=${CMAKE_PREFIX_PATH}:/opt/ros/jazzy /usr/bin/cmake --build /home/lucifer/anscer_workspace/LineFollower/build/nav_server -- -j12 -l12
[32.432s] Invoking command in '/home/lucifer/anscer_workspace/LineFollower/build/nav_server': CMAKE_PREFIX_PATH=${CMAKE_PREFIX_PATH}:/opt/ros/jazzy /usr/bin/cmake --install /home/lucifer/anscer_workspace/LineFollower/build/nav_server
[32.438s] -- Install configuration: "Release"
[32.439s] -- Execute custom install script
[32.440s] -- Up-to-date symlink: /home/lucifer/anscer_workspace/LineFollower/install/nav_server/lib/nav_server/nav_server_node
[32.440s] -- Up-to-date symlink: /home/lucifer/anscer_workspace/LineFollower/install/nav_server/share/ament_index/resource_index/package_run_dependencies/nav_server
[32.440s] -- Up-to-date symlink: /home/lucifer/anscer_workspace/LineFollower/install/nav_server/share/ament_index/resource_index/parent_prefix_path/nav_server
[32.440s] -- Up-to-date symlink: /home/lucifer/anscer_workspace/LineFollower/install/nav_server/share/nav_server/environment/ament_prefix_path.sh
[32.440s] -- Up-to-date symlink: /home/lucifer/anscer_workspace/LineFollower/install/nav_server/share/nav_server/environment/ament_prefix_path.dsv
[32.440s] -- Up-to-date symlink: /home/lucifer/anscer_workspace/LineFollower/install/nav_server/share/nav_server/environment/path.sh
[32.440s] -- Up-to-date symlink: /home/lucifer/anscer_workspace/LineFollower/install/nav_server/share/nav_server/environment/path.dsv
[32.440s] -- Up-to-date symlink: /home/lucifer/anscer_workspace/LineFollower/install/nav_server/share/nav_server/local_setup.bash
[32.440s] -- Up-to-date symlink: /home/lucifer/anscer_workspace/LineFollower/install/nav_server/share/nav_server/local_setup.sh
[32.440s] -- Up-to-date symlink: /home/lucifer/anscer_workspace/LineFollower/install/nav_server/share/nav_server/local_setup.zsh
[32.440s] -- Up-to-date symlink: /home/lucifer/anscer_workspace/LineFollower/install/nav_server/share/nav_server/local_setup.dsv
[32.441s] -- Symlinking: /home/lucifer/anscer_workspace/LineFollower/install/nav_server/share/nav_server/package.dsv
[32.450s] -- Up-to-date symlink: /home/lucifer/anscer_workspace/LineFollower/install/nav_server/share/ament_index/resource_index/packages/nav_server
[32.450s] -- Up-to-date symlink: /home/lucifer/anscer_workspace/LineFollower/install/nav_server/share/nav_server/cmake/nav_serverConfig.cmake
[32.450s] -- Up-to-date symlink: /home/lucifer/anscer_workspace/LineFollower/install/nav_server/share/nav_server/cmake/nav_serverConfig-version.cmake
[32.450s] -- Up-to-date symlink: /home/lucifer/anscer_workspace/LineFollower/install/nav_server/share/nav_server/package.xml
[32.451s] Invoked command in '/home/lucifer/anscer_workspace/LineFollower/build/nav_server' returned '0': CMAKE_PREFIX_PATH=${CMAKE_PREFIX_PATH}:/opt/ros/jazzy /usr/bin/cmake --install /home/lucifer/anscer_workspace/LineFollower/build/nav_server
