[1.471s] Invoking command in '/home/lucifer/anscer_workspace/LineFollower/src/navigation_server': PYTHONPATH=/home/lucifer/anscer_workspace/LineFollower/build/navigation_server/prefix_override:/usr/lib/python3/dist-packages/colcon_core/task/python/colcon_distutils_commands:/home/lucifer/anscer_workspace/LineFollower/install/navigation_server/lib/python3.12/site-packages:${PYTHONPATH} /usr/bin/python3 -W ignore:setup.py install is deprecated -W ignore:easy_install command is deprecated setup.py egg_info --egg-base ../../build/navigation_server build --build-base /home/lucifer/anscer_workspace/LineFollower/build/navigation_server/build install --record /home/lucifer/anscer_workspace/LineFollower/build/navigation_server/install.log --single-version-externally-managed install_data
[1.914s] running egg_info
[1.938s] writing ../../build/navigation_server/navigation_server.egg-info/PKG-INFO
[1.938s] writing dependency_links to ../../build/navigation_server/navigation_server.egg-info/dependency_links.txt
[1.938s] writing entry points to ../../build/navigation_server/navigation_server.egg-info/entry_points.txt
[1.938s] writing requirements to ../../build/navigation_server/navigation_server.egg-info/requires.txt
[1.938s] writing top-level names to ../../build/navigation_server/navigation_server.egg-info/top_level.txt
[1.974s] reading manifest file '../../build/navigation_server/navigation_server.egg-info/SOURCES.txt'
[1.975s] writing manifest file '../../build/navigation_server/navigation_server.egg-info/SOURCES.txt'
[1.976s] running build
[1.976s] running build_py
[1.976s] running install
[1.982s] running install_lib
[2.006s] running install_data
[2.006s] running install_egg_info
[2.037s] removing '/home/lucifer/anscer_workspace/LineFollower/install/navigation_server/lib/python3.12/site-packages/navigation_server-0.0.0-py3.12.egg-info' (and everything under it)
[2.038s] Copying ../../build/navigation_server/navigation_server.egg-info to /home/lucifer/anscer_workspace/LineFollower/install/navigation_server/lib/python3.12/site-packages/navigation_server-0.0.0-py3.12.egg-info
[2.041s] running install_scripts
[2.227s] Installing navigator_node script to /home/lucifer/anscer_workspace/LineFollower/install/navigation_server/lib/navigation_server
[2.228s] writing list of installed files to '/home/lucifer/anscer_workspace/LineFollower/build/navigation_server/install.log'
[2.308s] Invoked command in '/home/lucifer/anscer_workspace/LineFollower/src/navigation_server' returned '0': PYTHONPATH=/home/lucifer/anscer_workspace/LineFollower/build/navigation_server/prefix_override:/usr/lib/python3/dist-packages/colcon_core/task/python/colcon_distutils_commands:/home/lucifer/anscer_workspace/LineFollower/install/navigation_server/lib/python3.12/site-packages:${PYTHONPATH} /usr/bin/python3 -W ignore:setup.py install is deprecated -W ignore:easy_install command is deprecated setup.py egg_info --egg-base ../../build/navigation_server build --build-base /home/lucifer/anscer_workspace/LineFollower/build/navigation_server/build install --record /home/lucifer/anscer_workspace/LineFollower/build/navigation_server/install.log --single-version-externally-managed install_data
