[0.000000] (-) TimerEvent: {}
[0.000398] (-) JobUnselected: {'identifier': 'hardware_sim'}
[0.000486] (-) JobUnselected: {'identifier': 'nav_server'}
[0.000562] (-) JobUnselected: {'identifier': 'navigation_server'}
[0.000689] (line_follower_controller) JobQueued: {'identifier': 'line_follower_controller', 'dependencies': OrderedDict()}
[0.000716] (line_follower_controller) JobStarted: {'identifier': 'line_follower_controller'}
[0.024112] (line_follower_controller) JobProgress: {'identifier': 'line_follower_controller', 'progress': 'cmake'}
[0.025584] (line_follower_controller) JobProgress: {'identifier': 'line_follower_controller', 'progress': 'build'}
[0.026761] (line_follower_controller) Command: {'cmd': ['/usr/bin/cmake', '--build', '/home/lucifer/anscer_workspace/LineFollower/build/line_follower_controller', '--', '-j12', '-l12'], 'cwd': '/home/lucifer/anscer_workspace/LineFollower/build/line_follower_controller', 'env': OrderedDict({'GZ_SIM_RESOURCE_PATH': '/opt/ros/jazzy/share', 'GZ_CONFIG_PATH': '/opt/ros/jazzy/opt/gz_sim_vendor/share/gz:/opt/ros/jazzy/opt/sdformat_vendor/share/gz:/opt/ros/jazzy/opt/gz_gui_vendor/share/gz:/opt/ros/jazzy/opt/gz_transport_vendor/share/gz:/opt/ros/jazzy/opt/gz_rendering_vendor/share/gz:/opt/ros/jazzy/opt/gz_plugin_vendor/share/gz:/opt/ros/jazzy/opt/gz_fuel_tools_vendor/share/gz:/opt/ros/jazzy/opt/gz_msgs_vendor/share/gz:/opt/ros/jazzy/opt/gz_common_vendor/share/gz', 'HOSTNAME': 'fedora', 'SHLVL': '0', 'LIBGL_ALWAYS_SOFTWARE': '1', 'LD_LIBRARY_PATH': '/opt/ros/jazzy/opt/gz_sim_vendor/lib:/opt/ros/jazzy/opt/gz_sensors_vendor/lib:/opt/ros/jazzy/opt/gz_physics_vendor/lib:/opt/ros/jazzy/opt/sdformat_vendor/lib:/opt/ros/jazzy/opt/rviz_ogre_vendor/lib:/opt/ros/jazzy/lib/x86_64-linux-gnu:/opt/ros/jazzy/opt/gz_gui_vendor/lib:/opt/ros/jazzy/opt/gz_transport_vendor/lib:/opt/ros/jazzy/opt/gz_rendering_vendor/lib:/opt/ros/jazzy/opt/gz_plugin_vendor/lib:/opt/ros/jazzy/opt/gz_fuel_tools_vendor/lib:/opt/ros/jazzy/opt/gz_msgs_vendor/lib:/opt/ros/jazzy/opt/gz_common_vendor/lib:/opt/ros/jazzy/opt/gz_math_vendor/lib:/opt/ros/jazzy/opt/gz_utils_vendor/lib:/opt/ros/jazzy/opt/gz_tools_vendor/lib:/opt/ros/jazzy/opt/gz_ogre_next_vendor/lib:/opt/ros/jazzy/opt/gz_dartsim_vendor/lib:/opt/ros/jazzy/opt/gz_cmake_vendor/lib:/opt/ros/jazzy/lib', 'HOME': '/home/lucifer', 'ROS_PYTHON_VERSION': '3', 'ROS_DISTRO': 'jazzy', '_': '/usr/bin/colcon', 'ROS_VERSION': '2', 'QT_X11_NO_MITSHM': '1', 'PATH': '/opt/ros/jazzy/opt/gz_msgs_vendor/bin:/opt/ros/jazzy/opt/gz_tools_vendor/bin:/opt/ros/jazzy/opt/gz_ogre_next_vendor/bin:/opt/ros/jazzy/bin:/usr/local/sbin:/usr/local/bin:/usr/sbin:/usr/bin:/sbin:/bin', 'XDG_RUNTIME_DIR': '/tmp/runtime-root', 'DISPLAY': ':0', 'LANG': 'C.UTF-8', 'AMENT_PREFIX_PATH': '/opt/ros/jazzy', 'ROS_AUTOMATIC_DISCOVERY_RANGE': 'SUBNET', 'PWD': '/home/lucifer/anscer_workspace/LineFollower/build/line_follower_controller', 'LC_ALL': 'C.UTF-8', 'PYTHONPATH': '/opt/ros/jazzy/lib/python3.12/site-packages', 'COLCON': '1', 'CMAKE_PREFIX_PATH': '/opt/ros/jazzy/opt/gz_sim_vendor:/opt/ros/jazzy/opt/gz_sensors_vendor:/opt/ros/jazzy/opt/gz_physics_vendor:/opt/ros/jazzy/opt/sdformat_vendor:/opt/ros/jazzy/opt/gz_gui_vendor:/opt/ros/jazzy/opt/gz_transport_vendor:/opt/ros/jazzy/opt/gz_rendering_vendor:/opt/ros/jazzy/opt/gz_plugin_vendor:/opt/ros/jazzy/opt/gz_fuel_tools_vendor:/opt/ros/jazzy/opt/gz_msgs_vendor:/opt/ros/jazzy/opt/gz_common_vendor:/opt/ros/jazzy/opt/gz_math_vendor:/opt/ros/jazzy/opt/gz_utils_vendor:/opt/ros/jazzy/opt/gz_tools_vendor:/opt/ros/jazzy/opt/gz_ogre_next_vendor:/opt/ros/jazzy/opt/gz_dartsim_vendor:/opt/ros/jazzy/opt/gz_cmake_vendor:/opt/ros/jazzy'}), 'shell': False}
[0.096213] (-) TimerEvent: {}
[0.196628] (-) TimerEvent: {}
[0.242191] (line_follower_controller) StdoutLine: {'line': b'[ 25%] Building CXX object CMakeFiles/line_follower_controller_node.dir/src/PidController.cpp.o\n'}
[0.296784] (-) TimerEvent: {}
[0.398193] (-) TimerEvent: {}
[0.501486] (-) TimerEvent: {}
[0.602006] (-) TimerEvent: {}
[0.702570] (-) TimerEvent: {}
[0.806171] (-) TimerEvent: {}
[0.906498] (-) TimerEvent: {}
[1.007945] (-) TimerEvent: {}
[1.108316] (-) TimerEvent: {}
[1.208655] (-) TimerEvent: {}
[1.309177] (-) TimerEvent: {}
[1.409565] (-) TimerEvent: {}
[1.509945] (-) TimerEvent: {}
[1.612184] (-) TimerEvent: {}
[1.716198] (-) TimerEvent: {}
[1.816810] (-) TimerEvent: {}
[1.919116] (-) TimerEvent: {}
[2.019449] (-) TimerEvent: {}
[2.119807] (-) TimerEvent: {}
[2.220521] (-) TimerEvent: {}
[2.323220] (-) TimerEvent: {}
[2.424037] (-) TimerEvent: {}
[2.524903] (-) TimerEvent: {}
[2.633230] (-) TimerEvent: {}
[2.734089] (-) TimerEvent: {}
[2.836341] (-) TimerEvent: {}
[2.936740] (-) TimerEvent: {}
[3.037162] (-) TimerEvent: {}
[3.138351] (-) TimerEvent: {}
[3.245892] (-) TimerEvent: {}
[3.352182] (-) TimerEvent: {}
[3.454479] (-) TimerEvent: {}
[3.554902] (-) TimerEvent: {}
[3.655571] (-) TimerEvent: {}
[3.756465] (-) TimerEvent: {}
[3.859441] (-) TimerEvent: {}
[3.967054] (-) TimerEvent: {}
[4.067415] (-) TimerEvent: {}
[4.168170] (-) TimerEvent: {}
[4.272322] (-) TimerEvent: {}
[4.373027] (-) TimerEvent: {}
[4.473474] (-) TimerEvent: {}
[4.573890] (-) TimerEvent: {}
[4.689233] (-) TimerEvent: {}
[4.790719] (-) TimerEvent: {}
[4.892262] (-) TimerEvent: {}
[4.996422] (-) TimerEvent: {}
[5.098282] (-) TimerEvent: {}
[5.200856] (-) TimerEvent: {}
[5.306383] (-) TimerEvent: {}
[5.406779] (-) TimerEvent: {}
[5.507202] (-) TimerEvent: {}
[5.619262] (-) TimerEvent: {}
[5.719619] (-) TimerEvent: {}
[5.822826] (-) TimerEvent: {}
[5.924101] (-) TimerEvent: {}
[6.024538] (-) TimerEvent: {}
[6.127219] (-) TimerEvent: {}
[6.227849] (-) TimerEvent: {}
[6.328218] (-) TimerEvent: {}
[6.442556] (-) TimerEvent: {}
[6.544243] (-) TimerEvent: {}
[6.649541] (-) TimerEvent: {}
[6.750199] (-) TimerEvent: {}
[6.850933] (-) TimerEvent: {}
[6.962231] (-) TimerEvent: {}
[7.070246] (-) TimerEvent: {}
[7.175653] (-) TimerEvent: {}
[7.276394] (-) TimerEvent: {}
[7.377200] (-) TimerEvent: {}
[7.478493] (-) TimerEvent: {}
[7.579268] (-) TimerEvent: {}
[7.680128] (-) TimerEvent: {}
[7.780564] (-) TimerEvent: {}
[7.882436] (-) TimerEvent: {}
[7.983704] (-) TimerEvent: {}
[8.084481] (-) TimerEvent: {}
[8.186235] (-) TimerEvent: {}
[8.286637] (-) TimerEvent: {}
[8.387022] (-) TimerEvent: {}
[8.488222] (-) TimerEvent: {}
[8.588641] (-) TimerEvent: {}
[8.692193] (-) TimerEvent: {}
[8.794469] (-) TimerEvent: {}
[8.895225] (-) TimerEvent: {}
[8.995585] (-) TimerEvent: {}
[9.096203] (-) TimerEvent: {}
[9.196711] (-) TimerEvent: {}
[9.305201] (-) TimerEvent: {}
[9.406145] (-) TimerEvent: {}
[9.508284] (-) TimerEvent: {}
[9.608888] (-) TimerEvent: {}
[9.712211] (-) TimerEvent: {}
[9.812888] (-) TimerEvent: {}
[9.917248] (-) TimerEvent: {}
[10.018017] (-) TimerEvent: {}
[10.119810] (-) TimerEvent: {}
[10.220469] (-) TimerEvent: {}
[10.321204] (-) TimerEvent: {}
[10.422150] (-) TimerEvent: {}
[10.525309] (-) TimerEvent: {}
[10.625963] (-) TimerEvent: {}
[10.726667] (-) TimerEvent: {}
[10.829207] (-) TimerEvent: {}
[10.933211] (-) TimerEvent: {}
[11.033677] (-) TimerEvent: {}
[11.134344] (-) TimerEvent: {}
[11.234739] (-) TimerEvent: {}
[11.339407] (-) TimerEvent: {}
[11.440198] (-) TimerEvent: {}
[11.540910] (-) TimerEvent: {}
[11.641756] (-) TimerEvent: {}
[11.743582] (-) TimerEvent: {}
[11.843996] (-) TimerEvent: {}
[11.944381] (-) TimerEvent: {}
[12.044806] (-) TimerEvent: {}
[12.145176] (-) TimerEvent: {}
[12.246601] (-) TimerEvent: {}
[12.347181] (-) TimerEvent: {}
[12.452198] (-) TimerEvent: {}
[12.555132] (-) TimerEvent: {}
[12.655872] (-) TimerEvent: {}
[12.756373] (-) TimerEvent: {}
[12.859424] (-) TimerEvent: {}
[12.959936] (-) TimerEvent: {}
[13.060409] (-) TimerEvent: {}
[13.160945] (-) TimerEvent: {}
[13.261909] (-) TimerEvent: {}
[13.365235] (-) TimerEvent: {}
[13.465980] (-) TimerEvent: {}
[13.568545] (-) TimerEvent: {}
[13.669440] (-) TimerEvent: {}
[13.769799] (-) TimerEvent: {}
[13.871186] (-) TimerEvent: {}
[13.971881] (-) TimerEvent: {}
[14.072338] (-) TimerEvent: {}
[14.172699] (-) TimerEvent: {}
[14.278198] (-) TimerEvent: {}
[14.378849] (-) TimerEvent: {}
[14.481499] (-) TimerEvent: {}
[14.582220] (-) TimerEvent: {}
[14.683677] (-) TimerEvent: {}
[14.785264] (-) TimerEvent: {}
[14.885979] (-) TimerEvent: {}
[14.986431] (-) TimerEvent: {}
[15.086806] (-) TimerEvent: {}
[15.188226] (-) TimerEvent: {}
[15.289329] (-) TimerEvent: {}
[15.390984] (-) TimerEvent: {}
[15.491493] (-) TimerEvent: {}
[15.592258] (-) TimerEvent: {}
[15.694683] (-) TimerEvent: {}
[15.798372] (-) TimerEvent: {}
[15.898808] (-) TimerEvent: {}
[15.999898] (-) TimerEvent: {}
[16.102161] (-) TimerEvent: {}
[16.204862] (-) TimerEvent: {}
[16.305661] (-) TimerEvent: {}
[16.406619] (-) TimerEvent: {}
[16.507529] (-) TimerEvent: {}
[16.613651] (-) TimerEvent: {}
[16.714163] (-) TimerEvent: {}
[16.814785] (-) TimerEvent: {}
[16.918133] (-) TimerEvent: {}
[17.022927] (-) TimerEvent: {}
[17.123418] (-) TimerEvent: {}
[17.223822] (-) TimerEvent: {}
[17.324276] (-) TimerEvent: {}
[17.424842] (-) TimerEvent: {}
[17.527213] (-) TimerEvent: {}
[17.628026] (-) TimerEvent: {}
[17.728625] (-) TimerEvent: {}
[17.829664] (-) TimerEvent: {}
[17.931025] (-) TimerEvent: {}
[18.033201] (-) TimerEvent: {}
[18.133566] (-) TimerEvent: {}
[18.233914] (-) TimerEvent: {}
[18.334526] (-) TimerEvent: {}
[18.435274] (-) TimerEvent: {}
[18.538208] (-) TimerEvent: {}
[18.638533] (-) TimerEvent: {}
[18.740211] (-) TimerEvent: {}
[18.840810] (-) TimerEvent: {}
[18.941391] (-) TimerEvent: {}
[19.041725] (-) TimerEvent: {}
[19.142145] (-) TimerEvent: {}
[19.242498] (-) TimerEvent: {}
[19.344565] (-) TimerEvent: {}
[19.448467] (-) TimerEvent: {}
[19.549014] (-) TimerEvent: {}
[19.649629] (-) TimerEvent: {}
[19.750173] (-) TimerEvent: {}
[19.850703] (-) TimerEvent: {}
[19.951267] (-) TimerEvent: {}
[20.051950] (-) TimerEvent: {}
[20.155219] (-) TimerEvent: {}
[20.255670] (-) TimerEvent: {}
[20.357191] (-) TimerEvent: {}
[20.458006] (-) TimerEvent: {}
[20.562810] (-) TimerEvent: {}
[20.663423] (-) TimerEvent: {}
[20.764208] (-) TimerEvent: {}
[20.864761] (-) TimerEvent: {}
[20.969181] (-) TimerEvent: {}
[21.069760] (-) TimerEvent: {}
[21.172175] (-) TimerEvent: {}
[21.278389] (-) TimerEvent: {}
[21.378988] (-) TimerEvent: {}
[21.479601] (-) TimerEvent: {}
[21.580594] (-) TimerEvent: {}
[21.684597] (-) TimerEvent: {}
[21.785654] (-) TimerEvent: {}
[21.885974] (-) TimerEvent: {}
[21.986609] (-) TimerEvent: {}
[22.087017] (-) TimerEvent: {}
[22.188452] (-) TimerEvent: {}
[22.297970] (-) TimerEvent: {}
[22.423278] (-) TimerEvent: {}
[22.526247] (-) TimerEvent: {}
[22.630206] (-) TimerEvent: {}
[22.731163] (-) TimerEvent: {}
[22.831513] (-) TimerEvent: {}
[22.932139] (-) TimerEvent: {}
[23.032726] (-) TimerEvent: {}
[23.133379] (-) TimerEvent: {}
[23.235732] (-) TimerEvent: {}
[23.336839] (-) TimerEvent: {}
[23.439184] (-) TimerEvent: {}
[23.540574] (-) TimerEvent: {}
[23.641397] (-) TimerEvent: {}
[23.746053] (-) TimerEvent: {}
[23.846701] (-) TimerEvent: {}
[23.961185] (-) TimerEvent: {}
[24.061563] (-) TimerEvent: {}
[24.161945] (-) TimerEvent: {}
[24.262349] (-) TimerEvent: {}
[24.366214] (-) TimerEvent: {}
[24.466584] (-) TimerEvent: {}
[24.567003] (-) TimerEvent: {}
[24.668205] (-) TimerEvent: {}
[24.768887] (-) TimerEvent: {}
[24.869842] (-) TimerEvent: {}
[24.971470] (-) TimerEvent: {}
[25.071891] (-) TimerEvent: {}
[25.173714] (-) TimerEvent: {}
[25.274058] (-) TimerEvent: {}
[25.374456] (-) TimerEvent: {}
[25.475423] (-) TimerEvent: {}
[25.578321] (-) TimerEvent: {}
[25.678710] (-) TimerEvent: {}
[25.779077] (-) TimerEvent: {}
[25.880835] (-) TimerEvent: {}
[25.981179] (-) TimerEvent: {}
[26.082538] (-) TimerEvent: {}
[26.185122] (-) TimerEvent: {}
[26.288266] (-) TimerEvent: {}
[26.388625] (-) TimerEvent: {}
[26.495229] (-) TimerEvent: {}
[26.595618] (-) TimerEvent: {}
[26.696183] (-) TimerEvent: {}
[26.796549] (-) TimerEvent: {}
[26.897228] (-) TimerEvent: {}
[26.997644] (-) TimerEvent: {}
[27.102944] (-) TimerEvent: {}
[27.203333] (-) TimerEvent: {}
[27.303657] (-) TimerEvent: {}
[27.404423] (-) TimerEvent: {}
[27.505261] (-) TimerEvent: {}
[27.609251] (-) TimerEvent: {}
[27.709937] (-) TimerEvent: {}
[27.811193] (-) TimerEvent: {}
[27.911862] (-) TimerEvent: {}
[28.013253] (-) TimerEvent: {}
[28.114203] (-) TimerEvent: {}
[28.214602] (-) TimerEvent: {}
[28.316404] (-) TimerEvent: {}
[28.418163] (-) TimerEvent: {}
[28.522280] (-) TimerEvent: {}
[28.623085] (-) TimerEvent: {}
[28.723553] (-) TimerEvent: {}
[28.830595] (-) TimerEvent: {}
[28.930941] (-) TimerEvent: {}
[29.033211] (-) TimerEvent: {}
[29.134236] (-) TimerEvent: {}
[29.236282] (-) TimerEvent: {}
[29.336995] (-) TimerEvent: {}
[29.437433] (-) TimerEvent: {}
[29.538157] (-) TimerEvent: {}
[29.641464] (-) TimerEvent: {}
[29.742109] (-) TimerEvent: {}
[29.843915] (-) TimerEvent: {}
[29.944375] (-) TimerEvent: {}
[30.050499] (-) TimerEvent: {}
[30.153199] (-) TimerEvent: {}
[30.253555] (-) TimerEvent: {}
[30.353905] (-) TimerEvent: {}
[30.454219] (-) TimerEvent: {}
[30.554646] (-) TimerEvent: {}
[30.657242] (-) TimerEvent: {}
[30.757600] (-) TimerEvent: {}
[30.859205] (-) TimerEvent: {}
[30.959899] (-) TimerEvent: {}
[31.060645] (-) TimerEvent: {}
[31.162544] (-) TimerEvent: {}
[31.264391] (-) TimerEvent: {}
[31.365242] (-) TimerEvent: {}
[31.466881] (-) TimerEvent: {}
[31.567600] (-) TimerEvent: {}
[31.668998] (-) TimerEvent: {}
[31.770467] (-) TimerEvent: {}
[31.875292] (-) TimerEvent: {}
[31.975977] (-) TimerEvent: {}
[32.076638] (-) TimerEvent: {}
[32.177188] (-) TimerEvent: {}
[32.277496] (-) TimerEvent: {}
[32.380484] (-) TimerEvent: {}
[32.480879] (-) TimerEvent: {}
[32.581373] (-) TimerEvent: {}
[32.681998] (-) TimerEvent: {}
[32.794956] (-) TimerEvent: {}
[32.895727] (-) TimerEvent: {}
[32.996329] (-) TimerEvent: {}
[33.096683] (-) TimerEvent: {}
[33.198481] (-) TimerEvent: {}
[33.302276] (-) TimerEvent: {}
[33.404624] (-) TimerEvent: {}
[33.506203] (-) TimerEvent: {}
[33.607036] (-) TimerEvent: {}
[33.710954] (-) TimerEvent: {}
[33.815578] (-) TimerEvent: {}
[33.919203] (-) TimerEvent: {}
[34.019802] (-) TimerEvent: {}
[34.121924] (-) TimerEvent: {}
[34.222198] (-) TimerEvent: {}
[34.338251] (-) TimerEvent: {}
[34.439026] (-) TimerEvent: {}
[34.539833] (-) TimerEvent: {}
[34.641425] (-) TimerEvent: {}
[34.742094] (-) TimerEvent: {}
[34.842824] (-) TimerEvent: {}
[34.943549] (-) TimerEvent: {}
[35.044250] (-) TimerEvent: {}
[35.147162] (-) TimerEvent: {}
[35.251385] (-) TimerEvent: {}
[35.351821] (-) TimerEvent: {}
[35.452273] (-) TimerEvent: {}
[35.553276] (-) TimerEvent: {}
[35.654250] (-) TimerEvent: {}
[35.754986] (-) TimerEvent: {}
[35.855926] (-) TimerEvent: {}
[35.956302] (-) TimerEvent: {}
[36.057261] (-) TimerEvent: {}
[36.158052] (-) TimerEvent: {}
[36.259260] (-) TimerEvent: {}
[36.360152] (-) TimerEvent: {}
[36.462861] (-) TimerEvent: {}
[36.563241] (-) TimerEvent: {}
[36.664924] (-) TimerEvent: {}
[36.767463] (-) TimerEvent: {}
[36.868220] (-) TimerEvent: {}
[36.968940] (-) TimerEvent: {}
[37.069650] (-) TimerEvent: {}
[37.169989] (-) TimerEvent: {}
[37.270528] (-) TimerEvent: {}
[37.371345] (-) TimerEvent: {}
[37.479853] (-) TimerEvent: {}
[37.580438] (-) TimerEvent: {}
[37.687202] (-) TimerEvent: {}
[37.787580] (-) TimerEvent: {}
[37.887913] (-) TimerEvent: {}
[37.988560] (-) TimerEvent: {}
[38.089254] (-) TimerEvent: {}
[38.191390] (-) TimerEvent: {}
[38.291736] (-) TimerEvent: {}
[38.392344] (-) TimerEvent: {}
[38.492707] (-) TimerEvent: {}
[38.596395] (-) TimerEvent: {}
[38.696762] (-) TimerEvent: {}
[38.797210] (-) TimerEvent: {}
[38.897739] (-) TimerEvent: {}
[38.998309] (-) TimerEvent: {}
[39.098695] (-) TimerEvent: {}
[39.199049] (-) TimerEvent: {}
[39.300631] (-) TimerEvent: {}
[39.401250] (-) TimerEvent: {}
[39.502493] (-) TimerEvent: {}
[39.606250] (-) TimerEvent: {}
[39.706681] (-) TimerEvent: {}
[39.807357] (-) TimerEvent: {}
[39.908150] (-) TimerEvent: {}
[40.010252] (-) TimerEvent: {}
[40.110716] (-) TimerEvent: {}
[40.215405] (-) TimerEvent: {}
[40.315852] (-) TimerEvent: {}
[40.416572] (-) TimerEvent: {}
[40.516988] (-) TimerEvent: {}
[40.617454] (-) TimerEvent: {}
[40.718259] (-) TimerEvent: {}
[40.822197] (-) TimerEvent: {}
[40.922637] (-) TimerEvent: {}
[41.023005] (-) TimerEvent: {}
[41.123364] (-) TimerEvent: {}
[41.224241] (-) TimerEvent: {}
[41.324655] (-) TimerEvent: {}
[41.425154] (-) TimerEvent: {}
[41.525451] (-) TimerEvent: {}
[41.627863] (-) TimerEvent: {}
[41.728456] (-) TimerEvent: {}
[41.829106] (-) TimerEvent: {}
[41.931206] (-) TimerEvent: {}
[42.031833] (-) TimerEvent: {}
[42.133222] (-) TimerEvent: {}
[42.234100] (-) TimerEvent: {}
[42.334439] (-) TimerEvent: {}
[42.438121] (-) TimerEvent: {}
[42.539662] (-) TimerEvent: {}
[42.642192] (-) TimerEvent: {}
[42.742735] (-) TimerEvent: {}
[42.843075] (-) TimerEvent: {}
[42.943576] (-) TimerEvent: {}
[43.048428] (-) TimerEvent: {}
[43.148818] (-) TimerEvent: {}
[43.249178] (-) TimerEvent: {}
[43.352533] (-) TimerEvent: {}
[43.453097] (-) TimerEvent: {}
[43.553629] (-) TimerEvent: {}
[43.654174] (-) TimerEvent: {}
[43.757198] (-) TimerEvent: {}
[43.857561] (-) TimerEvent: {}
[43.958113] (-) TimerEvent: {}
[44.059235] (-) TimerEvent: {}
[44.162972] (-) TimerEvent: {}
[44.263931] (-) TimerEvent: {}
[44.368775] (-) TimerEvent: {}
[44.471208] (-) TimerEvent: {}
[44.571773] (-) TimerEvent: {}
[44.674105] (-) TimerEvent: {}
[44.774601] (-) TimerEvent: {}
[44.874961] (-) TimerEvent: {}
[44.975340] (-) TimerEvent: {}
[45.075748] (-) TimerEvent: {}
[45.176079] (-) TimerEvent: {}
[45.278525] (-) TimerEvent: {}
[45.379930] (-) TimerEvent: {}
[45.483240] (-) TimerEvent: {}
[45.583998] (-) TimerEvent: {}
[45.684677] (-) TimerEvent: {}
[45.785085] (-) TimerEvent: {}
[45.885885] (-) TimerEvent: {}
[45.989226] (-) TimerEvent: {}
[46.090111] (-) TimerEvent: {}
[46.190807] (-) TimerEvent: {}
[46.291521] (-) TimerEvent: {}
[46.392372] (-) TimerEvent: {}
[46.493091] (-) TimerEvent: {}
[46.593471] (-) TimerEvent: {}
[46.693859] (-) TimerEvent: {}
[46.795145] (-) TimerEvent: {}
[46.895658] (-) TimerEvent: {}
[46.996201] (-) TimerEvent: {}
[47.097248] (-) TimerEvent: {}
[47.197950] (-) TimerEvent: {}
[47.299770] (-) TimerEvent: {}
[47.400211] (-) TimerEvent: {}
[47.500656] (-) TimerEvent: {}
[47.602758] (-) TimerEvent: {}
[47.704512] (-) TimerEvent: {}
[47.805229] (-) TimerEvent: {}
[47.907224] (-) TimerEvent: {}
[48.007866] (-) TimerEvent: {}
[48.108215] (-) TimerEvent: {}
[48.210414] (-) TimerEvent: {}
[48.313589] (-) TimerEvent: {}
[48.415558] (-) TimerEvent: {}
[48.521594] (-) TimerEvent: {}
[48.622576] (-) TimerEvent: {}
[48.723306] (-) TimerEvent: {}
[48.826451] (-) TimerEvent: {}
[48.927234] (-) TimerEvent: {}
[49.054375] (-) TimerEvent: {}
[49.156472] (-) TimerEvent: {}
[49.258180] (-) TimerEvent: {}
[49.358594] (-) TimerEvent: {}
[49.461360] (-) TimerEvent: {}
[49.482454] (line_follower_controller) StdoutLine: {'line': b'[ 50%] Linking CXX executable line_follower_controller_node\n'}
[49.563213] (-) TimerEvent: {}
[49.663932] (-) TimerEvent: {}
[49.765001] (-) TimerEvent: {}
[49.865793] (-) TimerEvent: {}
[49.966146] (-) TimerEvent: {}
[50.066461] (-) TimerEvent: {}
[50.167846] (-) TimerEvent: {}
[50.268488] (-) TimerEvent: {}
[50.372382] (-) TimerEvent: {}
[50.473678] (-) TimerEvent: {}
[50.574250] (-) TimerEvent: {}
[50.675232] (-) TimerEvent: {}
[50.777046] (-) TimerEvent: {}
[50.881184] (-) TimerEvent: {}
[50.981743] (-) TimerEvent: {}
[51.085294] (-) TimerEvent: {}
[51.185723] (-) TimerEvent: {}
[51.286183] (-) TimerEvent: {}
[51.389201] (-) TimerEvent: {}
[51.489537] (-) TimerEvent: {}
[51.592204] (-) TimerEvent: {}
[51.692628] (-) TimerEvent: {}
[51.768206] (line_follower_controller) StdoutLine: {'line': b'[100%] Built target line_follower_controller_node\n'}
[51.793244] (-) TimerEvent: {}
[51.805432] (line_follower_controller) CommandEnded: {'returncode': 0}
[51.809223] (line_follower_controller) JobProgress: {'identifier': 'line_follower_controller', 'progress': 'install'}
[51.856270] (line_follower_controller) Command: {'cmd': ['/usr/bin/cmake', '--install', '/home/lucifer/anscer_workspace/LineFollower/build/line_follower_controller'], 'cwd': '/home/lucifer/anscer_workspace/LineFollower/build/line_follower_controller', 'env': OrderedDict({'GZ_SIM_RESOURCE_PATH': '/opt/ros/jazzy/share', 'GZ_CONFIG_PATH': '/opt/ros/jazzy/opt/gz_sim_vendor/share/gz:/opt/ros/jazzy/opt/sdformat_vendor/share/gz:/opt/ros/jazzy/opt/gz_gui_vendor/share/gz:/opt/ros/jazzy/opt/gz_transport_vendor/share/gz:/opt/ros/jazzy/opt/gz_rendering_vendor/share/gz:/opt/ros/jazzy/opt/gz_plugin_vendor/share/gz:/opt/ros/jazzy/opt/gz_fuel_tools_vendor/share/gz:/opt/ros/jazzy/opt/gz_msgs_vendor/share/gz:/opt/ros/jazzy/opt/gz_common_vendor/share/gz', 'HOSTNAME': 'fedora', 'SHLVL': '0', 'LIBGL_ALWAYS_SOFTWARE': '1', 'LD_LIBRARY_PATH': '/opt/ros/jazzy/opt/gz_sim_vendor/lib:/opt/ros/jazzy/opt/gz_sensors_vendor/lib:/opt/ros/jazzy/opt/gz_physics_vendor/lib:/opt/ros/jazzy/opt/sdformat_vendor/lib:/opt/ros/jazzy/opt/rviz_ogre_vendor/lib:/opt/ros/jazzy/lib/x86_64-linux-gnu:/opt/ros/jazzy/opt/gz_gui_vendor/lib:/opt/ros/jazzy/opt/gz_transport_vendor/lib:/opt/ros/jazzy/opt/gz_rendering_vendor/lib:/opt/ros/jazzy/opt/gz_plugin_vendor/lib:/opt/ros/jazzy/opt/gz_fuel_tools_vendor/lib:/opt/ros/jazzy/opt/gz_msgs_vendor/lib:/opt/ros/jazzy/opt/gz_common_vendor/lib:/opt/ros/jazzy/opt/gz_math_vendor/lib:/opt/ros/jazzy/opt/gz_utils_vendor/lib:/opt/ros/jazzy/opt/gz_tools_vendor/lib:/opt/ros/jazzy/opt/gz_ogre_next_vendor/lib:/opt/ros/jazzy/opt/gz_dartsim_vendor/lib:/opt/ros/jazzy/opt/gz_cmake_vendor/lib:/opt/ros/jazzy/lib', 'HOME': '/home/lucifer', 'ROS_PYTHON_VERSION': '3', 'ROS_DISTRO': 'jazzy', '_': '/usr/bin/colcon', 'ROS_VERSION': '2', 'QT_X11_NO_MITSHM': '1', 'PATH': '/opt/ros/jazzy/opt/gz_msgs_vendor/bin:/opt/ros/jazzy/opt/gz_tools_vendor/bin:/opt/ros/jazzy/opt/gz_ogre_next_vendor/bin:/opt/ros/jazzy/bin:/usr/local/sbin:/usr/local/bin:/usr/sbin:/usr/bin:/sbin:/bin', 'XDG_RUNTIME_DIR': '/tmp/runtime-root', 'DISPLAY': ':0', 'LANG': 'C.UTF-8', 'AMENT_PREFIX_PATH': '/opt/ros/jazzy', 'ROS_AUTOMATIC_DISCOVERY_RANGE': 'SUBNET', 'PWD': '/home/lucifer/anscer_workspace/LineFollower/build/line_follower_controller', 'LC_ALL': 'C.UTF-8', 'PYTHONPATH': '/opt/ros/jazzy/lib/python3.12/site-packages', 'COLCON': '1', 'CMAKE_PREFIX_PATH': '/opt/ros/jazzy/opt/gz_sim_vendor:/opt/ros/jazzy/opt/gz_sensors_vendor:/opt/ros/jazzy/opt/gz_physics_vendor:/opt/ros/jazzy/opt/sdformat_vendor:/opt/ros/jazzy/opt/gz_gui_vendor:/opt/ros/jazzy/opt/gz_transport_vendor:/opt/ros/jazzy/opt/gz_rendering_vendor:/opt/ros/jazzy/opt/gz_plugin_vendor:/opt/ros/jazzy/opt/gz_fuel_tools_vendor:/opt/ros/jazzy/opt/gz_msgs_vendor:/opt/ros/jazzy/opt/gz_common_vendor:/opt/ros/jazzy/opt/gz_math_vendor:/opt/ros/jazzy/opt/gz_utils_vendor:/opt/ros/jazzy/opt/gz_tools_vendor:/opt/ros/jazzy/opt/gz_ogre_next_vendor:/opt/ros/jazzy/opt/gz_dartsim_vendor:/opt/ros/jazzy/opt/gz_cmake_vendor:/opt/ros/jazzy'}), 'shell': False}
[51.876180] (line_follower_controller) StdoutLine: {'line': b'-- Install configuration: ""\n'}
[51.878426] (line_follower_controller) StdoutLine: {'line': b'-- Installing: /home/lucifer/anscer_workspace/LineFollower/install/line_follower_controller/lib/line_follower_controller/line_follower_controller_node\n'}
[51.894206] (-) TimerEvent: {}
[51.898470] (line_follower_controller) StdoutLine: {'line': b'-- Set non-toolchain portion of runtime path of "/home/lucifer/anscer_workspace/LineFollower/install/line_follower_controller/lib/line_follower_controller/line_follower_controller_node" to ""\n'}
[51.899666] (line_follower_controller) StdoutLine: {'line': b'-- Up-to-date: /home/lucifer/anscer_workspace/LineFollower/install/line_follower_controller/share/line_follower_controller/config\n'}
[51.899876] (line_follower_controller) StdoutLine: {'line': b'-- Up-to-date: /home/lucifer/anscer_workspace/LineFollower/install/line_follower_controller/share/line_follower_controller/config/params.yaml\n'}
[51.900029] (line_follower_controller) StdoutLine: {'line': b'-- Up-to-date: /home/lucifer/anscer_workspace/LineFollower/install/line_follower_controller/share/line_follower_controller/launch\n'}
[51.900199] (line_follower_controller) StdoutLine: {'line': b'-- Installing: /home/lucifer/anscer_workspace/LineFollower/install/line_follower_controller/share/line_follower_controller/launch/play.launch.py\n'}
[51.900351] (line_follower_controller) StdoutLine: {'line': b'-- Up-to-date: /home/lucifer/anscer_workspace/LineFollower/install/line_follower_controller/share/ament_index/resource_index/package_run_dependencies/line_follower_controller\n'}
[51.900501] (line_follower_controller) StdoutLine: {'line': b'-- Up-to-date: /home/lucifer/anscer_workspace/LineFollower/install/line_follower_controller/share/ament_index/resource_index/parent_prefix_path/line_follower_controller\n'}
[51.900668] (line_follower_controller) StdoutLine: {'line': b'-- Up-to-date: /home/lucifer/anscer_workspace/LineFollower/install/line_follower_controller/share/line_follower_controller/environment/ament_prefix_path.sh\n'}
[51.900831] (line_follower_controller) StdoutLine: {'line': b'-- Up-to-date: /home/lucifer/anscer_workspace/LineFollower/install/line_follower_controller/share/line_follower_controller/environment/ament_prefix_path.dsv\n'}
[51.900978] (line_follower_controller) StdoutLine: {'line': b'-- Up-to-date: /home/lucifer/anscer_workspace/LineFollower/install/line_follower_controller/share/line_follower_controller/environment/path.sh\n'}
[51.901153] (line_follower_controller) StdoutLine: {'line': b'-- Up-to-date: /home/lucifer/anscer_workspace/LineFollower/install/line_follower_controller/share/line_follower_controller/environment/path.dsv\n'}
[51.901310] (line_follower_controller) StdoutLine: {'line': b'-- Up-to-date: /home/lucifer/anscer_workspace/LineFollower/install/line_follower_controller/share/line_follower_controller/local_setup.bash\n'}
[51.901459] (line_follower_controller) StdoutLine: {'line': b'-- Up-to-date: /home/lucifer/anscer_workspace/LineFollower/install/line_follower_controller/share/line_follower_controller/local_setup.sh\n'}
[51.901616] (line_follower_controller) StdoutLine: {'line': b'-- Up-to-date: /home/lucifer/anscer_workspace/LineFollower/install/line_follower_controller/share/line_follower_controller/local_setup.zsh\n'}
[51.901757] (line_follower_controller) StdoutLine: {'line': b'-- Up-to-date: /home/lucifer/anscer_workspace/LineFollower/install/line_follower_controller/share/line_follower_controller/local_setup.dsv\n'}
[51.901977] (line_follower_controller) StdoutLine: {'line': b'-- Installing: /home/lucifer/anscer_workspace/LineFollower/install/line_follower_controller/share/line_follower_controller/package.dsv\n'}
[51.902331] (line_follower_controller) StdoutLine: {'line': b'-- Up-to-date: /home/lucifer/anscer_workspace/LineFollower/install/line_follower_controller/share/ament_index/resource_index/packages/line_follower_controller\n'}
[51.903808] (line_follower_controller) StdoutLine: {'line': b'-- Up-to-date: /home/lucifer/anscer_workspace/LineFollower/install/line_follower_controller/share/line_follower_controller/cmake/line_follower_controllerConfig.cmake\n'}
[51.904547] (line_follower_controller) StdoutLine: {'line': b'-- Up-to-date: /home/lucifer/anscer_workspace/LineFollower/install/line_follower_controller/share/line_follower_controller/cmake/line_follower_controllerConfig-version.cmake\n'}
[51.905558] (line_follower_controller) StdoutLine: {'line': b'-- Up-to-date: /home/lucifer/anscer_workspace/LineFollower/install/line_follower_controller/share/line_follower_controller/package.xml\n'}
[51.906430] (line_follower_controller) CommandEnded: {'returncode': 0}
[51.953225] (line_follower_controller) JobEnded: {'identifier': 'line_follower_controller', 'rc': 0}
[51.955637] (-) EventReactorShutdown: {}
