[0.000000] (-) TimerEvent: {}
[0.000087] (-) JobUnselected: {'identifier': 'hardware_sim'}
[0.000125] (-) JobUnselected: {'identifier': 'nav_server'}
[0.000142] (-) JobUnselected: {'identifier': 'navigation_server'}
[0.000157] (line_follower_controller) JobQueued: {'identifier': 'line_follower_controller', 'dependencies': OrderedDict()}
[0.000800] (line_follower_controller) JobStarted: {'identifier': 'line_follower_controller'}
[0.014718] (line_follower_controller) JobProgress: {'identifier': 'line_follower_controller', 'progress': 'cmake'}
[0.016840] (line_follower_controller) JobProgress: {'identifier': 'line_follower_controller', 'progress': 'build'}
[0.017218] (line_follower_controller) Command: {'cmd': ['/usr/bin/cmake', '--build', '/home/lucifer/anscer_workspace/LineFollower/build/line_follower_controller', '--', '-j12', '-l12'], 'cwd': '/home/lucifer/anscer_workspace/LineFollower/build/line_follower_controller', 'env': OrderedDict({'GZ_SIM_RESOURCE_PATH': '/opt/ros/jazzy/share', 'GZ_CONFIG_PATH': '/opt/ros/jazzy/opt/gz_sim_vendor/share/gz:/opt/ros/jazzy/opt/sdformat_vendor/share/gz:/opt/ros/jazzy/opt/gz_gui_vendor/share/gz:/opt/ros/jazzy/opt/gz_transport_vendor/share/gz:/opt/ros/jazzy/opt/gz_rendering_vendor/share/gz:/opt/ros/jazzy/opt/gz_plugin_vendor/share/gz:/opt/ros/jazzy/opt/gz_fuel_tools_vendor/share/gz:/opt/ros/jazzy/opt/gz_msgs_vendor/share/gz:/opt/ros/jazzy/opt/gz_common_vendor/share/gz', 'HOSTNAME': 'fedora', 'SHLVL': '0', 'LIBGL_ALWAYS_SOFTWARE': '1', 'LD_LIBRARY_PATH': '/opt/ros/jazzy/opt/gz_sim_vendor/lib:/opt/ros/jazzy/opt/gz_sensors_vendor/lib:/opt/ros/jazzy/opt/gz_physics_vendor/lib:/opt/ros/jazzy/opt/sdformat_vendor/lib:/opt/ros/jazzy/opt/rviz_ogre_vendor/lib:/opt/ros/jazzy/lib/x86_64-linux-gnu:/opt/ros/jazzy/opt/gz_gui_vendor/lib:/opt/ros/jazzy/opt/gz_transport_vendor/lib:/opt/ros/jazzy/opt/gz_rendering_vendor/lib:/opt/ros/jazzy/opt/gz_plugin_vendor/lib:/opt/ros/jazzy/opt/gz_fuel_tools_vendor/lib:/opt/ros/jazzy/opt/gz_msgs_vendor/lib:/opt/ros/jazzy/opt/gz_common_vendor/lib:/opt/ros/jazzy/opt/gz_math_vendor/lib:/opt/ros/jazzy/opt/gz_utils_vendor/lib:/opt/ros/jazzy/opt/gz_tools_vendor/lib:/opt/ros/jazzy/opt/gz_ogre_next_vendor/lib:/opt/ros/jazzy/opt/gz_dartsim_vendor/lib:/opt/ros/jazzy/opt/gz_cmake_vendor/lib:/opt/ros/jazzy/lib', 'HOME': '/home/lucifer', 'OLDPWD': '/home/lucifer/anscer_workspace/LineFollower', 'ROS_PYTHON_VERSION': '3', 'ROS_DISTRO': 'jazzy', '_': '/usr/bin/colcon', 'ROS_VERSION': '2', 'QT_X11_NO_MITSHM': '1', 'PATH': '/opt/ros/jazzy/opt/gz_msgs_vendor/bin:/opt/ros/jazzy/opt/gz_tools_vendor/bin:/opt/ros/jazzy/opt/gz_ogre_next_vendor/bin:/opt/ros/jazzy/bin:/usr/local/sbin:/usr/local/bin:/usr/sbin:/usr/bin:/sbin:/bin', 'XDG_RUNTIME_DIR': '/tmp/runtime-root', 'DISPLAY': ':0', 'LANG': 'C.UTF-8', 'AMENT_PREFIX_PATH': '/opt/ros/jazzy', 'ROS_AUTOMATIC_DISCOVERY_RANGE': 'SUBNET', 'PWD': '/home/lucifer/anscer_workspace/LineFollower/build/line_follower_controller', 'LC_ALL': 'C.UTF-8', 'PYTHONPATH': '/opt/ros/jazzy/lib/python3.12/site-packages', 'COLCON': '1', 'CMAKE_PREFIX_PATH': '/opt/ros/jazzy/opt/gz_sim_vendor:/opt/ros/jazzy/opt/gz_sensors_vendor:/opt/ros/jazzy/opt/gz_physics_vendor:/opt/ros/jazzy/opt/sdformat_vendor:/opt/ros/jazzy/opt/gz_gui_vendor:/opt/ros/jazzy/opt/gz_transport_vendor:/opt/ros/jazzy/opt/gz_rendering_vendor:/opt/ros/jazzy/opt/gz_plugin_vendor:/opt/ros/jazzy/opt/gz_fuel_tools_vendor:/opt/ros/jazzy/opt/gz_msgs_vendor:/opt/ros/jazzy/opt/gz_common_vendor:/opt/ros/jazzy/opt/gz_math_vendor:/opt/ros/jazzy/opt/gz_utils_vendor:/opt/ros/jazzy/opt/gz_tools_vendor:/opt/ros/jazzy/opt/gz_ogre_next_vendor:/opt/ros/jazzy/opt/gz_dartsim_vendor:/opt/ros/jazzy/opt/gz_cmake_vendor:/opt/ros/jazzy'}), 'shell': False}
[0.099520] (-) TimerEvent: {}
[0.124717] (line_follower_controller) StdoutLine: {'line': b'[ 25%] Building CXX object CMakeFiles/line_follower_controller_node.dir/src/PidController.cpp.o\n'}
[0.199682] (-) TimerEvent: {}
[0.299961] (-) TimerEvent: {}
[0.400261] (-) TimerEvent: {}
[0.500946] (-) TimerEvent: {}
[0.601192] (-) TimerEvent: {}
[0.701512] (-) TimerEvent: {}
[0.801811] (-) TimerEvent: {}
[0.902862] (-) TimerEvent: {}
[1.003263] (-) TimerEvent: {}
[1.103605] (-) TimerEvent: {}
[1.203909] (-) TimerEvent: {}
[1.304206] (-) TimerEvent: {}
[1.404505] (-) TimerEvent: {}
[1.504756] (-) TimerEvent: {}
[1.605042] (-) TimerEvent: {}
[1.705352] (-) TimerEvent: {}
[1.805712] (-) TimerEvent: {}
[1.905994] (-) TimerEvent: {}
[2.006260] (-) TimerEvent: {}
[2.106605] (-) TimerEvent: {}
[2.207118] (-) TimerEvent: {}
[2.307615] (-) TimerEvent: {}
[2.407922] (-) TimerEvent: {}
[2.508164] (-) TimerEvent: {}
[2.608515] (-) TimerEvent: {}
[2.708783] (-) TimerEvent: {}
[2.809030] (-) TimerEvent: {}
[2.909292] (-) TimerEvent: {}
[3.009518] (-) TimerEvent: {}
[3.109789] (-) TimerEvent: {}
[3.210046] (-) TimerEvent: {}
[3.310323] (-) TimerEvent: {}
[3.410636] (-) TimerEvent: {}
[3.510950] (-) TimerEvent: {}
[3.611303] (-) TimerEvent: {}
[3.711643] (-) TimerEvent: {}
[3.811913] (-) TimerEvent: {}
[3.912171] (-) TimerEvent: {}
[4.012439] (-) TimerEvent: {}
[4.112692] (-) TimerEvent: {}
[4.212977] (-) TimerEvent: {}
[4.313256] (-) TimerEvent: {}
[4.413484] (-) TimerEvent: {}
[4.513715] (-) TimerEvent: {}
[4.613968] (-) TimerEvent: {}
[4.714221] (-) TimerEvent: {}
[4.814539] (-) TimerEvent: {}
[4.915137] (-) TimerEvent: {}
[5.015513] (-) TimerEvent: {}
[5.115847] (-) TimerEvent: {}
[5.216225] (-) TimerEvent: {}
[5.316499] (-) TimerEvent: {}
[5.416763] (-) TimerEvent: {}
[5.517040] (-) TimerEvent: {}
[5.617291] (-) TimerEvent: {}
[5.717496] (-) TimerEvent: {}
[5.817756] (-) TimerEvent: {}
[5.918025] (-) TimerEvent: {}
[6.018304] (-) TimerEvent: {}
[6.118637] (-) TimerEvent: {}
[6.219037] (-) TimerEvent: {}
[6.319394] (-) TimerEvent: {}
[6.419699] (-) TimerEvent: {}
[6.519968] (-) TimerEvent: {}
[6.620231] (-) TimerEvent: {}
[6.720569] (-) TimerEvent: {}
[6.820814] (-) TimerEvent: {}
[6.921084] (-) TimerEvent: {}
[7.021340] (-) TimerEvent: {}
[7.121761] (-) TimerEvent: {}
[7.222243] (-) TimerEvent: {}
[7.322703] (-) TimerEvent: {}
[7.423036] (-) TimerEvent: {}
[7.523298] (-) TimerEvent: {}
[7.623569] (-) TimerEvent: {}
[7.723833] (-) TimerEvent: {}
[7.824080] (-) TimerEvent: {}
[7.924321] (-) TimerEvent: {}
[8.024580] (-) TimerEvent: {}
[8.124829] (-) TimerEvent: {}
[8.225083] (-) TimerEvent: {}
[8.325316] (-) TimerEvent: {}
[8.425574] (-) TimerEvent: {}
[8.525898] (-) TimerEvent: {}
[8.626341] (-) TimerEvent: {}
[8.726789] (-) TimerEvent: {}
[8.827143] (-) TimerEvent: {}
[8.927460] (-) TimerEvent: {}
[9.027694] (-) TimerEvent: {}
[9.127960] (-) TimerEvent: {}
[9.228251] (-) TimerEvent: {}
[9.328512] (-) TimerEvent: {}
[9.428728] (-) TimerEvent: {}
[9.528974] (-) TimerEvent: {}
[9.629222] (-) TimerEvent: {}
[9.729579] (-) TimerEvent: {}
[9.829790] (-) TimerEvent: {}
[9.929999] (-) TimerEvent: {}
[10.030196] (-) TimerEvent: {}
[10.130394] (-) TimerEvent: {}
[10.230608] (-) TimerEvent: {}
[10.330829] (-) TimerEvent: {}
[10.431169] (-) TimerEvent: {}
[10.531598] (-) TimerEvent: {}
[10.632020] (-) TimerEvent: {}
[10.732388] (-) TimerEvent: {}
[10.832712] (-) TimerEvent: {}
[10.932960] (-) TimerEvent: {}
[11.033216] (-) TimerEvent: {}
[11.133485] (-) TimerEvent: {}
[11.233797] (-) TimerEvent: {}
[11.334068] (-) TimerEvent: {}
[11.434475] (-) TimerEvent: {}
[11.534737] (-) TimerEvent: {}
[11.635141] (-) TimerEvent: {}
[11.735520] (-) TimerEvent: {}
[11.835901] (-) TimerEvent: {}
[11.936309] (-) TimerEvent: {}
[12.036677] (-) TimerEvent: {}
[12.136986] (-) TimerEvent: {}
[12.237368] (-) TimerEvent: {}
[12.337608] (-) TimerEvent: {}
[12.437814] (-) TimerEvent: {}
[12.538090] (-) TimerEvent: {}
[12.638357] (-) TimerEvent: {}
[12.738642] (-) TimerEvent: {}
[12.838898] (-) TimerEvent: {}
[12.939196] (-) TimerEvent: {}
[13.039558] (-) TimerEvent: {}
[13.139912] (-) TimerEvent: {}
[13.240187] (-) TimerEvent: {}
[13.340445] (-) TimerEvent: {}
[13.440721] (-) TimerEvent: {}
[13.541028] (-) TimerEvent: {}
[13.641257] (-) TimerEvent: {}
[13.741507] (-) TimerEvent: {}
[13.841735] (-) TimerEvent: {}
[13.942011] (-) TimerEvent: {}
[14.042523] (-) TimerEvent: {}
[14.142851] (-) TimerEvent: {}
[14.243124] (-) TimerEvent: {}
[14.343455] (-) TimerEvent: {}
[14.443758] (-) TimerEvent: {}
[14.544078] (-) TimerEvent: {}
[14.644332] (-) TimerEvent: {}
[14.744580] (-) TimerEvent: {}
[14.844816] (-) TimerEvent: {}
[14.945052] (-) TimerEvent: {}
[15.045316] (-) TimerEvent: {}
[15.145672] (-) TimerEvent: {}
[15.245978] (-) TimerEvent: {}
[15.346367] (-) TimerEvent: {}
[15.446859] (-) TimerEvent: {}
[15.547254] (-) TimerEvent: {}
[15.647640] (-) TimerEvent: {}
[15.747921] (-) TimerEvent: {}
[15.848299] (-) TimerEvent: {}
[15.948690] (-) TimerEvent: {}
[16.048974] (-) TimerEvent: {}
[16.149252] (-) TimerEvent: {}
[16.249512] (-) TimerEvent: {}
[16.349784] (-) TimerEvent: {}
[16.450027] (-) TimerEvent: {}
[16.550376] (-) TimerEvent: {}
[16.650829] (-) TimerEvent: {}
[16.751216] (-) TimerEvent: {}
[16.851542] (-) TimerEvent: {}
[16.951832] (-) TimerEvent: {}
[17.052108] (-) TimerEvent: {}
[17.152363] (-) TimerEvent: {}
[17.252616] (-) TimerEvent: {}
[17.352900] (-) TimerEvent: {}
[17.453558] (-) TimerEvent: {}
[17.554796] (-) TimerEvent: {}
[17.655273] (-) TimerEvent: {}
[17.755735] (-) TimerEvent: {}
[17.856106] (-) TimerEvent: {}
[17.956459] (-) TimerEvent: {}
[18.056733] (-) TimerEvent: {}
[18.157022] (-) TimerEvent: {}
[18.257276] (-) TimerEvent: {}
[18.357556] (-) TimerEvent: {}
[18.457821] (-) TimerEvent: {}
[18.558065] (-) TimerEvent: {}
[18.658263] (-) TimerEvent: {}
[18.758466] (-) TimerEvent: {}
[18.858650] (-) TimerEvent: {}
[18.958880] (-) TimerEvent: {}
[19.059071] (-) TimerEvent: {}
[19.159288] (-) TimerEvent: {}
[19.259507] (-) TimerEvent: {}
[19.359692] (-) TimerEvent: {}
[19.459890] (-) TimerEvent: {}
[19.560153] (-) TimerEvent: {}
[19.660384] (-) TimerEvent: {}
[19.760637] (-) TimerEvent: {}
[19.860919] (-) TimerEvent: {}
[19.961192] (-) TimerEvent: {}
[20.061525] (-) TimerEvent: {}
[20.161831] (-) TimerEvent: {}
[20.262187] (-) TimerEvent: {}
[20.362467] (-) TimerEvent: {}
[20.462716] (-) TimerEvent: {}
[20.562949] (-) TimerEvent: {}
[20.663236] (-) TimerEvent: {}
[20.763532] (-) TimerEvent: {}
[20.864047] (-) TimerEvent: {}
[20.964395] (-) TimerEvent: {}
[21.064767] (-) TimerEvent: {}
[21.165174] (-) TimerEvent: {}
[21.265536] (-) TimerEvent: {}
[21.365858] (-) TimerEvent: {}
[21.466205] (-) TimerEvent: {}
[21.566582] (-) TimerEvent: {}
[21.666893] (-) TimerEvent: {}
[21.767198] (-) TimerEvent: {}
[21.867726] (-) TimerEvent: {}
[21.968061] (-) TimerEvent: {}
[22.068496] (-) TimerEvent: {}
[22.168957] (-) TimerEvent: {}
[22.269300] (-) TimerEvent: {}
[22.274786] (line_follower_controller) StdoutLine: {'line': b'[ 50%] Linking CXX executable line_follower_controller_node\n'}
[22.369444] (-) TimerEvent: {}
[22.469776] (-) TimerEvent: {}
[22.570068] (-) TimerEvent: {}
[22.670350] (-) TimerEvent: {}
[22.770646] (-) TimerEvent: {}
[22.870927] (-) TimerEvent: {}
[22.971256] (-) TimerEvent: {}
[23.072010] (-) TimerEvent: {}
[23.172582] (-) TimerEvent: {}
[23.273004] (-) TimerEvent: {}
[23.333584] (line_follower_controller) StdoutLine: {'line': b'[100%] Built target line_follower_controller_node\n'}
[23.365278] (line_follower_controller) CommandEnded: {'returncode': 0}
[23.366698] (line_follower_controller) JobProgress: {'identifier': 'line_follower_controller', 'progress': 'install'}
[23.373152] (-) TimerEvent: {}
[23.382324] (line_follower_controller) Command: {'cmd': ['/usr/bin/cmake', '--install', '/home/lucifer/anscer_workspace/LineFollower/build/line_follower_controller'], 'cwd': '/home/lucifer/anscer_workspace/LineFollower/build/line_follower_controller', 'env': OrderedDict({'GZ_SIM_RESOURCE_PATH': '/opt/ros/jazzy/share', 'GZ_CONFIG_PATH': '/opt/ros/jazzy/opt/gz_sim_vendor/share/gz:/opt/ros/jazzy/opt/sdformat_vendor/share/gz:/opt/ros/jazzy/opt/gz_gui_vendor/share/gz:/opt/ros/jazzy/opt/gz_transport_vendor/share/gz:/opt/ros/jazzy/opt/gz_rendering_vendor/share/gz:/opt/ros/jazzy/opt/gz_plugin_vendor/share/gz:/opt/ros/jazzy/opt/gz_fuel_tools_vendor/share/gz:/opt/ros/jazzy/opt/gz_msgs_vendor/share/gz:/opt/ros/jazzy/opt/gz_common_vendor/share/gz', 'HOSTNAME': 'fedora', 'SHLVL': '0', 'LIBGL_ALWAYS_SOFTWARE': '1', 'LD_LIBRARY_PATH': '/opt/ros/jazzy/opt/gz_sim_vendor/lib:/opt/ros/jazzy/opt/gz_sensors_vendor/lib:/opt/ros/jazzy/opt/gz_physics_vendor/lib:/opt/ros/jazzy/opt/sdformat_vendor/lib:/opt/ros/jazzy/opt/rviz_ogre_vendor/lib:/opt/ros/jazzy/lib/x86_64-linux-gnu:/opt/ros/jazzy/opt/gz_gui_vendor/lib:/opt/ros/jazzy/opt/gz_transport_vendor/lib:/opt/ros/jazzy/opt/gz_rendering_vendor/lib:/opt/ros/jazzy/opt/gz_plugin_vendor/lib:/opt/ros/jazzy/opt/gz_fuel_tools_vendor/lib:/opt/ros/jazzy/opt/gz_msgs_vendor/lib:/opt/ros/jazzy/opt/gz_common_vendor/lib:/opt/ros/jazzy/opt/gz_math_vendor/lib:/opt/ros/jazzy/opt/gz_utils_vendor/lib:/opt/ros/jazzy/opt/gz_tools_vendor/lib:/opt/ros/jazzy/opt/gz_ogre_next_vendor/lib:/opt/ros/jazzy/opt/gz_dartsim_vendor/lib:/opt/ros/jazzy/opt/gz_cmake_vendor/lib:/opt/ros/jazzy/lib', 'HOME': '/home/lucifer', 'OLDPWD': '/home/lucifer/anscer_workspace/LineFollower', 'ROS_PYTHON_VERSION': '3', 'ROS_DISTRO': 'jazzy', '_': '/usr/bin/colcon', 'ROS_VERSION': '2', 'QT_X11_NO_MITSHM': '1', 'PATH': '/opt/ros/jazzy/opt/gz_msgs_vendor/bin:/opt/ros/jazzy/opt/gz_tools_vendor/bin:/opt/ros/jazzy/opt/gz_ogre_next_vendor/bin:/opt/ros/jazzy/bin:/usr/local/sbin:/usr/local/bin:/usr/sbin:/usr/bin:/sbin:/bin', 'XDG_RUNTIME_DIR': '/tmp/runtime-root', 'DISPLAY': ':0', 'LANG': 'C.UTF-8', 'AMENT_PREFIX_PATH': '/opt/ros/jazzy', 'ROS_AUTOMATIC_DISCOVERY_RANGE': 'SUBNET', 'PWD': '/home/lucifer/anscer_workspace/LineFollower/build/line_follower_controller', 'LC_ALL': 'C.UTF-8', 'PYTHONPATH': '/opt/ros/jazzy/lib/python3.12/site-packages', 'COLCON': '1', 'CMAKE_PREFIX_PATH': '/opt/ros/jazzy/opt/gz_sim_vendor:/opt/ros/jazzy/opt/gz_sensors_vendor:/opt/ros/jazzy/opt/gz_physics_vendor:/opt/ros/jazzy/opt/sdformat_vendor:/opt/ros/jazzy/opt/gz_gui_vendor:/opt/ros/jazzy/opt/gz_transport_vendor:/opt/ros/jazzy/opt/gz_rendering_vendor:/opt/ros/jazzy/opt/gz_plugin_vendor:/opt/ros/jazzy/opt/gz_fuel_tools_vendor:/opt/ros/jazzy/opt/gz_msgs_vendor:/opt/ros/jazzy/opt/gz_common_vendor:/opt/ros/jazzy/opt/gz_math_vendor:/opt/ros/jazzy/opt/gz_utils_vendor:/opt/ros/jazzy/opt/gz_tools_vendor:/opt/ros/jazzy/opt/gz_ogre_next_vendor:/opt/ros/jazzy/opt/gz_dartsim_vendor:/opt/ros/jazzy/opt/gz_cmake_vendor:/opt/ros/jazzy'}), 'shell': False}
[23.398967] (line_follower_controller) StdoutLine: {'line': b'-- Install configuration: ""\n'}
[23.399878] (line_follower_controller) StdoutLine: {'line': b'-- Execute custom install script\n'}
[23.400360] (line_follower_controller) StdoutLine: {'line': b'-- Up-to-date symlink: /home/lucifer/anscer_workspace/LineFollower/install/line_follower_controller/lib/line_follower_controller/line_follower_controller_node\n'}
[23.401143] (line_follower_controller) StdoutLine: {'line': b'-- Up-to-date symlink: /home/lucifer/anscer_workspace/LineFollower/install/line_follower_controller/share/line_follower_controller/config/params.yaml\n'}
[23.401882] (line_follower_controller) StdoutLine: {'line': b'-- Up-to-date symlink: /home/lucifer/anscer_workspace/LineFollower/install/line_follower_controller/share/line_follower_controller/launch/play.launch.py\n'}
[23.402428] (line_follower_controller) StdoutLine: {'line': b'-- Up-to-date symlink: /home/lucifer/anscer_workspace/LineFollower/install/line_follower_controller/share/ament_index/resource_index/package_run_dependencies/line_follower_controller\n'}
[23.402751] (line_follower_controller) StdoutLine: {'line': b'-- Up-to-date symlink: /home/lucifer/anscer_workspace/LineFollower/install/line_follower_controller/share/ament_index/resource_index/parent_prefix_path/line_follower_controller\n'}
[23.402983] (line_follower_controller) StdoutLine: {'line': b'-- Up-to-date symlink: /home/lucifer/anscer_workspace/LineFollower/install/line_follower_controller/share/line_follower_controller/environment/ament_prefix_path.sh\n'}
[23.403207] (line_follower_controller) StdoutLine: {'line': b'-- Up-to-date symlink: /home/lucifer/anscer_workspace/LineFollower/install/line_follower_controller/share/line_follower_controller/environment/ament_prefix_path.dsv\n'}
[23.403427] (line_follower_controller) StdoutLine: {'line': b'-- Up-to-date symlink: /home/lucifer/anscer_workspace/LineFollower/install/line_follower_controller/share/line_follower_controller/environment/path.sh\n'}
[23.403663] (line_follower_controller) StdoutLine: {'line': b'-- Up-to-date symlink: /home/lucifer/anscer_workspace/LineFollower/install/line_follower_controller/share/line_follower_controller/environment/path.dsv\n'}
[23.403905] (line_follower_controller) StdoutLine: {'line': b'-- Up-to-date symlink: /home/lucifer/anscer_workspace/LineFollower/install/line_follower_controller/share/line_follower_controller/local_setup.bash\n'}
[23.404113] (line_follower_controller) StdoutLine: {'line': b'-- Up-to-date symlink: /home/lucifer/anscer_workspace/LineFollower/install/line_follower_controller/share/line_follower_controller/local_setup.sh\n'}
[23.404332] (line_follower_controller) StdoutLine: {'line': b'-- Up-to-date symlink: /home/lucifer/anscer_workspace/LineFollower/install/line_follower_controller/share/line_follower_controller/local_setup.zsh\n'}
[23.404590] (line_follower_controller) StdoutLine: {'line': b'-- Up-to-date symlink: /home/lucifer/anscer_workspace/LineFollower/install/line_follower_controller/share/line_follower_controller/local_setup.dsv\n'}
[23.404848] (line_follower_controller) StdoutLine: {'line': b'-- Symlinking: /home/lucifer/anscer_workspace/LineFollower/install/line_follower_controller/share/line_follower_controller/package.dsv\n'}
[23.423504] (line_follower_controller) StdoutLine: {'line': b'-- Up-to-date symlink: /home/lucifer/anscer_workspace/LineFollower/install/line_follower_controller/share/ament_index/resource_index/packages/line_follower_controller\n'}
[23.424045] (line_follower_controller) StdoutLine: {'line': b'-- Up-to-date symlink: /home/lucifer/anscer_workspace/LineFollower/install/line_follower_controller/share/line_follower_controller/cmake/line_follower_controllerConfig.cmake\n'}
[23.424286] (line_follower_controller) StdoutLine: {'line': b'-- Up-to-date symlink: /home/lucifer/anscer_workspace/LineFollower/install/line_follower_controller/share/line_follower_controller/cmake/line_follower_controllerConfig-version.cmake\n'}
[23.424422] (line_follower_controller) StdoutLine: {'line': b'-- Up-to-date symlink: /home/lucifer/anscer_workspace/LineFollower/install/line_follower_controller/share/line_follower_controller/package.xml\n'}
[23.426743] (line_follower_controller) CommandEnded: {'returncode': 0}
[23.453734] (line_follower_controller) JobEnded: {'identifier': 'line_follower_controller', 'rc': 0}
[23.454995] (-) EventReactorShutdown: {}
