[0.000000] (-) TimerEvent: {}
[0.001357] (-) JobUnselected: {'identifier': 'hardware_sim'}
[0.001627] (-) JobUnselected: {'identifier': 'nav_server'}
[0.001774] (-) JobUnselected: {'identifier': 'navigation_server'}
[0.001847] (line_follower_controller) JobQueued: {'identifier': 'line_follower_controller', 'dependencies': OrderedDict()}
[0.001887] (line_follower_controller) JobStarted: {'identifier': 'line_follower_controller'}
[0.024794] (line_follower_controller) JobProgress: {'identifier': 'line_follower_controller', 'progress': 'cmake'}
[0.025898] (line_follower_controller) JobProgress: {'identifier': 'line_follower_controller', 'progress': 'build'}
[0.027151] (line_follower_controller) Command: {'cmd': ['/usr/bin/cmake', '--build', '/home/lucifer/anscer_workspace/LineFollower/build/line_follower_controller', '--', '-j12', '-l12'], 'cwd': '/home/lucifer/anscer_workspace/LineFollower/build/line_follower_controller', 'env': OrderedDict({'GZ_SIM_RESOURCE_PATH': '/opt/ros/jazzy/share', 'GZ_CONFIG_PATH': '/opt/ros/jazzy/opt/gz_sim_vendor/share/gz:/opt/ros/jazzy/opt/sdformat_vendor/share/gz:/opt/ros/jazzy/opt/gz_gui_vendor/share/gz:/opt/ros/jazzy/opt/gz_transport_vendor/share/gz:/opt/ros/jazzy/opt/gz_rendering_vendor/share/gz:/opt/ros/jazzy/opt/gz_plugin_vendor/share/gz:/opt/ros/jazzy/opt/gz_fuel_tools_vendor/share/gz:/opt/ros/jazzy/opt/gz_msgs_vendor/share/gz:/opt/ros/jazzy/opt/gz_common_vendor/share/gz', 'HOSTNAME': 'fedora', 'SHLVL': '0', 'LIBGL_ALWAYS_SOFTWARE': '1', 'LD_LIBRARY_PATH': '/opt/ros/jazzy/opt/gz_sim_vendor/lib:/opt/ros/jazzy/opt/gz_sensors_vendor/lib:/opt/ros/jazzy/opt/gz_physics_vendor/lib:/opt/ros/jazzy/opt/sdformat_vendor/lib:/opt/ros/jazzy/opt/rviz_ogre_vendor/lib:/opt/ros/jazzy/lib/x86_64-linux-gnu:/opt/ros/jazzy/opt/gz_gui_vendor/lib:/opt/ros/jazzy/opt/gz_transport_vendor/lib:/opt/ros/jazzy/opt/gz_rendering_vendor/lib:/opt/ros/jazzy/opt/gz_plugin_vendor/lib:/opt/ros/jazzy/opt/gz_fuel_tools_vendor/lib:/opt/ros/jazzy/opt/gz_msgs_vendor/lib:/opt/ros/jazzy/opt/gz_common_vendor/lib:/opt/ros/jazzy/opt/gz_math_vendor/lib:/opt/ros/jazzy/opt/gz_utils_vendor/lib:/opt/ros/jazzy/opt/gz_tools_vendor/lib:/opt/ros/jazzy/opt/gz_ogre_next_vendor/lib:/opt/ros/jazzy/opt/gz_dartsim_vendor/lib:/opt/ros/jazzy/opt/gz_cmake_vendor/lib:/opt/ros/jazzy/lib', 'HOME': '/home/lucifer', 'OLDPWD': '/home/lucifer/anscer_workspace/LineFollower', 'ROS_PYTHON_VERSION': '3', 'ROS_DISTRO': 'jazzy', '_': '/usr/bin/colcon', 'ROS_VERSION': '2', 'QT_X11_NO_MITSHM': '1', 'PATH': '/opt/ros/jazzy/opt/gz_msgs_vendor/bin:/opt/ros/jazzy/opt/gz_tools_vendor/bin:/opt/ros/jazzy/opt/gz_ogre_next_vendor/bin:/opt/ros/jazzy/bin:/usr/local/sbin:/usr/local/bin:/usr/sbin:/usr/bin:/sbin:/bin', 'XDG_RUNTIME_DIR': '/tmp/runtime-root', 'DISPLAY': ':0', 'LANG': 'C.UTF-8', 'AMENT_PREFIX_PATH': '/opt/ros/jazzy', 'ROS_AUTOMATIC_DISCOVERY_RANGE': 'SUBNET', 'PWD': '/home/lucifer/anscer_workspace/LineFollower/build/line_follower_controller', 'LC_ALL': 'C.UTF-8', 'PYTHONPATH': '/opt/ros/jazzy/lib/python3.12/site-packages', 'COLCON': '1', 'CMAKE_PREFIX_PATH': '/opt/ros/jazzy/opt/gz_sim_vendor:/opt/ros/jazzy/opt/gz_sensors_vendor:/opt/ros/jazzy/opt/gz_physics_vendor:/opt/ros/jazzy/opt/sdformat_vendor:/opt/ros/jazzy/opt/gz_gui_vendor:/opt/ros/jazzy/opt/gz_transport_vendor:/opt/ros/jazzy/opt/gz_rendering_vendor:/opt/ros/jazzy/opt/gz_plugin_vendor:/opt/ros/jazzy/opt/gz_fuel_tools_vendor:/opt/ros/jazzy/opt/gz_msgs_vendor:/opt/ros/jazzy/opt/gz_common_vendor:/opt/ros/jazzy/opt/gz_math_vendor:/opt/ros/jazzy/opt/gz_utils_vendor:/opt/ros/jazzy/opt/gz_tools_vendor:/opt/ros/jazzy/opt/gz_ogre_next_vendor:/opt/ros/jazzy/opt/gz_dartsim_vendor:/opt/ros/jazzy/opt/gz_cmake_vendor:/opt/ros/jazzy'}), 'shell': False}
[0.099986] (-) TimerEvent: {}
[0.165982] (line_follower_controller) StdoutLine: {'line': b'[ 25%] Building CXX object CMakeFiles/line_follower_controller_node.dir/src/PidController.cpp.o\n'}
[0.178480] (line_follower_controller) StdoutLine: {'line': b'[ 50%] Building CXX object CMakeFiles/line_follower_controller_node.dir/src/FaultMonitor.cpp.o\n'}
[0.200133] (-) TimerEvent: {}
[0.300621] (-) TimerEvent: {}
[0.401072] (-) TimerEvent: {}
[0.501516] (-) TimerEvent: {}
[0.601985] (-) TimerEvent: {}
[0.702473] (-) TimerEvent: {}
[0.803379] (-) TimerEvent: {}
[0.903750] (-) TimerEvent: {}
[1.004145] (-) TimerEvent: {}
[1.104519] (-) TimerEvent: {}
[1.204860] (-) TimerEvent: {}
[1.305167] (-) TimerEvent: {}
[1.405547] (-) TimerEvent: {}
[1.505901] (-) TimerEvent: {}
[1.606673] (-) TimerEvent: {}
[1.707022] (-) TimerEvent: {}
[1.807314] (-) TimerEvent: {}
[1.907629] (-) TimerEvent: {}
[2.007917] (-) TimerEvent: {}
[2.108207] (-) TimerEvent: {}
[2.208551] (-) TimerEvent: {}
[2.308824] (-) TimerEvent: {}
[2.409066] (-) TimerEvent: {}
[2.509315] (-) TimerEvent: {}
[2.609558] (-) TimerEvent: {}
[2.709811] (-) TimerEvent: {}
[2.810036] (-) TimerEvent: {}
[2.910282] (-) TimerEvent: {}
[3.010558] (-) TimerEvent: {}
[3.110885] (-) TimerEvent: {}
[3.211197] (-) TimerEvent: {}
[3.311561] (-) TimerEvent: {}
[3.412145] (-) TimerEvent: {}
[3.512523] (-) TimerEvent: {}
[3.568547] (line_follower_controller) StderrLine: {'line': b'/home/lucifer/anscer_workspace/LineFollower/src/line_follower_controller/src/PidController.cpp: In member function \xe2\x80\x98rcl_interfaces::msg::SetParametersResult line_follower::PidController::onParameterChange(const std::vector<rclcpp::Parameter>&)\xe2\x80\x99:\n'}
[3.568850] (line_follower_controller) StderrLine: {'line': b'/home/lucifer/anscer_workspace/LineFollower/src/line_follower_controller/src/PidController.cpp:555:44: error: conversion from \xe2\x80\x98int64_t\xe2\x80\x99 {aka \xe2\x80\x98long int\xe2\x80\x99} to \xe2\x80\x98int\xe2\x80\x99 may change value [-Werror=conversion]\n'}
[3.568941] (line_follower_controller) StderrLine: {'line': b'  555 |             m_maxFrozenSteps = param.as_int();\n'}
[3.568996] (line_follower_controller) StderrLine: {'line': b'      |                                ~~~~~~~~~~~~^~\n'}
[3.612638] (-) TimerEvent: {}
[3.712871] (-) TimerEvent: {}
[3.813100] (-) TimerEvent: {}
[3.913394] (-) TimerEvent: {}
[4.013670] (-) TimerEvent: {}
[4.113950] (-) TimerEvent: {}
[4.214200] (-) TimerEvent: {}
[4.314460] (-) TimerEvent: {}
[4.414729] (-) TimerEvent: {}
[4.515070] (-) TimerEvent: {}
[4.615465] (-) TimerEvent: {}
[4.715892] (-) TimerEvent: {}
[4.816274] (-) TimerEvent: {}
[4.916670] (-) TimerEvent: {}
[5.016946] (-) TimerEvent: {}
[5.117212] (-) TimerEvent: {}
[5.217488] (-) TimerEvent: {}
[5.317772] (-) TimerEvent: {}
[5.418019] (-) TimerEvent: {}
[5.518292] (-) TimerEvent: {}
[5.618549] (-) TimerEvent: {}
[5.718848] (-) TimerEvent: {}
[5.819109] (-) TimerEvent: {}
[5.919410] (-) TimerEvent: {}
[6.019752] (-) TimerEvent: {}
[6.120048] (-) TimerEvent: {}
[6.220367] (-) TimerEvent: {}
[6.320621] (-) TimerEvent: {}
[6.420907] (-) TimerEvent: {}
[6.521167] (-) TimerEvent: {}
[6.621469] (-) TimerEvent: {}
[6.721703] (-) TimerEvent: {}
[6.822007] (-) TimerEvent: {}
[6.922256] (-) TimerEvent: {}
[7.022612] (-) TimerEvent: {}
[7.123207] (-) TimerEvent: {}
[7.223501] (-) TimerEvent: {}
[7.323878] (-) TimerEvent: {}
[7.424139] (-) TimerEvent: {}
[7.524421] (-) TimerEvent: {}
[7.624673] (-) TimerEvent: {}
[7.725020] (-) TimerEvent: {}
[7.825330] (-) TimerEvent: {}
[7.925597] (-) TimerEvent: {}
[8.025870] (-) TimerEvent: {}
[8.126126] (-) TimerEvent: {}
[8.226390] (-) TimerEvent: {}
[8.326898] (-) TimerEvent: {}
[8.427197] (-) TimerEvent: {}
[8.527495] (-) TimerEvent: {}
[8.627757] (-) TimerEvent: {}
[8.728068] (-) TimerEvent: {}
[8.828342] (-) TimerEvent: {}
[8.928653] (-) TimerEvent: {}
[9.029011] (-) TimerEvent: {}
[9.129428] (-) TimerEvent: {}
[9.229690] (-) TimerEvent: {}
[9.329952] (-) TimerEvent: {}
[9.430266] (-) TimerEvent: {}
[9.530679] (-) TimerEvent: {}
[9.631241] (-) TimerEvent: {}
[9.731534] (-) TimerEvent: {}
[9.831859] (-) TimerEvent: {}
[9.932090] (-) TimerEvent: {}
[10.032328] (-) TimerEvent: {}
[10.132568] (-) TimerEvent: {}
[10.232820] (-) TimerEvent: {}
[10.333057] (-) TimerEvent: {}
[10.433298] (-) TimerEvent: {}
[10.533551] (-) TimerEvent: {}
[10.633923] (-) TimerEvent: {}
[10.734171] (-) TimerEvent: {}
[10.834500] (-) TimerEvent: {}
[10.934819] (-) TimerEvent: {}
[11.035159] (-) TimerEvent: {}
[11.135480] (-) TimerEvent: {}
[11.235750] (-) TimerEvent: {}
[11.336038] (-) TimerEvent: {}
[11.436308] (-) TimerEvent: {}
[11.536583] (-) TimerEvent: {}
[11.636912] (-) TimerEvent: {}
[11.737156] (-) TimerEvent: {}
[11.837488] (-) TimerEvent: {}
[11.937755] (-) TimerEvent: {}
[12.038032] (-) TimerEvent: {}
[12.139933] (-) TimerEvent: {}
[12.240393] (-) TimerEvent: {}
[12.340955] (-) TimerEvent: {}
[12.441311] (-) TimerEvent: {}
[12.541616] (-) TimerEvent: {}
[12.641929] (-) TimerEvent: {}
[12.742180] (-) TimerEvent: {}
[12.842443] (-) TimerEvent: {}
[12.942704] (-) TimerEvent: {}
[13.042958] (-) TimerEvent: {}
[13.143220] (-) TimerEvent: {}
[13.243513] (-) TimerEvent: {}
[13.343839] (-) TimerEvent: {}
[13.444066] (-) TimerEvent: {}
[13.544286] (-) TimerEvent: {}
[13.644515] (-) TimerEvent: {}
[13.744726] (-) TimerEvent: {}
[13.844935] (-) TimerEvent: {}
[13.945144] (-) TimerEvent: {}
[14.045404] (-) TimerEvent: {}
[14.145662] (-) TimerEvent: {}
[14.245954] (-) TimerEvent: {}
[14.346245] (-) TimerEvent: {}
[14.446570] (-) TimerEvent: {}
[14.546960] (-) TimerEvent: {}
[14.647385] (-) TimerEvent: {}
[14.747795] (-) TimerEvent: {}
[14.848093] (-) TimerEvent: {}
[14.948409] (-) TimerEvent: {}
[15.048675] (-) TimerEvent: {}
[15.148947] (-) TimerEvent: {}
[15.249209] (-) TimerEvent: {}
[15.349513] (-) TimerEvent: {}
[15.449870] (-) TimerEvent: {}
[15.551078] (-) TimerEvent: {}
[15.651528] (-) TimerEvent: {}
[15.751916] (-) TimerEvent: {}
[15.852321] (-) TimerEvent: {}
[15.952655] (-) TimerEvent: {}
[16.052906] (-) TimerEvent: {}
[16.153139] (-) TimerEvent: {}
[16.253406] (-) TimerEvent: {}
[16.353641] (-) TimerEvent: {}
[16.453866] (-) TimerEvent: {}
[16.554160] (-) TimerEvent: {}
[16.654506] (-) TimerEvent: {}
[16.754859] (-) TimerEvent: {}
[16.855239] (-) TimerEvent: {}
[16.955651] (-) TimerEvent: {}
[17.056045] (-) TimerEvent: {}
[17.156292] (-) TimerEvent: {}
[17.256561] (-) TimerEvent: {}
[17.356869] (-) TimerEvent: {}
[17.457150] (-) TimerEvent: {}
[17.557453] (-) TimerEvent: {}
[17.657713] (-) TimerEvent: {}
[17.758025] (-) TimerEvent: {}
[17.858279] (-) TimerEvent: {}
[17.958574] (-) TimerEvent: {}
[18.058912] (-) TimerEvent: {}
[18.159268] (-) TimerEvent: {}
[18.259577] (-) TimerEvent: {}
[18.359861] (-) TimerEvent: {}
[18.460200] (-) TimerEvent: {}
[18.560459] (-) TimerEvent: {}
[18.660743] (-) TimerEvent: {}
[18.761057] (-) TimerEvent: {}
[18.861333] (-) TimerEvent: {}
[18.961595] (-) TimerEvent: {}
[19.061972] (-) TimerEvent: {}
[19.162210] (-) TimerEvent: {}
[19.263436] (-) TimerEvent: {}
[19.363687] (-) TimerEvent: {}
[19.464009] (-) TimerEvent: {}
[19.564373] (-) TimerEvent: {}
[19.664682] (-) TimerEvent: {}
[19.764992] (-) TimerEvent: {}
[19.865233] (-) TimerEvent: {}
[19.965476] (-) TimerEvent: {}
[20.065737] (-) TimerEvent: {}
[20.165998] (-) TimerEvent: {}
[20.266921] (-) TimerEvent: {}
[20.367313] (-) TimerEvent: {}
[20.467726] (-) TimerEvent: {}
[20.568065] (-) TimerEvent: {}
[20.620928] (line_follower_controller) StderrLine: {'line': b'cc1plus: all warnings being treated as errors\n'}
[20.668262] (-) TimerEvent: {}
[20.707618] (line_follower_controller) StderrLine: {'line': b'gmake[2]: *** [CMakeFiles/line_follower_controller_node.dir/build.make:76: CMakeFiles/line_follower_controller_node.dir/src/PidController.cpp.o] Error 1\n'}
[20.708696] (line_follower_controller) StderrLine: {'line': b'gmake[1]: *** [CMakeFiles/Makefile2:137: CMakeFiles/line_follower_controller_node.dir/all] Error 2\n'}
[20.708952] (line_follower_controller) StderrLine: {'line': b'gmake: *** [Makefile:146: all] Error 2\n'}
[20.712429] (line_follower_controller) CommandEnded: {'returncode': 2}
[20.748883] (line_follower_controller) JobEnded: {'identifier': 'line_follower_controller', 'rc': 2}
[20.760484] (-) EventReactorShutdown: {}
