[0.051s] Invoking command in '/home/lucifer/anscer_workspace/LineFollower/build/line_follower_controller': CMAKE_PREFIX_PATH=${CMAKE_PREFIX_PATH}:/opt/ros/jazzy /usr/bin/cmake --build /home/lucifer/anscer_workspace/LineFollower/build/line_follower_controller -- -j12 -l12
[0.244s] [ 25%] Building CXX object CMakeFiles/line_follower_controller_node.dir/src/PidController.cpp.o
[46.115s] [ 50%] Linking CXX executable line_follower_controller_node
[48.291s] [100%] Built target line_follower_controller_node
[48.329s] Invoked command in '/home/lucifer/anscer_workspace/LineFollower/build/line_follower_controller' returned '0': CMAKE_PREFIX_PATH=${CMAKE_PREFIX_PATH}:/opt/ros/jazzy /usr/bin/cmake --build /home/lucifer/anscer_workspace/LineFollower/build/line_follower_controller -- -j12 -l12
[48.356s] Invoking command in '/home/lucifer/anscer_workspace/LineFollower/build/line_follower_controller': CMAKE_PREFIX_PATH=${CMAKE_PREFIX_PATH}:/opt/ros/jazzy /usr/bin/cmake --install /home/lucifer/anscer_workspace/LineFollower/build/line_follower_controller
[48.372s] -- Install configuration: ""
[48.373s] -- Installing: /home/lucifer/anscer_workspace/LineFollower/install/line_follower_controller/lib/line_follower_controller/line_follower_controller_node
[48.392s] -- Set non-toolchain portion of runtime path of "/home/lucifer/anscer_workspace/LineFollower/install/line_follower_controller/lib/line_follower_controller/line_follower_controller_node" to ""
[48.394s] -- Up-to-date: /home/lucifer/anscer_workspace/LineFollower/install/line_follower_controller/share/line_follower_controller/config
[48.394s] -- Up-to-date: /home/lucifer/anscer_workspace/LineFollower/install/line_follower_controller/share/line_follower_controller/config/params.yaml
[48.394s] -- Up-to-date: /home/lucifer/anscer_workspace/LineFollower/install/line_follower_controller/share/line_follower_controller/launch
[48.394s] -- Up-to-date: /home/lucifer/anscer_workspace/LineFollower/install/line_follower_controller/share/line_follower_controller/launch/play.launch.py
[48.394s] -- Up-to-date: /home/lucifer/anscer_workspace/LineFollower/install/line_follower_controller/share/ament_index/resource_index/package_run_dependencies/line_follower_controller
[48.394s] -- Up-to-date: /home/lucifer/anscer_workspace/LineFollower/install/line_follower_controller/share/ament_index/resource_index/parent_prefix_path/line_follower_controller
[48.395s] -- Up-to-date: /home/lucifer/anscer_workspace/LineFollower/install/line_follower_controller/share/line_follower_controller/environment/ament_prefix_path.sh
[48.395s] -- Up-to-date: /home/lucifer/anscer_workspace/LineFollower/install/line_follower_controller/share/line_follower_controller/environment/ament_prefix_path.dsv
[48.395s] -- Up-to-date: /home/lucifer/anscer_workspace/LineFollower/install/line_follower_controller/share/line_follower_controller/environment/path.sh
[48.395s] -- Up-to-date: /home/lucifer/anscer_workspace/LineFollower/install/line_follower_controller/share/line_follower_controller/environment/path.dsv
[48.395s] -- Up-to-date: /home/lucifer/anscer_workspace/LineFollower/install/line_follower_controller/share/line_follower_controller/local_setup.bash
[48.396s] -- Up-to-date: /home/lucifer/anscer_workspace/LineFollower/install/line_follower_controller/share/line_follower_controller/local_setup.sh
[48.396s] -- Up-to-date: /home/lucifer/anscer_workspace/LineFollower/install/line_follower_controller/share/line_follower_controller/local_setup.zsh
[48.396s] -- Up-to-date: /home/lucifer/anscer_workspace/LineFollower/install/line_follower_controller/share/line_follower_controller/local_setup.dsv
[48.407s] -- Installing: /home/lucifer/anscer_workspace/LineFollower/install/line_follower_controller/share/line_follower_controller/package.dsv
[48.407s] -- Up-to-date: /home/lucifer/anscer_workspace/LineFollower/install/line_follower_controller/share/ament_index/resource_index/packages/line_follower_controller
[48.407s] -- Up-to-date: /home/lucifer/anscer_workspace/LineFollower/install/line_follower_controller/share/line_follower_controller/cmake/line_follower_controllerConfig.cmake
[48.407s] -- Up-to-date: /home/lucifer/anscer_workspace/LineFollower/install/line_follower_controller/share/line_follower_controller/cmake/line_follower_controllerConfig-version.cmake
[48.408s] -- Up-to-date: /home/lucifer/anscer_workspace/LineFollower/install/line_follower_controller/share/line_follower_controller/package.xml
[48.408s] Invoked command in '/home/lucifer/anscer_workspace/LineFollower/build/line_follower_controller' returned '0': CMAKE_PREFIX_PATH=${CMAKE_PREFIX_PATH}:/opt/ros/jazzy /usr/bin/cmake --install /home/lucifer/anscer_workspace/LineFollower/build/line_follower_controller
