[0.000000] (-) TimerEvent: {}
[0.001481] (-) JobUnselected: {'identifier': 'hardware_sim'}
[0.001618] (-) JobUnselected: {'identifier': 'line_follower_controller'}
[0.001667] (-) JobUnselected: {'identifier': 'navigation_server'}
[0.001712] (nav_server) JobQueued: {'identifier': 'nav_server', 'dependencies': OrderedDict()}
[0.001760] (nav_server) JobStarted: {'identifier': 'nav_server'}
[0.045896] (nav_server) JobProgress: {'identifier': 'nav_server', 'progress': 'cmake'}
[0.047898] (nav_server) JobProgress: {'identifier': 'nav_server', 'progress': 'build'}
[0.050696] (nav_server) Command: {'cmd': ['/usr/bin/cmake', '--build', '/home/lucifer/anscer_workspace/LineFollower/build/nav_server', '--', '-j12', '-l12'], 'cwd': '/home/lucifer/anscer_workspace/LineFollower/build/nav_server', 'env': OrderedDict({'GZ_SIM_RESOURCE_PATH': '/opt/ros/jazzy/share', 'GZ_CONFIG_PATH': '/opt/ros/jazzy/opt/gz_sim_vendor/share/gz:/opt/ros/jazzy/opt/sdformat_vendor/share/gz:/opt/ros/jazzy/opt/gz_gui_vendor/share/gz:/opt/ros/jazzy/opt/gz_transport_vendor/share/gz:/opt/ros/jazzy/opt/gz_rendering_vendor/share/gz:/opt/ros/jazzy/opt/gz_plugin_vendor/share/gz:/opt/ros/jazzy/opt/gz_fuel_tools_vendor/share/gz:/opt/ros/jazzy/opt/gz_msgs_vendor/share/gz:/opt/ros/jazzy/opt/gz_common_vendor/share/gz', 'HOSTNAME': 'fedora', 'SHLVL': '0', 'LIBGL_ALWAYS_SOFTWARE': '1', 'LD_LIBRARY_PATH': '/opt/ros/jazzy/opt/gz_sim_vendor/lib:/opt/ros/jazzy/opt/gz_sensors_vendor/lib:/opt/ros/jazzy/opt/gz_physics_vendor/lib:/opt/ros/jazzy/opt/sdformat_vendor/lib:/opt/ros/jazzy/opt/rviz_ogre_vendor/lib:/opt/ros/jazzy/lib/x86_64-linux-gnu:/opt/ros/jazzy/opt/gz_gui_vendor/lib:/opt/ros/jazzy/opt/gz_transport_vendor/lib:/opt/ros/jazzy/opt/gz_rendering_vendor/lib:/opt/ros/jazzy/opt/gz_plugin_vendor/lib:/opt/ros/jazzy/opt/gz_fuel_tools_vendor/lib:/opt/ros/jazzy/opt/gz_msgs_vendor/lib:/opt/ros/jazzy/opt/gz_common_vendor/lib:/opt/ros/jazzy/opt/gz_math_vendor/lib:/opt/ros/jazzy/opt/gz_utils_vendor/lib:/opt/ros/jazzy/opt/gz_tools_vendor/lib:/opt/ros/jazzy/opt/gz_ogre_next_vendor/lib:/opt/ros/jazzy/opt/gz_dartsim_vendor/lib:/opt/ros/jazzy/opt/gz_cmake_vendor/lib:/opt/ros/jazzy/lib', 'HOME': '/home/lucifer', 'ROS_PYTHON_VERSION': '3', 'ROS_DISTRO': 'jazzy', '_': '/usr/bin/colcon', 'ROS_VERSION': '2', 'TERM': 'xterm', 'QT_X11_NO_MITSHM': '1', 'PATH': '/opt/ros/jazzy/opt/gz_msgs_vendor/bin:/opt/ros/jazzy/opt/gz_tools_vendor/bin:/opt/ros/jazzy/opt/gz_ogre_next_vendor/bin:/opt/ros/jazzy/bin:/usr/local/sbin:/usr/local/bin:/usr/sbin:/usr/bin:/sbin:/bin', 'XDG_RUNTIME_DIR': '/tmp/runtime-root', 'DISPLAY': ':0', 'LANG': 'C.UTF-8', 'AMENT_PREFIX_PATH': '/opt/ros/jazzy', 'ROS_AUTOMATIC_DISCOVERY_RANGE': 'SUBNET', 'PWD': '/home/lucifer/anscer_workspace/LineFollower/build/nav_server', 'LC_ALL': 'C.UTF-8', 'PYTHONPATH': '/opt/ros/jazzy/lib/python3.12/site-packages', 'COLCON': '1', 'CMAKE_PREFIX_PATH': '/opt/ros/jazzy/opt/gz_sim_vendor:/opt/ros/jazzy/opt/gz_sensors_vendor:/opt/ros/jazzy/opt/gz_physics_vendor:/opt/ros/jazzy/opt/sdformat_vendor:/opt/ros/jazzy/opt/gz_gui_vendor:/opt/ros/jazzy/opt/gz_transport_vendor:/opt/ros/jazzy/opt/gz_rendering_vendor:/opt/ros/jazzy/opt/gz_plugin_vendor:/opt/ros/jazzy/opt/gz_fuel_tools_vendor:/opt/ros/jazzy/opt/gz_msgs_vendor:/opt/ros/jazzy/opt/gz_common_vendor:/opt/ros/jazzy/opt/gz_math_vendor:/opt/ros/jazzy/opt/gz_utils_vendor:/opt/ros/jazzy/opt/gz_tools_vendor:/opt/ros/jazzy/opt/gz_ogre_next_vendor:/opt/ros/jazzy/opt/gz_dartsim_vendor:/opt/ros/jazzy/opt/gz_cmake_vendor:/opt/ros/jazzy'}), 'shell': False}
[0.097769] (-) TimerEvent: {}
[0.199250] (-) TimerEvent: {}
[0.287439] (nav_server) StdoutLine: {'line': b'[ 50%] \x1b[32mBuilding CXX object CMakeFiles/nav_server_node.dir/src/nav_server_node.cpp.o\x1b[0m\n'}
[0.299410] (-) TimerEvent: {}
[0.399954] (-) TimerEvent: {}
[0.502157] (-) TimerEvent: {}
[0.606533] (-) TimerEvent: {}
[0.707188] (-) TimerEvent: {}
[0.808272] (-) TimerEvent: {}
[0.912605] (-) TimerEvent: {}
[1.013263] (-) TimerEvent: {}
[1.113955] (-) TimerEvent: {}
[1.215189] (-) TimerEvent: {}
[1.315820] (-) TimerEvent: {}
[1.425627] (-) TimerEvent: {}
[1.528423] (-) TimerEvent: {}
[1.629468] (-) TimerEvent: {}
[1.730770] (-) TimerEvent: {}
[1.832006] (-) TimerEvent: {}
[1.933430] (-) TimerEvent: {}
[2.034224] (-) TimerEvent: {}
[2.134860] (-) TimerEvent: {}
[2.235567] (-) TimerEvent: {}
[2.336493] (-) TimerEvent: {}
[2.437134] (-) TimerEvent: {}
[2.537773] (-) TimerEvent: {}
[2.639259] (-) TimerEvent: {}
[2.740000] (-) TimerEvent: {}
[2.841360] (-) TimerEvent: {}
[2.941887] (-) TimerEvent: {}
[3.042505] (-) TimerEvent: {}
[3.144218] (-) TimerEvent: {}
[3.245212] (-) TimerEvent: {}
[3.346367] (-) TimerEvent: {}
[3.450262] (-) TimerEvent: {}
[3.551163] (-) TimerEvent: {}
[3.651848] (-) TimerEvent: {}
[3.752297] (-) TimerEvent: {}
[3.853209] (-) TimerEvent: {}
[3.954199] (-) TimerEvent: {}
[4.054753] (-) TimerEvent: {}
[4.161497] (-) TimerEvent: {}
[4.262582] (-) TimerEvent: {}
[4.363806] (-) TimerEvent: {}
[4.464682] (-) TimerEvent: {}
[4.566227] (-) TimerEvent: {}
[4.667186] (-) TimerEvent: {}
[4.769806] (-) TimerEvent: {}
[4.870312] (-) TimerEvent: {}
[4.971239] (-) TimerEvent: {}
[5.071880] (-) TimerEvent: {}
[5.172646] (-) TimerEvent: {}
[5.274238] (-) TimerEvent: {}
[5.374850] (-) TimerEvent: {}
[5.476643] (-) TimerEvent: {}
[5.577350] (-) TimerEvent: {}
[5.677911] (-) TimerEvent: {}
[5.779217] (-) TimerEvent: {}
[5.880114] (-) TimerEvent: {}
[5.980722] (-) TimerEvent: {}
[6.084235] (-) TimerEvent: {}
[6.184893] (-) TimerEvent: {}
[6.290299] (-) TimerEvent: {}
[6.390862] (-) TimerEvent: {}
[6.491485] (-) TimerEvent: {}
[6.592137] (-) TimerEvent: {}
[6.693201] (-) TimerEvent: {}
[6.793775] (-) TimerEvent: {}
[6.896815] (-) TimerEvent: {}
[6.997760] (-) TimerEvent: {}
[7.098634] (-) TimerEvent: {}
[7.199164] (-) TimerEvent: {}
[7.300424] (-) TimerEvent: {}
[7.401013] (-) TimerEvent: {}
[7.501490] (-) TimerEvent: {}
[7.605458] (-) TimerEvent: {}
[7.708767] (-) TimerEvent: {}
[7.809563] (-) TimerEvent: {}
[7.910191] (-) TimerEvent: {}
[8.011209] (-) TimerEvent: {}
[8.112037] (-) TimerEvent: {}
[8.216222] (-) TimerEvent: {}
[8.316850] (-) TimerEvent: {}
[8.422709] (-) TimerEvent: {}
[8.523289] (-) TimerEvent: {}
[8.625201] (-) TimerEvent: {}
[8.726061] (-) TimerEvent: {}
[8.826563] (-) TimerEvent: {}
[8.927098] (-) TimerEvent: {}
[9.028210] (-) TimerEvent: {}
[9.128889] (-) TimerEvent: {}
[9.229456] (-) TimerEvent: {}
[9.330212] (-) TimerEvent: {}
[9.430828] (-) TimerEvent: {}
[9.537033] (-) TimerEvent: {}
[9.637706] (-) TimerEvent: {}
[9.740213] (-) TimerEvent: {}
[9.841705] (-) TimerEvent: {}
[9.943256] (-) TimerEvent: {}
[10.044066] (-) TimerEvent: {}
[10.162331] (-) TimerEvent: {}
[10.264582] (-) TimerEvent: {}
[10.366264] (-) TimerEvent: {}
[10.468287] (-) TimerEvent: {}
[10.571008] (-) TimerEvent: {}
[10.672237] (-) TimerEvent: {}
[10.785228] (-) TimerEvent: {}
[10.885985] (-) TimerEvent: {}
[10.986973] (-) TimerEvent: {}
[11.087876] (-) TimerEvent: {}
[11.188382] (-) TimerEvent: {}
[11.291684] (-) TimerEvent: {}
[11.405055] (-) TimerEvent: {}
[11.514210] (-) TimerEvent: {}
[11.616188] (-) TimerEvent: {}
[11.721038] (-) TimerEvent: {}
[11.826925] (-) TimerEvent: {}
[11.927564] (-) TimerEvent: {}
[12.028614] (-) TimerEvent: {}
[12.129057] (-) TimerEvent: {}
[12.229620] (-) TimerEvent: {}
[12.330180] (-) TimerEvent: {}
[12.430758] (-) TimerEvent: {}
[12.531510] (-) TimerEvent: {}
[12.632127] (-) TimerEvent: {}
[12.735261] (-) TimerEvent: {}
[12.838222] (-) TimerEvent: {}
[12.938774] (-) TimerEvent: {}
[13.040102] (-) TimerEvent: {}
[13.140596] (-) TimerEvent: {}
[13.241219] (-) TimerEvent: {}
[13.345051] (-) TimerEvent: {}
[13.446413] (-) TimerEvent: {}
[13.547555] (-) TimerEvent: {}
[13.648242] (-) TimerEvent: {}
[13.749776] (-) TimerEvent: {}
[13.850347] (-) TimerEvent: {}
[13.950895] (-) TimerEvent: {}
[14.051671] (-) TimerEvent: {}
[14.154337] (-) TimerEvent: {}
[14.255236] (-) TimerEvent: {}
[14.359490] (-) TimerEvent: {}
[14.460208] (-) TimerEvent: {}
[14.569211] (-) TimerEvent: {}
[14.669936] (-) TimerEvent: {}
[14.770858] (-) TimerEvent: {}
[14.871407] (-) TimerEvent: {}
[14.971988] (-) TimerEvent: {}
[15.072557] (-) TimerEvent: {}
[15.173216] (-) TimerEvent: {}
[15.275722] (-) TimerEvent: {}
[15.379107] (-) TimerEvent: {}
[15.482305] (-) TimerEvent: {}
[15.589520] (-) TimerEvent: {}
[15.690390] (-) TimerEvent: {}
[15.791011] (-) TimerEvent: {}
[15.891656] (-) TimerEvent: {}
[15.992099] (-) TimerEvent: {}
[16.092648] (-) TimerEvent: {}
[16.193239] (-) TimerEvent: {}
[16.294237] (-) TimerEvent: {}
[16.396470] (-) TimerEvent: {}
[16.500243] (-) TimerEvent: {}
[16.604213] (-) TimerEvent: {}
[16.704983] (-) TimerEvent: {}
[16.811501] (-) TimerEvent: {}
[16.912328] (-) TimerEvent: {}
[17.013958] (-) TimerEvent: {}
[17.114598] (-) TimerEvent: {}
[17.218239] (-) TimerEvent: {}
[17.318957] (-) TimerEvent: {}
[17.419935] (-) TimerEvent: {}
[17.520734] (-) TimerEvent: {}
[17.621615] (-) TimerEvent: {}
[17.726308] (-) TimerEvent: {}
[17.827028] (-) TimerEvent: {}
[17.933592] (-) TimerEvent: {}
[18.035532] (-) TimerEvent: {}
[18.139253] (-) TimerEvent: {}
[18.239907] (-) TimerEvent: {}
[18.340534] (-) TimerEvent: {}
[18.441256] (-) TimerEvent: {}
[18.546788] (-) TimerEvent: {}
[18.647428] (-) TimerEvent: {}
[18.748226] (-) TimerEvent: {}
[18.853483] (-) TimerEvent: {}
[18.954112] (-) TimerEvent: {}
[19.060034] (-) TimerEvent: {}
[19.164940] (-) TimerEvent: {}
[19.266287] (-) TimerEvent: {}
[19.367329] (-) TimerEvent: {}
[19.469217] (-) TimerEvent: {}
[19.569964] (-) TimerEvent: {}
[19.671620] (-) TimerEvent: {}
[19.772212] (-) TimerEvent: {}
[19.873186] (-) TimerEvent: {}
[19.975188] (-) TimerEvent: {}
[20.075879] (-) TimerEvent: {}
[20.176346] (-) TimerEvent: {}
[20.277056] (-) TimerEvent: {}
[20.377678] (-) TimerEvent: {}
[20.479213] (-) TimerEvent: {}
[20.580527] (-) TimerEvent: {}
[20.682256] (-) TimerEvent: {}
[20.782902] (-) TimerEvent: {}
[20.883946] (-) TimerEvent: {}
[20.985239] (-) TimerEvent: {}
[21.085957] (-) TimerEvent: {}
[21.186745] (-) TimerEvent: {}
[21.292043] (-) TimerEvent: {}
[21.392702] (-) TimerEvent: {}
[21.493392] (-) TimerEvent: {}
[21.595400] (-) TimerEvent: {}
[21.698291] (-) TimerEvent: {}
[21.800310] (-) TimerEvent: {}
[21.901215] (-) TimerEvent: {}
[22.001825] (-) TimerEvent: {}
[22.105235] (-) TimerEvent: {}
[22.206888] (-) TimerEvent: {}
[22.311249] (-) TimerEvent: {}
[22.411860] (-) TimerEvent: {}
[22.512526] (-) TimerEvent: {}
[22.613224] (-) TimerEvent: {}
[22.715753] (-) TimerEvent: {}
[22.816400] (-) TimerEvent: {}
[22.916952] (-) TimerEvent: {}
[23.018218] (-) TimerEvent: {}
[23.118994] (-) TimerEvent: {}
[23.220947] (-) TimerEvent: {}
[23.321453] (-) TimerEvent: {}
[23.422560] (-) TimerEvent: {}
[23.528274] (-) TimerEvent: {}
[23.629354] (-) TimerEvent: {}
[23.730576] (-) TimerEvent: {}
[23.831598] (-) TimerEvent: {}
[23.934224] (-) TimerEvent: {}
[24.035426] (-) TimerEvent: {}
[24.136111] (-) TimerEvent: {}
[24.237241] (-) TimerEvent: {}
[24.337859] (-) TimerEvent: {}
[24.439209] (-) TimerEvent: {}
[24.539829] (-) TimerEvent: {}
[24.650640] (-) TimerEvent: {}
[24.751293] (-) TimerEvent: {}
[24.851742] (-) TimerEvent: {}
[24.952669] (-) TimerEvent: {}
[25.056219] (-) TimerEvent: {}
[25.156832] (-) TimerEvent: {}
[25.257303] (-) TimerEvent: {}
[25.358237] (-) TimerEvent: {}
[25.465210] (-) TimerEvent: {}
[25.565908] (-) TimerEvent: {}
[25.667265] (-) TimerEvent: {}
[25.768069] (-) TimerEvent: {}
[25.869264] (-) TimerEvent: {}
[25.970286] (-) TimerEvent: {}
[26.071269] (-) TimerEvent: {}
[26.172248] (-) TimerEvent: {}
[26.276732] (-) TimerEvent: {}
[26.377680] (-) TimerEvent: {}
[26.479559] (-) TimerEvent: {}
[26.580167] (-) TimerEvent: {}
[26.681330] (-) TimerEvent: {}
[26.785795] (-) TimerEvent: {}
[26.888674] (-) TimerEvent: {}
[26.990257] (-) TimerEvent: {}
[27.091199] (-) TimerEvent: {}
[27.193255] (-) TimerEvent: {}
[27.294934] (-) TimerEvent: {}
[27.397803] (-) TimerEvent: {}
[27.501952] (-) TimerEvent: {}
[27.602554] (-) TimerEvent: {}
[27.704801] (-) TimerEvent: {}
[27.806239] (-) TimerEvent: {}
[27.907097] (-) TimerEvent: {}
[28.009310] (-) TimerEvent: {}
[28.111542] (-) TimerEvent: {}
[28.212247] (-) TimerEvent: {}
[28.314718] (-) TimerEvent: {}
[28.415554] (-) TimerEvent: {}
[28.517572] (-) TimerEvent: {}
[28.620884] (-) TimerEvent: {}
[28.722309] (-) TimerEvent: {}
[28.822903] (-) TimerEvent: {}
[28.924247] (-) TimerEvent: {}
[29.026207] (-) TimerEvent: {}
[29.129241] (-) TimerEvent: {}
[29.230247] (-) TimerEvent: {}
[29.331119] (-) TimerEvent: {}
[29.432299] (-) TimerEvent: {}
[29.533024] (-) TimerEvent: {}
[29.633758] (-) TimerEvent: {}
[29.746565] (-) TimerEvent: {}
[29.848261] (-) TimerEvent: {}
[29.948968] (-) TimerEvent: {}
[30.049609] (-) TimerEvent: {}
[30.150241] (-) TimerEvent: {}
[30.254225] (-) TimerEvent: {}
[30.355187] (-) TimerEvent: {}
[30.456041] (-) TimerEvent: {}
[30.556573] (-) TimerEvent: {}
[30.658036] (-) TimerEvent: {}
[30.763498] (-) TimerEvent: {}
[30.864639] (-) TimerEvent: {}
[30.965199] (-) TimerEvent: {}
[31.068208] (-) TimerEvent: {}
[31.170211] (-) TimerEvent: {}
[31.270913] (-) TimerEvent: {}
[31.371591] (-) TimerEvent: {}
[31.472208] (-) TimerEvent: {}
[31.576519] (-) TimerEvent: {}
[31.677555] (-) TimerEvent: {}
[31.778527] (-) TimerEvent: {}
[31.880988] (-) TimerEvent: {}
[31.981674] (-) TimerEvent: {}
[32.084664] (-) TimerEvent: {}
[32.187231] (-) TimerEvent: {}
[32.294534] (-) TimerEvent: {}
[32.397231] (-) TimerEvent: {}
[32.498204] (-) TimerEvent: {}
[32.605218] (-) TimerEvent: {}
[32.705846] (-) TimerEvent: {}
[32.806557] (-) TimerEvent: {}
[32.907155] (-) TimerEvent: {}
[33.008391] (-) TimerEvent: {}
[33.108847] (-) TimerEvent: {}
[33.212229] (-) TimerEvent: {}
[33.312895] (-) TimerEvent: {}
[33.413666] (-) TimerEvent: {}
[33.517212] (-) TimerEvent: {}
[33.617808] (-) TimerEvent: {}
[33.718563] (-) TimerEvent: {}
[33.819312] (-) TimerEvent: {}
[33.920195] (-) TimerEvent: {}
[34.023774] (-) TimerEvent: {}
[34.124675] (-) TimerEvent: {}
[34.225215] (-) TimerEvent: {}
[34.326242] (-) TimerEvent: {}
[34.429202] (-) TimerEvent: {}
[34.529816] (-) TimerEvent: {}
[34.630590] (-) TimerEvent: {}
[34.734241] (-) TimerEvent: {}
[34.840047] (-) TimerEvent: {}
[34.941205] (-) TimerEvent: {}
[35.042896] (-) TimerEvent: {}
[35.146596] (-) TimerEvent: {}
[35.247257] (-) TimerEvent: {}
[35.350201] (-) TimerEvent: {}
[35.450840] (-) TimerEvent: {}
[35.551555] (-) TimerEvent: {}
[35.679281] (-) TimerEvent: {}
[35.780023] (-) TimerEvent: {}
[35.880811] (-) TimerEvent: {}
[35.981518] (-) TimerEvent: {}
[36.083278] (-) TimerEvent: {}
[36.184110] (-) TimerEvent: {}
[36.288229] (-) TimerEvent: {}
[36.388821] (-) TimerEvent: {}
[36.489396] (-) TimerEvent: {}
[36.597223] (-) TimerEvent: {}
[36.697893] (-) TimerEvent: {}
[36.800286] (-) TimerEvent: {}
[36.929688] (-) TimerEvent: {}
[37.047424] (-) TimerEvent: {}
[37.152223] (-) TimerEvent: {}
[37.253200] (-) TimerEvent: {}
[37.353962] (-) TimerEvent: {}
[37.455211] (-) TimerEvent: {}
[37.563640] (-) TimerEvent: {}
[37.665597] (-) TimerEvent: {}
[37.766200] (-) TimerEvent: {}
[37.866808] (-) TimerEvent: {}
[37.968233] (-) TimerEvent: {}
[38.069232] (-) TimerEvent: {}
[38.173203] (-) TimerEvent: {}
[38.274121] (-) TimerEvent: {}
[38.375367] (-) TimerEvent: {}
[38.476250] (-) TimerEvent: {}
[38.579465] (-) TimerEvent: {}
[38.680508] (-) TimerEvent: {}
[38.781067] (-) TimerEvent: {}
[38.882206] (-) TimerEvent: {}
[38.983244] (-) TimerEvent: {}
[39.084048] (-) TimerEvent: {}
[39.186935] (-) TimerEvent: {}
[39.289290] (-) TimerEvent: {}
[39.391704] (-) TimerEvent: {}
[39.494230] (-) TimerEvent: {}
[39.595022] (-) TimerEvent: {}
[39.696223] (-) TimerEvent: {}
[39.796862] (-) TimerEvent: {}
[39.902438] (-) TimerEvent: {}
[40.004212] (-) TimerEvent: {}
[40.105018] (-) TimerEvent: {}
[40.205891] (-) TimerEvent: {}
[40.306660] (-) TimerEvent: {}
[40.407243] (-) TimerEvent: {}
[40.507712] (-) TimerEvent: {}
[40.608194] (-) TimerEvent: {}
[40.711259] (-) TimerEvent: {}
[40.812255] (-) TimerEvent: {}
[40.913012] (-) TimerEvent: {}
[41.013553] (-) TimerEvent: {}
[41.114317] (-) TimerEvent: {}
[41.215034] (-) TimerEvent: {}
[41.315650] (-) TimerEvent: {}
[41.416723] (-) TimerEvent: {}
[41.518400] (-) TimerEvent: {}
[41.619220] (-) TimerEvent: {}
[41.721795] (-) TimerEvent: {}
[41.822703] (-) TimerEvent: {}
[41.923800] (-) TimerEvent: {}
[42.025320] (-) TimerEvent: {}
[42.130253] (-) TimerEvent: {}
[42.231029] (-) TimerEvent: {}
[42.331758] (-) TimerEvent: {}
[42.444991] (-) TimerEvent: {}
[42.548263] (-) TimerEvent: {}
[42.649061] (-) TimerEvent: {}
[42.751863] (-) TimerEvent: {}
[42.852561] (-) TimerEvent: {}
[42.964043] (-) TimerEvent: {}
[43.064583] (-) TimerEvent: {}
[43.169929] (-) TimerEvent: {}
[43.270665] (-) TimerEvent: {}
[43.371240] (-) TimerEvent: {}
[43.471842] (-) TimerEvent: {}
[43.573603] (-) TimerEvent: {}
[43.675215] (-) TimerEvent: {}
[43.775821] (-) TimerEvent: {}
[43.876630] (-) TimerEvent: {}
[43.977996] (-) TimerEvent: {}
[44.081235] (-) TimerEvent: {}
[44.181922] (-) TimerEvent: {}
[44.282688] (-) TimerEvent: {}
[44.387226] (-) TimerEvent: {}
[44.487960] (-) TimerEvent: {}
[44.589230] (-) TimerEvent: {}
[44.614491] (nav_server) StdoutLine: {'line': b'[100%] \x1b[32m\x1b[1mLinking CXX executable nav_server_node\x1b[0m\n'}
[44.699255] (-) TimerEvent: {}
[44.799928] (-) TimerEvent: {}
[44.901192] (-) TimerEvent: {}
[45.001899] (-) TimerEvent: {}
[45.104034] (-) TimerEvent: {}
[45.206789] (-) TimerEvent: {}
[45.307745] (-) TimerEvent: {}
[45.410256] (-) TimerEvent: {}
[45.448302] (nav_server) StdoutLine: {'line': b'[100%] Built target nav_server_node\n'}
[45.468490] (nav_server) CommandEnded: {'returncode': 0}
[45.469902] (nav_server) JobProgress: {'identifier': 'nav_server', 'progress': 'install'}
[45.495687] (nav_server) Command: {'cmd': ['/usr/bin/cmake', '--install', '/home/lucifer/anscer_workspace/LineFollower/build/nav_server'], 'cwd': '/home/lucifer/anscer_workspace/LineFollower/build/nav_server', 'env': OrderedDict({'GZ_SIM_RESOURCE_PATH': '/opt/ros/jazzy/share', 'GZ_CONFIG_PATH': '/opt/ros/jazzy/opt/gz_sim_vendor/share/gz:/opt/ros/jazzy/opt/sdformat_vendor/share/gz:/opt/ros/jazzy/opt/gz_gui_vendor/share/gz:/opt/ros/jazzy/opt/gz_transport_vendor/share/gz:/opt/ros/jazzy/opt/gz_rendering_vendor/share/gz:/opt/ros/jazzy/opt/gz_plugin_vendor/share/gz:/opt/ros/jazzy/opt/gz_fuel_tools_vendor/share/gz:/opt/ros/jazzy/opt/gz_msgs_vendor/share/gz:/opt/ros/jazzy/opt/gz_common_vendor/share/gz', 'HOSTNAME': 'fedora', 'SHLVL': '0', 'LIBGL_ALWAYS_SOFTWARE': '1', 'LD_LIBRARY_PATH': '/opt/ros/jazzy/opt/gz_sim_vendor/lib:/opt/ros/jazzy/opt/gz_sensors_vendor/lib:/opt/ros/jazzy/opt/gz_physics_vendor/lib:/opt/ros/jazzy/opt/sdformat_vendor/lib:/opt/ros/jazzy/opt/rviz_ogre_vendor/lib:/opt/ros/jazzy/lib/x86_64-linux-gnu:/opt/ros/jazzy/opt/gz_gui_vendor/lib:/opt/ros/jazzy/opt/gz_transport_vendor/lib:/opt/ros/jazzy/opt/gz_rendering_vendor/lib:/opt/ros/jazzy/opt/gz_plugin_vendor/lib:/opt/ros/jazzy/opt/gz_fuel_tools_vendor/lib:/opt/ros/jazzy/opt/gz_msgs_vendor/lib:/opt/ros/jazzy/opt/gz_common_vendor/lib:/opt/ros/jazzy/opt/gz_math_vendor/lib:/opt/ros/jazzy/opt/gz_utils_vendor/lib:/opt/ros/jazzy/opt/gz_tools_vendor/lib:/opt/ros/jazzy/opt/gz_ogre_next_vendor/lib:/opt/ros/jazzy/opt/gz_dartsim_vendor/lib:/opt/ros/jazzy/opt/gz_cmake_vendor/lib:/opt/ros/jazzy/lib', 'HOME': '/home/lucifer', 'ROS_PYTHON_VERSION': '3', 'ROS_DISTRO': 'jazzy', '_': '/usr/bin/colcon', 'ROS_VERSION': '2', 'TERM': 'xterm', 'QT_X11_NO_MITSHM': '1', 'PATH': '/opt/ros/jazzy/opt/gz_msgs_vendor/bin:/opt/ros/jazzy/opt/gz_tools_vendor/bin:/opt/ros/jazzy/opt/gz_ogre_next_vendor/bin:/opt/ros/jazzy/bin:/usr/local/sbin:/usr/local/bin:/usr/sbin:/usr/bin:/sbin:/bin', 'XDG_RUNTIME_DIR': '/tmp/runtime-root', 'DISPLAY': ':0', 'LANG': 'C.UTF-8', 'AMENT_PREFIX_PATH': '/opt/ros/jazzy', 'ROS_AUTOMATIC_DISCOVERY_RANGE': 'SUBNET', 'PWD': '/home/lucifer/anscer_workspace/LineFollower/build/nav_server', 'LC_ALL': 'C.UTF-8', 'PYTHONPATH': '/opt/ros/jazzy/lib/python3.12/site-packages', 'COLCON': '1', 'CMAKE_PREFIX_PATH': '/opt/ros/jazzy/opt/gz_sim_vendor:/opt/ros/jazzy/opt/gz_sensors_vendor:/opt/ros/jazzy/opt/gz_physics_vendor:/opt/ros/jazzy/opt/sdformat_vendor:/opt/ros/jazzy/opt/gz_gui_vendor:/opt/ros/jazzy/opt/gz_transport_vendor:/opt/ros/jazzy/opt/gz_rendering_vendor:/opt/ros/jazzy/opt/gz_plugin_vendor:/opt/ros/jazzy/opt/gz_fuel_tools_vendor:/opt/ros/jazzy/opt/gz_msgs_vendor:/opt/ros/jazzy/opt/gz_common_vendor:/opt/ros/jazzy/opt/gz_math_vendor:/opt/ros/jazzy/opt/gz_utils_vendor:/opt/ros/jazzy/opt/gz_tools_vendor:/opt/ros/jazzy/opt/gz_ogre_next_vendor:/opt/ros/jazzy/opt/gz_dartsim_vendor:/opt/ros/jazzy/opt/gz_cmake_vendor:/opt/ros/jazzy'}), 'shell': False}
[45.510473] (-) TimerEvent: {}
[45.518052] (nav_server) StdoutLine: {'line': b'-- Install configuration: "Release"\n'}
[45.519514] (nav_server) StdoutLine: {'line': b'-- Execute custom install script\n'}
[45.523478] (nav_server) StdoutLine: {'line': b'-- Up-to-date symlink: /home/lucifer/anscer_workspace/LineFollower/install/nav_server/lib/nav_server/nav_server_node\n'}
[45.527790] (nav_server) StdoutLine: {'line': b'-- Up-to-date symlink: /home/lucifer/anscer_workspace/LineFollower/install/nav_server/share/ament_index/resource_index/package_run_dependencies/nav_server\n'}
[45.532230] (nav_server) StdoutLine: {'line': b'-- Up-to-date symlink: /home/lucifer/anscer_workspace/LineFollower/install/nav_server/share/ament_index/resource_index/parent_prefix_path/nav_server\n'}
[45.532979] (nav_server) StdoutLine: {'line': b'-- Up-to-date symlink: /home/lucifer/anscer_workspace/LineFollower/install/nav_server/share/nav_server/environment/ament_prefix_path.sh\n'}
[45.533777] (nav_server) StdoutLine: {'line': b'-- Up-to-date symlink: /home/lucifer/anscer_workspace/LineFollower/install/nav_server/share/nav_server/environment/ament_prefix_path.dsv\n'}
[45.534513] (nav_server) StdoutLine: {'line': b'-- Up-to-date symlink: /home/lucifer/anscer_workspace/LineFollower/install/nav_server/share/nav_server/environment/path.sh\n'}
[45.534843] (nav_server) StdoutLine: {'line': b'-- Up-to-date symlink: /home/lucifer/anscer_workspace/LineFollower/install/nav_server/share/nav_server/environment/path.dsv\n'}
[45.535009] (nav_server) StdoutLine: {'line': b'-- Up-to-date symlink: /home/lucifer/anscer_workspace/LineFollower/install/nav_server/share/nav_server/local_setup.bash\n'}
[45.535182] (nav_server) StdoutLine: {'line': b'-- Up-to-date symlink: /home/lucifer/anscer_workspace/LineFollower/install/nav_server/share/nav_server/local_setup.sh\n'}
[45.535332] (nav_server) StdoutLine: {'line': b'-- Up-to-date symlink: /home/lucifer/anscer_workspace/LineFollower/install/nav_server/share/nav_server/local_setup.zsh\n'}
[45.535474] (nav_server) StdoutLine: {'line': b'-- Up-to-date symlink: /home/lucifer/anscer_workspace/LineFollower/install/nav_server/share/nav_server/local_setup.dsv\n'}
[45.535615] (nav_server) StdoutLine: {'line': b'-- Symlinking: /home/lucifer/anscer_workspace/LineFollower/install/nav_server/share/nav_server/package.dsv\n'}
[45.554265] (nav_server) StdoutLine: {'line': b'-- Up-to-date symlink: /home/lucifer/anscer_workspace/LineFollower/install/nav_server/share/ament_index/resource_index/packages/nav_server\n'}
[45.554917] (nav_server) StdoutLine: {'line': b'-- Up-to-date symlink: /home/lucifer/anscer_workspace/LineFollower/install/nav_server/share/nav_server/cmake/nav_serverConfig.cmake\n'}
[45.555214] (nav_server) StdoutLine: {'line': b'-- Up-to-date symlink: /home/lucifer/anscer_workspace/LineFollower/install/nav_server/share/nav_server/cmake/nav_serverConfig-version.cmake\n'}
[45.555401] (nav_server) StdoutLine: {'line': b'-- Up-to-date symlink: /home/lucifer/anscer_workspace/LineFollower/install/nav_server/share/nav_server/package.xml\n'}
[45.557885] (nav_server) CommandEnded: {'returncode': 0}
[45.610665] (-) TimerEvent: {}
[45.619180] (nav_server) JobEnded: {'identifier': 'nav_server', 'rc': 0}
[45.619881] (-) EventReactorShutdown: {}
